[0.039s] Invoking command in '/home/ojasvi/Desktop/eYRC2024LogisticCobot/build/linkattacher_msgs': CMAKE_PREFIX_PATH=${CMAKE_PREFIX_PATH}:/home/ojasvi/Desktop/eYRC2024LogisticCobot/install/ur5_control:/opt/ros/humble /usr/bin/cmake --build /home/ojasvi/Desktop/eYRC2024LogisticCobot/build/linkattacher_msgs -- -j12 -l12
[0.117s] [  2%] Built target linkattacher_msgs__cpp
[0.124s] [ 12%] Built target linkattacher_msgs__rosidl_generator_c
[0.138s] [ 12%] Built target ament_cmake_python_copy_linkattacher_msgs
[0.158s] [ 33%] Built target linkattacher_msgs__rosidl_typesupport_cpp
[0.158s] [ 33%] Built target linkattacher_msgs__rosidl_typesupport_introspection_cpp
[0.159s] [ 43%] Built target linkattacher_msgs__rosidl_typesupport_fastrtps_cpp
[0.167s] [ 53%] Built target linkattacher_msgs__rosidl_typesupport_c
[0.167s] [ 74%] Built target linkattacher_msgs__rosidl_typesupport_fastrtps_c
[0.167s] [ 74%] Built target linkattacher_msgs__rosidl_typesupport_introspection_c
[0.199s] [ 74%] Built target linkattacher_msgs
[0.233s] [ 76%] Built target linkattacher_msgs__py
[0.269s] [ 84%] Built target linkattacher_msgs__rosidl_generator_py
[0.305s] [100%] Built target linkattacher_msgs__rosidl_typesupport_fastrtps_c__pyext
[0.305s] [100%] Built target linkattacher_msgs__rosidl_typesupport_introspection_c__pyext
[0.305s] [100%] Built target linkattacher_msgs__rosidl_typesupport_c__pyext
[0.437s] running egg_info
[0.440s] writing linkattacher_msgs.egg-info/PKG-INFO
[0.440s] writing dependency_links to linkattacher_msgs.egg-info/dependency_links.txt
[0.442s] writing top-level names to linkattacher_msgs.egg-info/top_level.txt
[0.446s] reading manifest file 'linkattacher_msgs.egg-info/SOURCES.txt'
[0.446s] writing manifest file 'linkattacher_msgs.egg-info/SOURCES.txt'
[0.578s] [100%] Built target ament_cmake_python_build_linkattacher_msgs_egg
[0.606s] Invoked command in '/home/ojasvi/Desktop/eYRC2024LogisticCobot/build/linkattacher_msgs' returned '0': CMAKE_PREFIX_PATH=${CMAKE_PREFIX_PATH}:/home/ojasvi/Desktop/eYRC2024LogisticCobot/install/ur5_control:/opt/ros/humble /usr/bin/cmake --build /home/ojasvi/Desktop/eYRC2024LogisticCobot/build/linkattacher_msgs -- -j12 -l12
[0.711s] Invoking command in '/home/ojasvi/Desktop/eYRC2024LogisticCobot/build/linkattacher_msgs': CMAKE_PREFIX_PATH=${CMAKE_PREFIX_PATH}:/home/ojasvi/Desktop/eYRC2024LogisticCobot/install/ur5_control:/opt/ros/humble /usr/bin/cmake --install /home/ojasvi/Desktop/eYRC2024LogisticCobot/build/linkattacher_msgs
[0.723s] -- Install configuration: ""
[0.724s] -- Up-to-date: /home/ojasvi/Desktop/eYRC2024LogisticCobot/install/linkattacher_msgs/share/linkattacher_msgs/srv
[0.725s] -- Up-to-date: /home/ojasvi/Desktop/eYRC2024LogisticCobot/install/linkattacher_msgs/share/linkattacher_msgs/srv/DetachLink.srv
[0.725s] -- Up-to-date: /home/ojasvi/Desktop/eYRC2024LogisticCobot/install/linkattacher_msgs/share/linkattacher_msgs/srv/AttachLink.srv
[0.725s] -- Up-to-date: /home/ojasvi/Desktop/eYRC2024LogisticCobot/install/linkattacher_msgs/share/ament_index/resource_index/rosidl_interfaces/linkattacher_msgs
[0.725s] -- Up-to-date: /home/ojasvi/Desktop/eYRC2024LogisticCobot/install/linkattacher_msgs/include/linkattacher_msgs/linkattacher_msgs
[0.726s] -- Up-to-date: /home/ojasvi/Desktop/eYRC2024LogisticCobot/install/linkattacher_msgs/include/linkattacher_msgs/linkattacher_msgs/srv
[0.726s] -- Up-to-date: /home/ojasvi/Desktop/eYRC2024LogisticCobot/install/linkattacher_msgs/include/linkattacher_msgs/linkattacher_msgs/srv/detach_link.h
[0.726s] -- Up-to-date: /home/ojasvi/Desktop/eYRC2024LogisticCobot/install/linkattacher_msgs/include/linkattacher_msgs/linkattacher_msgs/srv/attach_link.h
[0.726s] -- Up-to-date: /home/ojasvi/Desktop/eYRC2024LogisticCobot/install/linkattacher_msgs/include/linkattacher_msgs/linkattacher_msgs/srv/detail
[0.726s] -- Up-to-date: /home/ojasvi/Desktop/eYRC2024LogisticCobot/install/linkattacher_msgs/include/linkattacher_msgs/linkattacher_msgs/srv/detail/detach_link__functions.h
[0.727s] -- Up-to-date: /home/ojasvi/Desktop/eYRC2024LogisticCobot/install/linkattacher_msgs/include/linkattacher_msgs/linkattacher_msgs/srv/detail/attach_link__functions.h
[0.727s] -- Up-to-date: /home/ojasvi/Desktop/eYRC2024LogisticCobot/install/linkattacher_msgs/include/linkattacher_msgs/linkattacher_msgs/srv/detail/attach_link__type_support.h
[0.727s] -- Up-to-date: /home/ojasvi/Desktop/eYRC2024LogisticCobot/install/linkattacher_msgs/include/linkattacher_msgs/linkattacher_msgs/srv/detail/detach_link__functions.c
[0.727s] -- Up-to-date: /home/ojasvi/Desktop/eYRC2024LogisticCobot/install/linkattacher_msgs/include/linkattacher_msgs/linkattacher_msgs/srv/detail/detach_link__struct.h
[0.728s] -- Up-to-date: /home/ojasvi/Desktop/eYRC2024LogisticCobot/install/linkattacher_msgs/include/linkattacher_msgs/linkattacher_msgs/srv/detail/attach_link__struct.h
[0.728s] -- Up-to-date: /home/ojasvi/Desktop/eYRC2024LogisticCobot/install/linkattacher_msgs/include/linkattacher_msgs/linkattacher_msgs/srv/detail/detach_link__type_support.h
[0.728s] -- Up-to-date: /home/ojasvi/Desktop/eYRC2024LogisticCobot/install/linkattacher_msgs/include/linkattacher_msgs/linkattacher_msgs/srv/detail/attach_link__functions.c
[0.728s] -- Up-to-date: /home/ojasvi/Desktop/eYRC2024LogisticCobot/install/linkattacher_msgs/include/linkattacher_msgs/linkattacher_msgs/msg
[0.729s] -- Up-to-date: /home/ojasvi/Desktop/eYRC2024LogisticCobot/install/linkattacher_msgs/include/linkattacher_msgs/linkattacher_msgs/msg/rosidl_generator_c__visibility_control.h
[0.729s] -- Up-to-date: /home/ojasvi/Desktop/eYRC2024LogisticCobot/install/linkattacher_msgs/share/linkattacher_msgs/environment/library_path.sh
[0.729s] -- Up-to-date: /home/ojasvi/Desktop/eYRC2024LogisticCobot/install/linkattacher_msgs/share/linkattacher_msgs/environment/library_path.dsv
[0.729s] -- Up-to-date: /home/ojasvi/Desktop/eYRC2024LogisticCobot/install/linkattacher_msgs/lib/liblinkattacher_msgs__rosidl_generator_c.so
[0.730s] -- Up-to-date: /home/ojasvi/Desktop/eYRC2024LogisticCobot/install/linkattacher_msgs/include/linkattacher_msgs/linkattacher_msgs
[0.730s] -- Up-to-date: /home/ojasvi/Desktop/eYRC2024LogisticCobot/install/linkattacher_msgs/include/linkattacher_msgs/linkattacher_msgs/srv
[0.730s] -- Up-to-date: /home/ojasvi/Desktop/eYRC2024LogisticCobot/install/linkattacher_msgs/include/linkattacher_msgs/linkattacher_msgs/srv/detail
[0.730s] -- Up-to-date: /home/ojasvi/Desktop/eYRC2024LogisticCobot/install/linkattacher_msgs/include/linkattacher_msgs/linkattacher_msgs/srv/detail/detach_link__rosidl_typesupport_fastrtps_c.h
[0.730s] -- Up-to-date: /home/ojasvi/Desktop/eYRC2024LogisticCobot/install/linkattacher_msgs/include/linkattacher_msgs/linkattacher_msgs/srv/detail/attach_link__rosidl_typesupport_fastrtps_c.h
[0.730s] -- Up-to-date: /home/ojasvi/Desktop/eYRC2024LogisticCobot/install/linkattacher_msgs/include/linkattacher_msgs/linkattacher_msgs/msg
[0.730s] -- Up-to-date: /home/ojasvi/Desktop/eYRC2024LogisticCobot/install/linkattacher_msgs/include/linkattacher_msgs/linkattacher_msgs/msg/rosidl_typesupport_fastrtps_c__visibility_control.h
[0.731s] -- Up-to-date: /home/ojasvi/Desktop/eYRC2024LogisticCobot/install/linkattacher_msgs/lib/liblinkattacher_msgs__rosidl_typesupport_fastrtps_c.so
[0.731s] -- Up-to-date: /home/ojasvi/Desktop/eYRC2024LogisticCobot/install/linkattacher_msgs/include/linkattacher_msgs/linkattacher_msgs
[0.731s] -- Up-to-date: /home/ojasvi/Desktop/eYRC2024LogisticCobot/install/linkattacher_msgs/include/linkattacher_msgs/linkattacher_msgs/srv
[0.731s] -- Up-to-date: /home/ojasvi/Desktop/eYRC2024LogisticCobot/install/linkattacher_msgs/include/linkattacher_msgs/linkattacher_msgs/srv/detail
[0.731s] -- Up-to-date: /home/ojasvi/Desktop/eYRC2024LogisticCobot/install/linkattacher_msgs/include/linkattacher_msgs/linkattacher_msgs/srv/detail/attach_link__rosidl_typesupport_introspection_c.h
[0.731s] -- Up-to-date: /home/ojasvi/Desktop/eYRC2024LogisticCobot/install/linkattacher_msgs/include/linkattacher_msgs/linkattacher_msgs/srv/detail/detach_link__rosidl_typesupport_introspection_c.h
[0.732s] -- Up-to-date: /home/ojasvi/Desktop/eYRC2024LogisticCobot/install/linkattacher_msgs/include/linkattacher_msgs/linkattacher_msgs/srv/detail/detach_link__type_support.c
[0.732s] -- Up-to-date: /home/ojasvi/Desktop/eYRC2024LogisticCobot/install/linkattacher_msgs/include/linkattacher_msgs/linkattacher_msgs/srv/detail/attach_link__type_support.c
[0.733s] -- Up-to-date: /home/ojasvi/Desktop/eYRC2024LogisticCobot/install/linkattacher_msgs/include/linkattacher_msgs/linkattacher_msgs/msg
[0.733s] -- Up-to-date: /home/ojasvi/Desktop/eYRC2024LogisticCobot/install/linkattacher_msgs/include/linkattacher_msgs/linkattacher_msgs/msg/rosidl_typesupport_introspection_c__visibility_control.h
[0.733s] -- Up-to-date: /home/ojasvi/Desktop/eYRC2024LogisticCobot/install/linkattacher_msgs/lib/liblinkattacher_msgs__rosidl_typesupport_introspection_c.so
[0.733s] -- Up-to-date: /home/ojasvi/Desktop/eYRC2024LogisticCobot/install/linkattacher_msgs/lib/liblinkattacher_msgs__rosidl_typesupport_c.so
[0.733s] -- Up-to-date: /home/ojasvi/Desktop/eYRC2024LogisticCobot/install/linkattacher_msgs/include/linkattacher_msgs/linkattacher_msgs
[0.734s] -- Up-to-date: /home/ojasvi/Desktop/eYRC2024LogisticCobot/install/linkattacher_msgs/include/linkattacher_msgs/linkattacher_msgs/srv
[0.735s] -- Up-to-date: /home/ojasvi/Desktop/eYRC2024LogisticCobot/install/linkattacher_msgs/include/linkattacher_msgs/linkattacher_msgs/srv/detail
[0.735s] -- Up-to-date: /home/ojasvi/Desktop/eYRC2024LogisticCobot/install/linkattacher_msgs/include/linkattacher_msgs/linkattacher_msgs/srv/detail/attach_link__builder.hpp
[0.736s] -- Up-to-date: /home/ojasvi/Desktop/eYRC2024LogisticCobot/install/linkattacher_msgs/include/linkattacher_msgs/linkattacher_msgs/srv/detail/attach_link__struct.hpp
[0.736s] -- Up-to-date: /home/ojasvi/Desktop/eYRC2024LogisticCobot/install/linkattacher_msgs/include/linkattacher_msgs/linkattacher_msgs/srv/detail/attach_link__traits.hpp
[0.736s] -- Up-to-date: /home/ojasvi/Desktop/eYRC2024LogisticCobot/install/linkattacher_msgs/include/linkattacher_msgs/linkattacher_msgs/srv/detail/detach_link__traits.hpp
[0.736s] -- Up-to-date: /home/ojasvi/Desktop/eYRC2024LogisticCobot/install/linkattacher_msgs/include/linkattacher_msgs/linkattacher_msgs/srv/detail/detach_link__builder.hpp
[0.736s] -- Up-to-date: /home/ojasvi/Desktop/eYRC2024LogisticCobot/install/linkattacher_msgs/include/linkattacher_msgs/linkattacher_msgs/srv/detail/detach_link__struct.hpp
[0.736s] -- Up-to-date: /home/ojasvi/Desktop/eYRC2024LogisticCobot/install/linkattacher_msgs/include/linkattacher_msgs/linkattacher_msgs/srv/detach_link.hpp
[0.736s] -- Up-to-date: /home/ojasvi/Desktop/eYRC2024LogisticCobot/install/linkattacher_msgs/include/linkattacher_msgs/linkattacher_msgs/srv/attach_link.hpp
[0.736s] -- Up-to-date: /home/ojasvi/Desktop/eYRC2024LogisticCobot/install/linkattacher_msgs/include/linkattacher_msgs/linkattacher_msgs
[0.736s] -- Up-to-date: /home/ojasvi/Desktop/eYRC2024LogisticCobot/install/linkattacher_msgs/include/linkattacher_msgs/linkattacher_msgs/srv
[0.736s] -- Up-to-date: /home/ojasvi/Desktop/eYRC2024LogisticCobot/install/linkattacher_msgs/include/linkattacher_msgs/linkattacher_msgs/srv/detail
[0.736s] -- Up-to-date: /home/ojasvi/Desktop/eYRC2024LogisticCobot/install/linkattacher_msgs/include/linkattacher_msgs/linkattacher_msgs/srv/detail/attach_link__rosidl_typesupport_fastrtps_cpp.hpp
[0.736s] -- Up-to-date: /home/ojasvi/Desktop/eYRC2024LogisticCobot/install/linkattacher_msgs/include/linkattacher_msgs/linkattacher_msgs/srv/detail/detach_link__rosidl_typesupport_fastrtps_cpp.hpp
[0.737s] -- Up-to-date: /home/ojasvi/Desktop/eYRC2024LogisticCobot/install/linkattacher_msgs/include/linkattacher_msgs/linkattacher_msgs/srv/detail/dds_fastrtps
[0.737s] -- Up-to-date: /home/ojasvi/Desktop/eYRC2024LogisticCobot/install/linkattacher_msgs/include/linkattacher_msgs/linkattacher_msgs/msg
[0.737s] -- Up-to-date: /home/ojasvi/Desktop/eYRC2024LogisticCobot/install/linkattacher_msgs/include/linkattacher_msgs/linkattacher_msgs/msg/rosidl_typesupport_fastrtps_cpp__visibility_control.h
[0.737s] -- Up-to-date: /home/ojasvi/Desktop/eYRC2024LogisticCobot/install/linkattacher_msgs/lib/liblinkattacher_msgs__rosidl_typesupport_fastrtps_cpp.so
[0.737s] -- Up-to-date: /home/ojasvi/Desktop/eYRC2024LogisticCobot/install/linkattacher_msgs/include/linkattacher_msgs/linkattacher_msgs
[0.737s] -- Up-to-date: /home/ojasvi/Desktop/eYRC2024LogisticCobot/install/linkattacher_msgs/include/linkattacher_msgs/linkattacher_msgs/srv
[0.737s] -- Up-to-date: /home/ojasvi/Desktop/eYRC2024LogisticCobot/install/linkattacher_msgs/include/linkattacher_msgs/linkattacher_msgs/srv/detail
[0.738s] -- Up-to-date: /home/ojasvi/Desktop/eYRC2024LogisticCobot/install/linkattacher_msgs/include/linkattacher_msgs/linkattacher_msgs/srv/detail/attach_link__rosidl_typesupport_introspection_cpp.hpp
[0.738s] -- Up-to-date: /home/ojasvi/Desktop/eYRC2024LogisticCobot/install/linkattacher_msgs/include/linkattacher_msgs/linkattacher_msgs/srv/detail/detach_link__rosidl_typesupport_introspection_cpp.hpp
[0.738s] -- Up-to-date: /home/ojasvi/Desktop/eYRC2024LogisticCobot/install/linkattacher_msgs/include/linkattacher_msgs/linkattacher_msgs/srv/detail/detach_link__type_support.cpp
[0.738s] -- Up-to-date: /home/ojasvi/Desktop/eYRC2024LogisticCobot/install/linkattacher_msgs/include/linkattacher_msgs/linkattacher_msgs/srv/detail/attach_link__type_support.cpp
[0.738s] -- Up-to-date: /home/ojasvi/Desktop/eYRC2024LogisticCobot/install/linkattacher_msgs/lib/liblinkattacher_msgs__rosidl_typesupport_introspection_cpp.so
[0.738s] -- Up-to-date: /home/ojasvi/Desktop/eYRC2024LogisticCobot/install/linkattacher_msgs/lib/liblinkattacher_msgs__rosidl_typesupport_cpp.so
[0.738s] -- Up-to-date: /home/ojasvi/Desktop/eYRC2024LogisticCobot/install/linkattacher_msgs/share/linkattacher_msgs/environment/pythonpath.sh
[0.738s] -- Up-to-date: /home/ojasvi/Desktop/eYRC2024LogisticCobot/install/linkattacher_msgs/share/linkattacher_msgs/environment/pythonpath.dsv
[0.739s] -- Up-to-date: /home/ojasvi/Desktop/eYRC2024LogisticCobot/install/linkattacher_msgs/local/lib/python3.10/dist-packages/linkattacher_msgs-0.0.0-py3.10.egg-info
[0.739s] -- Installing: /home/ojasvi/Desktop/eYRC2024LogisticCobot/install/linkattacher_msgs/local/lib/python3.10/dist-packages/linkattacher_msgs-0.0.0-py3.10.egg-info/SOURCES.txt
[0.739s] -- Installing: /home/ojasvi/Desktop/eYRC2024LogisticCobot/install/linkattacher_msgs/local/lib/python3.10/dist-packages/linkattacher_msgs-0.0.0-py3.10.egg-info/dependency_links.txt
[0.739s] -- Installing: /home/ojasvi/Desktop/eYRC2024LogisticCobot/install/linkattacher_msgs/local/lib/python3.10/dist-packages/linkattacher_msgs-0.0.0-py3.10.egg-info/top_level.txt
[0.739s] -- Installing: /home/ojasvi/Desktop/eYRC2024LogisticCobot/install/linkattacher_msgs/local/lib/python3.10/dist-packages/linkattacher_msgs-0.0.0-py3.10.egg-info/PKG-INFO
[0.739s] -- Up-to-date: /home/ojasvi/Desktop/eYRC2024LogisticCobot/install/linkattacher_msgs/local/lib/python3.10/dist-packages/linkattacher_msgs
[0.739s] -- Up-to-date: /home/ojasvi/Desktop/eYRC2024LogisticCobot/install/linkattacher_msgs/local/lib/python3.10/dist-packages/linkattacher_msgs/__init__.py
[0.739s] -- Up-to-date: /home/ojasvi/Desktop/eYRC2024LogisticCobot/install/linkattacher_msgs/local/lib/python3.10/dist-packages/linkattacher_msgs/srv
[0.739s] -- Up-to-date: /home/ojasvi/Desktop/eYRC2024LogisticCobot/install/linkattacher_msgs/local/lib/python3.10/dist-packages/linkattacher_msgs/srv/__init__.py
[0.739s] -- Up-to-date: /home/ojasvi/Desktop/eYRC2024LogisticCobot/install/linkattacher_msgs/local/lib/python3.10/dist-packages/linkattacher_msgs/srv/_detach_link.py
[0.739s] -- Up-to-date: /home/ojasvi/Desktop/eYRC2024LogisticCobot/install/linkattacher_msgs/local/lib/python3.10/dist-packages/linkattacher_msgs/srv/_attach_link_s.c
[0.740s] -- Up-to-date: /home/ojasvi/Desktop/eYRC2024LogisticCobot/install/linkattacher_msgs/local/lib/python3.10/dist-packages/linkattacher_msgs/srv/_attach_link.py
[0.740s] -- Up-to-date: /home/ojasvi/Desktop/eYRC2024LogisticCobot/install/linkattacher_msgs/local/lib/python3.10/dist-packages/linkattacher_msgs/srv/_detach_link_s.c
[0.740s] -- Up-to-date: /home/ojasvi/Desktop/eYRC2024LogisticCobot/install/linkattacher_msgs/local/lib/python3.10/dist-packages/linkattacher_msgs/linkattacher_msgs_s__rosidl_typesupport_c.cpython-310-x86_64-linux-gnu.so
[0.740s] -- Up-to-date: /home/ojasvi/Desktop/eYRC2024LogisticCobot/install/linkattacher_msgs/local/lib/python3.10/dist-packages/linkattacher_msgs/linkattacher_msgs_s__rosidl_typesupport_fastrtps_c.cpython-310-x86_64-linux-gnu.so
[0.740s] -- Up-to-date: /home/ojasvi/Desktop/eYRC2024LogisticCobot/install/linkattacher_msgs/local/lib/python3.10/dist-packages/linkattacher_msgs/_linkattacher_msgs_s.ep.rosidl_typesupport_introspection_c.c
[0.740s] -- Up-to-date: /home/ojasvi/Desktop/eYRC2024LogisticCobot/install/linkattacher_msgs/local/lib/python3.10/dist-packages/linkattacher_msgs/_linkattacher_msgs_s.ep.rosidl_typesupport_c.c
[0.740s] -- Up-to-date: /home/ojasvi/Desktop/eYRC2024LogisticCobot/install/linkattacher_msgs/local/lib/python3.10/dist-packages/linkattacher_msgs/_linkattacher_msgs_s.ep.rosidl_typesupport_fastrtps_c.c
[0.740s] -- Up-to-date: /home/ojasvi/Desktop/eYRC2024LogisticCobot/install/linkattacher_msgs/local/lib/python3.10/dist-packages/linkattacher_msgs/linkattacher_msgs_s__rosidl_typesupport_introspection_c.cpython-310-x86_64-linux-gnu.so
[0.740s] -- Up-to-date: /home/ojasvi/Desktop/eYRC2024LogisticCobot/install/linkattacher_msgs/local/lib/python3.10/dist-packages/linkattacher_msgs/liblinkattacher_msgs__rosidl_generator_py.so
[0.770s] Listing '/home/ojasvi/Desktop/eYRC2024LogisticCobot/install/linkattacher_msgs/local/lib/python3.10/dist-packages/linkattacher_msgs'...
[0.770s] Listing '/home/ojasvi/Desktop/eYRC2024LogisticCobot/install/linkattacher_msgs/local/lib/python3.10/dist-packages/linkattacher_msgs/srv'...
[0.778s] -- Up-to-date: /home/ojasvi/Desktop/eYRC2024LogisticCobot/install/linkattacher_msgs/local/lib/python3.10/dist-packages/linkattacher_msgs/linkattacher_msgs_s__rosidl_typesupport_fastrtps_c.cpython-310-x86_64-linux-gnu.so
[0.779s] -- Up-to-date: /home/ojasvi/Desktop/eYRC2024LogisticCobot/install/linkattacher_msgs/local/lib/python3.10/dist-packages/linkattacher_msgs/linkattacher_msgs_s__rosidl_typesupport_introspection_c.cpython-310-x86_64-linux-gnu.so
[0.779s] -- Up-to-date: /home/ojasvi/Desktop/eYRC2024LogisticCobot/install/linkattacher_msgs/local/lib/python3.10/dist-packages/linkattacher_msgs/linkattacher_msgs_s__rosidl_typesupport_c.cpython-310-x86_64-linux-gnu.so
[0.779s] -- Up-to-date: /home/ojasvi/Desktop/eYRC2024LogisticCobot/install/linkattacher_msgs/lib/liblinkattacher_msgs__rosidl_generator_py.so
[0.779s] -- Up-to-date: /home/ojasvi/Desktop/eYRC2024LogisticCobot/install/linkattacher_msgs/share/linkattacher_msgs/srv/AttachLink.idl
[0.779s] -- Up-to-date: /home/ojasvi/Desktop/eYRC2024LogisticCobot/install/linkattacher_msgs/share/linkattacher_msgs/srv/DetachLink.idl
[0.779s] -- Up-to-date: /home/ojasvi/Desktop/eYRC2024LogisticCobot/install/linkattacher_msgs/share/linkattacher_msgs/srv/AttachLink.srv
[0.779s] -- Up-to-date: /home/ojasvi/Desktop/eYRC2024LogisticCobot/install/linkattacher_msgs/share/linkattacher_msgs/srv/AttachLink_Request.msg
[0.780s] -- Up-to-date: /home/ojasvi/Desktop/eYRC2024LogisticCobot/install/linkattacher_msgs/share/linkattacher_msgs/srv/AttachLink_Response.msg
[0.780s] -- Up-to-date: /home/ojasvi/Desktop/eYRC2024LogisticCobot/install/linkattacher_msgs/share/linkattacher_msgs/srv/DetachLink.srv
[0.780s] -- Up-to-date: /home/ojasvi/Desktop/eYRC2024LogisticCobot/install/linkattacher_msgs/share/linkattacher_msgs/srv/DetachLink_Request.msg
[0.780s] -- Up-to-date: /home/ojasvi/Desktop/eYRC2024LogisticCobot/install/linkattacher_msgs/share/linkattacher_msgs/srv/DetachLink_Response.msg
[0.780s] -- Up-to-date: /home/ojasvi/Desktop/eYRC2024LogisticCobot/install/linkattacher_msgs/share/ament_index/resource_index/package_run_dependencies/linkattacher_msgs
[0.780s] -- Up-to-date: /home/ojasvi/Desktop/eYRC2024LogisticCobot/install/linkattacher_msgs/share/ament_index/resource_index/parent_prefix_path/linkattacher_msgs
[0.780s] -- Up-to-date: /home/ojasvi/Desktop/eYRC2024LogisticCobot/install/linkattacher_msgs/share/linkattacher_msgs/environment/ament_prefix_path.sh
[0.780s] -- Up-to-date: /home/ojasvi/Desktop/eYRC2024LogisticCobot/install/linkattacher_msgs/share/linkattacher_msgs/environment/ament_prefix_path.dsv
[0.780s] -- Up-to-date: /home/ojasvi/Desktop/eYRC2024LogisticCobot/install/linkattacher_msgs/share/linkattacher_msgs/environment/path.sh
[0.780s] -- Up-to-date: /home/ojasvi/Desktop/eYRC2024LogisticCobot/install/linkattacher_msgs/share/linkattacher_msgs/environment/path.dsv
[0.781s] -- Up-to-date: /home/ojasvi/Desktop/eYRC2024LogisticCobot/install/linkattacher_msgs/share/linkattacher_msgs/local_setup.bash
[0.781s] -- Up-to-date: /home/ojasvi/Desktop/eYRC2024LogisticCobot/install/linkattacher_msgs/share/linkattacher_msgs/local_setup.sh
[0.781s] -- Up-to-date: /home/ojasvi/Desktop/eYRC2024LogisticCobot/install/linkattacher_msgs/share/linkattacher_msgs/local_setup.zsh
[0.781s] -- Up-to-date: /home/ojasvi/Desktop/eYRC2024LogisticCobot/install/linkattacher_msgs/share/linkattacher_msgs/local_setup.dsv
[0.781s] -- Installing: /home/ojasvi/Desktop/eYRC2024LogisticCobot/install/linkattacher_msgs/share/linkattacher_msgs/package.dsv
[0.781s] -- Up-to-date: /home/ojasvi/Desktop/eYRC2024LogisticCobot/install/linkattacher_msgs/share/ament_index/resource_index/packages/linkattacher_msgs
[0.781s] -- Up-to-date: /home/ojasvi/Desktop/eYRC2024LogisticCobot/install/linkattacher_msgs/share/linkattacher_msgs/cmake/export_linkattacher_msgs__rosidl_generator_cExport.cmake
[0.781s] -- Up-to-date: /home/ojasvi/Desktop/eYRC2024LogisticCobot/install/linkattacher_msgs/share/linkattacher_msgs/cmake/export_linkattacher_msgs__rosidl_generator_cExport-noconfig.cmake
[0.781s] -- Up-to-date: /home/ojasvi/Desktop/eYRC2024LogisticCobot/install/linkattacher_msgs/share/linkattacher_msgs/cmake/export_linkattacher_msgs__rosidl_typesupport_fastrtps_cExport.cmake
[0.782s] -- Up-to-date: /home/ojasvi/Desktop/eYRC2024LogisticCobot/install/linkattacher_msgs/share/linkattacher_msgs/cmake/export_linkattacher_msgs__rosidl_typesupport_fastrtps_cExport-noconfig.cmake
[0.782s] -- Up-to-date: /home/ojasvi/Desktop/eYRC2024LogisticCobot/install/linkattacher_msgs/share/linkattacher_msgs/cmake/linkattacher_msgs__rosidl_typesupport_introspection_cExport.cmake
[0.782s] -- Up-to-date: /home/ojasvi/Desktop/eYRC2024LogisticCobot/install/linkattacher_msgs/share/linkattacher_msgs/cmake/linkattacher_msgs__rosidl_typesupport_introspection_cExport-noconfig.cmake
[0.782s] -- Up-to-date: /home/ojasvi/Desktop/eYRC2024LogisticCobot/install/linkattacher_msgs/share/linkattacher_msgs/cmake/linkattacher_msgs__rosidl_typesupport_cExport.cmake
[0.782s] -- Up-to-date: /home/ojasvi/Desktop/eYRC2024LogisticCobot/install/linkattacher_msgs/share/linkattacher_msgs/cmake/linkattacher_msgs__rosidl_typesupport_cExport-noconfig.cmake
[0.782s] -- Up-to-date: /home/ojasvi/Desktop/eYRC2024LogisticCobot/install/linkattacher_msgs/share/linkattacher_msgs/cmake/export_linkattacher_msgs__rosidl_generator_cppExport.cmake
[0.783s] -- Up-to-date: /home/ojasvi/Desktop/eYRC2024LogisticCobot/install/linkattacher_msgs/share/linkattacher_msgs/cmake/export_linkattacher_msgs__rosidl_typesupport_fastrtps_cppExport.cmake
[0.783s] -- Up-to-date: /home/ojasvi/Desktop/eYRC2024LogisticCobot/install/linkattacher_msgs/share/linkattacher_msgs/cmake/export_linkattacher_msgs__rosidl_typesupport_fastrtps_cppExport-noconfig.cmake
[0.783s] -- Up-to-date: /home/ojasvi/Desktop/eYRC2024LogisticCobot/install/linkattacher_msgs/share/linkattacher_msgs/cmake/linkattacher_msgs__rosidl_typesupport_introspection_cppExport.cmake
[0.783s] -- Up-to-date: /home/ojasvi/Desktop/eYRC2024LogisticCobot/install/linkattacher_msgs/share/linkattacher_msgs/cmake/linkattacher_msgs__rosidl_typesupport_introspection_cppExport-noconfig.cmake
[0.783s] -- Up-to-date: /home/ojasvi/Desktop/eYRC2024LogisticCobot/install/linkattacher_msgs/share/linkattacher_msgs/cmake/linkattacher_msgs__rosidl_typesupport_cppExport.cmake
[0.783s] -- Up-to-date: /home/ojasvi/Desktop/eYRC2024LogisticCobot/install/linkattacher_msgs/share/linkattacher_msgs/cmake/linkattacher_msgs__rosidl_typesupport_cppExport-noconfig.cmake
[0.783s] -- Up-to-date: /home/ojasvi/Desktop/eYRC2024LogisticCobot/install/linkattacher_msgs/share/linkattacher_msgs/cmake/export_linkattacher_msgs__rosidl_generator_pyExport.cmake
[0.783s] -- Up-to-date: /home/ojasvi/Desktop/eYRC2024LogisticCobot/install/linkattacher_msgs/share/linkattacher_msgs/cmake/export_linkattacher_msgs__rosidl_generator_pyExport-noconfig.cmake
[0.783s] -- Up-to-date: /home/ojasvi/Desktop/eYRC2024LogisticCobot/install/linkattacher_msgs/share/linkattacher_msgs/cmake/rosidl_cmake-extras.cmake
[0.783s] -- Up-to-date: /home/ojasvi/Desktop/eYRC2024LogisticCobot/install/linkattacher_msgs/share/linkattacher_msgs/cmake/ament_cmake_export_include_directories-extras.cmake
[0.783s] -- Up-to-date: /home/ojasvi/Desktop/eYRC2024LogisticCobot/install/linkattacher_msgs/share/linkattacher_msgs/cmake/ament_cmake_export_libraries-extras.cmake
[0.784s] -- Up-to-date: /home/ojasvi/Desktop/eYRC2024LogisticCobot/install/linkattacher_msgs/share/linkattacher_msgs/cmake/ament_cmake_export_targets-extras.cmake
[0.784s] -- Up-to-date: /home/ojasvi/Desktop/eYRC2024LogisticCobot/install/linkattacher_msgs/share/linkattacher_msgs/cmake/rosidl_cmake_export_typesupport_targets-extras.cmake
[0.784s] -- Up-to-date: /home/ojasvi/Desktop/eYRC2024LogisticCobot/install/linkattacher_msgs/share/linkattacher_msgs/cmake/ament_cmake_export_dependencies-extras.cmake
[0.784s] -- Up-to-date: /home/ojasvi/Desktop/eYRC2024LogisticCobot/install/linkattacher_msgs/share/linkattacher_msgs/cmake/rosidl_cmake_export_typesupport_libraries-extras.cmake
[0.784s] -- Up-to-date: /home/ojasvi/Desktop/eYRC2024LogisticCobot/install/linkattacher_msgs/share/linkattacher_msgs/cmake/linkattacher_msgsConfig.cmake
[0.784s] -- Up-to-date: /home/ojasvi/Desktop/eYRC2024LogisticCobot/install/linkattacher_msgs/share/linkattacher_msgs/cmake/linkattacher_msgsConfig-version.cmake
[0.784s] -- Up-to-date: /home/ojasvi/Desktop/eYRC2024LogisticCobot/install/linkattacher_msgs/share/linkattacher_msgs/package.xml
[0.798s] Invoked command in '/home/ojasvi/Desktop/eYRC2024LogisticCobot/build/linkattacher_msgs' returned '0': CMAKE_PREFIX_PATH=${CMAKE_PREFIX_PATH}:/home/ojasvi/Desktop/eYRC2024LogisticCobot/install/ur5_control:/opt/ros/humble /usr/bin/cmake --install /home/ojasvi/Desktop/eYRC2024LogisticCobot/build/linkattacher_msgs
