[0.025s] Invoking command in '/home/ojasvi/Desktop/eYRC2024LogisticCobot/build/pymoveit2': CMAKE_PREFIX_PATH=/opt/ros/humble /usr/bin/cmake /home/ojasvi/Desktop/eYRC2024LogisticCobot/src/pymoveit2 -DCMAKE_INSTALL_PREFIX=/home/ojasvi/Desktop/eYRC2024LogisticCobot/install/pymoveit2
[0.583s] -- The C compiler identification is GNU 11.4.0
[0.849s] -- The CXX compiler identification is GNU 11.4.0
[0.861s] -- Detecting C compiler ABI info
[1.079s] -- Detecting C compiler ABI info - done
[1.085s] -- Check for working C compiler: /usr/bin/cc - skipped
[1.141s] -- Detecting C compile features
[1.142s] -- Detecting C compile features - done
[1.146s] -- Detecting CXX compiler ABI info
[1.431s] -- Detecting CXX compiler ABI info - done
[1.443s] -- Check for working CXX compiler: /usr/bin/c++ - skipped
[1.443s] -- Detecting CXX compile features
[1.444s] -- Detecting CXX compile features - done
[1.554s] -- Found ament_cmake: 1.3.10 (/opt/ros/humble/share/ament_cmake/cmake)
[1.710s] -- Found Python3: /usr/bin/python3 (found version "3.10.12") found components: Interpreter 
[2.013s] -- Configuring done
[2.019s] -- Generating done
[2.020s] -- Build files have been written to: /home/ojasvi/Desktop/eYRC2024LogisticCobot/build/pymoveit2
[2.025s] Invoked command in '/home/ojasvi/Desktop/eYRC2024LogisticCobot/build/pymoveit2' returned '0': CMAKE_PREFIX_PATH=/opt/ros/humble /usr/bin/cmake /home/ojasvi/Desktop/eYRC2024LogisticCobot/src/pymoveit2 -DCMAKE_INSTALL_PREFIX=/home/ojasvi/Desktop/eYRC2024LogisticCobot/install/pymoveit2
[2.027s] Invoking command in '/home/ojasvi/Desktop/eYRC2024LogisticCobot/build/pymoveit2': CMAKE_PREFIX_PATH=/opt/ros/humble /usr/bin/cmake --build /home/ojasvi/Desktop/eYRC2024LogisticCobot/build/pymoveit2 -- -j12 -l12
[2.075s] Built target ament_cmake_python_copy_pymoveit2
[2.290s] running egg_info
[2.291s] creating pymoveit2.egg-info
[2.291s] writing pymoveit2.egg-info/PKG-INFO
[2.291s] writing dependency_links to pymoveit2.egg-info/dependency_links.txt
[2.291s] writing top-level names to pymoveit2.egg-info/top_level.txt
[2.292s] writing manifest file 'pymoveit2.egg-info/SOURCES.txt'
[2.293s] reading manifest file 'pymoveit2.egg-info/SOURCES.txt'
[2.294s] writing manifest file 'pymoveit2.egg-info/SOURCES.txt'
[2.320s] Built target ament_cmake_python_build_pymoveit2_egg
[2.332s] Invoked command in '/home/ojasvi/Desktop/eYRC2024LogisticCobot/build/pymoveit2' returned '0': CMAKE_PREFIX_PATH=/opt/ros/humble /usr/bin/cmake --build /home/ojasvi/Desktop/eYRC2024LogisticCobot/build/pymoveit2 -- -j12 -l12
[2.356s] Invoking command in '/home/ojasvi/Desktop/eYRC2024LogisticCobot/build/pymoveit2': CMAKE_PREFIX_PATH=/opt/ros/humble /usr/bin/cmake --install /home/ojasvi/Desktop/eYRC2024LogisticCobot/build/pymoveit2
[2.362s] -- Install configuration: ""
[2.363s] -- Installing: /home/ojasvi/Desktop/eYRC2024LogisticCobot/install/pymoveit2/share/pymoveit2/environment/pythonpath.sh
[2.363s] -- Installing: /home/ojasvi/Desktop/eYRC2024LogisticCobot/install/pymoveit2/share/pymoveit2/environment/pythonpath.dsv
[2.363s] -- Installing: /home/ojasvi/Desktop/eYRC2024LogisticCobot/install/pymoveit2/local/lib/python3.10/dist-packages/pymoveit2-2.1.0-py3.10.egg-info
[2.363s] -- Installing: /home/ojasvi/Desktop/eYRC2024LogisticCobot/install/pymoveit2/local/lib/python3.10/dist-packages/pymoveit2-2.1.0-py3.10.egg-info/SOURCES.txt
[2.363s] -- Installing: /home/ojasvi/Desktop/eYRC2024LogisticCobot/install/pymoveit2/local/lib/python3.10/dist-packages/pymoveit2-2.1.0-py3.10.egg-info/dependency_links.txt
[2.363s] -- Installing: /home/ojasvi/Desktop/eYRC2024LogisticCobot/install/pymoveit2/local/lib/python3.10/dist-packages/pymoveit2-2.1.0-py3.10.egg-info/top_level.txt
[2.363s] -- Installing: /home/ojasvi/Desktop/eYRC2024LogisticCobot/install/pymoveit2/local/lib/python3.10/dist-packages/pymoveit2-2.1.0-py3.10.egg-info/PKG-INFO
[2.364s] -- Installing: /home/ojasvi/Desktop/eYRC2024LogisticCobot/install/pymoveit2/local/lib/python3.10/dist-packages/pymoveit2
[2.364s] -- Installing: /home/ojasvi/Desktop/eYRC2024LogisticCobot/install/pymoveit2/local/lib/python3.10/dist-packages/pymoveit2/__init__.py
[2.364s] -- Installing: /home/ojasvi/Desktop/eYRC2024LogisticCobot/install/pymoveit2/local/lib/python3.10/dist-packages/pymoveit2/robots
[2.364s] -- Installing: /home/ojasvi/Desktop/eYRC2024LogisticCobot/install/pymoveit2/local/lib/python3.10/dist-packages/pymoveit2/robots/__init__.py
[2.364s] -- Installing: /home/ojasvi/Desktop/eYRC2024LogisticCobot/install/pymoveit2/local/lib/python3.10/dist-packages/pymoveit2/robots/ur5.py
[2.364s] -- Installing: /home/ojasvi/Desktop/eYRC2024LogisticCobot/install/pymoveit2/local/lib/python3.10/dist-packages/pymoveit2/robots/kinova.py
[2.364s] -- Installing: /home/ojasvi/Desktop/eYRC2024LogisticCobot/install/pymoveit2/local/lib/python3.10/dist-packages/pymoveit2/moveit2_servo.py
[2.364s] -- Installing: /home/ojasvi/Desktop/eYRC2024LogisticCobot/install/pymoveit2/local/lib/python3.10/dist-packages/pymoveit2/moveit2.py
[2.401s] Listing '/home/ojasvi/Desktop/eYRC2024LogisticCobot/install/pymoveit2/local/lib/python3.10/dist-packages/pymoveit2'...
[2.401s] Compiling '/home/ojasvi/Desktop/eYRC2024LogisticCobot/install/pymoveit2/local/lib/python3.10/dist-packages/pymoveit2/__init__.py'...
[2.401s] Compiling '/home/ojasvi/Desktop/eYRC2024LogisticCobot/install/pymoveit2/local/lib/python3.10/dist-packages/pymoveit2/moveit2.py'...
[2.402s] Compiling '/home/ojasvi/Desktop/eYRC2024LogisticCobot/install/pymoveit2/local/lib/python3.10/dist-packages/pymoveit2/moveit2_servo.py'...
[2.402s] Listing '/home/ojasvi/Desktop/eYRC2024LogisticCobot/install/pymoveit2/local/lib/python3.10/dist-packages/pymoveit2/robots'...
[2.402s] Compiling '/home/ojasvi/Desktop/eYRC2024LogisticCobot/install/pymoveit2/local/lib/python3.10/dist-packages/pymoveit2/robots/__init__.py'...
[2.402s] Compiling '/home/ojasvi/Desktop/eYRC2024LogisticCobot/install/pymoveit2/local/lib/python3.10/dist-packages/pymoveit2/robots/kinova.py'...
[2.402s] Compiling '/home/ojasvi/Desktop/eYRC2024LogisticCobot/install/pymoveit2/local/lib/python3.10/dist-packages/pymoveit2/robots/ur5.py'...
[2.407s] -- Installing: /home/ojasvi/Desktop/eYRC2024LogisticCobot/install/pymoveit2/lib/pymoveit2/ex_collision_object.py
[2.407s] -- Installing: /home/ojasvi/Desktop/eYRC2024LogisticCobot/install/pymoveit2/lib/pymoveit2/ex_joint_goal.py
[2.407s] -- Installing: /home/ojasvi/Desktop/eYRC2024LogisticCobot/install/pymoveit2/lib/pymoveit2/ex_pose_goal.py
[2.407s] -- Installing: /home/ojasvi/Desktop/eYRC2024LogisticCobot/install/pymoveit2/lib/pymoveit2/ex_servo.py
[2.407s] -- Installing: /home/ojasvi/Desktop/eYRC2024LogisticCobot/install/pymoveit2/lib/pymoveit2/assets
[2.407s] -- Installing: /home/ojasvi/Desktop/eYRC2024LogisticCobot/install/pymoveit2/lib/pymoveit2/assets/box.stl
[2.407s] -- Installing: /home/ojasvi/Desktop/eYRC2024LogisticCobot/install/pymoveit2/lib/pymoveit2/assets/box2.stl
[2.408s] -- Installing: /home/ojasvi/Desktop/eYRC2024LogisticCobot/install/pymoveit2/lib/pymoveit2/assets/rack_box_again.stl
[2.408s] -- Installing: /home/ojasvi/Desktop/eYRC2024LogisticCobot/install/pymoveit2/lib/pymoveit2/assets/box3.stl
[2.408s] -- Installing: /home/ojasvi/Desktop/eYRC2024LogisticCobot/install/pymoveit2/lib/pymoveit2/assets/rack_box.stl
[2.408s] -- Installing: /home/ojasvi/Desktop/eYRC2024LogisticCobot/install/pymoveit2/lib/pymoveit2/assets/suzanne.stl
[2.409s] -- Installing: /home/ojasvi/Desktop/eYRC2024LogisticCobot/install/pymoveit2/lib/pymoveit2/assets/rack.stl
[2.413s] -- Installing: /home/ojasvi/Desktop/eYRC2024LogisticCobot/install/pymoveit2/lib/pymoveit2/assets/box1.stl
[2.414s] -- Installing: /home/ojasvi/Desktop/eYRC2024LogisticCobot/install/pymoveit2/share/ament_index/resource_index/package_run_dependencies/pymoveit2
[2.414s] -- Installing: /home/ojasvi/Desktop/eYRC2024LogisticCobot/install/pymoveit2/share/ament_index/resource_index/parent_prefix_path/pymoveit2
[2.414s] -- Installing: /home/ojasvi/Desktop/eYRC2024LogisticCobot/install/pymoveit2/share/pymoveit2/environment/ament_prefix_path.sh
[2.414s] -- Installing: /home/ojasvi/Desktop/eYRC2024LogisticCobot/install/pymoveit2/share/pymoveit2/environment/ament_prefix_path.dsv
[2.414s] -- Installing: /home/ojasvi/Desktop/eYRC2024LogisticCobot/install/pymoveit2/share/pymoveit2/environment/path.sh
[2.415s] -- Installing: /home/ojasvi/Desktop/eYRC2024LogisticCobot/install/pymoveit2/share/pymoveit2/environment/path.dsv
[2.415s] -- Installing: /home/ojasvi/Desktop/eYRC2024LogisticCobot/install/pymoveit2/share/pymoveit2/local_setup.bash
[2.415s] -- Installing: /home/ojasvi/Desktop/eYRC2024LogisticCobot/install/pymoveit2/share/pymoveit2/local_setup.sh
[2.415s] -- Installing: /home/ojasvi/Desktop/eYRC2024LogisticCobot/install/pymoveit2/share/pymoveit2/local_setup.zsh
[2.416s] -- Installing: /home/ojasvi/Desktop/eYRC2024LogisticCobot/install/pymoveit2/share/pymoveit2/local_setup.dsv
[2.416s] -- Installing: /home/ojasvi/Desktop/eYRC2024LogisticCobot/install/pymoveit2/share/pymoveit2/package.dsv
[2.416s] -- Installing: /home/ojasvi/Desktop/eYRC2024LogisticCobot/install/pymoveit2/share/ament_index/resource_index/packages/pymoveit2
[2.416s] -- Installing: /home/ojasvi/Desktop/eYRC2024LogisticCobot/install/pymoveit2/share/pymoveit2/cmake/pymoveit2Config.cmake
[2.416s] -- Installing: /home/ojasvi/Desktop/eYRC2024LogisticCobot/install/pymoveit2/share/pymoveit2/cmake/pymoveit2Config-version.cmake
[2.416s] -- Installing: /home/ojasvi/Desktop/eYRC2024LogisticCobot/install/pymoveit2/share/pymoveit2/package.xml
[2.452s] Invoked command in '/home/ojasvi/Desktop/eYRC2024LogisticCobot/build/pymoveit2' returned '0': CMAKE_PREFIX_PATH=/opt/ros/humble /usr/bin/cmake --install /home/ojasvi/Desktop/eYRC2024LogisticCobot/build/pymoveit2
