[0.007s] Invoking command in '/home/ojasvi/Desktop/eYRC2024LogisticCobot/build/ur_simulation_gazebo': AMENT_PREFIX_PATH=/home/ojasvi/Desktop/eYRC2024LogisticCobot/install/ur_moveit_config:/home/ojasvi/Desktop/eYRC2024LogisticCobot/install/ur_description:${AMENT_PREFIX_PATH} CMAKE_PREFIX_PATH=/home/ojasvi/Desktop/eYRC2024LogisticCobot/install/ur_moveit_config:/home/ojasvi/Desktop/eYRC2024LogisticCobot/install/ur_description:/opt/ros/humble /usr/bin/cmake --build /home/ojasvi/Desktop/eYRC2024LogisticCobot/build/ur_simulation_gazebo -- -j12 -l12
[0.045s] Invoked command in '/home/ojasvi/Desktop/eYRC2024LogisticCobot/build/ur_simulation_gazebo' returned '0': AMENT_PREFIX_PATH=/home/ojasvi/Desktop/eYRC2024LogisticCobot/install/ur_moveit_config:/home/ojasvi/Desktop/eYRC2024LogisticCobot/install/ur_description:${AMENT_PREFIX_PATH} CMAKE_PREFIX_PATH=/home/ojasvi/Desktop/eYRC2024LogisticCobot/install/ur_moveit_config:/home/ojasvi/Desktop/eYRC2024LogisticCobot/install/ur_description:/opt/ros/humble /usr/bin/cmake --build /home/ojasvi/Desktop/eYRC2024LogisticCobot/build/ur_simulation_gazebo -- -j12 -l12
[0.066s] Invoking command in '/home/ojasvi/Desktop/eYRC2024LogisticCobot/build/ur_simulation_gazebo': AMENT_PREFIX_PATH=/home/ojasvi/Desktop/eYRC2024LogisticCobot/install/ur_moveit_config:/home/ojasvi/Desktop/eYRC2024LogisticCobot/install/ur_description:${AMENT_PREFIX_PATH} CMAKE_PREFIX_PATH=/home/ojasvi/Desktop/eYRC2024LogisticCobot/install/ur_moveit_config:/home/ojasvi/Desktop/eYRC2024LogisticCobot/install/ur_description:/opt/ros/humble /usr/bin/cmake --install /home/ojasvi/Desktop/eYRC2024LogisticCobot/build/ur_simulation_gazebo
[0.074s] -- Install configuration: ""
[0.074s] -- Up-to-date: /home/ojasvi/Desktop/eYRC2024LogisticCobot/install/ur_simulation_gazebo/share/ur_simulation_gazebo/config
[0.074s] -- Up-to-date: /home/ojasvi/Desktop/eYRC2024LogisticCobot/install/ur_simulation_gazebo/share/ur_simulation_gazebo/config/ur_controllers.yaml
[0.074s] -- Up-to-date: /home/ojasvi/Desktop/eYRC2024LogisticCobot/install/ur_simulation_gazebo/share/ur_simulation_gazebo/config/config_file_here.txt
[0.074s] -- Up-to-date: /home/ojasvi/Desktop/eYRC2024LogisticCobot/install/ur_simulation_gazebo/share/ur_simulation_gazebo/launch
[0.074s] -- Up-to-date: /home/ojasvi/Desktop/eYRC2024LogisticCobot/install/ur_simulation_gazebo/share/ur_simulation_gazebo/launch/ur_sim_moveit.launch.py
[0.074s] -- Up-to-date: /home/ojasvi/Desktop/eYRC2024LogisticCobot/install/ur_simulation_gazebo/share/ur_simulation_gazebo/launch/ur_sim_control.launch.py
[0.074s] -- Up-to-date: /home/ojasvi/Desktop/eYRC2024LogisticCobot/install/ur_simulation_gazebo/share/ur_simulation_gazebo/launch/spawn_ur5_launch_moveit.launch.py
[0.075s] -- Up-to-date: /home/ojasvi/Desktop/eYRC2024LogisticCobot/install/ur_simulation_gazebo/share/ament_index/resource_index/package_run_dependencies/ur_simulation_gazebo
[0.075s] -- Up-to-date: /home/ojasvi/Desktop/eYRC2024LogisticCobot/install/ur_simulation_gazebo/share/ament_index/resource_index/parent_prefix_path/ur_simulation_gazebo
[0.075s] -- Up-to-date: /home/ojasvi/Desktop/eYRC2024LogisticCobot/install/ur_simulation_gazebo/share/ur_simulation_gazebo/environment/ament_prefix_path.sh
[0.075s] -- Up-to-date: /home/ojasvi/Desktop/eYRC2024LogisticCobot/install/ur_simulation_gazebo/share/ur_simulation_gazebo/environment/ament_prefix_path.dsv
[0.075s] -- Up-to-date: /home/ojasvi/Desktop/eYRC2024LogisticCobot/install/ur_simulation_gazebo/share/ur_simulation_gazebo/environment/path.sh
[0.075s] -- Up-to-date: /home/ojasvi/Desktop/eYRC2024LogisticCobot/install/ur_simulation_gazebo/share/ur_simulation_gazebo/environment/path.dsv
[0.075s] -- Up-to-date: /home/ojasvi/Desktop/eYRC2024LogisticCobot/install/ur_simulation_gazebo/share/ur_simulation_gazebo/local_setup.bash
[0.075s] -- Up-to-date: /home/ojasvi/Desktop/eYRC2024LogisticCobot/install/ur_simulation_gazebo/share/ur_simulation_gazebo/local_setup.sh
[0.075s] -- Up-to-date: /home/ojasvi/Desktop/eYRC2024LogisticCobot/install/ur_simulation_gazebo/share/ur_simulation_gazebo/local_setup.zsh
[0.075s] -- Up-to-date: /home/ojasvi/Desktop/eYRC2024LogisticCobot/install/ur_simulation_gazebo/share/ur_simulation_gazebo/local_setup.dsv
[0.075s] -- Up-to-date: /home/ojasvi/Desktop/eYRC2024LogisticCobot/install/ur_simulation_gazebo/share/ur_simulation_gazebo/package.dsv
[0.075s] -- Up-to-date: /home/ojasvi/Desktop/eYRC2024LogisticCobot/install/ur_simulation_gazebo/share/ament_index/resource_index/packages/ur_simulation_gazebo
[0.075s] -- Up-to-date: /home/ojasvi/Desktop/eYRC2024LogisticCobot/install/ur_simulation_gazebo/share/ur_simulation_gazebo/cmake/ur_simulation_gazeboConfig.cmake
[0.075s] -- Up-to-date: /home/ojasvi/Desktop/eYRC2024LogisticCobot/install/ur_simulation_gazebo/share/ur_simulation_gazebo/cmake/ur_simulation_gazeboConfig-version.cmake
[0.075s] -- Up-to-date: /home/ojasvi/Desktop/eYRC2024LogisticCobot/install/ur_simulation_gazebo/share/ur_simulation_gazebo/package.xml
[0.077s] Invoked command in '/home/ojasvi/Desktop/eYRC2024LogisticCobot/build/ur_simulation_gazebo' returned '0': AMENT_PREFIX_PATH=/home/ojasvi/Desktop/eYRC2024LogisticCobot/install/ur_moveit_config:/home/ojasvi/Desktop/eYRC2024LogisticCobot/install/ur_description:${AMENT_PREFIX_PATH} CMAKE_PREFIX_PATH=/home/ojasvi/Desktop/eYRC2024LogisticCobot/install/ur_moveit_config:/home/ojasvi/Desktop/eYRC2024LogisticCobot/install/ur_description:/opt/ros/humble /usr/bin/cmake --install /home/ojasvi/Desktop/eYRC2024LogisticCobot/build/ur_simulation_gazebo
