[0.024s] Invoking command in '/home/ojasvi/colcon_ws2/src/build/pymoveit2': CMAKE_PREFIX_PATH=/opt/ros/humble /usr/bin/cmake /home/ojasvi/colcon_ws2/src/pymoveit2 -DCMAKE_INSTALL_PREFIX=/home/ojasvi/colcon_ws2/src/install/pymoveit2
[0.283s] -- The C compiler identification is GNU 11.4.0
[0.504s] -- The CXX compiler identification is GNU 11.4.0
[0.517s] -- Detecting C compiler ABI info
[0.608s] -- Detecting C compiler ABI info - done
[0.615s] -- Check for working C compiler: /usr/bin/cc - skipped
[0.616s] -- Detecting C compile features
[0.617s] -- Detecting C compile features - done
[0.622s] -- Detecting CXX compiler ABI info
[0.724s] -- Detecting CXX compiler ABI info - done
[0.734s] -- Check for working CXX compiler: /usr/bin/c++ - skipped
[0.734s] -- Detecting CXX compile features
[0.735s] -- Detecting CXX compile features - done
[0.739s] -- Found ament_cmake: 1.3.10 (/opt/ros/humble/share/ament_cmake/cmake)
[0.922s] -- Found Python3: /usr/bin/python3 (found version "3.10.12") found components: Interpreter 
[1.175s] -- Configuring done
[1.179s] -- Generating done
[1.180s] -- Build files have been written to: /home/ojasvi/colcon_ws2/src/build/pymoveit2
[1.185s] Invoked command in '/home/ojasvi/colcon_ws2/src/build/pymoveit2' returned '0': CMAKE_PREFIX_PATH=/opt/ros/humble /usr/bin/cmake /home/ojasvi/colcon_ws2/src/pymoveit2 -DCMAKE_INSTALL_PREFIX=/home/ojasvi/colcon_ws2/src/install/pymoveit2
[1.187s] Invoking command in '/home/ojasvi/colcon_ws2/src/build/pymoveit2': CMAKE_PREFIX_PATH=/opt/ros/humble /usr/bin/cmake --build /home/ojasvi/colcon_ws2/src/build/pymoveit2 -- -j12 -l12
[1.246s] Built target ament_cmake_python_copy_pymoveit2
[1.470s] running egg_info
[1.470s] creating pymoveit2.egg-info
[1.470s] writing pymoveit2.egg-info/PKG-INFO
[1.471s] writing dependency_links to pymoveit2.egg-info/dependency_links.txt
[1.471s] writing top-level names to pymoveit2.egg-info/top_level.txt
[1.471s] writing manifest file 'pymoveit2.egg-info/SOURCES.txt'
[1.473s] reading manifest file 'pymoveit2.egg-info/SOURCES.txt'
[1.473s] writing manifest file 'pymoveit2.egg-info/SOURCES.txt'
[1.515s] Built target ament_cmake_python_build_pymoveit2_egg
[1.530s] Invoked command in '/home/ojasvi/colcon_ws2/src/build/pymoveit2' returned '0': CMAKE_PREFIX_PATH=/opt/ros/humble /usr/bin/cmake --build /home/ojasvi/colcon_ws2/src/build/pymoveit2 -- -j12 -l12
[1.555s] Invoking command in '/home/ojasvi/colcon_ws2/src/build/pymoveit2': CMAKE_PREFIX_PATH=/opt/ros/humble /usr/bin/cmake --install /home/ojasvi/colcon_ws2/src/build/pymoveit2
[1.565s] -- Install configuration: ""
[1.565s] -- Installing: /home/ojasvi/colcon_ws2/src/install/pymoveit2/share/pymoveit2/environment/pythonpath.sh
[1.565s] -- Installing: /home/ojasvi/colcon_ws2/src/install/pymoveit2/share/pymoveit2/environment/pythonpath.dsv
[1.565s] -- Installing: /home/ojasvi/colcon_ws2/src/install/pymoveit2/local/lib/python3.10/dist-packages/pymoveit2-2.1.0-py3.10.egg-info
[1.565s] -- Installing: /home/ojasvi/colcon_ws2/src/install/pymoveit2/local/lib/python3.10/dist-packages/pymoveit2-2.1.0-py3.10.egg-info/SOURCES.txt
[1.565s] -- Installing: /home/ojasvi/colcon_ws2/src/install/pymoveit2/local/lib/python3.10/dist-packages/pymoveit2-2.1.0-py3.10.egg-info/dependency_links.txt
[1.566s] -- Installing: /home/ojasvi/colcon_ws2/src/install/pymoveit2/local/lib/python3.10/dist-packages/pymoveit2-2.1.0-py3.10.egg-info/top_level.txt
[1.566s] -- Installing: /home/ojasvi/colcon_ws2/src/install/pymoveit2/local/lib/python3.10/dist-packages/pymoveit2-2.1.0-py3.10.egg-info/PKG-INFO
[1.566s] -- Installing: /home/ojasvi/colcon_ws2/src/install/pymoveit2/local/lib/python3.10/dist-packages/pymoveit2
[1.566s] -- Installing: /home/ojasvi/colcon_ws2/src/install/pymoveit2/local/lib/python3.10/dist-packages/pymoveit2/__init__.py
[1.566s] -- Installing: /home/ojasvi/colcon_ws2/src/install/pymoveit2/local/lib/python3.10/dist-packages/pymoveit2/robots
[1.566s] -- Installing: /home/ojasvi/colcon_ws2/src/install/pymoveit2/local/lib/python3.10/dist-packages/pymoveit2/robots/__init__.py
[1.567s] -- Installing: /home/ojasvi/colcon_ws2/src/install/pymoveit2/local/lib/python3.10/dist-packages/pymoveit2/robots/ur5.py
[1.567s] -- Installing: /home/ojasvi/colcon_ws2/src/install/pymoveit2/local/lib/python3.10/dist-packages/pymoveit2/robots/kinova.py
[1.567s] -- Installing: /home/ojasvi/colcon_ws2/src/install/pymoveit2/local/lib/python3.10/dist-packages/pymoveit2/moveit2_servo.py
[1.567s] -- Installing: /home/ojasvi/colcon_ws2/src/install/pymoveit2/local/lib/python3.10/dist-packages/pymoveit2/moveit2.py
[1.605s] Listing '/home/ojasvi/colcon_ws2/src/install/pymoveit2/local/lib/python3.10/dist-packages/pymoveit2'...
[1.605s] Compiling '/home/ojasvi/colcon_ws2/src/install/pymoveit2/local/lib/python3.10/dist-packages/pymoveit2/__init__.py'...
[1.605s] Compiling '/home/ojasvi/colcon_ws2/src/install/pymoveit2/local/lib/python3.10/dist-packages/pymoveit2/moveit2.py'...
[1.605s] Compiling '/home/ojasvi/colcon_ws2/src/install/pymoveit2/local/lib/python3.10/dist-packages/pymoveit2/moveit2_servo.py'...
[1.605s] Listing '/home/ojasvi/colcon_ws2/src/install/pymoveit2/local/lib/python3.10/dist-packages/pymoveit2/robots'...
[1.605s] Compiling '/home/ojasvi/colcon_ws2/src/install/pymoveit2/local/lib/python3.10/dist-packages/pymoveit2/robots/__init__.py'...
[1.605s] Compiling '/home/ojasvi/colcon_ws2/src/install/pymoveit2/local/lib/python3.10/dist-packages/pymoveit2/robots/kinova.py'...
[1.605s] Compiling '/home/ojasvi/colcon_ws2/src/install/pymoveit2/local/lib/python3.10/dist-packages/pymoveit2/robots/ur5.py'...
[1.611s] -- Installing: /home/ojasvi/colcon_ws2/src/install/pymoveit2/lib/pymoveit2/ex_collision_object.py
[1.611s] -- Installing: /home/ojasvi/colcon_ws2/src/install/pymoveit2/lib/pymoveit2/ex_joint_goal.py
[1.612s] -- Installing: /home/ojasvi/colcon_ws2/src/install/pymoveit2/lib/pymoveit2/ex_pose_goal.py
[1.612s] -- Installing: /home/ojasvi/colcon_ws2/src/install/pymoveit2/lib/pymoveit2/ex_servo.py
[1.612s] -- Installing: /home/ojasvi/colcon_ws2/src/install/pymoveit2/lib/pymoveit2/assets
[1.613s] -- Installing: /home/ojasvi/colcon_ws2/src/install/pymoveit2/lib/pymoveit2/assets/box.stl
[1.613s] -- Installing: /home/ojasvi/colcon_ws2/src/install/pymoveit2/lib/pymoveit2/assets/box2.stl
[1.614s] -- Installing: /home/ojasvi/colcon_ws2/src/install/pymoveit2/lib/pymoveit2/assets/rack_box_again.stl
[1.614s] -- Installing: /home/ojasvi/colcon_ws2/src/install/pymoveit2/lib/pymoveit2/assets/box3.stl
[1.615s] -- Installing: /home/ojasvi/colcon_ws2/src/install/pymoveit2/lib/pymoveit2/assets/rack_box.stl
[1.615s] -- Installing: /home/ojasvi/colcon_ws2/src/install/pymoveit2/lib/pymoveit2/assets/suzanne.stl
[1.617s] -- Installing: /home/ojasvi/colcon_ws2/src/install/pymoveit2/lib/pymoveit2/assets/rack.stl
[1.640s] -- Installing: /home/ojasvi/colcon_ws2/src/install/pymoveit2/lib/pymoveit2/assets/box1.stl
[1.641s] -- Installing: /home/ojasvi/colcon_ws2/src/install/pymoveit2/share/ament_index/resource_index/package_run_dependencies/pymoveit2
[1.641s] -- Installing: /home/ojasvi/colcon_ws2/src/install/pymoveit2/share/ament_index/resource_index/parent_prefix_path/pymoveit2
[1.641s] -- Installing: /home/ojasvi/colcon_ws2/src/install/pymoveit2/share/pymoveit2/environment/ament_prefix_path.sh
[1.642s] -- Installing: /home/ojasvi/colcon_ws2/src/install/pymoveit2/share/pymoveit2/environment/ament_prefix_path.dsv
[1.642s] -- Installing: /home/ojasvi/colcon_ws2/src/install/pymoveit2/share/pymoveit2/environment/path.sh
[1.642s] -- Installing: /home/ojasvi/colcon_ws2/src/install/pymoveit2/share/pymoveit2/environment/path.dsv
[1.642s] -- Installing: /home/ojasvi/colcon_ws2/src/install/pymoveit2/share/pymoveit2/local_setup.bash
[1.642s] -- Installing: /home/ojasvi/colcon_ws2/src/install/pymoveit2/share/pymoveit2/local_setup.sh
[1.643s] -- Installing: /home/ojasvi/colcon_ws2/src/install/pymoveit2/share/pymoveit2/local_setup.zsh
[1.643s] -- Installing: /home/ojasvi/colcon_ws2/src/install/pymoveit2/share/pymoveit2/local_setup.dsv
[1.643s] -- Installing: /home/ojasvi/colcon_ws2/src/install/pymoveit2/share/pymoveit2/package.dsv
[1.643s] -- Installing: /home/ojasvi/colcon_ws2/src/install/pymoveit2/share/ament_index/resource_index/packages/pymoveit2
[1.643s] -- Installing: /home/ojasvi/colcon_ws2/src/install/pymoveit2/share/pymoveit2/cmake/pymoveit2Config.cmake
[1.644s] -- Installing: /home/ojasvi/colcon_ws2/src/install/pymoveit2/share/pymoveit2/cmake/pymoveit2Config-version.cmake
[1.644s] -- Installing: /home/ojasvi/colcon_ws2/src/install/pymoveit2/share/pymoveit2/package.xml
[1.647s] Invoked command in '/home/ojasvi/colcon_ws2/src/build/pymoveit2' returned '0': CMAKE_PREFIX_PATH=/opt/ros/humble /usr/bin/cmake --install /home/ojasvi/colcon_ws2/src/build/pymoveit2
