[0.009s] Invoking command in '/home/ojasvi/Desktop/eYRC2024LogisticCobot/build/ur_simulation_gazebo': CMAKE_PREFIX_PATH=/home/ojasvi/Desktop/eYRC2024LogisticCobot/install/ur_moveit_config:/home/ojasvi/Desktop/eYRC2024LogisticCobot/install/ur_description:/home/ojasvi/Desktop/eYRC2024LogisticCobot/install/ur_simulation_gazebo:/home/ojasvi/Desktop/eYRC2024LogisticCobot/install/realsense_gazebo_plugin:/home/ojasvi/Desktop/eYRC2024LogisticCobot/install/pymoveit2:/home/ojasvi/Desktop/eYRC2024LogisticCobot/install/linkattacher_msgs:/home/ojasvi/Desktop/eYRC2024LogisticCobot/install/eyantra_warehouse:/home/ojasvi/Desktop/eYRC2024LogisticCobot/install/ebot_nav2:/home/ojasvi/Desktop/eYRC2024LogisticCobot/install/ebot_description:/home/ojasvi/Desktop/eYRC2024LogisticCobot/install/ur5_control:/opt/ros/humble /usr/bin/cmake --build /home/ojasvi/Desktop/eYRC2024LogisticCobot/build/ur_simulation_gazebo -- -j12 -l12
[0.047s] Invoked command in '/home/ojasvi/Desktop/eYRC2024LogisticCobot/build/ur_simulation_gazebo' returned '0': CMAKE_PREFIX_PATH=/home/ojasvi/Desktop/eYRC2024LogisticCobot/install/ur_moveit_config:/home/ojasvi/Desktop/eYRC2024LogisticCobot/install/ur_description:/home/ojasvi/Desktop/eYRC2024LogisticCobot/install/ur_simulation_gazebo:/home/ojasvi/Desktop/eYRC2024LogisticCobot/install/realsense_gazebo_plugin:/home/ojasvi/Desktop/eYRC2024LogisticCobot/install/pymoveit2:/home/ojasvi/Desktop/eYRC2024LogisticCobot/install/linkattacher_msgs:/home/ojasvi/Desktop/eYRC2024LogisticCobot/install/eyantra_warehouse:/home/ojasvi/Desktop/eYRC2024LogisticCobot/install/ebot_nav2:/home/ojasvi/Desktop/eYRC2024LogisticCobot/install/ebot_description:/home/ojasvi/Desktop/eYRC2024LogisticCobot/install/ur5_control:/opt/ros/humble /usr/bin/cmake --build /home/ojasvi/Desktop/eYRC2024LogisticCobot/build/ur_simulation_gazebo -- -j12 -l12
[0.074s] Invoking command in '/home/ojasvi/Desktop/eYRC2024LogisticCobot/build/ur_simulation_gazebo': CMAKE_PREFIX_PATH=/home/ojasvi/Desktop/eYRC2024LogisticCobot/install/ur_moveit_config:/home/ojasvi/Desktop/eYRC2024LogisticCobot/install/ur_description:/home/ojasvi/Desktop/eYRC2024LogisticCobot/install/ur_simulation_gazebo:/home/ojasvi/Desktop/eYRC2024LogisticCobot/install/realsense_gazebo_plugin:/home/ojasvi/Desktop/eYRC2024LogisticCobot/install/pymoveit2:/home/ojasvi/Desktop/eYRC2024LogisticCobot/install/linkattacher_msgs:/home/ojasvi/Desktop/eYRC2024LogisticCobot/install/eyantra_warehouse:/home/ojasvi/Desktop/eYRC2024LogisticCobot/install/ebot_nav2:/home/ojasvi/Desktop/eYRC2024LogisticCobot/install/ebot_description:/home/ojasvi/Desktop/eYRC2024LogisticCobot/install/ur5_control:/opt/ros/humble /usr/bin/cmake --install /home/ojasvi/Desktop/eYRC2024LogisticCobot/build/ur_simulation_gazebo
[0.081s] -- Install configuration: ""
[0.081s] -- Up-to-date: /home/ojasvi/Desktop/eYRC2024LogisticCobot/install/ur_simulation_gazebo/share/ur_simulation_gazebo/config
[0.081s] -- Up-to-date: /home/ojasvi/Desktop/eYRC2024LogisticCobot/install/ur_simulation_gazebo/share/ur_simulation_gazebo/config/ur_controllers.yaml
[0.081s] -- Up-to-date: /home/ojasvi/Desktop/eYRC2024LogisticCobot/install/ur_simulation_gazebo/share/ur_simulation_gazebo/config/config_file_here.txt
[0.081s] -- Up-to-date: /home/ojasvi/Desktop/eYRC2024LogisticCobot/install/ur_simulation_gazebo/share/ur_simulation_gazebo/launch
[0.082s] -- Up-to-date: /home/ojasvi/Desktop/eYRC2024LogisticCobot/install/ur_simulation_gazebo/share/ur_simulation_gazebo/launch/ur_sim_moveit.launch.py
[0.082s] -- Up-to-date: /home/ojasvi/Desktop/eYRC2024LogisticCobot/install/ur_simulation_gazebo/share/ur_simulation_gazebo/launch/ur_sim_control.launch.py
[0.082s] -- Up-to-date: /home/ojasvi/Desktop/eYRC2024LogisticCobot/install/ur_simulation_gazebo/share/ur_simulation_gazebo/launch/spawn_ur5_launch_moveit.launch.py
[0.082s] -- Up-to-date: /home/ojasvi/Desktop/eYRC2024LogisticCobot/install/ur_simulation_gazebo/share/ament_index/resource_index/package_run_dependencies/ur_simulation_gazebo
[0.082s] -- Up-to-date: /home/ojasvi/Desktop/eYRC2024LogisticCobot/install/ur_simulation_gazebo/share/ament_index/resource_index/parent_prefix_path/ur_simulation_gazebo
[0.082s] -- Up-to-date: /home/ojasvi/Desktop/eYRC2024LogisticCobot/install/ur_simulation_gazebo/share/ur_simulation_gazebo/environment/ament_prefix_path.sh
[0.082s] -- Up-to-date: /home/ojasvi/Desktop/eYRC2024LogisticCobot/install/ur_simulation_gazebo/share/ur_simulation_gazebo/environment/ament_prefix_path.dsv
[0.082s] -- Up-to-date: /home/ojasvi/Desktop/eYRC2024LogisticCobot/install/ur_simulation_gazebo/share/ur_simulation_gazebo/environment/path.sh
[0.082s] -- Up-to-date: /home/ojasvi/Desktop/eYRC2024LogisticCobot/install/ur_simulation_gazebo/share/ur_simulation_gazebo/environment/path.dsv
[0.082s] -- Up-to-date: /home/ojasvi/Desktop/eYRC2024LogisticCobot/install/ur_simulation_gazebo/share/ur_simulation_gazebo/local_setup.bash
[0.082s] -- Up-to-date: /home/ojasvi/Desktop/eYRC2024LogisticCobot/install/ur_simulation_gazebo/share/ur_simulation_gazebo/local_setup.sh
[0.082s] -- Up-to-date: /home/ojasvi/Desktop/eYRC2024LogisticCobot/install/ur_simulation_gazebo/share/ur_simulation_gazebo/local_setup.zsh
[0.082s] -- Up-to-date: /home/ojasvi/Desktop/eYRC2024LogisticCobot/install/ur_simulation_gazebo/share/ur_simulation_gazebo/local_setup.dsv
[0.083s] -- Installing: /home/ojasvi/Desktop/eYRC2024LogisticCobot/install/ur_simulation_gazebo/share/ur_simulation_gazebo/package.dsv
[0.083s] -- Up-to-date: /home/ojasvi/Desktop/eYRC2024LogisticCobot/install/ur_simulation_gazebo/share/ament_index/resource_index/packages/ur_simulation_gazebo
[0.083s] -- Up-to-date: /home/ojasvi/Desktop/eYRC2024LogisticCobot/install/ur_simulation_gazebo/share/ur_simulation_gazebo/cmake/ur_simulation_gazeboConfig.cmake
[0.083s] -- Up-to-date: /home/ojasvi/Desktop/eYRC2024LogisticCobot/install/ur_simulation_gazebo/share/ur_simulation_gazebo/cmake/ur_simulation_gazeboConfig-version.cmake
[0.083s] -- Up-to-date: /home/ojasvi/Desktop/eYRC2024LogisticCobot/install/ur_simulation_gazebo/share/ur_simulation_gazebo/package.xml
[0.084s] Invoked command in '/home/ojasvi/Desktop/eYRC2024LogisticCobot/build/ur_simulation_gazebo' returned '0': CMAKE_PREFIX_PATH=/home/ojasvi/Desktop/eYRC2024LogisticCobot/install/ur_moveit_config:/home/ojasvi/Desktop/eYRC2024LogisticCobot/install/ur_description:/home/ojasvi/Desktop/eYRC2024LogisticCobot/install/ur_simulation_gazebo:/home/ojasvi/Desktop/eYRC2024LogisticCobot/install/realsense_gazebo_plugin:/home/ojasvi/Desktop/eYRC2024LogisticCobot/install/pymoveit2:/home/ojasvi/Desktop/eYRC2024LogisticCobot/install/linkattacher_msgs:/home/ojasvi/Desktop/eYRC2024LogisticCobot/install/eyantra_warehouse:/home/ojasvi/Desktop/eYRC2024LogisticCobot/install/ebot_nav2:/home/ojasvi/Desktop/eYRC2024LogisticCobot/install/ebot_description:/home/ojasvi/Desktop/eYRC2024LogisticCobot/install/ur5_control:/opt/ros/humble /usr/bin/cmake --install /home/ojasvi/Desktop/eYRC2024LogisticCobot/build/ur_simulation_gazebo
