[0.025s] Invoking command in '/home/ojasvi/Desktop/eYRC2024LogisticCobot/build/eyantra_warehouse': CMAKE_PREFIX_PATH=/opt/ros/humble /usr/bin/cmake /home/ojasvi/Desktop/eYRC2024LogisticCobot/src/eyantra_warehouse -DCMAKE_INSTALL_PREFIX=/home/ojasvi/Desktop/eYRC2024LogisticCobot/install/eyantra_warehouse
[0.588s] -- The C compiler identification is GNU 11.4.0
[0.854s] -- The CXX compiler identification is GNU 11.4.0
[0.867s] -- Detecting C compiler ABI info
[1.084s] -- Detecting C compiler ABI info - done
[1.092s] -- Check for working C compiler: /usr/bin/cc - skipped
[1.147s] -- Detecting C compile features
[1.148s] -- Detecting C compile features - done
[1.152s] -- Detecting CXX compiler ABI info
[1.436s] -- Detecting CXX compiler ABI info - done
[1.449s] -- Check for working CXX compiler: /usr/bin/c++ - skipped
[1.449s] -- Detecting CXX compile features
[1.449s] -- Detecting CXX compile features - done
[1.560s] -- Found ament_cmake: 1.3.10 (/opt/ros/humble/share/ament_cmake/cmake)
[1.723s] -- Found Python3: /usr/bin/python3 (found version "3.10.12") found components: Interpreter 
[1.835s] -- Found ament_lint_auto: 0.12.11 (/opt/ros/humble/share/ament_lint_auto/cmake)
[1.933s] -- Added test 'copyright' to check source files copyright and LICENSE
[2.098s] -- Added test 'flake8' to check Python code syntax and style conventions
[2.108s] -- Added test 'lint_cmake' to check CMake code style
[2.114s] -- Added test 'pep257' to check Python code against some of the docstring style conventions in PEP 257
[2.153s] -- Added test 'xmllint' to check XML markup files
[2.155s] -- Configuring done
[2.158s] -- Generating done
[2.158s] -- Build files have been written to: /home/ojasvi/Desktop/eYRC2024LogisticCobot/build/eyantra_warehouse
[2.163s] Invoked command in '/home/ojasvi/Desktop/eYRC2024LogisticCobot/build/eyantra_warehouse' returned '0': CMAKE_PREFIX_PATH=/opt/ros/humble /usr/bin/cmake /home/ojasvi/Desktop/eYRC2024LogisticCobot/src/eyantra_warehouse -DCMAKE_INSTALL_PREFIX=/home/ojasvi/Desktop/eYRC2024LogisticCobot/install/eyantra_warehouse
[2.164s] Invoking command in '/home/ojasvi/Desktop/eYRC2024LogisticCobot/build/eyantra_warehouse': CMAKE_PREFIX_PATH=/opt/ros/humble /usr/bin/cmake --build /home/ojasvi/Desktop/eYRC2024LogisticCobot/build/eyantra_warehouse -- -j12 -l12
[2.201s] Invoked command in '/home/ojasvi/Desktop/eYRC2024LogisticCobot/build/eyantra_warehouse' returned '0': CMAKE_PREFIX_PATH=/opt/ros/humble /usr/bin/cmake --build /home/ojasvi/Desktop/eYRC2024LogisticCobot/build/eyantra_warehouse -- -j12 -l12
[2.232s] Invoking command in '/home/ojasvi/Desktop/eYRC2024LogisticCobot/build/eyantra_warehouse': CMAKE_PREFIX_PATH=/opt/ros/humble /usr/bin/cmake --install /home/ojasvi/Desktop/eYRC2024LogisticCobot/build/eyantra_warehouse
[2.240s] -- Install configuration: ""
[2.240s] -- Installing: /home/ojasvi/Desktop/eYRC2024LogisticCobot/install/eyantra_warehouse/share/eyantra_warehouse//launch
[2.240s] -- Installing: /home/ojasvi/Desktop/eYRC2024LogisticCobot/install/eyantra_warehouse/share/eyantra_warehouse//launch/task1b.launch.py
[2.240s] -- Installing: /home/ojasvi/Desktop/eYRC2024LogisticCobot/install/eyantra_warehouse/share/eyantra_warehouse//launch/task0.launch.py
[2.240s] -- Installing: /home/ojasvi/Desktop/eYRC2024LogisticCobot/install/eyantra_warehouse/share/eyantra_warehouse//launch/task1c.launch.py
[2.240s] -- Installing: /home/ojasvi/Desktop/eYRC2024LogisticCobot/install/eyantra_warehouse/share/eyantra_warehouse//worlds
[2.241s] -- Installing: /home/ojasvi/Desktop/eYRC2024LogisticCobot/install/eyantra_warehouse/share/eyantra_warehouse//worlds/eyantra_warehouse_task1b.world
[2.241s] -- Installing: /home/ojasvi/Desktop/eYRC2024LogisticCobot/install/eyantra_warehouse/share/eyantra_warehouse//worlds/eyantra_warehouse_task1c.world
[2.241s] -- Installing: /home/ojasvi/Desktop/eYRC2024LogisticCobot/install/eyantra_warehouse/share/eyantra_warehouse//worlds/eyantra_warehouse_task0.world
[2.241s] -- Installing: /home/ojasvi/Desktop/eYRC2024LogisticCobot/install/eyantra_warehouse/share/eyantra_warehouse//models
[2.241s] -- Installing: /home/ojasvi/Desktop/eYRC2024LogisticCobot/install/eyantra_warehouse/share/eyantra_warehouse//models/aws_robomaker_warehouse_ClutteringC_01
[2.241s] -- Installing: /home/ojasvi/Desktop/eYRC2024LogisticCobot/install/eyantra_warehouse/share/eyantra_warehouse//models/aws_robomaker_warehouse_ClutteringC_01/materials
[2.241s] -- Installing: /home/ojasvi/Desktop/eYRC2024LogisticCobot/install/eyantra_warehouse/share/eyantra_warehouse//models/aws_robomaker_warehouse_ClutteringC_01/materials/textures
[2.241s] -- Installing: /home/ojasvi/Desktop/eYRC2024LogisticCobot/install/eyantra_warehouse/share/eyantra_warehouse//models/aws_robomaker_warehouse_ClutteringC_01/materials/textures/aws_robomaker_warehouse_ClutteringC_01.png
[2.242s] -- Installing: /home/ojasvi/Desktop/eYRC2024LogisticCobot/install/eyantra_warehouse/share/eyantra_warehouse//models/aws_robomaker_warehouse_ClutteringC_01/materials/textures/aws_robomaker_warehouse_ClutteringC_02.png
[2.242s] -- Installing: /home/ojasvi/Desktop/eYRC2024LogisticCobot/install/eyantra_warehouse/share/eyantra_warehouse//models/aws_robomaker_warehouse_ClutteringC_01/model.config
[2.242s] -- Installing: /home/ojasvi/Desktop/eYRC2024LogisticCobot/install/eyantra_warehouse/share/eyantra_warehouse//models/aws_robomaker_warehouse_ClutteringC_01/model.sdf
[2.242s] -- Installing: /home/ojasvi/Desktop/eYRC2024LogisticCobot/install/eyantra_warehouse/share/eyantra_warehouse//models/aws_robomaker_warehouse_ClutteringC_01/meshes
[2.242s] -- Installing: /home/ojasvi/Desktop/eYRC2024LogisticCobot/install/eyantra_warehouse/share/eyantra_warehouse//models/aws_robomaker_warehouse_ClutteringC_01/meshes/aws_robomaker_warehouse_ClutteringC_01_collision.DAE
[2.243s] -- Installing: /home/ojasvi/Desktop/eYRC2024LogisticCobot/install/eyantra_warehouse/share/eyantra_warehouse//models/aws_robomaker_warehouse_ClutteringC_01/meshes/aws_robomaker_warehouse_ClutteringC_01_visual.DAE
[2.243s] -- Installing: /home/ojasvi/Desktop/eYRC2024LogisticCobot/install/eyantra_warehouse/share/eyantra_warehouse//models/aws_robomaker_warehouse_DeskC_01
[2.243s] -- Installing: /home/ojasvi/Desktop/eYRC2024LogisticCobot/install/eyantra_warehouse/share/eyantra_warehouse//models/aws_robomaker_warehouse_DeskC_01/materials
[2.243s] -- Installing: /home/ojasvi/Desktop/eYRC2024LogisticCobot/install/eyantra_warehouse/share/eyantra_warehouse//models/aws_robomaker_warehouse_DeskC_01/materials/textures
[2.243s] -- Installing: /home/ojasvi/Desktop/eYRC2024LogisticCobot/install/eyantra_warehouse/share/eyantra_warehouse//models/aws_robomaker_warehouse_DeskC_01/materials/textures/aws_robomaker_warehouse_DeskC_01.png
[2.244s] -- Installing: /home/ojasvi/Desktop/eYRC2024LogisticCobot/install/eyantra_warehouse/share/eyantra_warehouse//models/aws_robomaker_warehouse_DeskC_01/materials/textures/aws_robomaker_warehouse_DeskC_02.png
[2.244s] -- Installing: /home/ojasvi/Desktop/eYRC2024LogisticCobot/install/eyantra_warehouse/share/eyantra_warehouse//models/aws_robomaker_warehouse_DeskC_01/materials/textures/aws_robomaker_warehouse_DeskC_03.psd
[2.246s] -- Installing: /home/ojasvi/Desktop/eYRC2024LogisticCobot/install/eyantra_warehouse/share/eyantra_warehouse//models/aws_robomaker_warehouse_DeskC_01/materials/textures/aws_robomaker_warehouse_DeskC_04.png
[2.247s] -- Installing: /home/ojasvi/Desktop/eYRC2024LogisticCobot/install/eyantra_warehouse/share/eyantra_warehouse//models/aws_robomaker_warehouse_DeskC_01/materials/textures/aws_robomaker_warehouse_DeskC_03.png
[2.247s] -- Installing: /home/ojasvi/Desktop/eYRC2024LogisticCobot/install/eyantra_warehouse/share/eyantra_warehouse//models/aws_robomaker_warehouse_DeskC_01/materials/.DS_Store
[2.247s] -- Installing: /home/ojasvi/Desktop/eYRC2024LogisticCobot/install/eyantra_warehouse/share/eyantra_warehouse//models/aws_robomaker_warehouse_DeskC_01/model.config
[2.247s] -- Installing: /home/ojasvi/Desktop/eYRC2024LogisticCobot/install/eyantra_warehouse/share/eyantra_warehouse//models/aws_robomaker_warehouse_DeskC_01/model.sdf
[2.247s] -- Installing: /home/ojasvi/Desktop/eYRC2024LogisticCobot/install/eyantra_warehouse/share/eyantra_warehouse//models/aws_robomaker_warehouse_DeskC_01/meshes
[2.247s] -- Installing: /home/ojasvi/Desktop/eYRC2024LogisticCobot/install/eyantra_warehouse/share/eyantra_warehouse//models/aws_robomaker_warehouse_DeskC_01/meshes/aws_robomaker_warehouse_DeskC_01_collision.DAE
[2.248s] -- Installing: /home/ojasvi/Desktop/eYRC2024LogisticCobot/install/eyantra_warehouse/share/eyantra_warehouse//models/aws_robomaker_warehouse_DeskC_01/meshes/aws_robomaker_warehouse_DeskC_01_visual.DAE
[2.248s] -- Installing: /home/ojasvi/Desktop/eYRC2024LogisticCobot/install/eyantra_warehouse/share/eyantra_warehouse//models/drop_table
[2.248s] -- Installing: /home/ojasvi/Desktop/eYRC2024LogisticCobot/install/eyantra_warehouse/share/eyantra_warehouse//models/drop_table/model.config
[2.248s] -- Installing: /home/ojasvi/Desktop/eYRC2024LogisticCobot/install/eyantra_warehouse/share/eyantra_warehouse//models/drop_table/model.sdf
[2.248s] -- Installing: /home/ojasvi/Desktop/eYRC2024LogisticCobot/install/eyantra_warehouse/share/eyantra_warehouse//models/drop_table/meshes
[2.248s] -- Installing: /home/ojasvi/Desktop/eYRC2024LogisticCobot/install/eyantra_warehouse/share/eyantra_warehouse//models/drop_table/meshes/eyantra_logo~red_280x55.png.001.png
[2.249s] -- Installing: /home/ojasvi/Desktop/eYRC2024LogisticCobot/install/eyantra_warehouse/share/eyantra_warehouse//models/drop_table/meshes/eyantra_logo~red_280x55.png
[2.249s] -- Installing: /home/ojasvi/Desktop/eYRC2024LogisticCobot/install/eyantra_warehouse/share/eyantra_warehouse//models/drop_table/meshes/table.dae
[2.249s] -- Installing: /home/ojasvi/Desktop/eYRC2024LogisticCobot/install/eyantra_warehouse/share/eyantra_warehouse//models/LB_city
[2.249s] -- Installing: /home/ojasvi/Desktop/eYRC2024LogisticCobot/install/eyantra_warehouse/share/eyantra_warehouse//models/LB_city/model.config
[2.249s] -- Installing: /home/ojasvi/Desktop/eYRC2024LogisticCobot/install/eyantra_warehouse/share/eyantra_warehouse//models/LB_city/model.sdf
[2.249s] -- Installing: /home/ojasvi/Desktop/eYRC2024LogisticCobot/install/eyantra_warehouse/share/eyantra_warehouse//models/LB_city/meshes
[2.249s] -- Installing: /home/ojasvi/Desktop/eYRC2024LogisticCobot/install/eyantra_warehouse/share/eyantra_warehouse//models/LB_city/meshes/pb2.jpg
[2.249s] -- Installing: /home/ojasvi/Desktop/eYRC2024LogisticCobot/install/eyantra_warehouse/share/eyantra_warehouse//models/LB_city/meshes/grass.png
[2.252s] -- Installing: /home/ojasvi/Desktop/eYRC2024LogisticCobot/install/eyantra_warehouse/share/eyantra_warehouse//models/LB_city/meshes/f1q.jpg.001.jpg
[2.253s] -- Installing: /home/ojasvi/Desktop/eYRC2024LogisticCobot/install/eyantra_warehouse/share/eyantra_warehouse//models/LB_city/meshes/f1q.jpg
[2.253s] -- Installing: /home/ojasvi/Desktop/eYRC2024LogisticCobot/install/eyantra_warehouse/share/eyantra_warehouse//models/LB_city/meshes/dm1.jpg
[2.256s] -- Installing: /home/ojasvi/Desktop/eYRC2024LogisticCobot/install/eyantra_warehouse/share/eyantra_warehouse//models/LB_city/meshes/SolarPanelsPolycrystallineTypeBFramedClean001_COL_3K.jpg.004.jp.jpg
[2.257s] -- Installing: /home/ojasvi/Desktop/eYRC2024LogisticCobot/install/eyantra_warehouse/share/eyantra_warehouse//models/LB_city/meshes/pv2c.jpg
[2.258s] -- Installing: /home/ojasvi/Desktop/eYRC2024LogisticCobot/install/eyantra_warehouse/share/eyantra_warehouse//models/LB_city/meshes/LB_city.dae
[2.273s] -- Installing: /home/ojasvi/Desktop/eYRC2024LogisticCobot/install/eyantra_warehouse/share/eyantra_warehouse//models/LB_city/meshes/LAWN.jpg
[2.276s] -- Installing: /home/ojasvi/Desktop/eYRC2024LogisticCobot/install/eyantra_warehouse/share/eyantra_warehouse//models/LB_city/meshes/ocean_texture.jpeg
[2.277s] -- Installing: /home/ojasvi/Desktop/eYRC2024LogisticCobot/install/eyantra_warehouse/share/eyantra_warehouse//models/arm_base
[2.278s] -- Installing: /home/ojasvi/Desktop/eYRC2024LogisticCobot/install/eyantra_warehouse/share/eyantra_warehouse//models/arm_base/model.config
[2.278s] -- Installing: /home/ojasvi/Desktop/eYRC2024LogisticCobot/install/eyantra_warehouse/share/eyantra_warehouse//models/arm_base/model.sdf
[2.278s] -- Installing: /home/ojasvi/Desktop/eYRC2024LogisticCobot/install/eyantra_warehouse/share/eyantra_warehouse//models/arm_base/meshes
[2.278s] -- Installing: /home/ojasvi/Desktop/eYRC2024LogisticCobot/install/eyantra_warehouse/share/eyantra_warehouse//models/arm_base/meshes/arm_base.dae
[2.279s] -- Installing: /home/ojasvi/Desktop/eYRC2024LogisticCobot/install/eyantra_warehouse/share/eyantra_warehouse//models/conveyor_belt
[2.279s] -- Installing: /home/ojasvi/Desktop/eYRC2024LogisticCobot/install/eyantra_warehouse/share/eyantra_warehouse//models/conveyor_belt/model.config
[2.279s] -- Installing: /home/ojasvi/Desktop/eYRC2024LogisticCobot/install/eyantra_warehouse/share/eyantra_warehouse//models/conveyor_belt/model.sdf
[2.279s] -- Installing: /home/ojasvi/Desktop/eYRC2024LogisticCobot/install/eyantra_warehouse/share/eyantra_warehouse//models/conveyor_belt/meshes
[2.279s] -- Installing: /home/ojasvi/Desktop/eYRC2024LogisticCobot/install/eyantra_warehouse/share/eyantra_warehouse//models/conveyor_belt/meshes/conveyor_belt.stl
[2.280s] -- Installing: /home/ojasvi/Desktop/eYRC2024LogisticCobot/install/eyantra_warehouse/share/eyantra_warehouse//models/conveyor_belt/meshes/conveyor_belt.dae
[2.282s] -- Installing: /home/ojasvi/Desktop/eYRC2024LogisticCobot/install/eyantra_warehouse/share/eyantra_warehouse//models/ground_plane
[2.282s] -- Installing: /home/ojasvi/Desktop/eYRC2024LogisticCobot/install/eyantra_warehouse/share/eyantra_warehouse//models/ground_plane/model.config
[2.282s] -- Installing: /home/ojasvi/Desktop/eYRC2024LogisticCobot/install/eyantra_warehouse/share/eyantra_warehouse//models/ground_plane/model.sdf
[2.282s] -- Installing: /home/ojasvi/Desktop/eYRC2024LogisticCobot/install/eyantra_warehouse/share/eyantra_warehouse//models/aws_robomaker_warehouse_PalletJackB_01
[2.282s] -- Installing: /home/ojasvi/Desktop/eYRC2024LogisticCobot/install/eyantra_warehouse/share/eyantra_warehouse//models/aws_robomaker_warehouse_PalletJackB_01/materials
[2.282s] -- Installing: /home/ojasvi/Desktop/eYRC2024LogisticCobot/install/eyantra_warehouse/share/eyantra_warehouse//models/aws_robomaker_warehouse_PalletJackB_01/materials/textures
[2.282s] -- Installing: /home/ojasvi/Desktop/eYRC2024LogisticCobot/install/eyantra_warehouse/share/eyantra_warehouse//models/aws_robomaker_warehouse_PalletJackB_01/materials/textures/aws_robomaker_warehouse_PalletJackB_01.png
[2.283s] -- Installing: /home/ojasvi/Desktop/eYRC2024LogisticCobot/install/eyantra_warehouse/share/eyantra_warehouse//models/aws_robomaker_warehouse_PalletJackB_01/materials/textures/aws_robomaker_warehouse_PalletJackB_02.png
[2.283s] -- Installing: /home/ojasvi/Desktop/eYRC2024LogisticCobot/install/eyantra_warehouse/share/eyantra_warehouse//models/aws_robomaker_warehouse_PalletJackB_01/materials/.DS_Store
[2.283s] -- Installing: /home/ojasvi/Desktop/eYRC2024LogisticCobot/install/eyantra_warehouse/share/eyantra_warehouse//models/aws_robomaker_warehouse_PalletJackB_01/model.config
[2.284s] -- Installing: /home/ojasvi/Desktop/eYRC2024LogisticCobot/install/eyantra_warehouse/share/eyantra_warehouse//models/aws_robomaker_warehouse_PalletJackB_01/model.sdf
[2.284s] -- Installing: /home/ojasvi/Desktop/eYRC2024LogisticCobot/install/eyantra_warehouse/share/eyantra_warehouse//models/aws_robomaker_warehouse_PalletJackB_01/.DS_Store
[2.284s] -- Installing: /home/ojasvi/Desktop/eYRC2024LogisticCobot/install/eyantra_warehouse/share/eyantra_warehouse//models/aws_robomaker_warehouse_PalletJackB_01/meshes
[2.284s] -- Installing: /home/ojasvi/Desktop/eYRC2024LogisticCobot/install/eyantra_warehouse/share/eyantra_warehouse//models/aws_robomaker_warehouse_PalletJackB_01/meshes/aws_robomaker_warehouse_PalletJackB_01_visual.DAE
[2.285s] -- Installing: /home/ojasvi/Desktop/eYRC2024LogisticCobot/install/eyantra_warehouse/share/eyantra_warehouse//models/aws_robomaker_warehouse_PalletJackB_01/meshes/aws_robomaker_warehouse_PalletJackB_01_collision.DAE
[2.285s] -- Installing: /home/ojasvi/Desktop/eYRC2024LogisticCobot/install/eyantra_warehouse/share/eyantra_warehouse//models/aws_robomaker_warehouse_ClutteringD_01
[2.285s] -- Installing: /home/ojasvi/Desktop/eYRC2024LogisticCobot/install/eyantra_warehouse/share/eyantra_warehouse//models/aws_robomaker_warehouse_ClutteringD_01/materials
[2.285s] -- Installing: /home/ojasvi/Desktop/eYRC2024LogisticCobot/install/eyantra_warehouse/share/eyantra_warehouse//models/aws_robomaker_warehouse_ClutteringD_01/materials/textures
[2.285s] -- Installing: /home/ojasvi/Desktop/eYRC2024LogisticCobot/install/eyantra_warehouse/share/eyantra_warehouse//models/aws_robomaker_warehouse_ClutteringD_01/materials/textures/aws_robomaker_warehouse_ClutteringD_01.png
[2.286s] -- Installing: /home/ojasvi/Desktop/eYRC2024LogisticCobot/install/eyantra_warehouse/share/eyantra_warehouse//models/aws_robomaker_warehouse_ClutteringD_01/materials/textures/aws_robomaker_warehouse_ClutteringD_02.png
[2.286s] -- Installing: /home/ojasvi/Desktop/eYRC2024LogisticCobot/install/eyantra_warehouse/share/eyantra_warehouse//models/aws_robomaker_warehouse_ClutteringD_01/model.config
[2.286s] -- Installing: /home/ojasvi/Desktop/eYRC2024LogisticCobot/install/eyantra_warehouse/share/eyantra_warehouse//models/aws_robomaker_warehouse_ClutteringD_01/model.sdf
[2.286s] -- Installing: /home/ojasvi/Desktop/eYRC2024LogisticCobot/install/eyantra_warehouse/share/eyantra_warehouse//models/aws_robomaker_warehouse_ClutteringD_01/meshes
[2.286s] -- Installing: /home/ojasvi/Desktop/eYRC2024LogisticCobot/install/eyantra_warehouse/share/eyantra_warehouse//models/aws_robomaker_warehouse_ClutteringD_01/meshes/aws_robomaker_warehouse_ClutteringD_01_collision.DAE
[2.286s] -- Installing: /home/ojasvi/Desktop/eYRC2024LogisticCobot/install/eyantra_warehouse/share/eyantra_warehouse//models/aws_robomaker_warehouse_ClutteringD_01/meshes/aws_robomaker_warehouse_ClutteringD_01_visual.DAE
[2.287s] -- Installing: /home/ojasvi/Desktop/eYRC2024LogisticCobot/install/eyantra_warehouse/share/eyantra_warehouse//models/box
[2.287s] -- Installing: /home/ojasvi/Desktop/eYRC2024LogisticCobot/install/eyantra_warehouse/share/eyantra_warehouse//models/box/model.config
[2.287s] -- Installing: /home/ojasvi/Desktop/eYRC2024LogisticCobot/install/eyantra_warehouse/share/eyantra_warehouse//models/box/model.sdf
[2.287s] -- Installing: /home/ojasvi/Desktop/eYRC2024LogisticCobot/install/eyantra_warehouse/share/eyantra_warehouse//models/box/meshes
[2.287s] -- Installing: /home/ojasvi/Desktop/eYRC2024LogisticCobot/install/eyantra_warehouse/share/eyantra_warehouse//models/box/meshes/cardboard_bg.png
[2.287s] -- Installing: /home/ojasvi/Desktop/eYRC2024LogisticCobot/install/eyantra_warehouse/share/eyantra_warehouse//models/box/meshes/box__bg.png
[2.287s] -- Installing: /home/ojasvi/Desktop/eYRC2024LogisticCobot/install/eyantra_warehouse/share/eyantra_warehouse//models/box/meshes/box.dae
[2.288s] -- Installing: /home/ojasvi/Desktop/eYRC2024LogisticCobot/install/eyantra_warehouse/share/eyantra_warehouse//models/box/meshes/centroid_old_box.zip
[2.288s] -- Installing: /home/ojasvi/Desktop/eYRC2024LogisticCobot/install/eyantra_warehouse/share/eyantra_warehouse//models/box/meshes/aruco_tag.jpg
[2.288s] -- Installing: /home/ojasvi/Desktop/eYRC2024LogisticCobot/install/eyantra_warehouse/share/eyantra_warehouse//models/package_box
[2.288s] -- Installing: /home/ojasvi/Desktop/eYRC2024LogisticCobot/install/eyantra_warehouse/share/eyantra_warehouse//models/package_box/model.config
[2.288s] -- Installing: /home/ojasvi/Desktop/eYRC2024LogisticCobot/install/eyantra_warehouse/share/eyantra_warehouse//models/package_box/model.sdf
[2.288s] -- Installing: /home/ojasvi/Desktop/eYRC2024LogisticCobot/install/eyantra_warehouse/share/eyantra_warehouse//models/package_box/meshes
[2.288s] -- Installing: /home/ojasvi/Desktop/eYRC2024LogisticCobot/install/eyantra_warehouse/share/eyantra_warehouse//models/package_box/meshes/package_box.dae
[2.289s] -- Installing: /home/ojasvi/Desktop/eYRC2024LogisticCobot/install/eyantra_warehouse/share/eyantra_warehouse//models/package_box/meshes/4x4_1000-0.png
[2.289s] -- Installing: /home/ojasvi/Desktop/eYRC2024LogisticCobot/install/eyantra_warehouse/share/eyantra_warehouse//models/package_box/meshes/aws_robomaker_warehouse_ClutteringC_02.png
[2.289s] -- Installing: /home/ojasvi/Desktop/eYRC2024LogisticCobot/install/eyantra_warehouse/share/eyantra_warehouse//models/window
[2.289s] -- Installing: /home/ojasvi/Desktop/eYRC2024LogisticCobot/install/eyantra_warehouse/share/eyantra_warehouse//models/window/model.config
[2.289s] -- Installing: /home/ojasvi/Desktop/eYRC2024LogisticCobot/install/eyantra_warehouse/share/eyantra_warehouse//models/window/model.sdf
[2.289s] -- Installing: /home/ojasvi/Desktop/eYRC2024LogisticCobot/install/eyantra_warehouse/share/eyantra_warehouse//models/warehouse_boundary
[2.290s] -- Installing: /home/ojasvi/Desktop/eYRC2024LogisticCobot/install/eyantra_warehouse/share/eyantra_warehouse//models/warehouse_boundary/model.config
[2.290s] -- Installing: /home/ojasvi/Desktop/eYRC2024LogisticCobot/install/eyantra_warehouse/share/eyantra_warehouse//models/warehouse_boundary/model.sdf
[2.290s] -- Installing: /home/ojasvi/Desktop/eYRC2024LogisticCobot/install/eyantra_warehouse/share/eyantra_warehouse//models/warehouse_boundary/meshes
[2.290s] -- Installing: /home/ojasvi/Desktop/eYRC2024LogisticCobot/install/eyantra_warehouse/share/eyantra_warehouse//models/warehouse_boundary/meshes/warehouse_boundary_glass_cover.dae
[2.290s] -- Installing: /home/ojasvi/Desktop/eYRC2024LogisticCobot/install/eyantra_warehouse/share/eyantra_warehouse//models/warehouse_boundary/meshes/warehouse_boundary.dae
[2.304s] -- Installing: /home/ojasvi/Desktop/eYRC2024LogisticCobot/install/eyantra_warehouse/share/eyantra_warehouse//models/warehouse_boundary/meshes/warehouse_floor.jpg
[2.304s] -- Installing: /home/ojasvi/Desktop/eYRC2024LogisticCobot/install/eyantra_warehouse/share/eyantra_warehouse//models/boxes
[2.304s] -- Installing: /home/ojasvi/Desktop/eYRC2024LogisticCobot/install/eyantra_warehouse/share/eyantra_warehouse//models/boxes/box_31
[2.305s] -- Installing: /home/ojasvi/Desktop/eYRC2024LogisticCobot/install/eyantra_warehouse/share/eyantra_warehouse//models/boxes/box_31/model.config
[2.305s] -- Installing: /home/ojasvi/Desktop/eYRC2024LogisticCobot/install/eyantra_warehouse/share/eyantra_warehouse//models/boxes/box_31/model.sdf
[2.305s] -- Installing: /home/ojasvi/Desktop/eYRC2024LogisticCobot/install/eyantra_warehouse/share/eyantra_warehouse//models/boxes/box_31/meshes
[2.305s] -- Installing: /home/ojasvi/Desktop/eYRC2024LogisticCobot/install/eyantra_warehouse/share/eyantra_warehouse//models/boxes/box_31/meshes/cardboard_bg.png
[2.305s] -- Installing: /home/ojasvi/Desktop/eYRC2024LogisticCobot/install/eyantra_warehouse/share/eyantra_warehouse//models/boxes/box_31/meshes/box__bg.png
[2.305s] -- Installing: /home/ojasvi/Desktop/eYRC2024LogisticCobot/install/eyantra_warehouse/share/eyantra_warehouse//models/boxes/box_31/meshes/box.dae
[2.306s] -- Installing: /home/ojasvi/Desktop/eYRC2024LogisticCobot/install/eyantra_warehouse/share/eyantra_warehouse//models/boxes/box_31/meshes/aruco_tag.jpg
[2.306s] -- Installing: /home/ojasvi/Desktop/eYRC2024LogisticCobot/install/eyantra_warehouse/share/eyantra_warehouse//models/boxes/box_46
[2.306s] -- Installing: /home/ojasvi/Desktop/eYRC2024LogisticCobot/install/eyantra_warehouse/share/eyantra_warehouse//models/boxes/box_46/model.config
[2.306s] -- Installing: /home/ojasvi/Desktop/eYRC2024LogisticCobot/install/eyantra_warehouse/share/eyantra_warehouse//models/boxes/box_46/model.sdf
[2.306s] -- Installing: /home/ojasvi/Desktop/eYRC2024LogisticCobot/install/eyantra_warehouse/share/eyantra_warehouse//models/boxes/box_46/meshes
[2.306s] -- Installing: /home/ojasvi/Desktop/eYRC2024LogisticCobot/install/eyantra_warehouse/share/eyantra_warehouse//models/boxes/box_46/meshes/cardboard_bg.png
[2.307s] -- Installing: /home/ojasvi/Desktop/eYRC2024LogisticCobot/install/eyantra_warehouse/share/eyantra_warehouse//models/boxes/box_46/meshes/box__bg.png
[2.307s] -- Installing: /home/ojasvi/Desktop/eYRC2024LogisticCobot/install/eyantra_warehouse/share/eyantra_warehouse//models/boxes/box_46/meshes/box.dae
[2.307s] -- Installing: /home/ojasvi/Desktop/eYRC2024LogisticCobot/install/eyantra_warehouse/share/eyantra_warehouse//models/boxes/box_46/meshes/aruco_tag.jpg
[2.307s] -- Installing: /home/ojasvi/Desktop/eYRC2024LogisticCobot/install/eyantra_warehouse/share/eyantra_warehouse//models/boxes/box_3
[2.307s] -- Installing: /home/ojasvi/Desktop/eYRC2024LogisticCobot/install/eyantra_warehouse/share/eyantra_warehouse//models/boxes/box_3/model.config
[2.308s] -- Installing: /home/ojasvi/Desktop/eYRC2024LogisticCobot/install/eyantra_warehouse/share/eyantra_warehouse//models/boxes/box_3/model.sdf
[2.308s] -- Installing: /home/ojasvi/Desktop/eYRC2024LogisticCobot/install/eyantra_warehouse/share/eyantra_warehouse//models/boxes/box_3/meshes
[2.308s] -- Installing: /home/ojasvi/Desktop/eYRC2024LogisticCobot/install/eyantra_warehouse/share/eyantra_warehouse//models/boxes/box_3/meshes/cardboard_bg.png
[2.308s] -- Installing: /home/ojasvi/Desktop/eYRC2024LogisticCobot/install/eyantra_warehouse/share/eyantra_warehouse//models/boxes/box_3/meshes/box__bg.png
[2.308s] -- Installing: /home/ojasvi/Desktop/eYRC2024LogisticCobot/install/eyantra_warehouse/share/eyantra_warehouse//models/boxes/box_3/meshes/box.dae
[2.309s] -- Installing: /home/ojasvi/Desktop/eYRC2024LogisticCobot/install/eyantra_warehouse/share/eyantra_warehouse//models/boxes/box_3/meshes/aruco_tag.jpg
[2.309s] -- Installing: /home/ojasvi/Desktop/eYRC2024LogisticCobot/install/eyantra_warehouse/share/eyantra_warehouse//models/boxes/box_27
[2.309s] -- Installing: /home/ojasvi/Desktop/eYRC2024LogisticCobot/install/eyantra_warehouse/share/eyantra_warehouse//models/boxes/box_27/model.config
[2.309s] -- Installing: /home/ojasvi/Desktop/eYRC2024LogisticCobot/install/eyantra_warehouse/share/eyantra_warehouse//models/boxes/box_27/model.sdf
[2.309s] -- Installing: /home/ojasvi/Desktop/eYRC2024LogisticCobot/install/eyantra_warehouse/share/eyantra_warehouse//models/boxes/box_27/meshes
[2.309s] -- Installing: /home/ojasvi/Desktop/eYRC2024LogisticCobot/install/eyantra_warehouse/share/eyantra_warehouse//models/boxes/box_27/meshes/cardboard_bg.png
[2.310s] -- Installing: /home/ojasvi/Desktop/eYRC2024LogisticCobot/install/eyantra_warehouse/share/eyantra_warehouse//models/boxes/box_27/meshes/box__bg.png
[2.310s] -- Installing: /home/ojasvi/Desktop/eYRC2024LogisticCobot/install/eyantra_warehouse/share/eyantra_warehouse//models/boxes/box_27/meshes/box.dae
[2.310s] -- Installing: /home/ojasvi/Desktop/eYRC2024LogisticCobot/install/eyantra_warehouse/share/eyantra_warehouse//models/boxes/box_27/meshes/aruco_tag.jpg
[2.310s] -- Installing: /home/ojasvi/Desktop/eYRC2024LogisticCobot/install/eyantra_warehouse/share/eyantra_warehouse//models/boxes/box_20
[2.310s] -- Installing: /home/ojasvi/Desktop/eYRC2024LogisticCobot/install/eyantra_warehouse/share/eyantra_warehouse//models/boxes/box_20/model.config
[2.310s] -- Installing: /home/ojasvi/Desktop/eYRC2024LogisticCobot/install/eyantra_warehouse/share/eyantra_warehouse//models/boxes/box_20/model.sdf
[2.311s] -- Installing: /home/ojasvi/Desktop/eYRC2024LogisticCobot/install/eyantra_warehouse/share/eyantra_warehouse//models/boxes/box_20/meshes
[2.311s] -- Installing: /home/ojasvi/Desktop/eYRC2024LogisticCobot/install/eyantra_warehouse/share/eyantra_warehouse//models/boxes/box_20/meshes/cardboard_bg.png
[2.311s] -- Installing: /home/ojasvi/Desktop/eYRC2024LogisticCobot/install/eyantra_warehouse/share/eyantra_warehouse//models/boxes/box_20/meshes/box__bg.png
[2.311s] -- Installing: /home/ojasvi/Desktop/eYRC2024LogisticCobot/install/eyantra_warehouse/share/eyantra_warehouse//models/boxes/box_20/meshes/box.dae
[2.311s] -- Installing: /home/ojasvi/Desktop/eYRC2024LogisticCobot/install/eyantra_warehouse/share/eyantra_warehouse//models/boxes/box_20/meshes/aruco_tag.jpg
[2.311s] -- Installing: /home/ojasvi/Desktop/eYRC2024LogisticCobot/install/eyantra_warehouse/share/eyantra_warehouse//models/boxes/box_19
[2.312s] -- Installing: /home/ojasvi/Desktop/eYRC2024LogisticCobot/install/eyantra_warehouse/share/eyantra_warehouse//models/boxes/box_19/model.config
[2.312s] -- Installing: /home/ojasvi/Desktop/eYRC2024LogisticCobot/install/eyantra_warehouse/share/eyantra_warehouse//models/boxes/box_19/model.sdf
[2.312s] -- Installing: /home/ojasvi/Desktop/eYRC2024LogisticCobot/install/eyantra_warehouse/share/eyantra_warehouse//models/boxes/box_19/meshes
[2.312s] -- Installing: /home/ojasvi/Desktop/eYRC2024LogisticCobot/install/eyantra_warehouse/share/eyantra_warehouse//models/boxes/box_19/meshes/cardboard_bg.png
[2.312s] -- Installing: /home/ojasvi/Desktop/eYRC2024LogisticCobot/install/eyantra_warehouse/share/eyantra_warehouse//models/boxes/box_19/meshes/box__bg.png
[2.313s] -- Installing: /home/ojasvi/Desktop/eYRC2024LogisticCobot/install/eyantra_warehouse/share/eyantra_warehouse//models/boxes/box_19/meshes/box.dae
[2.313s] -- Installing: /home/ojasvi/Desktop/eYRC2024LogisticCobot/install/eyantra_warehouse/share/eyantra_warehouse//models/boxes/box_19/meshes/aruco_tag.jpg
[2.313s] -- Installing: /home/ojasvi/Desktop/eYRC2024LogisticCobot/install/eyantra_warehouse/share/eyantra_warehouse//models/boxes/box_39
[2.313s] -- Installing: /home/ojasvi/Desktop/eYRC2024LogisticCobot/install/eyantra_warehouse/share/eyantra_warehouse//models/boxes/box_39/model.config
[2.313s] -- Installing: /home/ojasvi/Desktop/eYRC2024LogisticCobot/install/eyantra_warehouse/share/eyantra_warehouse//models/boxes/box_39/model.sdf
[2.313s] -- Installing: /home/ojasvi/Desktop/eYRC2024LogisticCobot/install/eyantra_warehouse/share/eyantra_warehouse//models/boxes/box_39/meshes
[2.313s] -- Installing: /home/ojasvi/Desktop/eYRC2024LogisticCobot/install/eyantra_warehouse/share/eyantra_warehouse//models/boxes/box_39/meshes/cardboard_bg.png
[2.314s] -- Installing: /home/ojasvi/Desktop/eYRC2024LogisticCobot/install/eyantra_warehouse/share/eyantra_warehouse//models/boxes/box_39/meshes/box__bg.png
[2.314s] -- Installing: /home/ojasvi/Desktop/eYRC2024LogisticCobot/install/eyantra_warehouse/share/eyantra_warehouse//models/boxes/box_39/meshes/box.dae
[2.314s] -- Installing: /home/ojasvi/Desktop/eYRC2024LogisticCobot/install/eyantra_warehouse/share/eyantra_warehouse//models/boxes/box_39/meshes/aruco_tag.jpg
[2.314s] -- Installing: /home/ojasvi/Desktop/eYRC2024LogisticCobot/install/eyantra_warehouse/share/eyantra_warehouse//models/boxes/box.stl
[2.314s] -- Installing: /home/ojasvi/Desktop/eYRC2024LogisticCobot/install/eyantra_warehouse/share/eyantra_warehouse//models/boxes/box_38
[2.315s] -- Installing: /home/ojasvi/Desktop/eYRC2024LogisticCobot/install/eyantra_warehouse/share/eyantra_warehouse//models/boxes/box_38/model.config
[2.315s] -- Installing: /home/ojasvi/Desktop/eYRC2024LogisticCobot/install/eyantra_warehouse/share/eyantra_warehouse//models/boxes/box_38/model.sdf
[2.315s] -- Installing: /home/ojasvi/Desktop/eYRC2024LogisticCobot/install/eyantra_warehouse/share/eyantra_warehouse//models/boxes/box_38/meshes
[2.315s] -- Installing: /home/ojasvi/Desktop/eYRC2024LogisticCobot/install/eyantra_warehouse/share/eyantra_warehouse//models/boxes/box_38/meshes/cardboard_bg.png
[2.315s] -- Installing: /home/ojasvi/Desktop/eYRC2024LogisticCobot/install/eyantra_warehouse/share/eyantra_warehouse//models/boxes/box_38/meshes/box__bg.png
[2.316s] -- Installing: /home/ojasvi/Desktop/eYRC2024LogisticCobot/install/eyantra_warehouse/share/eyantra_warehouse//models/boxes/box_38/meshes/box.dae
[2.316s] -- Installing: /home/ojasvi/Desktop/eYRC2024LogisticCobot/install/eyantra_warehouse/share/eyantra_warehouse//models/boxes/box_38/meshes/aruco_tag.jpg
[2.316s] -- Installing: /home/ojasvi/Desktop/eYRC2024LogisticCobot/install/eyantra_warehouse/share/eyantra_warehouse//models/boxes/box_42
[2.316s] -- Installing: /home/ojasvi/Desktop/eYRC2024LogisticCobot/install/eyantra_warehouse/share/eyantra_warehouse//models/boxes/box_42/model.config
[2.316s] -- Installing: /home/ojasvi/Desktop/eYRC2024LogisticCobot/install/eyantra_warehouse/share/eyantra_warehouse//models/boxes/box_42/model.sdf
[2.316s] -- Installing: /home/ojasvi/Desktop/eYRC2024LogisticCobot/install/eyantra_warehouse/share/eyantra_warehouse//models/boxes/box_42/meshes
[2.316s] -- Installing: /home/ojasvi/Desktop/eYRC2024LogisticCobot/install/eyantra_warehouse/share/eyantra_warehouse//models/boxes/box_42/meshes/cardboard_bg.png
[2.317s] -- Installing: /home/ojasvi/Desktop/eYRC2024LogisticCobot/install/eyantra_warehouse/share/eyantra_warehouse//models/boxes/box_42/meshes/box__bg.png
[2.317s] -- Installing: /home/ojasvi/Desktop/eYRC2024LogisticCobot/install/eyantra_warehouse/share/eyantra_warehouse//models/boxes/box_42/meshes/box.dae
[2.317s] -- Installing: /home/ojasvi/Desktop/eYRC2024LogisticCobot/install/eyantra_warehouse/share/eyantra_warehouse//models/boxes/box_42/meshes/aruco_tag.jpg
[2.317s] -- Installing: /home/ojasvi/Desktop/eYRC2024LogisticCobot/install/eyantra_warehouse/share/eyantra_warehouse//models/boxes/box_12
[2.317s] -- Installing: /home/ojasvi/Desktop/eYRC2024LogisticCobot/install/eyantra_warehouse/share/eyantra_warehouse//models/boxes/box_12/model.config
[2.318s] -- Installing: /home/ojasvi/Desktop/eYRC2024LogisticCobot/install/eyantra_warehouse/share/eyantra_warehouse//models/boxes/box_12/model.sdf
[2.318s] -- Installing: /home/ojasvi/Desktop/eYRC2024LogisticCobot/install/eyantra_warehouse/share/eyantra_warehouse//models/boxes/box_12/meshes
[2.318s] -- Installing: /home/ojasvi/Desktop/eYRC2024LogisticCobot/install/eyantra_warehouse/share/eyantra_warehouse//models/boxes/box_12/meshes/cardboard_bg.png
[2.318s] -- Installing: /home/ojasvi/Desktop/eYRC2024LogisticCobot/install/eyantra_warehouse/share/eyantra_warehouse//models/boxes/box_12/meshes/box__bg.png
[2.318s] -- Installing: /home/ojasvi/Desktop/eYRC2024LogisticCobot/install/eyantra_warehouse/share/eyantra_warehouse//models/boxes/box_12/meshes/box.dae
[2.319s] -- Installing: /home/ojasvi/Desktop/eYRC2024LogisticCobot/install/eyantra_warehouse/share/eyantra_warehouse//models/boxes/box_12/meshes/aruco_tag.jpg
[2.319s] -- Installing: /home/ojasvi/Desktop/eYRC2024LogisticCobot/install/eyantra_warehouse/share/eyantra_warehouse//models/boxes/box_8
[2.319s] -- Installing: /home/ojasvi/Desktop/eYRC2024LogisticCobot/install/eyantra_warehouse/share/eyantra_warehouse//models/boxes/box_8/model.config
[2.319s] -- Installing: /home/ojasvi/Desktop/eYRC2024LogisticCobot/install/eyantra_warehouse/share/eyantra_warehouse//models/boxes/box_8/model.sdf
[2.319s] -- Installing: /home/ojasvi/Desktop/eYRC2024LogisticCobot/install/eyantra_warehouse/share/eyantra_warehouse//models/boxes/box_8/meshes
[2.319s] -- Installing: /home/ojasvi/Desktop/eYRC2024LogisticCobot/install/eyantra_warehouse/share/eyantra_warehouse//models/boxes/box_8/meshes/cardboard_bg.png
[2.319s] -- Installing: /home/ojasvi/Desktop/eYRC2024LogisticCobot/install/eyantra_warehouse/share/eyantra_warehouse//models/boxes/box_8/meshes/box__bg.png
[2.320s] -- Installing: /home/ojasvi/Desktop/eYRC2024LogisticCobot/install/eyantra_warehouse/share/eyantra_warehouse//models/boxes/box_8/meshes/box.dae
[2.320s] -- Installing: /home/ojasvi/Desktop/eYRC2024LogisticCobot/install/eyantra_warehouse/share/eyantra_warehouse//models/boxes/box_8/meshes/aruco_tag.jpg
[2.320s] -- Installing: /home/ojasvi/Desktop/eYRC2024LogisticCobot/install/eyantra_warehouse/share/eyantra_warehouse//models/boxes/box_43
[2.320s] -- Installing: /home/ojasvi/Desktop/eYRC2024LogisticCobot/install/eyantra_warehouse/share/eyantra_warehouse//models/boxes/box_43/model.config
[2.320s] -- Installing: /home/ojasvi/Desktop/eYRC2024LogisticCobot/install/eyantra_warehouse/share/eyantra_warehouse//models/boxes/box_43/model.sdf
[2.320s] -- Installing: /home/ojasvi/Desktop/eYRC2024LogisticCobot/install/eyantra_warehouse/share/eyantra_warehouse//models/boxes/box_43/meshes
[2.320s] -- Installing: /home/ojasvi/Desktop/eYRC2024LogisticCobot/install/eyantra_warehouse/share/eyantra_warehouse//models/boxes/box_43/meshes/cardboard_bg.png
[2.321s] -- Installing: /home/ojasvi/Desktop/eYRC2024LogisticCobot/install/eyantra_warehouse/share/eyantra_warehouse//models/boxes/box_43/meshes/box__bg.png
[2.321s] -- Installing: /home/ojasvi/Desktop/eYRC2024LogisticCobot/install/eyantra_warehouse/share/eyantra_warehouse//models/boxes/box_43/meshes/box.dae
[2.321s] -- Installing: /home/ojasvi/Desktop/eYRC2024LogisticCobot/install/eyantra_warehouse/share/eyantra_warehouse//models/boxes/box_43/meshes/aruco_tag.jpg
[2.321s] -- Installing: /home/ojasvi/Desktop/eYRC2024LogisticCobot/install/eyantra_warehouse/share/eyantra_warehouse//models/boxes/box_30
[2.321s] -- Installing: /home/ojasvi/Desktop/eYRC2024LogisticCobot/install/eyantra_warehouse/share/eyantra_warehouse//models/boxes/box_30/model.config
[2.321s] -- Installing: /home/ojasvi/Desktop/eYRC2024LogisticCobot/install/eyantra_warehouse/share/eyantra_warehouse//models/boxes/box_30/model.sdf
[2.321s] -- Installing: /home/ojasvi/Desktop/eYRC2024LogisticCobot/install/eyantra_warehouse/share/eyantra_warehouse//models/boxes/box_30/meshes
[2.322s] -- Installing: /home/ojasvi/Desktop/eYRC2024LogisticCobot/install/eyantra_warehouse/share/eyantra_warehouse//models/boxes/box_30/meshes/cardboard_bg.png
[2.322s] -- Installing: /home/ojasvi/Desktop/eYRC2024LogisticCobot/install/eyantra_warehouse/share/eyantra_warehouse//models/boxes/box_30/meshes/box__bg.png
[2.322s] -- Installing: /home/ojasvi/Desktop/eYRC2024LogisticCobot/install/eyantra_warehouse/share/eyantra_warehouse//models/boxes/box_30/meshes/box.dae
[2.322s] -- Installing: /home/ojasvi/Desktop/eYRC2024LogisticCobot/install/eyantra_warehouse/share/eyantra_warehouse//models/boxes/box_30/meshes/aruco_tag.jpg
[2.322s] -- Installing: /home/ojasvi/Desktop/eYRC2024LogisticCobot/install/eyantra_warehouse/share/eyantra_warehouse//models/boxes/box_16
[2.322s] -- Installing: /home/ojasvi/Desktop/eYRC2024LogisticCobot/install/eyantra_warehouse/share/eyantra_warehouse//models/boxes/box_16/model.config
[2.322s] -- Installing: /home/ojasvi/Desktop/eYRC2024LogisticCobot/install/eyantra_warehouse/share/eyantra_warehouse//models/boxes/box_16/model.sdf
[2.323s] -- Installing: /home/ojasvi/Desktop/eYRC2024LogisticCobot/install/eyantra_warehouse/share/eyantra_warehouse//models/boxes/box_16/meshes
[2.323s] -- Installing: /home/ojasvi/Desktop/eYRC2024LogisticCobot/install/eyantra_warehouse/share/eyantra_warehouse//models/boxes/box_16/meshes/cardboard_bg.png
[2.323s] -- Installing: /home/ojasvi/Desktop/eYRC2024LogisticCobot/install/eyantra_warehouse/share/eyantra_warehouse//models/boxes/box_16/meshes/box__bg.png
[2.323s] -- Installing: /home/ojasvi/Desktop/eYRC2024LogisticCobot/install/eyantra_warehouse/share/eyantra_warehouse//models/boxes/box_16/meshes/box.dae
[2.323s] -- Installing: /home/ojasvi/Desktop/eYRC2024LogisticCobot/install/eyantra_warehouse/share/eyantra_warehouse//models/boxes/box_16/meshes/aruco_tag.jpg
[2.323s] -- Installing: /home/ojasvi/Desktop/eYRC2024LogisticCobot/install/eyantra_warehouse/share/eyantra_warehouse//models/boxes/box_5
[2.323s] -- Installing: /home/ojasvi/Desktop/eYRC2024LogisticCobot/install/eyantra_warehouse/share/eyantra_warehouse//models/boxes/box_5/model.config
[2.324s] -- Installing: /home/ojasvi/Desktop/eYRC2024LogisticCobot/install/eyantra_warehouse/share/eyantra_warehouse//models/boxes/box_5/model.sdf
[2.324s] -- Installing: /home/ojasvi/Desktop/eYRC2024LogisticCobot/install/eyantra_warehouse/share/eyantra_warehouse//models/boxes/box_5/meshes
[2.324s] -- Installing: /home/ojasvi/Desktop/eYRC2024LogisticCobot/install/eyantra_warehouse/share/eyantra_warehouse//models/boxes/box_5/meshes/cardboard_bg.png
[2.324s] -- Installing: /home/ojasvi/Desktop/eYRC2024LogisticCobot/install/eyantra_warehouse/share/eyantra_warehouse//models/boxes/box_5/meshes/box__bg.png
[2.324s] -- Installing: /home/ojasvi/Desktop/eYRC2024LogisticCobot/install/eyantra_warehouse/share/eyantra_warehouse//models/boxes/box_5/meshes/box.dae
[2.324s] -- Installing: /home/ojasvi/Desktop/eYRC2024LogisticCobot/install/eyantra_warehouse/share/eyantra_warehouse//models/boxes/box_5/meshes/aruco_tag.jpg
[2.324s] -- Installing: /home/ojasvi/Desktop/eYRC2024LogisticCobot/install/eyantra_warehouse/share/eyantra_warehouse//models/boxes/box_15
[2.324s] -- Installing: /home/ojasvi/Desktop/eYRC2024LogisticCobot/install/eyantra_warehouse/share/eyantra_warehouse//models/boxes/box_15/model.config
[2.325s] -- Installing: /home/ojasvi/Desktop/eYRC2024LogisticCobot/install/eyantra_warehouse/share/eyantra_warehouse//models/boxes/box_15/model.sdf
[2.325s] -- Installing: /home/ojasvi/Desktop/eYRC2024LogisticCobot/install/eyantra_warehouse/share/eyantra_warehouse//models/boxes/box_15/meshes
[2.325s] -- Installing: /home/ojasvi/Desktop/eYRC2024LogisticCobot/install/eyantra_warehouse/share/eyantra_warehouse//models/boxes/box_15/meshes/cardboard_bg.png
[2.325s] -- Installing: /home/ojasvi/Desktop/eYRC2024LogisticCobot/install/eyantra_warehouse/share/eyantra_warehouse//models/boxes/box_15/meshes/box__bg.png
[2.325s] -- Installing: /home/ojasvi/Desktop/eYRC2024LogisticCobot/install/eyantra_warehouse/share/eyantra_warehouse//models/boxes/box_15/meshes/box.dae
[2.325s] -- Installing: /home/ojasvi/Desktop/eYRC2024LogisticCobot/install/eyantra_warehouse/share/eyantra_warehouse//models/boxes/box_15/meshes/aruco_tag.jpg
[2.325s] -- Installing: /home/ojasvi/Desktop/eYRC2024LogisticCobot/install/eyantra_warehouse/share/eyantra_warehouse//models/boxes/box_45
[2.326s] -- Installing: /home/ojasvi/Desktop/eYRC2024LogisticCobot/install/eyantra_warehouse/share/eyantra_warehouse//models/boxes/box_45/model.config
[2.326s] -- Installing: /home/ojasvi/Desktop/eYRC2024LogisticCobot/install/eyantra_warehouse/share/eyantra_warehouse//models/boxes/box_45/model.sdf
[2.326s] -- Installing: /home/ojasvi/Desktop/eYRC2024LogisticCobot/install/eyantra_warehouse/share/eyantra_warehouse//models/boxes/box_45/meshes
[2.326s] -- Installing: /home/ojasvi/Desktop/eYRC2024LogisticCobot/install/eyantra_warehouse/share/eyantra_warehouse//models/boxes/box_45/meshes/cardboard_bg.png
[2.326s] -- Installing: /home/ojasvi/Desktop/eYRC2024LogisticCobot/install/eyantra_warehouse/share/eyantra_warehouse//models/boxes/box_45/meshes/box__bg.png
[2.326s] -- Installing: /home/ojasvi/Desktop/eYRC2024LogisticCobot/install/eyantra_warehouse/share/eyantra_warehouse//models/boxes/box_45/meshes/box.dae
[2.326s] -- Installing: /home/ojasvi/Desktop/eYRC2024LogisticCobot/install/eyantra_warehouse/share/eyantra_warehouse//models/boxes/box_45/meshes/aruco_tag.jpg
[2.326s] -- Installing: /home/ojasvi/Desktop/eYRC2024LogisticCobot/install/eyantra_warehouse/share/eyantra_warehouse//models/boxes/box_37
[2.327s] -- Installing: /home/ojasvi/Desktop/eYRC2024LogisticCobot/install/eyantra_warehouse/share/eyantra_warehouse//models/boxes/box_37/model.config
[2.327s] -- Installing: /home/ojasvi/Desktop/eYRC2024LogisticCobot/install/eyantra_warehouse/share/eyantra_warehouse//models/boxes/box_37/model.sdf
[2.327s] -- Installing: /home/ojasvi/Desktop/eYRC2024LogisticCobot/install/eyantra_warehouse/share/eyantra_warehouse//models/boxes/box_37/meshes
[2.327s] -- Installing: /home/ojasvi/Desktop/eYRC2024LogisticCobot/install/eyantra_warehouse/share/eyantra_warehouse//models/boxes/box_37/meshes/cardboard_bg.png
[2.327s] -- Installing: /home/ojasvi/Desktop/eYRC2024LogisticCobot/install/eyantra_warehouse/share/eyantra_warehouse//models/boxes/box_37/meshes/box__bg.png
[2.327s] -- Installing: /home/ojasvi/Desktop/eYRC2024LogisticCobot/install/eyantra_warehouse/share/eyantra_warehouse//models/boxes/box_37/meshes/box.dae
[2.327s] -- Installing: /home/ojasvi/Desktop/eYRC2024LogisticCobot/install/eyantra_warehouse/share/eyantra_warehouse//models/boxes/box_37/meshes/aruco_tag.jpg
[2.327s] -- Installing: /home/ojasvi/Desktop/eYRC2024LogisticCobot/install/eyantra_warehouse/share/eyantra_warehouse//models/boxes/box_48
[2.328s] -- Installing: /home/ojasvi/Desktop/eYRC2024LogisticCobot/install/eyantra_warehouse/share/eyantra_warehouse//models/boxes/box_48/model.config
[2.328s] -- Installing: /home/ojasvi/Desktop/eYRC2024LogisticCobot/install/eyantra_warehouse/share/eyantra_warehouse//models/boxes/box_48/model.sdf
[2.328s] -- Installing: /home/ojasvi/Desktop/eYRC2024LogisticCobot/install/eyantra_warehouse/share/eyantra_warehouse//models/boxes/box_48/meshes
[2.328s] -- Installing: /home/ojasvi/Desktop/eYRC2024LogisticCobot/install/eyantra_warehouse/share/eyantra_warehouse//models/boxes/box_48/meshes/cardboard_bg.png
[2.328s] -- Installing: /home/ojasvi/Desktop/eYRC2024LogisticCobot/install/eyantra_warehouse/share/eyantra_warehouse//models/boxes/box_48/meshes/box__bg.png
[2.328s] -- Installing: /home/ojasvi/Desktop/eYRC2024LogisticCobot/install/eyantra_warehouse/share/eyantra_warehouse//models/boxes/box_48/meshes/box.dae
[2.328s] -- Installing: /home/ojasvi/Desktop/eYRC2024LogisticCobot/install/eyantra_warehouse/share/eyantra_warehouse//models/boxes/box_48/meshes/aruco_tag.jpg
[2.328s] -- Installing: /home/ojasvi/Desktop/eYRC2024LogisticCobot/install/eyantra_warehouse/share/eyantra_warehouse//models/boxes/box_33
[2.329s] -- Installing: /home/ojasvi/Desktop/eYRC2024LogisticCobot/install/eyantra_warehouse/share/eyantra_warehouse//models/boxes/box_33/model.config
[2.329s] -- Installing: /home/ojasvi/Desktop/eYRC2024LogisticCobot/install/eyantra_warehouse/share/eyantra_warehouse//models/boxes/box_33/model.sdf
[2.329s] -- Installing: /home/ojasvi/Desktop/eYRC2024LogisticCobot/install/eyantra_warehouse/share/eyantra_warehouse//models/boxes/box_33/meshes
[2.329s] -- Installing: /home/ojasvi/Desktop/eYRC2024LogisticCobot/install/eyantra_warehouse/share/eyantra_warehouse//models/boxes/box_33/meshes/cardboard_bg.png
[2.329s] -- Installing: /home/ojasvi/Desktop/eYRC2024LogisticCobot/install/eyantra_warehouse/share/eyantra_warehouse//models/boxes/box_33/meshes/box__bg.png
[2.329s] -- Installing: /home/ojasvi/Desktop/eYRC2024LogisticCobot/install/eyantra_warehouse/share/eyantra_warehouse//models/boxes/box_33/meshes/box.dae
[2.329s] -- Installing: /home/ojasvi/Desktop/eYRC2024LogisticCobot/install/eyantra_warehouse/share/eyantra_warehouse//models/boxes/box_33/meshes/aruco_tag.jpg
[2.330s] -- Installing: /home/ojasvi/Desktop/eYRC2024LogisticCobot/install/eyantra_warehouse/share/eyantra_warehouse//models/boxes/box_11
[2.330s] -- Installing: /home/ojasvi/Desktop/eYRC2024LogisticCobot/install/eyantra_warehouse/share/eyantra_warehouse//models/boxes/box_11/model.config
[2.330s] -- Installing: /home/ojasvi/Desktop/eYRC2024LogisticCobot/install/eyantra_warehouse/share/eyantra_warehouse//models/boxes/box_11/model.sdf
[2.330s] -- Installing: /home/ojasvi/Desktop/eYRC2024LogisticCobot/install/eyantra_warehouse/share/eyantra_warehouse//models/boxes/box_11/meshes
[2.330s] -- Installing: /home/ojasvi/Desktop/eYRC2024LogisticCobot/install/eyantra_warehouse/share/eyantra_warehouse//models/boxes/box_11/meshes/cardboard_bg.png
[2.330s] -- Installing: /home/ojasvi/Desktop/eYRC2024LogisticCobot/install/eyantra_warehouse/share/eyantra_warehouse//models/boxes/box_11/meshes/box__bg.png
[2.330s] -- Installing: /home/ojasvi/Desktop/eYRC2024LogisticCobot/install/eyantra_warehouse/share/eyantra_warehouse//models/boxes/box_11/meshes/box.dae
[2.331s] -- Installing: /home/ojasvi/Desktop/eYRC2024LogisticCobot/install/eyantra_warehouse/share/eyantra_warehouse//models/boxes/box_11/meshes/aruco_tag.jpg
[2.331s] -- Installing: /home/ojasvi/Desktop/eYRC2024LogisticCobot/install/eyantra_warehouse/share/eyantra_warehouse//models/boxes/box_26
[2.331s] -- Installing: /home/ojasvi/Desktop/eYRC2024LogisticCobot/install/eyantra_warehouse/share/eyantra_warehouse//models/boxes/box_26/model.config
[2.331s] -- Installing: /home/ojasvi/Desktop/eYRC2024LogisticCobot/install/eyantra_warehouse/share/eyantra_warehouse//models/boxes/box_26/model.sdf
[2.331s] -- Installing: /home/ojasvi/Desktop/eYRC2024LogisticCobot/install/eyantra_warehouse/share/eyantra_warehouse//models/boxes/box_26/meshes
[2.331s] -- Installing: /home/ojasvi/Desktop/eYRC2024LogisticCobot/install/eyantra_warehouse/share/eyantra_warehouse//models/boxes/box_26/meshes/cardboard_bg.png
[2.331s] -- Installing: /home/ojasvi/Desktop/eYRC2024LogisticCobot/install/eyantra_warehouse/share/eyantra_warehouse//models/boxes/box_26/meshes/box__bg.png
[2.331s] -- Installing: /home/ojasvi/Desktop/eYRC2024LogisticCobot/install/eyantra_warehouse/share/eyantra_warehouse//models/boxes/box_26/meshes/box.dae
[2.332s] -- Installing: /home/ojasvi/Desktop/eYRC2024LogisticCobot/install/eyantra_warehouse/share/eyantra_warehouse//models/boxes/box_26/meshes/aruco_tag.jpg
[2.332s] -- Installing: /home/ojasvi/Desktop/eYRC2024LogisticCobot/install/eyantra_warehouse/share/eyantra_warehouse//models/boxes/box_41
[2.332s] -- Installing: /home/ojasvi/Desktop/eYRC2024LogisticCobot/install/eyantra_warehouse/share/eyantra_warehouse//models/boxes/box_41/model.config
[2.332s] -- Installing: /home/ojasvi/Desktop/eYRC2024LogisticCobot/install/eyantra_warehouse/share/eyantra_warehouse//models/boxes/box_41/model.sdf
[2.332s] -- Installing: /home/ojasvi/Desktop/eYRC2024LogisticCobot/install/eyantra_warehouse/share/eyantra_warehouse//models/boxes/box_41/meshes
[2.332s] -- Installing: /home/ojasvi/Desktop/eYRC2024LogisticCobot/install/eyantra_warehouse/share/eyantra_warehouse//models/boxes/box_41/meshes/cardboard_bg.png
[2.332s] -- Installing: /home/ojasvi/Desktop/eYRC2024LogisticCobot/install/eyantra_warehouse/share/eyantra_warehouse//models/boxes/box_41/meshes/box__bg.png
[2.333s] -- Installing: /home/ojasvi/Desktop/eYRC2024LogisticCobot/install/eyantra_warehouse/share/eyantra_warehouse//models/boxes/box_41/meshes/box.dae
[2.333s] -- Installing: /home/ojasvi/Desktop/eYRC2024LogisticCobot/install/eyantra_warehouse/share/eyantra_warehouse//models/boxes/box_41/meshes/aruco_tag.jpg
[2.333s] -- Installing: /home/ojasvi/Desktop/eYRC2024LogisticCobot/install/eyantra_warehouse/share/eyantra_warehouse//models/boxes/box_32
[2.333s] -- Installing: /home/ojasvi/Desktop/eYRC2024LogisticCobot/install/eyantra_warehouse/share/eyantra_warehouse//models/boxes/box_32/model.config
[2.333s] -- Installing: /home/ojasvi/Desktop/eYRC2024LogisticCobot/install/eyantra_warehouse/share/eyantra_warehouse//models/boxes/box_32/model.sdf
[2.333s] -- Installing: /home/ojasvi/Desktop/eYRC2024LogisticCobot/install/eyantra_warehouse/share/eyantra_warehouse//models/boxes/box_32/meshes
[2.333s] -- Installing: /home/ojasvi/Desktop/eYRC2024LogisticCobot/install/eyantra_warehouse/share/eyantra_warehouse//models/boxes/box_32/meshes/cardboard_bg.png
[2.334s] -- Installing: /home/ojasvi/Desktop/eYRC2024LogisticCobot/install/eyantra_warehouse/share/eyantra_warehouse//models/boxes/box_32/meshes/box__bg.png
[2.334s] -- Installing: /home/ojasvi/Desktop/eYRC2024LogisticCobot/install/eyantra_warehouse/share/eyantra_warehouse//models/boxes/box_32/meshes/box.dae
[2.334s] -- Installing: /home/ojasvi/Desktop/eYRC2024LogisticCobot/install/eyantra_warehouse/share/eyantra_warehouse//models/boxes/box_32/meshes/aruco_tag.jpg
[2.334s] -- Installing: /home/ojasvi/Desktop/eYRC2024LogisticCobot/install/eyantra_warehouse/share/eyantra_warehouse//models/boxes/box_49
[2.334s] -- Installing: /home/ojasvi/Desktop/eYRC2024LogisticCobot/install/eyantra_warehouse/share/eyantra_warehouse//models/boxes/box_49/model.config
[2.334s] -- Installing: /home/ojasvi/Desktop/eYRC2024LogisticCobot/install/eyantra_warehouse/share/eyantra_warehouse//models/boxes/box_49/model.sdf
[2.334s] -- Installing: /home/ojasvi/Desktop/eYRC2024LogisticCobot/install/eyantra_warehouse/share/eyantra_warehouse//models/boxes/box_49/meshes
[2.334s] -- Installing: /home/ojasvi/Desktop/eYRC2024LogisticCobot/install/eyantra_warehouse/share/eyantra_warehouse//models/boxes/box_49/meshes/cardboard_bg.png
[2.335s] -- Installing: /home/ojasvi/Desktop/eYRC2024LogisticCobot/install/eyantra_warehouse/share/eyantra_warehouse//models/boxes/box_49/meshes/box__bg.png
[2.335s] -- Installing: /home/ojasvi/Desktop/eYRC2024LogisticCobot/install/eyantra_warehouse/share/eyantra_warehouse//models/boxes/box_49/meshes/box.dae
[2.335s] -- Installing: /home/ojasvi/Desktop/eYRC2024LogisticCobot/install/eyantra_warehouse/share/eyantra_warehouse//models/boxes/box_49/meshes/aruco_tag.jpg
[2.335s] -- Installing: /home/ojasvi/Desktop/eYRC2024LogisticCobot/install/eyantra_warehouse/share/eyantra_warehouse//models/boxes/box_24
[2.335s] -- Installing: /home/ojasvi/Desktop/eYRC2024LogisticCobot/install/eyantra_warehouse/share/eyantra_warehouse//models/boxes/box_24/model.config
[2.335s] -- Installing: /home/ojasvi/Desktop/eYRC2024LogisticCobot/install/eyantra_warehouse/share/eyantra_warehouse//models/boxes/box_24/model.sdf
[2.335s] -- Installing: /home/ojasvi/Desktop/eYRC2024LogisticCobot/install/eyantra_warehouse/share/eyantra_warehouse//models/boxes/box_24/meshes
[2.336s] -- Installing: /home/ojasvi/Desktop/eYRC2024LogisticCobot/install/eyantra_warehouse/share/eyantra_warehouse//models/boxes/box_24/meshes/cardboard_bg.png
[2.336s] -- Installing: /home/ojasvi/Desktop/eYRC2024LogisticCobot/install/eyantra_warehouse/share/eyantra_warehouse//models/boxes/box_24/meshes/box__bg.png
[2.336s] -- Installing: /home/ojasvi/Desktop/eYRC2024LogisticCobot/install/eyantra_warehouse/share/eyantra_warehouse//models/boxes/box_24/meshes/box.dae
[2.336s] -- Installing: /home/ojasvi/Desktop/eYRC2024LogisticCobot/install/eyantra_warehouse/share/eyantra_warehouse//models/boxes/box_24/meshes/aruco_tag.jpg
[2.337s] -- Installing: /home/ojasvi/Desktop/eYRC2024LogisticCobot/install/eyantra_warehouse/share/eyantra_warehouse//models/boxes/box_35
[2.337s] -- Installing: /home/ojasvi/Desktop/eYRC2024LogisticCobot/install/eyantra_warehouse/share/eyantra_warehouse//models/boxes/box_35/model.config
[2.337s] -- Installing: /home/ojasvi/Desktop/eYRC2024LogisticCobot/install/eyantra_warehouse/share/eyantra_warehouse//models/boxes/box_35/model.sdf
[2.338s] -- Installing: /home/ojasvi/Desktop/eYRC2024LogisticCobot/install/eyantra_warehouse/share/eyantra_warehouse//models/boxes/box_35/meshes
[2.338s] -- Installing: /home/ojasvi/Desktop/eYRC2024LogisticCobot/install/eyantra_warehouse/share/eyantra_warehouse//models/boxes/box_35/meshes/cardboard_bg.png
[2.338s] -- Installing: /home/ojasvi/Desktop/eYRC2024LogisticCobot/install/eyantra_warehouse/share/eyantra_warehouse//models/boxes/box_35/meshes/box__bg.png
[2.338s] -- Installing: /home/ojasvi/Desktop/eYRC2024LogisticCobot/install/eyantra_warehouse/share/eyantra_warehouse//models/boxes/box_35/meshes/box.dae
[2.338s] -- Installing: /home/ojasvi/Desktop/eYRC2024LogisticCobot/install/eyantra_warehouse/share/eyantra_warehouse//models/boxes/box_35/meshes/aruco_tag.jpg
[2.339s] -- Installing: /home/ojasvi/Desktop/eYRC2024LogisticCobot/install/eyantra_warehouse/share/eyantra_warehouse//models/boxes/box_7
[2.339s] -- Installing: /home/ojasvi/Desktop/eYRC2024LogisticCobot/install/eyantra_warehouse/share/eyantra_warehouse//models/boxes/box_7/model.config
[2.339s] -- Installing: /home/ojasvi/Desktop/eYRC2024LogisticCobot/install/eyantra_warehouse/share/eyantra_warehouse//models/boxes/box_7/model.sdf
[2.339s] -- Installing: /home/ojasvi/Desktop/eYRC2024LogisticCobot/install/eyantra_warehouse/share/eyantra_warehouse//models/boxes/box_7/meshes
[2.339s] -- Installing: /home/ojasvi/Desktop/eYRC2024LogisticCobot/install/eyantra_warehouse/share/eyantra_warehouse//models/boxes/box_7/meshes/cardboard_bg.png
[2.339s] -- Installing: /home/ojasvi/Desktop/eYRC2024LogisticCobot/install/eyantra_warehouse/share/eyantra_warehouse//models/boxes/box_7/meshes/box__bg.png
[2.339s] -- Installing: /home/ojasvi/Desktop/eYRC2024LogisticCobot/install/eyantra_warehouse/share/eyantra_warehouse//models/boxes/box_7/meshes/box.dae
[2.340s] -- Installing: /home/ojasvi/Desktop/eYRC2024LogisticCobot/install/eyantra_warehouse/share/eyantra_warehouse//models/boxes/box_7/meshes/aruco_tag.jpg
[2.340s] -- Installing: /home/ojasvi/Desktop/eYRC2024LogisticCobot/install/eyantra_warehouse/share/eyantra_warehouse//models/boxes/box_18
[2.340s] -- Installing: /home/ojasvi/Desktop/eYRC2024LogisticCobot/install/eyantra_warehouse/share/eyantra_warehouse//models/boxes/box_18/model.config
[2.340s] -- Installing: /home/ojasvi/Desktop/eYRC2024LogisticCobot/install/eyantra_warehouse/share/eyantra_warehouse//models/boxes/box_18/model.sdf
[2.340s] -- Installing: /home/ojasvi/Desktop/eYRC2024LogisticCobot/install/eyantra_warehouse/share/eyantra_warehouse//models/boxes/box_18/meshes
[2.340s] -- Installing: /home/ojasvi/Desktop/eYRC2024LogisticCobot/install/eyantra_warehouse/share/eyantra_warehouse//models/boxes/box_18/meshes/cardboard_bg.png
[2.340s] -- Installing: /home/ojasvi/Desktop/eYRC2024LogisticCobot/install/eyantra_warehouse/share/eyantra_warehouse//models/boxes/box_18/meshes/box__bg.png
[2.340s] -- Installing: /home/ojasvi/Desktop/eYRC2024LogisticCobot/install/eyantra_warehouse/share/eyantra_warehouse//models/boxes/box_18/meshes/box.dae
[2.340s] -- Installing: /home/ojasvi/Desktop/eYRC2024LogisticCobot/install/eyantra_warehouse/share/eyantra_warehouse//models/boxes/box_18/meshes/aruco_tag.jpg
[2.341s] -- Installing: /home/ojasvi/Desktop/eYRC2024LogisticCobot/install/eyantra_warehouse/share/eyantra_warehouse//models/boxes/box_29
[2.341s] -- Installing: /home/ojasvi/Desktop/eYRC2024LogisticCobot/install/eyantra_warehouse/share/eyantra_warehouse//models/boxes/box_29/model.config
[2.341s] -- Installing: /home/ojasvi/Desktop/eYRC2024LogisticCobot/install/eyantra_warehouse/share/eyantra_warehouse//models/boxes/box_29/model.sdf
[2.341s] -- Installing: /home/ojasvi/Desktop/eYRC2024LogisticCobot/install/eyantra_warehouse/share/eyantra_warehouse//models/boxes/box_29/meshes
[2.341s] -- Installing: /home/ojasvi/Desktop/eYRC2024LogisticCobot/install/eyantra_warehouse/share/eyantra_warehouse//models/boxes/box_29/meshes/cardboard_bg.png
[2.341s] -- Installing: /home/ojasvi/Desktop/eYRC2024LogisticCobot/install/eyantra_warehouse/share/eyantra_warehouse//models/boxes/box_29/meshes/box__bg.png
[2.342s] -- Installing: /home/ojasvi/Desktop/eYRC2024LogisticCobot/install/eyantra_warehouse/share/eyantra_warehouse//models/boxes/box_29/meshes/box.dae
[2.342s] -- Installing: /home/ojasvi/Desktop/eYRC2024LogisticCobot/install/eyantra_warehouse/share/eyantra_warehouse//models/boxes/box_29/meshes/aruco_tag.jpg
[2.342s] -- Installing: /home/ojasvi/Desktop/eYRC2024LogisticCobot/install/eyantra_warehouse/share/eyantra_warehouse//models/boxes/box_50
[2.342s] -- Installing: /home/ojasvi/Desktop/eYRC2024LogisticCobot/install/eyantra_warehouse/share/eyantra_warehouse//models/boxes/box_50/model.config
[2.342s] -- Installing: /home/ojasvi/Desktop/eYRC2024LogisticCobot/install/eyantra_warehouse/share/eyantra_warehouse//models/boxes/box_50/model.sdf
[2.342s] -- Installing: /home/ojasvi/Desktop/eYRC2024LogisticCobot/install/eyantra_warehouse/share/eyantra_warehouse//models/boxes/box_50/meshes
[2.343s] -- Installing: /home/ojasvi/Desktop/eYRC2024LogisticCobot/install/eyantra_warehouse/share/eyantra_warehouse//models/boxes/box_50/meshes/cardboard_bg.png
[2.343s] -- Installing: /home/ojasvi/Desktop/eYRC2024LogisticCobot/install/eyantra_warehouse/share/eyantra_warehouse//models/boxes/box_50/meshes/box__bg.png
[2.343s] -- Installing: /home/ojasvi/Desktop/eYRC2024LogisticCobot/install/eyantra_warehouse/share/eyantra_warehouse//models/boxes/box_50/meshes/box.dae
[2.343s] -- Installing: /home/ojasvi/Desktop/eYRC2024LogisticCobot/install/eyantra_warehouse/share/eyantra_warehouse//models/boxes/box_50/meshes/aruco_tag.jpg
[2.343s] -- Installing: /home/ojasvi/Desktop/eYRC2024LogisticCobot/install/eyantra_warehouse/share/eyantra_warehouse//models/boxes/box_1
[2.343s] -- Installing: /home/ojasvi/Desktop/eYRC2024LogisticCobot/install/eyantra_warehouse/share/eyantra_warehouse//models/boxes/box_1/model.config
[2.344s] -- Installing: /home/ojasvi/Desktop/eYRC2024LogisticCobot/install/eyantra_warehouse/share/eyantra_warehouse//models/boxes/box_1/model.sdf
[2.344s] -- Installing: /home/ojasvi/Desktop/eYRC2024LogisticCobot/install/eyantra_warehouse/share/eyantra_warehouse//models/boxes/box_1/meshes
[2.344s] -- Installing: /home/ojasvi/Desktop/eYRC2024LogisticCobot/install/eyantra_warehouse/share/eyantra_warehouse//models/boxes/box_1/meshes/cardboard_bg.png
[2.344s] -- Installing: /home/ojasvi/Desktop/eYRC2024LogisticCobot/install/eyantra_warehouse/share/eyantra_warehouse//models/boxes/box_1/meshes/box__bg.png
[2.344s] -- Installing: /home/ojasvi/Desktop/eYRC2024LogisticCobot/install/eyantra_warehouse/share/eyantra_warehouse//models/boxes/box_1/meshes/box.dae
[2.345s] -- Installing: /home/ojasvi/Desktop/eYRC2024LogisticCobot/install/eyantra_warehouse/share/eyantra_warehouse//models/boxes/box_1/meshes/aruco_tag.jpg
[2.345s] -- Installing: /home/ojasvi/Desktop/eYRC2024LogisticCobot/install/eyantra_warehouse/share/eyantra_warehouse//models/boxes/box_23
[2.345s] -- Installing: /home/ojasvi/Desktop/eYRC2024LogisticCobot/install/eyantra_warehouse/share/eyantra_warehouse//models/boxes/box_23/model.config
[2.345s] -- Installing: /home/ojasvi/Desktop/eYRC2024LogisticCobot/install/eyantra_warehouse/share/eyantra_warehouse//models/boxes/box_23/model.sdf
[2.345s] -- Installing: /home/ojasvi/Desktop/eYRC2024LogisticCobot/install/eyantra_warehouse/share/eyantra_warehouse//models/boxes/box_23/meshes
[2.345s] -- Installing: /home/ojasvi/Desktop/eYRC2024LogisticCobot/install/eyantra_warehouse/share/eyantra_warehouse//models/boxes/box_23/meshes/cardboard_bg.png
[2.345s] -- Installing: /home/ojasvi/Desktop/eYRC2024LogisticCobot/install/eyantra_warehouse/share/eyantra_warehouse//models/boxes/box_23/meshes/box__bg.png
[2.346s] -- Installing: /home/ojasvi/Desktop/eYRC2024LogisticCobot/install/eyantra_warehouse/share/eyantra_warehouse//models/boxes/box_23/meshes/box.dae
[2.346s] -- Installing: /home/ojasvi/Desktop/eYRC2024LogisticCobot/install/eyantra_warehouse/share/eyantra_warehouse//models/boxes/box_23/meshes/aruco_tag.jpg
[2.346s] -- Installing: /home/ojasvi/Desktop/eYRC2024LogisticCobot/install/eyantra_warehouse/share/eyantra_warehouse//models/boxes/box_17
[2.346s] -- Installing: /home/ojasvi/Desktop/eYRC2024LogisticCobot/install/eyantra_warehouse/share/eyantra_warehouse//models/boxes/box_17/model.config
[2.346s] -- Installing: /home/ojasvi/Desktop/eYRC2024LogisticCobot/install/eyantra_warehouse/share/eyantra_warehouse//models/boxes/box_17/model.sdf
[2.346s] -- Installing: /home/ojasvi/Desktop/eYRC2024LogisticCobot/install/eyantra_warehouse/share/eyantra_warehouse//models/boxes/box_17/meshes
[2.347s] -- Installing: /home/ojasvi/Desktop/eYRC2024LogisticCobot/install/eyantra_warehouse/share/eyantra_warehouse//models/boxes/box_17/meshes/cardboard_bg.png
[2.347s] -- Installing: /home/ojasvi/Desktop/eYRC2024LogisticCobot/install/eyantra_warehouse/share/eyantra_warehouse//models/boxes/box_17/meshes/box__bg.png
[2.347s] -- Installing: /home/ojasvi/Desktop/eYRC2024LogisticCobot/install/eyantra_warehouse/share/eyantra_warehouse//models/boxes/box_17/meshes/box.dae
[2.347s] -- Installing: /home/ojasvi/Desktop/eYRC2024LogisticCobot/install/eyantra_warehouse/share/eyantra_warehouse//models/boxes/box_17/meshes/aruco_tag.jpg
[2.347s] -- Installing: /home/ojasvi/Desktop/eYRC2024LogisticCobot/install/eyantra_warehouse/share/eyantra_warehouse//models/boxes/box_6
[2.347s] -- Installing: /home/ojasvi/Desktop/eYRC2024LogisticCobot/install/eyantra_warehouse/share/eyantra_warehouse//models/boxes/box_6/model.config
[2.348s] -- Installing: /home/ojasvi/Desktop/eYRC2024LogisticCobot/install/eyantra_warehouse/share/eyantra_warehouse//models/boxes/box_6/model.sdf
[2.348s] -- Installing: /home/ojasvi/Desktop/eYRC2024LogisticCobot/install/eyantra_warehouse/share/eyantra_warehouse//models/boxes/box_6/meshes
[2.348s] -- Installing: /home/ojasvi/Desktop/eYRC2024LogisticCobot/install/eyantra_warehouse/share/eyantra_warehouse//models/boxes/box_6/meshes/cardboard_bg.png
[2.348s] -- Installing: /home/ojasvi/Desktop/eYRC2024LogisticCobot/install/eyantra_warehouse/share/eyantra_warehouse//models/boxes/box_6/meshes/box__bg.png
[2.348s] -- Installing: /home/ojasvi/Desktop/eYRC2024LogisticCobot/install/eyantra_warehouse/share/eyantra_warehouse//models/boxes/box_6/meshes/box.dae
[2.349s] -- Installing: /home/ojasvi/Desktop/eYRC2024LogisticCobot/install/eyantra_warehouse/share/eyantra_warehouse//models/boxes/box_6/meshes/aruco_tag.jpg
[2.349s] -- Installing: /home/ojasvi/Desktop/eYRC2024LogisticCobot/install/eyantra_warehouse/share/eyantra_warehouse//models/boxes/box_13
[2.349s] -- Installing: /home/ojasvi/Desktop/eYRC2024LogisticCobot/install/eyantra_warehouse/share/eyantra_warehouse//models/boxes/box_13/model.config
[2.349s] -- Installing: /home/ojasvi/Desktop/eYRC2024LogisticCobot/install/eyantra_warehouse/share/eyantra_warehouse//models/boxes/box_13/model.sdf
[2.349s] -- Installing: /home/ojasvi/Desktop/eYRC2024LogisticCobot/install/eyantra_warehouse/share/eyantra_warehouse//models/boxes/box_13/meshes
[2.349s] -- Installing: /home/ojasvi/Desktop/eYRC2024LogisticCobot/install/eyantra_warehouse/share/eyantra_warehouse//models/boxes/box_13/meshes/cardboard_bg.png
[2.349s] -- Installing: /home/ojasvi/Desktop/eYRC2024LogisticCobot/install/eyantra_warehouse/share/eyantra_warehouse//models/boxes/box_13/meshes/box__bg.png
[2.350s] -- Installing: /home/ojasvi/Desktop/eYRC2024LogisticCobot/install/eyantra_warehouse/share/eyantra_warehouse//models/boxes/box_13/meshes/box.dae
[2.350s] -- Installing: /home/ojasvi/Desktop/eYRC2024LogisticCobot/install/eyantra_warehouse/share/eyantra_warehouse//models/boxes/box_13/meshes/aruco_tag.jpg
[2.350s] -- Installing: /home/ojasvi/Desktop/eYRC2024LogisticCobot/install/eyantra_warehouse/share/eyantra_warehouse//models/boxes/box_34
[2.350s] -- Installing: /home/ojasvi/Desktop/eYRC2024LogisticCobot/install/eyantra_warehouse/share/eyantra_warehouse//models/boxes/box_34/model.config
[2.350s] -- Installing: /home/ojasvi/Desktop/eYRC2024LogisticCobot/install/eyantra_warehouse/share/eyantra_warehouse//models/boxes/box_34/model.sdf
[2.350s] -- Installing: /home/ojasvi/Desktop/eYRC2024LogisticCobot/install/eyantra_warehouse/share/eyantra_warehouse//models/boxes/box_34/meshes
[2.350s] -- Installing: /home/ojasvi/Desktop/eYRC2024LogisticCobot/install/eyantra_warehouse/share/eyantra_warehouse//models/boxes/box_34/meshes/cardboard_bg.png
[2.351s] -- Installing: /home/ojasvi/Desktop/eYRC2024LogisticCobot/install/eyantra_warehouse/share/eyantra_warehouse//models/boxes/box_34/meshes/box__bg.png
[2.351s] -- Installing: /home/ojasvi/Desktop/eYRC2024LogisticCobot/install/eyantra_warehouse/share/eyantra_warehouse//models/boxes/box_34/meshes/box.dae
[2.351s] -- Installing: /home/ojasvi/Desktop/eYRC2024LogisticCobot/install/eyantra_warehouse/share/eyantra_warehouse//models/boxes/box_34/meshes/aruco_tag.jpg
[2.351s] -- Installing: /home/ojasvi/Desktop/eYRC2024LogisticCobot/install/eyantra_warehouse/share/eyantra_warehouse//models/boxes/box_2
[2.351s] -- Installing: /home/ojasvi/Desktop/eYRC2024LogisticCobot/install/eyantra_warehouse/share/eyantra_warehouse//models/boxes/box_2/model.config
[2.351s] -- Installing: /home/ojasvi/Desktop/eYRC2024LogisticCobot/install/eyantra_warehouse/share/eyantra_warehouse//models/boxes/box_2/model.sdf
[2.352s] -- Installing: /home/ojasvi/Desktop/eYRC2024LogisticCobot/install/eyantra_warehouse/share/eyantra_warehouse//models/boxes/box_2/meshes
[2.352s] -- Installing: /home/ojasvi/Desktop/eYRC2024LogisticCobot/install/eyantra_warehouse/share/eyantra_warehouse//models/boxes/box_2/meshes/cardboard_bg.png
[2.352s] -- Installing: /home/ojasvi/Desktop/eYRC2024LogisticCobot/install/eyantra_warehouse/share/eyantra_warehouse//models/boxes/box_2/meshes/box__bg.png
[2.352s] -- Installing: /home/ojasvi/Desktop/eYRC2024LogisticCobot/install/eyantra_warehouse/share/eyantra_warehouse//models/boxes/box_2/meshes/box.dae
[2.352s] -- Installing: /home/ojasvi/Desktop/eYRC2024LogisticCobot/install/eyantra_warehouse/share/eyantra_warehouse//models/boxes/box_2/meshes/aruco_tag.jpg
[2.352s] -- Installing: /home/ojasvi/Desktop/eYRC2024LogisticCobot/install/eyantra_warehouse/share/eyantra_warehouse//models/boxes/box_44
[2.353s] -- Installing: /home/ojasvi/Desktop/eYRC2024LogisticCobot/install/eyantra_warehouse/share/eyantra_warehouse//models/boxes/box_44/model.config
[2.353s] -- Installing: /home/ojasvi/Desktop/eYRC2024LogisticCobot/install/eyantra_warehouse/share/eyantra_warehouse//models/boxes/box_44/model.sdf
[2.353s] -- Installing: /home/ojasvi/Desktop/eYRC2024LogisticCobot/install/eyantra_warehouse/share/eyantra_warehouse//models/boxes/box_44/meshes
[2.353s] -- Installing: /home/ojasvi/Desktop/eYRC2024LogisticCobot/install/eyantra_warehouse/share/eyantra_warehouse//models/boxes/box_44/meshes/cardboard_bg.png
[2.353s] -- Installing: /home/ojasvi/Desktop/eYRC2024LogisticCobot/install/eyantra_warehouse/share/eyantra_warehouse//models/boxes/box_44/meshes/box__bg.png
[2.353s] -- Installing: /home/ojasvi/Desktop/eYRC2024LogisticCobot/install/eyantra_warehouse/share/eyantra_warehouse//models/boxes/box_44/meshes/box.dae
[2.354s] -- Installing: /home/ojasvi/Desktop/eYRC2024LogisticCobot/install/eyantra_warehouse/share/eyantra_warehouse//models/boxes/box_44/meshes/aruco_tag.jpg
[2.354s] -- Installing: /home/ojasvi/Desktop/eYRC2024LogisticCobot/install/eyantra_warehouse/share/eyantra_warehouse//models/boxes/box_10
[2.354s] -- Installing: /home/ojasvi/Desktop/eYRC2024LogisticCobot/install/eyantra_warehouse/share/eyantra_warehouse//models/boxes/box_10/model.config
[2.354s] -- Installing: /home/ojasvi/Desktop/eYRC2024LogisticCobot/install/eyantra_warehouse/share/eyantra_warehouse//models/boxes/box_10/model.sdf
[2.354s] -- Installing: /home/ojasvi/Desktop/eYRC2024LogisticCobot/install/eyantra_warehouse/share/eyantra_warehouse//models/boxes/box_10/meshes
[2.354s] -- Installing: /home/ojasvi/Desktop/eYRC2024LogisticCobot/install/eyantra_warehouse/share/eyantra_warehouse//models/boxes/box_10/meshes/cardboard_bg.png
[2.354s] -- Installing: /home/ojasvi/Desktop/eYRC2024LogisticCobot/install/eyantra_warehouse/share/eyantra_warehouse//models/boxes/box_10/meshes/box__bg.png
[2.355s] -- Installing: /home/ojasvi/Desktop/eYRC2024LogisticCobot/install/eyantra_warehouse/share/eyantra_warehouse//models/boxes/box_10/meshes/box.dae
[2.355s] -- Installing: /home/ojasvi/Desktop/eYRC2024LogisticCobot/install/eyantra_warehouse/share/eyantra_warehouse//models/boxes/box_10/meshes/aruco_tag.jpg
[2.355s] -- Installing: /home/ojasvi/Desktop/eYRC2024LogisticCobot/install/eyantra_warehouse/share/eyantra_warehouse//models/boxes/box_36
[2.355s] -- Installing: /home/ojasvi/Desktop/eYRC2024LogisticCobot/install/eyantra_warehouse/share/eyantra_warehouse//models/boxes/box_36/model.config
[2.355s] -- Installing: /home/ojasvi/Desktop/eYRC2024LogisticCobot/install/eyantra_warehouse/share/eyantra_warehouse//models/boxes/box_36/model.sdf
[2.355s] -- Installing: /home/ojasvi/Desktop/eYRC2024LogisticCobot/install/eyantra_warehouse/share/eyantra_warehouse//models/boxes/box_36/meshes
[2.356s] -- Installing: /home/ojasvi/Desktop/eYRC2024LogisticCobot/install/eyantra_warehouse/share/eyantra_warehouse//models/boxes/box_36/meshes/cardboard_bg.png
[2.356s] -- Installing: /home/ojasvi/Desktop/eYRC2024LogisticCobot/install/eyantra_warehouse/share/eyantra_warehouse//models/boxes/box_36/meshes/box__bg.png
[2.356s] -- Installing: /home/ojasvi/Desktop/eYRC2024LogisticCobot/install/eyantra_warehouse/share/eyantra_warehouse//models/boxes/box_36/meshes/box.dae
[2.356s] -- Installing: /home/ojasvi/Desktop/eYRC2024LogisticCobot/install/eyantra_warehouse/share/eyantra_warehouse//models/boxes/box_36/meshes/aruco_tag.jpg
[2.356s] -- Installing: /home/ojasvi/Desktop/eYRC2024LogisticCobot/install/eyantra_warehouse/share/eyantra_warehouse//models/boxes/box_4
[2.356s] -- Installing: /home/ojasvi/Desktop/eYRC2024LogisticCobot/install/eyantra_warehouse/share/eyantra_warehouse//models/boxes/box_4/model.config
[2.357s] -- Installing: /home/ojasvi/Desktop/eYRC2024LogisticCobot/install/eyantra_warehouse/share/eyantra_warehouse//models/boxes/box_4/model.sdf
[2.357s] -- Installing: /home/ojasvi/Desktop/eYRC2024LogisticCobot/install/eyantra_warehouse/share/eyantra_warehouse//models/boxes/box_4/meshes
[2.357s] -- Installing: /home/ojasvi/Desktop/eYRC2024LogisticCobot/install/eyantra_warehouse/share/eyantra_warehouse//models/boxes/box_4/meshes/cardboard_bg.png
[2.357s] -- Installing: /home/ojasvi/Desktop/eYRC2024LogisticCobot/install/eyantra_warehouse/share/eyantra_warehouse//models/boxes/box_4/meshes/box__bg.png
[2.357s] -- Installing: /home/ojasvi/Desktop/eYRC2024LogisticCobot/install/eyantra_warehouse/share/eyantra_warehouse//models/boxes/box_4/meshes/box.dae
[2.357s] -- Installing: /home/ojasvi/Desktop/eYRC2024LogisticCobot/install/eyantra_warehouse/share/eyantra_warehouse//models/boxes/box_4/meshes/aruco_tag.jpg
[2.358s] -- Installing: /home/ojasvi/Desktop/eYRC2024LogisticCobot/install/eyantra_warehouse/share/eyantra_warehouse//models/boxes/box_47
[2.358s] -- Installing: /home/ojasvi/Desktop/eYRC2024LogisticCobot/install/eyantra_warehouse/share/eyantra_warehouse//models/boxes/box_47/model.config
[2.358s] -- Installing: /home/ojasvi/Desktop/eYRC2024LogisticCobot/install/eyantra_warehouse/share/eyantra_warehouse//models/boxes/box_47/model.sdf
[2.358s] -- Installing: /home/ojasvi/Desktop/eYRC2024LogisticCobot/install/eyantra_warehouse/share/eyantra_warehouse//models/boxes/box_47/meshes
[2.358s] -- Installing: /home/ojasvi/Desktop/eYRC2024LogisticCobot/install/eyantra_warehouse/share/eyantra_warehouse//models/boxes/box_47/meshes/cardboard_bg.png
[2.358s] -- Installing: /home/ojasvi/Desktop/eYRC2024LogisticCobot/install/eyantra_warehouse/share/eyantra_warehouse//models/boxes/box_47/meshes/box__bg.png
[2.359s] -- Installing: /home/ojasvi/Desktop/eYRC2024LogisticCobot/install/eyantra_warehouse/share/eyantra_warehouse//models/boxes/box_47/meshes/box.dae
[2.359s] -- Installing: /home/ojasvi/Desktop/eYRC2024LogisticCobot/install/eyantra_warehouse/share/eyantra_warehouse//models/boxes/box_47/meshes/aruco_tag.jpg
[2.359s] -- Installing: /home/ojasvi/Desktop/eYRC2024LogisticCobot/install/eyantra_warehouse/share/eyantra_warehouse//models/boxes/box_21
[2.359s] -- Installing: /home/ojasvi/Desktop/eYRC2024LogisticCobot/install/eyantra_warehouse/share/eyantra_warehouse//models/boxes/box_21/model.config
[2.359s] -- Installing: /home/ojasvi/Desktop/eYRC2024LogisticCobot/install/eyantra_warehouse/share/eyantra_warehouse//models/boxes/box_21/model.sdf
[2.359s] -- Installing: /home/ojasvi/Desktop/eYRC2024LogisticCobot/install/eyantra_warehouse/share/eyantra_warehouse//models/boxes/box_21/meshes
[2.360s] -- Installing: /home/ojasvi/Desktop/eYRC2024LogisticCobot/install/eyantra_warehouse/share/eyantra_warehouse//models/boxes/box_21/meshes/cardboard_bg.png
[2.360s] -- Installing: /home/ojasvi/Desktop/eYRC2024LogisticCobot/install/eyantra_warehouse/share/eyantra_warehouse//models/boxes/box_21/meshes/box__bg.png
[2.361s] -- Installing: /home/ojasvi/Desktop/eYRC2024LogisticCobot/install/eyantra_warehouse/share/eyantra_warehouse//models/boxes/box_21/meshes/box.dae
[2.361s] -- Installing: /home/ojasvi/Desktop/eYRC2024LogisticCobot/install/eyantra_warehouse/share/eyantra_warehouse//models/boxes/box_21/meshes/aruco_tag.jpg
[2.361s] -- Installing: /home/ojasvi/Desktop/eYRC2024LogisticCobot/install/eyantra_warehouse/share/eyantra_warehouse//models/boxes/box_14
[2.362s] -- Installing: /home/ojasvi/Desktop/eYRC2024LogisticCobot/install/eyantra_warehouse/share/eyantra_warehouse//models/boxes/box_14/model.config
[2.362s] -- Installing: /home/ojasvi/Desktop/eYRC2024LogisticCobot/install/eyantra_warehouse/share/eyantra_warehouse//models/boxes/box_14/model.sdf
[2.362s] -- Installing: /home/ojasvi/Desktop/eYRC2024LogisticCobot/install/eyantra_warehouse/share/eyantra_warehouse//models/boxes/box_14/meshes
[2.362s] -- Installing: /home/ojasvi/Desktop/eYRC2024LogisticCobot/install/eyantra_warehouse/share/eyantra_warehouse//models/boxes/box_14/meshes/cardboard_bg.png
[2.362s] -- Installing: /home/ojasvi/Desktop/eYRC2024LogisticCobot/install/eyantra_warehouse/share/eyantra_warehouse//models/boxes/box_14/meshes/box__bg.png
[2.362s] -- Installing: /home/ojasvi/Desktop/eYRC2024LogisticCobot/install/eyantra_warehouse/share/eyantra_warehouse//models/boxes/box_14/meshes/box.dae
[2.362s] -- Installing: /home/ojasvi/Desktop/eYRC2024LogisticCobot/install/eyantra_warehouse/share/eyantra_warehouse//models/boxes/box_14/meshes/aruco_tag.jpg
[2.362s] -- Installing: /home/ojasvi/Desktop/eYRC2024LogisticCobot/install/eyantra_warehouse/share/eyantra_warehouse//models/boxes/box_9
[2.362s] -- Installing: /home/ojasvi/Desktop/eYRC2024LogisticCobot/install/eyantra_warehouse/share/eyantra_warehouse//models/boxes/box_9/model.config
[2.362s] -- Installing: /home/ojasvi/Desktop/eYRC2024LogisticCobot/install/eyantra_warehouse/share/eyantra_warehouse//models/boxes/box_9/model.sdf
[2.362s] -- Installing: /home/ojasvi/Desktop/eYRC2024LogisticCobot/install/eyantra_warehouse/share/eyantra_warehouse//models/boxes/box_9/meshes
[2.363s] -- Installing: /home/ojasvi/Desktop/eYRC2024LogisticCobot/install/eyantra_warehouse/share/eyantra_warehouse//models/boxes/box_9/meshes/cardboard_bg.png
[2.363s] -- Installing: /home/ojasvi/Desktop/eYRC2024LogisticCobot/install/eyantra_warehouse/share/eyantra_warehouse//models/boxes/box_9/meshes/box__bg.png
[2.363s] -- Installing: /home/ojasvi/Desktop/eYRC2024LogisticCobot/install/eyantra_warehouse/share/eyantra_warehouse//models/boxes/box_9/meshes/box.dae
[2.363s] -- Installing: /home/ojasvi/Desktop/eYRC2024LogisticCobot/install/eyantra_warehouse/share/eyantra_warehouse//models/boxes/box_9/meshes/aruco_tag.jpg
[2.363s] -- Installing: /home/ojasvi/Desktop/eYRC2024LogisticCobot/install/eyantra_warehouse/share/eyantra_warehouse//models/boxes/box_22
[2.363s] -- Installing: /home/ojasvi/Desktop/eYRC2024LogisticCobot/install/eyantra_warehouse/share/eyantra_warehouse//models/boxes/box_22/model.config
[2.363s] -- Installing: /home/ojasvi/Desktop/eYRC2024LogisticCobot/install/eyantra_warehouse/share/eyantra_warehouse//models/boxes/box_22/model.sdf
[2.363s] -- Installing: /home/ojasvi/Desktop/eYRC2024LogisticCobot/install/eyantra_warehouse/share/eyantra_warehouse//models/boxes/box_22/meshes
[2.363s] -- Installing: /home/ojasvi/Desktop/eYRC2024LogisticCobot/install/eyantra_warehouse/share/eyantra_warehouse//models/boxes/box_22/meshes/cardboard_bg.png
[2.363s] -- Installing: /home/ojasvi/Desktop/eYRC2024LogisticCobot/install/eyantra_warehouse/share/eyantra_warehouse//models/boxes/box_22/meshes/box__bg.png
[2.364s] -- Installing: /home/ojasvi/Desktop/eYRC2024LogisticCobot/install/eyantra_warehouse/share/eyantra_warehouse//models/boxes/box_22/meshes/box.dae
[2.364s] -- Installing: /home/ojasvi/Desktop/eYRC2024LogisticCobot/install/eyantra_warehouse/share/eyantra_warehouse//models/boxes/box_22/meshes/aruco_tag.jpg
[2.364s] -- Installing: /home/ojasvi/Desktop/eYRC2024LogisticCobot/install/eyantra_warehouse/share/eyantra_warehouse//models/boxes/box_28
[2.364s] -- Installing: /home/ojasvi/Desktop/eYRC2024LogisticCobot/install/eyantra_warehouse/share/eyantra_warehouse//models/boxes/box_28/model.config
[2.364s] -- Installing: /home/ojasvi/Desktop/eYRC2024LogisticCobot/install/eyantra_warehouse/share/eyantra_warehouse//models/boxes/box_28/model.sdf
[2.364s] -- Installing: /home/ojasvi/Desktop/eYRC2024LogisticCobot/install/eyantra_warehouse/share/eyantra_warehouse//models/boxes/box_28/meshes
[2.364s] -- Installing: /home/ojasvi/Desktop/eYRC2024LogisticCobot/install/eyantra_warehouse/share/eyantra_warehouse//models/boxes/box_28/meshes/cardboard_bg.png
[2.365s] -- Installing: /home/ojasvi/Desktop/eYRC2024LogisticCobot/install/eyantra_warehouse/share/eyantra_warehouse//models/boxes/box_28/meshes/box__bg.png
[2.365s] -- Installing: /home/ojasvi/Desktop/eYRC2024LogisticCobot/install/eyantra_warehouse/share/eyantra_warehouse//models/boxes/box_28/meshes/box.dae
[2.365s] -- Installing: /home/ojasvi/Desktop/eYRC2024LogisticCobot/install/eyantra_warehouse/share/eyantra_warehouse//models/boxes/box_28/meshes/aruco_tag.jpg
[2.365s] -- Installing: /home/ojasvi/Desktop/eYRC2024LogisticCobot/install/eyantra_warehouse/share/eyantra_warehouse//models/boxes/box_40
[2.365s] -- Installing: /home/ojasvi/Desktop/eYRC2024LogisticCobot/install/eyantra_warehouse/share/eyantra_warehouse//models/boxes/box_40/model.config
[2.365s] -- Installing: /home/ojasvi/Desktop/eYRC2024LogisticCobot/install/eyantra_warehouse/share/eyantra_warehouse//models/boxes/box_40/model.sdf
[2.366s] -- Installing: /home/ojasvi/Desktop/eYRC2024LogisticCobot/install/eyantra_warehouse/share/eyantra_warehouse//models/boxes/box_40/meshes
[2.366s] -- Installing: /home/ojasvi/Desktop/eYRC2024LogisticCobot/install/eyantra_warehouse/share/eyantra_warehouse//models/boxes/box_40/meshes/cardboard_bg.png
[2.366s] -- Installing: /home/ojasvi/Desktop/eYRC2024LogisticCobot/install/eyantra_warehouse/share/eyantra_warehouse//models/boxes/box_40/meshes/box__bg.png
[2.366s] -- Installing: /home/ojasvi/Desktop/eYRC2024LogisticCobot/install/eyantra_warehouse/share/eyantra_warehouse//models/boxes/box_40/meshes/box.dae
[2.366s] -- Installing: /home/ojasvi/Desktop/eYRC2024LogisticCobot/install/eyantra_warehouse/share/eyantra_warehouse//models/boxes/box_40/meshes/aruco_tag.jpg
[2.366s] -- Installing: /home/ojasvi/Desktop/eYRC2024LogisticCobot/install/eyantra_warehouse/share/eyantra_warehouse//models/boxes/box_25
[2.367s] -- Installing: /home/ojasvi/Desktop/eYRC2024LogisticCobot/install/eyantra_warehouse/share/eyantra_warehouse//models/boxes/box_25/model.config
[2.367s] -- Installing: /home/ojasvi/Desktop/eYRC2024LogisticCobot/install/eyantra_warehouse/share/eyantra_warehouse//models/boxes/box_25/model.sdf
[2.367s] -- Installing: /home/ojasvi/Desktop/eYRC2024LogisticCobot/install/eyantra_warehouse/share/eyantra_warehouse//models/boxes/box_25/meshes
[2.367s] -- Installing: /home/ojasvi/Desktop/eYRC2024LogisticCobot/install/eyantra_warehouse/share/eyantra_warehouse//models/boxes/box_25/meshes/cardboard_bg.png
[2.367s] -- Installing: /home/ojasvi/Desktop/eYRC2024LogisticCobot/install/eyantra_warehouse/share/eyantra_warehouse//models/boxes/box_25/meshes/box__bg.png
[2.367s] -- Installing: /home/ojasvi/Desktop/eYRC2024LogisticCobot/install/eyantra_warehouse/share/eyantra_warehouse//models/boxes/box_25/meshes/box.dae
[2.368s] -- Installing: /home/ojasvi/Desktop/eYRC2024LogisticCobot/install/eyantra_warehouse/share/eyantra_warehouse//models/boxes/box_25/meshes/aruco_tag.jpg
[2.368s] -- Installing: /home/ojasvi/Desktop/eYRC2024LogisticCobot/install/eyantra_warehouse/share/eyantra_warehouse//models/rack
[2.368s] -- Installing: /home/ojasvi/Desktop/eYRC2024LogisticCobot/install/eyantra_warehouse/share/eyantra_warehouse//models/rack/model.config
[2.368s] -- Installing: /home/ojasvi/Desktop/eYRC2024LogisticCobot/install/eyantra_warehouse/share/eyantra_warehouse//models/rack/model.sdf
[2.368s] -- Installing: /home/ojasvi/Desktop/eYRC2024LogisticCobot/install/eyantra_warehouse/share/eyantra_warehouse//models/rack/meshes
[2.368s] -- Installing: /home/ojasvi/Desktop/eYRC2024LogisticCobot/install/eyantra_warehouse/share/eyantra_warehouse//models/rack/meshes/brushedsteel4.jpg
[2.370s] -- Installing: /home/ojasvi/Desktop/eYRC2024LogisticCobot/install/eyantra_warehouse/share/eyantra_warehouse//models/rack/meshes/brushedsteel_bg.jpg
[2.372s] -- Installing: /home/ojasvi/Desktop/eYRC2024LogisticCobot/install/eyantra_warehouse/share/eyantra_warehouse//models/rack/meshes/rack.stl
[2.377s] -- Installing: /home/ojasvi/Desktop/eYRC2024LogisticCobot/install/eyantra_warehouse/share/eyantra_warehouse//models/rack/meshes/rack.dae
[2.377s] -- Installing: /home/ojasvi/Desktop/eYRC2024LogisticCobot/install/eyantra_warehouse/share/eyantra_warehouse//config
[2.377s] -- Installing: /home/ojasvi/Desktop/eYRC2024LogisticCobot/install/eyantra_warehouse/share/eyantra_warehouse//config/SkyX_Moon.png
[2.377s] -- Installing: /home/ojasvi/Desktop/eYRC2024LogisticCobot/install/eyantra_warehouse/share/eyantra_warehouse//config/SkyX_Moon.fragment
[2.377s] -- Installing: /home/ojasvi/Desktop/eYRC2024LogisticCobot/install/eyantra_warehouse/share/eyantra_warehouse//config/package_link.json
[2.378s] -- Installing: /home/ojasvi/Desktop/eYRC2024LogisticCobot/install/eyantra_warehouse/share/ament_index/resource_index/package_run_dependencies/eyantra_warehouse
[2.378s] -- Installing: /home/ojasvi/Desktop/eYRC2024LogisticCobot/install/eyantra_warehouse/share/ament_index/resource_index/parent_prefix_path/eyantra_warehouse
[2.378s] -- Installing: /home/ojasvi/Desktop/eYRC2024LogisticCobot/install/eyantra_warehouse/share/eyantra_warehouse/environment/ament_prefix_path.sh
[2.379s] -- Installing: /home/ojasvi/Desktop/eYRC2024LogisticCobot/install/eyantra_warehouse/share/eyantra_warehouse/environment/ament_prefix_path.dsv
[2.379s] -- Installing: /home/ojasvi/Desktop/eYRC2024LogisticCobot/install/eyantra_warehouse/share/eyantra_warehouse/environment/path.sh
[2.379s] -- Installing: /home/ojasvi/Desktop/eYRC2024LogisticCobot/install/eyantra_warehouse/share/eyantra_warehouse/environment/path.dsv
[2.379s] -- Installing: /home/ojasvi/Desktop/eYRC2024LogisticCobot/install/eyantra_warehouse/share/eyantra_warehouse/local_setup.bash
[2.380s] -- Installing: /home/ojasvi/Desktop/eYRC2024LogisticCobot/install/eyantra_warehouse/share/eyantra_warehouse/local_setup.sh
[2.380s] -- Installing: /home/ojasvi/Desktop/eYRC2024LogisticCobot/install/eyantra_warehouse/share/eyantra_warehouse/local_setup.zsh
[2.380s] -- Installing: /home/ojasvi/Desktop/eYRC2024LogisticCobot/install/eyantra_warehouse/share/eyantra_warehouse/local_setup.dsv
[2.380s] -- Installing: /home/ojasvi/Desktop/eYRC2024LogisticCobot/install/eyantra_warehouse/share/eyantra_warehouse/package.dsv
[2.381s] -- Installing: /home/ojasvi/Desktop/eYRC2024LogisticCobot/install/eyantra_warehouse/share/ament_index/resource_index/packages/eyantra_warehouse
[2.381s] -- Installing: /home/ojasvi/Desktop/eYRC2024LogisticCobot/install/eyantra_warehouse/share/eyantra_warehouse/cmake/eyantra_warehouseConfig.cmake
[2.381s] -- Installing: /home/ojasvi/Desktop/eYRC2024LogisticCobot/install/eyantra_warehouse/share/eyantra_warehouse/cmake/eyantra_warehouseConfig-version.cmake
[2.381s] -- Installing: /home/ojasvi/Desktop/eYRC2024LogisticCobot/install/eyantra_warehouse/share/eyantra_warehouse/package.xml
[2.384s] Invoked command in '/home/ojasvi/Desktop/eYRC2024LogisticCobot/build/eyantra_warehouse' returned '0': CMAKE_PREFIX_PATH=/opt/ros/humble /usr/bin/cmake --install /home/ojasvi/Desktop/eYRC2024LogisticCobot/build/eyantra_warehouse
