[0.673s] Invoking command in '/home/ojasvi/Desktop/eYRC2024LogisticCobot/src/ur5_control': PYTHONPATH=/home/ojasvi/Desktop/eYRC2024LogisticCobot/build/ur5_control/prefix_override:/usr/lib/python3/dist-packages/colcon_core/task/python/colcon_distutils_commands:/home/ojasvi/Desktop/eYRC2024LogisticCobot/install/ur5_control/lib/python3.10/site-packages:${PYTHONPATH} /usr/bin/python3 -W ignore:setup.py install is deprecated setup.py egg_info --egg-base ../../build/ur5_control build --build-base /home/ojasvi/Desktop/eYRC2024LogisticCobot/build/ur5_control/build install --record /home/ojasvi/Desktop/eYRC2024LogisticCobot/build/ur5_control/install.log --single-version-externally-managed install_data
[0.858s] running egg_info
[0.859s] writing ../../build/ur5_control/ur5_control.egg-info/PKG-INFO
[0.859s] writing dependency_links to ../../build/ur5_control/ur5_control.egg-info/dependency_links.txt
[0.859s] writing entry points to ../../build/ur5_control/ur5_control.egg-info/entry_points.txt
[0.859s] writing requirements to ../../build/ur5_control/ur5_control.egg-info/requires.txt
[0.859s] writing top-level names to ../../build/ur5_control/ur5_control.egg-info/top_level.txt
[0.861s] reading manifest file '../../build/ur5_control/ur5_control.egg-info/SOURCES.txt'
[0.861s] writing manifest file '../../build/ur5_control/ur5_control.egg-info/SOURCES.txt'
[0.861s] running build
[0.861s] running build_py
[0.861s] copying ur5_control/task1b_boiler_plate.py -> /home/ojasvi/Desktop/eYRC2024LogisticCobot/build/ur5_control/build/lib/ur5_control
[0.862s] running install
[0.862s] running install_lib
[0.862s] copying /home/ojasvi/Desktop/eYRC2024LogisticCobot/build/ur5_control/build/lib/ur5_control/task1b_boiler_plate.py -> /home/ojasvi/Desktop/eYRC2024LogisticCobot/install/ur5_control/lib/python3.10/site-packages/ur5_control
[0.863s] byte-compiling /home/ojasvi/Desktop/eYRC2024LogisticCobot/install/ur5_control/lib/python3.10/site-packages/ur5_control/task1b_boiler_plate.py to task1b_boiler_plate.cpython-310.pyc
[0.865s] running install_data
[0.865s] running install_egg_info
[0.866s] removing '/home/ojasvi/Desktop/eYRC2024LogisticCobot/install/ur5_control/lib/python3.10/site-packages/ur5_control-0.0.0-py3.10.egg-info' (and everything under it)
[0.866s] Copying ../../build/ur5_control/ur5_control.egg-info to /home/ojasvi/Desktop/eYRC2024LogisticCobot/install/ur5_control/lib/python3.10/site-packages/ur5_control-0.0.0-py3.10.egg-info
[0.867s] running install_scripts
[0.882s] Installing task1b script to /home/ojasvi/Desktop/eYRC2024LogisticCobot/install/ur5_control/lib/ur5_control
[0.882s] writing list of installed files to '/home/ojasvi/Desktop/eYRC2024LogisticCobot/build/ur5_control/install.log'
[0.900s] Invoked command in '/home/ojasvi/Desktop/eYRC2024LogisticCobot/src/ur5_control' returned '0': PYTHONPATH=/home/ojasvi/Desktop/eYRC2024LogisticCobot/build/ur5_control/prefix_override:/usr/lib/python3/dist-packages/colcon_core/task/python/colcon_distutils_commands:/home/ojasvi/Desktop/eYRC2024LogisticCobot/install/ur5_control/lib/python3.10/site-packages:${PYTHONPATH} /usr/bin/python3 -W ignore:setup.py install is deprecated setup.py egg_info --egg-base ../../build/ur5_control build --build-base /home/ojasvi/Desktop/eYRC2024LogisticCobot/build/ur5_control/build install --record /home/ojasvi/Desktop/eYRC2024LogisticCobot/build/ur5_control/install.log --single-version-externally-managed install_data
