[0.569s] Invoking command in '/home/ojasvi/colcon_ws2/src/ur5_control': PYTHONPATH=/home/ojasvi/colcon_ws2/src/build/ur5_control/prefix_override:/usr/lib/python3/dist-packages/colcon_core/task/python/colcon_distutils_commands:/home/ojasvi/colcon_ws2/src/install/ur5_control/lib/python3.10/site-packages:${PYTHONPATH} /usr/bin/python3 -W ignore:setup.py install is deprecated setup.py egg_info --egg-base ../build/ur5_control build --build-base /home/ojasvi/colcon_ws2/src/build/ur5_control/build install --record /home/ojasvi/colcon_ws2/src/build/ur5_control/install.log --single-version-externally-managed install_data
[0.825s] running egg_info
[0.826s] creating ../build/ur5_control/ur5_control.egg-info
[0.826s] writing ../build/ur5_control/ur5_control.egg-info/PKG-INFO
[0.827s] writing dependency_links to ../build/ur5_control/ur5_control.egg-info/dependency_links.txt
[0.827s] writing entry points to ../build/ur5_control/ur5_control.egg-info/entry_points.txt
[0.827s] writing requirements to ../build/ur5_control/ur5_control.egg-info/requires.txt
[0.827s] writing top-level names to ../build/ur5_control/ur5_control.egg-info/top_level.txt
[0.827s] writing manifest file '../build/ur5_control/ur5_control.egg-info/SOURCES.txt'
[0.829s] reading manifest file '../build/ur5_control/ur5_control.egg-info/SOURCES.txt'
[0.830s] writing manifest file '../build/ur5_control/ur5_control.egg-info/SOURCES.txt'
[0.830s] running build
[0.830s] running build_py
[0.830s] creating /home/ojasvi/colcon_ws2/src/build/ur5_control/build
[0.830s] creating /home/ojasvi/colcon_ws2/src/build/ur5_control/build/lib
[0.831s] creating /home/ojasvi/colcon_ws2/src/build/ur5_control/build/lib/ur5_control
[0.831s] copying ur5_control/__init__.py -> /home/ojasvi/colcon_ws2/src/build/ur5_control/build/lib/ur5_control
[0.831s] copying ur5_control/task1b_boiler_plate.py -> /home/ojasvi/colcon_ws2/src/build/ur5_control/build/lib/ur5_control
[0.831s] running install
[0.831s] running install_lib
[0.832s] creating /home/ojasvi/colcon_ws2/src/install/ur5_control/lib/python3.10/site-packages/ur5_control
[0.832s] copying /home/ojasvi/colcon_ws2/src/build/ur5_control/build/lib/ur5_control/__init__.py -> /home/ojasvi/colcon_ws2/src/install/ur5_control/lib/python3.10/site-packages/ur5_control
[0.832s] copying /home/ojasvi/colcon_ws2/src/build/ur5_control/build/lib/ur5_control/task1b_boiler_plate.py -> /home/ojasvi/colcon_ws2/src/install/ur5_control/lib/python3.10/site-packages/ur5_control
[0.833s] byte-compiling /home/ojasvi/colcon_ws2/src/install/ur5_control/lib/python3.10/site-packages/ur5_control/__init__.py to __init__.cpython-310.pyc
[0.833s] byte-compiling /home/ojasvi/colcon_ws2/src/install/ur5_control/lib/python3.10/site-packages/ur5_control/task1b_boiler_plate.py to task1b_boiler_plate.cpython-310.pyc
[0.836s] running install_data
[0.837s] creating /home/ojasvi/colcon_ws2/src/install/ur5_control/share/ament_index
[0.837s] creating /home/ojasvi/colcon_ws2/src/install/ur5_control/share/ament_index/resource_index
[0.837s] creating /home/ojasvi/colcon_ws2/src/install/ur5_control/share/ament_index/resource_index/packages
[0.837s] copying resource/ur5_control -> /home/ojasvi/colcon_ws2/src/install/ur5_control/share/ament_index/resource_index/packages
[0.837s] copying package.xml -> /home/ojasvi/colcon_ws2/src/install/ur5_control/share/ur5_control
[0.837s] creating /home/ojasvi/colcon_ws2/src/install/ur5_control/lib/ur5_control
[0.837s] copying ur5_control/__init__.py -> /home/ojasvi/colcon_ws2/src/install/ur5_control/lib/ur5_control
[0.837s] running install_egg_info
[0.839s] Copying ../build/ur5_control/ur5_control.egg-info to /home/ojasvi/colcon_ws2/src/install/ur5_control/lib/python3.10/site-packages/ur5_control-0.0.0-py3.10.egg-info
[0.840s] running install_scripts
[0.863s] Installing task1b script to /home/ojasvi/colcon_ws2/src/install/ur5_control/lib/ur5_control
[0.864s] writing list of installed files to '/home/ojasvi/colcon_ws2/src/build/ur5_control/install.log'
[0.908s] Invoked command in '/home/ojasvi/colcon_ws2/src/ur5_control' returned '0': PYTHONPATH=/home/ojasvi/colcon_ws2/src/build/ur5_control/prefix_override:/usr/lib/python3/dist-packages/colcon_core/task/python/colcon_distutils_commands:/home/ojasvi/colcon_ws2/src/install/ur5_control/lib/python3.10/site-packages:${PYTHONPATH} /usr/bin/python3 -W ignore:setup.py install is deprecated setup.py egg_info --egg-base ../build/ur5_control build --build-base /home/ojasvi/colcon_ws2/src/build/ur5_control/build install --record /home/ojasvi/colcon_ws2/src/build/ur5_control/install.log --single-version-externally-managed install_data
