[0.008s] Invoking command in '/home/ojasvi/Desktop/eYRC2024LogisticCobot/build/ur_simulation_gazebo': AMENT_PREFIX_PATH=/home/ojasvi/Desktop/eYRC2024LogisticCobot/install/ur_moveit_config:/home/ojasvi/Desktop/eYRC2024LogisticCobot/install/ur_description:${AMENT_PREFIX_PATH} CMAKE_PREFIX_PATH=/home/ojasvi/Desktop/eYRC2024LogisticCobot/install/ur_moveit_config:/home/ojasvi/Desktop/eYRC2024LogisticCobot/install/ur_description:/opt/ros/humble /usr/bin/cmake /home/ojasvi/Desktop/eYRC2024LogisticCobot/src/ur_simulation_gazebo -DCMAKE_INSTALL_PREFIX=/home/ojasvi/Desktop/eYRC2024LogisticCobot/install/ur_simulation_gazebo
[0.084s] -- The C compiler identification is GNU 11.4.0
[0.129s] -- The CXX compiler identification is GNU 11.4.0
[0.136s] -- Detecting C compiler ABI info
[0.209s] -- Detecting C compiler ABI info - done
[0.218s] -- Check for working C compiler: /usr/bin/cc - skipped
[0.218s] -- Detecting C compile features
[0.218s] -- Detecting C compile features - done
[0.221s] -- Detecting CXX compiler ABI info
[0.317s] -- Detecting CXX compiler ABI info - done
[0.322s] -- Check for working CXX compiler: /usr/bin/c++ - skipped
[0.322s] -- Detecting CXX compile features
[0.323s] -- Detecting CXX compile features - done
[0.325s] -- Found ament_cmake: 1.3.10 (/opt/ros/humble/share/ament_cmake/cmake)
[0.448s] -- Found Python3: /usr/bin/python3 (found version "3.10.12") found components: Interpreter 
[0.551s] -- Found launch_testing_ament_cmake: 1.0.6 (/opt/ros/humble/share/launch_testing_ament_cmake/cmake)
[0.555s] -- Found python_cmake_module: 0.10.0 (/opt/ros/humble/share/python_cmake_module/cmake)
[0.589s] -- Found PythonInterp: /usr/bin/python3 (found suitable version "3.10.12", minimum required is "3.6") 
[0.608s] -- Found PythonLibs: /usr/lib/x86_64-linux-gnu/libpython3.10.so (found suitable version "3.10.12", minimum required is "3.5") 
[0.608s] -- Using PYTHON_EXECUTABLE: /usr/bin/python3
[0.609s] -- Using PYTHON_INCLUDE_DIRS: /usr/include/python3.10
[0.609s] -- Using PYTHON_LIBRARIES: /usr/lib/x86_64-linux-gnu/libpython3.10.so
[0.644s] -- Found PythonExtra: .so  
[0.649s] -- Found ament_cmake_pytest: 1.3.10 (/opt/ros/humble/share/ament_cmake_pytest/cmake)
[0.756s] -- Configuring done
[0.761s] -- Generating done
[0.763s] -- Build files have been written to: /home/ojasvi/Desktop/eYRC2024LogisticCobot/build/ur_simulation_gazebo
[0.773s] Invoked command in '/home/ojasvi/Desktop/eYRC2024LogisticCobot/build/ur_simulation_gazebo' returned '0': AMENT_PREFIX_PATH=/home/ojasvi/Desktop/eYRC2024LogisticCobot/install/ur_moveit_config:/home/ojasvi/Desktop/eYRC2024LogisticCobot/install/ur_description:${AMENT_PREFIX_PATH} CMAKE_PREFIX_PATH=/home/ojasvi/Desktop/eYRC2024LogisticCobot/install/ur_moveit_config:/home/ojasvi/Desktop/eYRC2024LogisticCobot/install/ur_description:/opt/ros/humble /usr/bin/cmake /home/ojasvi/Desktop/eYRC2024LogisticCobot/src/ur_simulation_gazebo -DCMAKE_INSTALL_PREFIX=/home/ojasvi/Desktop/eYRC2024LogisticCobot/install/ur_simulation_gazebo
[0.776s] Invoking command in '/home/ojasvi/Desktop/eYRC2024LogisticCobot/build/ur_simulation_gazebo': AMENT_PREFIX_PATH=/home/ojasvi/Desktop/eYRC2024LogisticCobot/install/ur_moveit_config:/home/ojasvi/Desktop/eYRC2024LogisticCobot/install/ur_description:${AMENT_PREFIX_PATH} CMAKE_PREFIX_PATH=/home/ojasvi/Desktop/eYRC2024LogisticCobot/install/ur_moveit_config:/home/ojasvi/Desktop/eYRC2024LogisticCobot/install/ur_description:/opt/ros/humble /usr/bin/cmake --build /home/ojasvi/Desktop/eYRC2024LogisticCobot/build/ur_simulation_gazebo -- -j12 -l12
[0.823s] Invoked command in '/home/ojasvi/Desktop/eYRC2024LogisticCobot/build/ur_simulation_gazebo' returned '0': AMENT_PREFIX_PATH=/home/ojasvi/Desktop/eYRC2024LogisticCobot/install/ur_moveit_config:/home/ojasvi/Desktop/eYRC2024LogisticCobot/install/ur_description:${AMENT_PREFIX_PATH} CMAKE_PREFIX_PATH=/home/ojasvi/Desktop/eYRC2024LogisticCobot/install/ur_moveit_config:/home/ojasvi/Desktop/eYRC2024LogisticCobot/install/ur_description:/opt/ros/humble /usr/bin/cmake --build /home/ojasvi/Desktop/eYRC2024LogisticCobot/build/ur_simulation_gazebo -- -j12 -l12
[0.848s] Invoking command in '/home/ojasvi/Desktop/eYRC2024LogisticCobot/build/ur_simulation_gazebo': AMENT_PREFIX_PATH=/home/ojasvi/Desktop/eYRC2024LogisticCobot/install/ur_moveit_config:/home/ojasvi/Desktop/eYRC2024LogisticCobot/install/ur_description:${AMENT_PREFIX_PATH} CMAKE_PREFIX_PATH=/home/ojasvi/Desktop/eYRC2024LogisticCobot/install/ur_moveit_config:/home/ojasvi/Desktop/eYRC2024LogisticCobot/install/ur_description:/opt/ros/humble /usr/bin/cmake --install /home/ojasvi/Desktop/eYRC2024LogisticCobot/build/ur_simulation_gazebo
[0.858s] -- Install configuration: ""
[0.858s] -- Installing: /home/ojasvi/Desktop/eYRC2024LogisticCobot/install/ur_simulation_gazebo/share/ur_simulation_gazebo/config
[0.858s] -- Installing: /home/ojasvi/Desktop/eYRC2024LogisticCobot/install/ur_simulation_gazebo/share/ur_simulation_gazebo/config/ur_controllers.yaml
[0.858s] -- Installing: /home/ojasvi/Desktop/eYRC2024LogisticCobot/install/ur_simulation_gazebo/share/ur_simulation_gazebo/config/config_file_here.txt
[0.858s] -- Installing: /home/ojasvi/Desktop/eYRC2024LogisticCobot/install/ur_simulation_gazebo/share/ur_simulation_gazebo/launch
[0.858s] -- Installing: /home/ojasvi/Desktop/eYRC2024LogisticCobot/install/ur_simulation_gazebo/share/ur_simulation_gazebo/launch/ur_sim_moveit.launch.py
[0.858s] -- Installing: /home/ojasvi/Desktop/eYRC2024LogisticCobot/install/ur_simulation_gazebo/share/ur_simulation_gazebo/launch/ur_sim_control.launch.py
[0.858s] -- Installing: /home/ojasvi/Desktop/eYRC2024LogisticCobot/install/ur_simulation_gazebo/share/ur_simulation_gazebo/launch/spawn_ur5_launch_moveit.launch.py
[0.859s] -- Installing: /home/ojasvi/Desktop/eYRC2024LogisticCobot/install/ur_simulation_gazebo/share/ament_index/resource_index/package_run_dependencies/ur_simulation_gazebo
[0.859s] -- Installing: /home/ojasvi/Desktop/eYRC2024LogisticCobot/install/ur_simulation_gazebo/share/ament_index/resource_index/parent_prefix_path/ur_simulation_gazebo
[0.859s] -- Installing: /home/ojasvi/Desktop/eYRC2024LogisticCobot/install/ur_simulation_gazebo/share/ur_simulation_gazebo/environment/ament_prefix_path.sh
[0.859s] -- Installing: /home/ojasvi/Desktop/eYRC2024LogisticCobot/install/ur_simulation_gazebo/share/ur_simulation_gazebo/environment/ament_prefix_path.dsv
[0.859s] -- Installing: /home/ojasvi/Desktop/eYRC2024LogisticCobot/install/ur_simulation_gazebo/share/ur_simulation_gazebo/environment/path.sh
[0.859s] -- Installing: /home/ojasvi/Desktop/eYRC2024LogisticCobot/install/ur_simulation_gazebo/share/ur_simulation_gazebo/environment/path.dsv
[0.860s] -- Installing: /home/ojasvi/Desktop/eYRC2024LogisticCobot/install/ur_simulation_gazebo/share/ur_simulation_gazebo/local_setup.bash
[0.860s] -- Installing: /home/ojasvi/Desktop/eYRC2024LogisticCobot/install/ur_simulation_gazebo/share/ur_simulation_gazebo/local_setup.sh
[0.860s] -- Installing: /home/ojasvi/Desktop/eYRC2024LogisticCobot/install/ur_simulation_gazebo/share/ur_simulation_gazebo/local_setup.zsh
[0.860s] -- Installing: /home/ojasvi/Desktop/eYRC2024LogisticCobot/install/ur_simulation_gazebo/share/ur_simulation_gazebo/local_setup.dsv
[0.860s] -- Installing: /home/ojasvi/Desktop/eYRC2024LogisticCobot/install/ur_simulation_gazebo/share/ur_simulation_gazebo/package.dsv
[0.860s] -- Installing: /home/ojasvi/Desktop/eYRC2024LogisticCobot/install/ur_simulation_gazebo/share/ament_index/resource_index/packages/ur_simulation_gazebo
[0.861s] -- Installing: /home/ojasvi/Desktop/eYRC2024LogisticCobot/install/ur_simulation_gazebo/share/ur_simulation_gazebo/cmake/ur_simulation_gazeboConfig.cmake
[0.861s] -- Installing: /home/ojasvi/Desktop/eYRC2024LogisticCobot/install/ur_simulation_gazebo/share/ur_simulation_gazebo/cmake/ur_simulation_gazeboConfig-version.cmake
[0.861s] -- Installing: /home/ojasvi/Desktop/eYRC2024LogisticCobot/install/ur_simulation_gazebo/share/ur_simulation_gazebo/package.xml
[0.863s] Invoked command in '/home/ojasvi/Desktop/eYRC2024LogisticCobot/build/ur_simulation_gazebo' returned '0': AMENT_PREFIX_PATH=/home/ojasvi/Desktop/eYRC2024LogisticCobot/install/ur_moveit_config:/home/ojasvi/Desktop/eYRC2024LogisticCobot/install/ur_description:${AMENT_PREFIX_PATH} CMAKE_PREFIX_PATH=/home/ojasvi/Desktop/eYRC2024LogisticCobot/install/ur_moveit_config:/home/ojasvi/Desktop/eYRC2024LogisticCobot/install/ur_description:/opt/ros/humble /usr/bin/cmake --install /home/ojasvi/Desktop/eYRC2024LogisticCobot/build/ur_simulation_gazebo
