[0.025s] Invoking command in '/home/ojasvi/Desktop/eYRC2024LogisticCobot/build/ebot_nav2': CMAKE_PREFIX_PATH=/opt/ros/humble /usr/bin/cmake /home/ojasvi/Desktop/eYRC2024LogisticCobot/src/ebot_nav2 -DCMAKE_INSTALL_PREFIX=/home/ojasvi/Desktop/eYRC2024LogisticCobot/install/ebot_nav2
[0.591s] -- The C compiler identification is GNU 11.4.0
[0.863s] -- The CXX compiler identification is GNU 11.4.0
[0.870s] -- Detecting C compiler ABI info
[1.084s] -- Detecting C compiler ABI info - done
[1.091s] -- Check for working C compiler: /usr/bin/cc - skipped
[1.149s] -- Detecting C compile features
[1.150s] -- Detecting C compile features - done
[1.154s] -- Detecting CXX compiler ABI info
[1.439s] -- Detecting CXX compiler ABI info - done
[1.447s] -- Check for working CXX compiler: /usr/bin/c++ - skipped
[1.448s] -- Detecting CXX compile features
[1.448s] -- Detecting CXX compile features - done
[1.562s] -- Found ament_cmake: 1.3.10 (/opt/ros/humble/share/ament_cmake/cmake)
[1.719s] -- Found Python3: /usr/bin/python3 (found version "3.10.12") found components: Interpreter 
[1.838s] -- Found rclcpp: 16.0.10 (/opt/ros/humble/share/rclcpp/cmake)
[1.919s] -- Found rosidl_generator_c: 3.1.5 (/opt/ros/humble/share/rosidl_generator_c/cmake)
[1.928s] -- Found rosidl_adapter: 3.1.5 (/opt/ros/humble/share/rosidl_adapter/cmake)
[1.943s] -- Found rosidl_generator_cpp: 3.1.5 (/opt/ros/humble/share/rosidl_generator_cpp/cmake)
[2.029s] -- Using all available rosidl_typesupport_c: rosidl_typesupport_fastrtps_c;rosidl_typesupport_introspection_c
[2.110s] -- Using all available rosidl_typesupport_cpp: rosidl_typesupport_fastrtps_cpp;rosidl_typesupport_introspection_cpp
[2.241s] -- Found rmw_implementation_cmake: 6.1.2 (/opt/ros/humble/share/rmw_implementation_cmake/cmake)
[2.247s] -- Found rmw_fastrtps_cpp: 6.2.7 (/opt/ros/humble/share/rmw_fastrtps_cpp/cmake)
[2.651s] -- Found OpenSSL: /usr/lib/x86_64-linux-gnu/libcrypto.so (found version "3.0.2")  
[3.343s] -- Found FastRTPS: /opt/ros/humble/include  
[3.386s] -- Using RMW implementation 'rmw_fastrtps_cpp' as default
[3.398s] -- Looking for pthread.h
[3.523s] -- Looking for pthread.h - found
[3.523s] -- Performing Test CMAKE_HAVE_LIBC_PTHREAD
[3.723s] -- Performing Test CMAKE_HAVE_LIBC_PTHREAD - Success
[3.724s] -- Found Threads: TRUE  
[3.832s] -- Found rclpy: 3.3.14 (/opt/ros/humble/share/rclpy/cmake)
[3.835s] -- Found urdf: 2.6.1 (/opt/ros/humble/share/urdf/cmake)
[3.882s] -- Found xacro: 2.0.8 (/opt/ros/humble/share/xacro/cmake)
[3.884s] -- Found ament_lint_auto: 0.12.11 (/opt/ros/humble/share/ament_lint_auto/cmake)
[3.968s] -- Added test 'flake8' to check Python code syntax and style conventions
[3.968s] -- Added test 'lint_cmake' to check CMake code style
[3.969s] -- Added test 'pep257' to check Python code against some of the docstring style conventions in PEP 257
[3.970s] -- Added test 'xmllint' to check XML markup files
[3.972s] -- Configuring done
[3.977s] -- Generating done
[3.978s] -- Build files have been written to: /home/ojasvi/Desktop/eYRC2024LogisticCobot/build/ebot_nav2
[3.987s] Invoked command in '/home/ojasvi/Desktop/eYRC2024LogisticCobot/build/ebot_nav2' returned '0': CMAKE_PREFIX_PATH=/opt/ros/humble /usr/bin/cmake /home/ojasvi/Desktop/eYRC2024LogisticCobot/src/ebot_nav2 -DCMAKE_INSTALL_PREFIX=/home/ojasvi/Desktop/eYRC2024LogisticCobot/install/ebot_nav2
[3.988s] Invoking command in '/home/ojasvi/Desktop/eYRC2024LogisticCobot/build/ebot_nav2': CMAKE_PREFIX_PATH=/opt/ros/humble /usr/bin/cmake --build /home/ojasvi/Desktop/eYRC2024LogisticCobot/build/ebot_nav2 -- -j12 -l12
[4.024s] Invoked command in '/home/ojasvi/Desktop/eYRC2024LogisticCobot/build/ebot_nav2' returned '0': CMAKE_PREFIX_PATH=/opt/ros/humble /usr/bin/cmake --build /home/ojasvi/Desktop/eYRC2024LogisticCobot/build/ebot_nav2 -- -j12 -l12
[4.049s] Invoking command in '/home/ojasvi/Desktop/eYRC2024LogisticCobot/build/ebot_nav2': CMAKE_PREFIX_PATH=/opt/ros/humble /usr/bin/cmake --install /home/ojasvi/Desktop/eYRC2024LogisticCobot/build/ebot_nav2
[4.056s] -- Install configuration: ""
[4.056s] -- Installing: /home/ojasvi/Desktop/eYRC2024LogisticCobot/install/ebot_nav2/share/ebot_nav2//launch
[4.056s] -- Installing: /home/ojasvi/Desktop/eYRC2024LogisticCobot/install/ebot_nav2/share/ebot_nav2//launch/ebot_bringup_launch.py
[4.057s] -- Installing: /home/ojasvi/Desktop/eYRC2024LogisticCobot/install/ebot_nav2/share/ebot_nav2//config
[4.057s] -- Installing: /home/ojasvi/Desktop/eYRC2024LogisticCobot/install/ebot_nav2/share/ebot_nav2//config/mapper_params_online_async.yaml
[4.057s] -- Installing: /home/ojasvi/Desktop/eYRC2024LogisticCobot/install/ebot_nav2/share/ebot_nav2//config/ekf.yaml
[4.057s] -- Installing: /home/ojasvi/Desktop/eYRC2024LogisticCobot/install/ebot_nav2/share/ebot_nav2//maps
[4.057s] -- Installing: /home/ojasvi/Desktop/eYRC2024LogisticCobot/install/ebot_nav2/share/ebot_nav2//maps/map.data
[4.062s] -- Installing: /home/ojasvi/Desktop/eYRC2024LogisticCobot/install/ebot_nav2/share/ebot_nav2//maps/map.yaml
[4.062s] -- Installing: /home/ojasvi/Desktop/eYRC2024LogisticCobot/install/ebot_nav2/share/ebot_nav2//maps/map_file_here.text
[4.062s] -- Installing: /home/ojasvi/Desktop/eYRC2024LogisticCobot/install/ebot_nav2/share/ebot_nav2//maps/map.posegraph
[4.078s] -- Installing: /home/ojasvi/Desktop/eYRC2024LogisticCobot/install/ebot_nav2/share/ebot_nav2//maps/map.pgm
[4.078s] -- Installing: /home/ojasvi/Desktop/eYRC2024LogisticCobot/install/ebot_nav2/share/ebot_nav2//params
[4.078s] -- Installing: /home/ojasvi/Desktop/eYRC2024LogisticCobot/install/ebot_nav2/share/ebot_nav2//params/nav2_params.yaml
[4.078s] -- Installing: /home/ojasvi/Desktop/eYRC2024LogisticCobot/install/ebot_nav2/share/ebot_nav2//rviz
[4.078s] -- Installing: /home/ojasvi/Desktop/eYRC2024LogisticCobot/install/ebot_nav2/share/ebot_nav2//rviz/nav2_default_view.rviz
[4.078s] -- Installing: /home/ojasvi/Desktop/eYRC2024LogisticCobot/install/ebot_nav2/share/ament_index/resource_index/package_run_dependencies/ebot_nav2
[4.079s] -- Installing: /home/ojasvi/Desktop/eYRC2024LogisticCobot/install/ebot_nav2/share/ament_index/resource_index/parent_prefix_path/ebot_nav2
[4.079s] -- Installing: /home/ojasvi/Desktop/eYRC2024LogisticCobot/install/ebot_nav2/share/ebot_nav2/environment/ament_prefix_path.sh
[4.079s] -- Installing: /home/ojasvi/Desktop/eYRC2024LogisticCobot/install/ebot_nav2/share/ebot_nav2/environment/ament_prefix_path.dsv
[4.079s] -- Installing: /home/ojasvi/Desktop/eYRC2024LogisticCobot/install/ebot_nav2/share/ebot_nav2/environment/path.sh
[4.079s] -- Installing: /home/ojasvi/Desktop/eYRC2024LogisticCobot/install/ebot_nav2/share/ebot_nav2/environment/path.dsv
[4.079s] -- Installing: /home/ojasvi/Desktop/eYRC2024LogisticCobot/install/ebot_nav2/share/ebot_nav2/local_setup.bash
[4.079s] -- Installing: /home/ojasvi/Desktop/eYRC2024LogisticCobot/install/ebot_nav2/share/ebot_nav2/local_setup.sh
[4.080s] -- Installing: /home/ojasvi/Desktop/eYRC2024LogisticCobot/install/ebot_nav2/share/ebot_nav2/local_setup.zsh
[4.080s] -- Installing: /home/ojasvi/Desktop/eYRC2024LogisticCobot/install/ebot_nav2/share/ebot_nav2/local_setup.dsv
[4.080s] -- Installing: /home/ojasvi/Desktop/eYRC2024LogisticCobot/install/ebot_nav2/share/ebot_nav2/package.dsv
[4.080s] -- Installing: /home/ojasvi/Desktop/eYRC2024LogisticCobot/install/ebot_nav2/share/ament_index/resource_index/packages/ebot_nav2
[4.080s] -- Installing: /home/ojasvi/Desktop/eYRC2024LogisticCobot/install/ebot_nav2/share/ebot_nav2/cmake/ebot_nav2Config.cmake
[4.080s] -- Installing: /home/ojasvi/Desktop/eYRC2024LogisticCobot/install/ebot_nav2/share/ebot_nav2/cmake/ebot_nav2Config-version.cmake
[4.081s] -- Installing: /home/ojasvi/Desktop/eYRC2024LogisticCobot/install/ebot_nav2/share/ebot_nav2/package.xml
[4.083s] Invoked command in '/home/ojasvi/Desktop/eYRC2024LogisticCobot/build/ebot_nav2' returned '0': CMAKE_PREFIX_PATH=/opt/ros/humble /usr/bin/cmake --install /home/ojasvi/Desktop/eYRC2024LogisticCobot/build/ebot_nav2
