[0.025s] Invoking command in '/home/ojasvi/Desktop/eYRC2024LogisticCobot/build/realsense_gazebo_plugin': CMAKE_PREFIX_PATH=/opt/ros/humble /usr/bin/cmake --build /home/ojasvi/Desktop/eYRC2024LogisticCobot/build/realsense_gazebo_plugin -- -j12 -l12
[0.078s] [35m[1mConsolidate compiler generated dependencies of target realsense_gazebo_plugin[0m
[0.138s] [100%] Built target realsense_gazebo_plugin
[0.278s] Invoked command in '/home/ojasvi/Desktop/eYRC2024LogisticCobot/build/realsense_gazebo_plugin' returned '0': CMAKE_PREFIX_PATH=/opt/ros/humble /usr/bin/cmake --build /home/ojasvi/Desktop/eYRC2024LogisticCobot/build/realsense_gazebo_plugin -- -j12 -l12
[0.322s] Invoking command in '/home/ojasvi/Desktop/eYRC2024LogisticCobot/build/realsense_gazebo_plugin': CMAKE_PREFIX_PATH=/opt/ros/humble /usr/bin/cmake --install /home/ojasvi/Desktop/eYRC2024LogisticCobot/build/realsense_gazebo_plugin
[0.358s] -- Install configuration: ""
[0.358s] -- Up-to-date: /home/ojasvi/Desktop/eYRC2024LogisticCobot/install/realsense_gazebo_plugin/lib/librealsense_gazebo_plugin.so
[0.360s] -- Up-to-date: /home/ojasvi/Desktop/eYRC2024LogisticCobot/install/realsense_gazebo_plugin/include/
[0.362s] -- Up-to-date: /home/ojasvi/Desktop/eYRC2024LogisticCobot/install/realsense_gazebo_plugin/include//realsense_gazebo_plugin
[0.362s] -- Up-to-date: /home/ojasvi/Desktop/eYRC2024LogisticCobot/install/realsense_gazebo_plugin/include//realsense_gazebo_plugin/gazebo_ros_realsense.h
[0.362s] -- Up-to-date: /home/ojasvi/Desktop/eYRC2024LogisticCobot/install/realsense_gazebo_plugin/include//realsense_gazebo_plugin/RealSensePlugin.h
[0.362s] -- Up-to-date: /home/ojasvi/Desktop/eYRC2024LogisticCobot/install/realsense_gazebo_plugin/share/realsense_gazebo_plugin/environment/library_path.sh
[0.362s] -- Up-to-date: /home/ojasvi/Desktop/eYRC2024LogisticCobot/install/realsense_gazebo_plugin/share/realsense_gazebo_plugin/environment/library_path.dsv
[0.362s] -- Up-to-date: /home/ojasvi/Desktop/eYRC2024LogisticCobot/install/realsense_gazebo_plugin/share/ament_index/resource_index/package_run_dependencies/realsense_gazebo_plugin
[0.362s] -- Up-to-date: /home/ojasvi/Desktop/eYRC2024LogisticCobot/install/realsense_gazebo_plugin/share/ament_index/resource_index/parent_prefix_path/realsense_gazebo_plugin
[0.362s] -- Up-to-date: /home/ojasvi/Desktop/eYRC2024LogisticCobot/install/realsense_gazebo_plugin/share/realsense_gazebo_plugin/environment/ament_prefix_path.sh
[0.362s] -- Up-to-date: /home/ojasvi/Desktop/eYRC2024LogisticCobot/install/realsense_gazebo_plugin/share/realsense_gazebo_plugin/environment/ament_prefix_path.dsv
[0.362s] -- Up-to-date: /home/ojasvi/Desktop/eYRC2024LogisticCobot/install/realsense_gazebo_plugin/share/realsense_gazebo_plugin/environment/path.sh
[0.362s] -- Up-to-date: /home/ojasvi/Desktop/eYRC2024LogisticCobot/install/realsense_gazebo_plugin/share/realsense_gazebo_plugin/environment/path.dsv
[0.365s] -- Up-to-date: /home/ojasvi/Desktop/eYRC2024LogisticCobot/install/realsense_gazebo_plugin/share/realsense_gazebo_plugin/local_setup.bash
[0.366s] -- Up-to-date: /home/ojasvi/Desktop/eYRC2024LogisticCobot/install/realsense_gazebo_plugin/share/realsense_gazebo_plugin/local_setup.sh
[0.366s] -- Up-to-date: /home/ojasvi/Desktop/eYRC2024LogisticCobot/install/realsense_gazebo_plugin/share/realsense_gazebo_plugin/local_setup.zsh
[0.366s] -- Up-to-date: /home/ojasvi/Desktop/eYRC2024LogisticCobot/install/realsense_gazebo_plugin/share/realsense_gazebo_plugin/local_setup.dsv
[0.366s] -- Installing: /home/ojasvi/Desktop/eYRC2024LogisticCobot/install/realsense_gazebo_plugin/share/realsense_gazebo_plugin/package.dsv
[0.366s] -- Up-to-date: /home/ojasvi/Desktop/eYRC2024LogisticCobot/install/realsense_gazebo_plugin/share/ament_index/resource_index/packages/realsense_gazebo_plugin
[0.368s] -- Up-to-date: /home/ojasvi/Desktop/eYRC2024LogisticCobot/install/realsense_gazebo_plugin/share/realsense_gazebo_plugin/cmake/ament_cmake_export_include_directories-extras.cmake
[0.368s] -- Up-to-date: /home/ojasvi/Desktop/eYRC2024LogisticCobot/install/realsense_gazebo_plugin/share/realsense_gazebo_plugin/cmake/ament_cmake_export_libraries-extras.cmake
[0.369s] -- Up-to-date: /home/ojasvi/Desktop/eYRC2024LogisticCobot/install/realsense_gazebo_plugin/share/realsense_gazebo_plugin/cmake/realsense_gazebo_pluginConfig.cmake
[0.369s] -- Up-to-date: /home/ojasvi/Desktop/eYRC2024LogisticCobot/install/realsense_gazebo_plugin/share/realsense_gazebo_plugin/cmake/realsense_gazebo_pluginConfig-version.cmake
[0.372s] -- Up-to-date: /home/ojasvi/Desktop/eYRC2024LogisticCobot/install/realsense_gazebo_plugin/share/realsense_gazebo_plugin/package.xml
[0.394s] Invoked command in '/home/ojasvi/Desktop/eYRC2024LogisticCobot/build/realsense_gazebo_plugin' returned '0': CMAKE_PREFIX_PATH=/opt/ros/humble /usr/bin/cmake --install /home/ojasvi/Desktop/eYRC2024LogisticCobot/build/realsense_gazebo_plugin
