[0.011s] Invoking command in '/home/ojasvi/colcon_ws2/src/build/ur_simulation_gazebo': AMENT_PREFIX_PATH=/home/ojasvi/colcon_ws2/src/install/ur_moveit_config:/home/ojasvi/colcon_ws2/src/install/ur_description:${AMENT_PREFIX_PATH} CMAKE_PREFIX_PATH=/home/ojasvi/colcon_ws2/src/install/ur_moveit_config:/home/ojasvi/colcon_ws2/src/install/ur_description:/opt/ros/humble /usr/bin/cmake /home/ojasvi/colcon_ws2/src/ur_simulation_gazebo -DCMAKE_INSTALL_PREFIX=/home/ojasvi/colcon_ws2/src/install/ur_simulation_gazebo
[0.072s] -- The C compiler identification is GNU 11.4.0
[0.129s] -- The CXX compiler identification is GNU 11.4.0
[0.137s] -- Detecting C compiler ABI info
[0.205s] -- Detecting C compiler ABI info - done
[0.215s] -- Check for working C compiler: /usr/bin/cc - skipped
[0.215s] -- Detecting C compile features
[0.215s] -- Detecting C compile features - done
[0.218s] -- Detecting CXX compiler ABI info
[0.289s] -- Detecting CXX compiler ABI info - done
[0.294s] -- Check for working CXX compiler: /usr/bin/c++ - skipped
[0.294s] -- Detecting CXX compile features
[0.295s] -- Detecting CXX compile features - done
[0.298s] -- Found ament_cmake: 1.3.10 (/opt/ros/humble/share/ament_cmake/cmake)
[0.421s] -- Found Python3: /usr/bin/python3 (found version "3.10.12") found components: Interpreter 
[0.501s] -- Found launch_testing_ament_cmake: 1.0.6 (/opt/ros/humble/share/launch_testing_ament_cmake/cmake)
[0.503s] -- Found python_cmake_module: 0.10.0 (/opt/ros/humble/share/python_cmake_module/cmake)
[0.520s] -- Found PythonInterp: /usr/bin/python3 (found suitable version "3.10.12", minimum required is "3.6") 
[0.530s] -- Found PythonLibs: /usr/lib/x86_64-linux-gnu/libpython3.10.so (found suitable version "3.10.12", minimum required is "3.5") 
[0.530s] -- Using PYTHON_EXECUTABLE: /usr/bin/python3
[0.530s] -- Using PYTHON_INCLUDE_DIRS: /usr/include/python3.10
[0.530s] -- Using PYTHON_LIBRARIES: /usr/lib/x86_64-linux-gnu/libpython3.10.so
[0.547s] -- Found PythonExtra: .so  
[0.550s] -- Found ament_cmake_pytest: 1.3.10 (/opt/ros/humble/share/ament_cmake_pytest/cmake)
[0.602s] -- Configuring done
[0.604s] -- Generating done
[0.605s] -- Build files have been written to: /home/ojasvi/colcon_ws2/src/build/ur_simulation_gazebo
[0.610s] Invoked command in '/home/ojasvi/colcon_ws2/src/build/ur_simulation_gazebo' returned '0': AMENT_PREFIX_PATH=/home/ojasvi/colcon_ws2/src/install/ur_moveit_config:/home/ojasvi/colcon_ws2/src/install/ur_description:${AMENT_PREFIX_PATH} CMAKE_PREFIX_PATH=/home/ojasvi/colcon_ws2/src/install/ur_moveit_config:/home/ojasvi/colcon_ws2/src/install/ur_description:/opt/ros/humble /usr/bin/cmake /home/ojasvi/colcon_ws2/src/ur_simulation_gazebo -DCMAKE_INSTALL_PREFIX=/home/ojasvi/colcon_ws2/src/install/ur_simulation_gazebo
[0.611s] Invoking command in '/home/ojasvi/colcon_ws2/src/build/ur_simulation_gazebo': AMENT_PREFIX_PATH=/home/ojasvi/colcon_ws2/src/install/ur_moveit_config:/home/ojasvi/colcon_ws2/src/install/ur_description:${AMENT_PREFIX_PATH} CMAKE_PREFIX_PATH=/home/ojasvi/colcon_ws2/src/install/ur_moveit_config:/home/ojasvi/colcon_ws2/src/install/ur_description:/opt/ros/humble /usr/bin/cmake --build /home/ojasvi/colcon_ws2/src/build/ur_simulation_gazebo -- -j12 -l12
[0.647s] Invoked command in '/home/ojasvi/colcon_ws2/src/build/ur_simulation_gazebo' returned '0': AMENT_PREFIX_PATH=/home/ojasvi/colcon_ws2/src/install/ur_moveit_config:/home/ojasvi/colcon_ws2/src/install/ur_description:${AMENT_PREFIX_PATH} CMAKE_PREFIX_PATH=/home/ojasvi/colcon_ws2/src/install/ur_moveit_config:/home/ojasvi/colcon_ws2/src/install/ur_description:/opt/ros/humble /usr/bin/cmake --build /home/ojasvi/colcon_ws2/src/build/ur_simulation_gazebo -- -j12 -l12
[0.668s] Invoking command in '/home/ojasvi/colcon_ws2/src/build/ur_simulation_gazebo': AMENT_PREFIX_PATH=/home/ojasvi/colcon_ws2/src/install/ur_moveit_config:/home/ojasvi/colcon_ws2/src/install/ur_description:${AMENT_PREFIX_PATH} CMAKE_PREFIX_PATH=/home/ojasvi/colcon_ws2/src/install/ur_moveit_config:/home/ojasvi/colcon_ws2/src/install/ur_description:/opt/ros/humble /usr/bin/cmake --install /home/ojasvi/colcon_ws2/src/build/ur_simulation_gazebo
[0.675s] -- Install configuration: ""
[0.675s] -- Installing: /home/ojasvi/colcon_ws2/src/install/ur_simulation_gazebo/share/ur_simulation_gazebo/config
[0.675s] -- Installing: /home/ojasvi/colcon_ws2/src/install/ur_simulation_gazebo/share/ur_simulation_gazebo/config/ur_controllers.yaml
[0.676s] -- Installing: /home/ojasvi/colcon_ws2/src/install/ur_simulation_gazebo/share/ur_simulation_gazebo/config/config_file_here.txt
[0.676s] -- Installing: /home/ojasvi/colcon_ws2/src/install/ur_simulation_gazebo/share/ur_simulation_gazebo/launch
[0.676s] -- Installing: /home/ojasvi/colcon_ws2/src/install/ur_simulation_gazebo/share/ur_simulation_gazebo/launch/ur_sim_moveit.launch.py
[0.677s] -- Installing: /home/ojasvi/colcon_ws2/src/install/ur_simulation_gazebo/share/ur_simulation_gazebo/launch/ur_sim_control.launch.py
[0.677s] -- Installing: /home/ojasvi/colcon_ws2/src/install/ur_simulation_gazebo/share/ur_simulation_gazebo/launch/spawn_ur5_launch_moveit.launch.py
[0.677s] -- Installing: /home/ojasvi/colcon_ws2/src/install/ur_simulation_gazebo/share/ament_index/resource_index/package_run_dependencies/ur_simulation_gazebo
[0.678s] -- Installing: /home/ojasvi/colcon_ws2/src/install/ur_simulation_gazebo/share/ament_index/resource_index/parent_prefix_path/ur_simulation_gazebo
[0.678s] -- Installing: /home/ojasvi/colcon_ws2/src/install/ur_simulation_gazebo/share/ur_simulation_gazebo/environment/ament_prefix_path.sh
[0.678s] -- Installing: /home/ojasvi/colcon_ws2/src/install/ur_simulation_gazebo/share/ur_simulation_gazebo/environment/ament_prefix_path.dsv
[0.678s] -- Installing: /home/ojasvi/colcon_ws2/src/install/ur_simulation_gazebo/share/ur_simulation_gazebo/environment/path.sh
[0.678s] -- Installing: /home/ojasvi/colcon_ws2/src/install/ur_simulation_gazebo/share/ur_simulation_gazebo/environment/path.dsv
[0.678s] -- Installing: /home/ojasvi/colcon_ws2/src/install/ur_simulation_gazebo/share/ur_simulation_gazebo/local_setup.bash
[0.678s] -- Installing: /home/ojasvi/colcon_ws2/src/install/ur_simulation_gazebo/share/ur_simulation_gazebo/local_setup.sh
[0.678s] -- Installing: /home/ojasvi/colcon_ws2/src/install/ur_simulation_gazebo/share/ur_simulation_gazebo/local_setup.zsh
[0.679s] -- Installing: /home/ojasvi/colcon_ws2/src/install/ur_simulation_gazebo/share/ur_simulation_gazebo/local_setup.dsv
[0.679s] -- Installing: /home/ojasvi/colcon_ws2/src/install/ur_simulation_gazebo/share/ur_simulation_gazebo/package.dsv
[0.679s] -- Installing: /home/ojasvi/colcon_ws2/src/install/ur_simulation_gazebo/share/ament_index/resource_index/packages/ur_simulation_gazebo
[0.679s] -- Installing: /home/ojasvi/colcon_ws2/src/install/ur_simulation_gazebo/share/ur_simulation_gazebo/cmake/ur_simulation_gazeboConfig.cmake
[0.679s] -- Installing: /home/ojasvi/colcon_ws2/src/install/ur_simulation_gazebo/share/ur_simulation_gazebo/cmake/ur_simulation_gazeboConfig-version.cmake
[0.679s] -- Installing: /home/ojasvi/colcon_ws2/src/install/ur_simulation_gazebo/share/ur_simulation_gazebo/package.xml
[0.681s] Invoked command in '/home/ojasvi/colcon_ws2/src/build/ur_simulation_gazebo' returned '0': AMENT_PREFIX_PATH=/home/ojasvi/colcon_ws2/src/install/ur_moveit_config:/home/ojasvi/colcon_ws2/src/install/ur_description:${AMENT_PREFIX_PATH} CMAKE_PREFIX_PATH=/home/ojasvi/colcon_ws2/src/install/ur_moveit_config:/home/ojasvi/colcon_ws2/src/install/ur_description:/opt/ros/humble /usr/bin/cmake --install /home/ojasvi/colcon_ws2/src/build/ur_simulation_gazebo
