[0.660s] Invoking command in '/home/ojasvi/Desktop/eYRC2024LogisticCobot/src/ur5_control': PYTHONPATH=/home/ojasvi/Desktop/eYRC2024LogisticCobot/build/ur5_control/prefix_override:/usr/lib/python3/dist-packages/colcon_core/task/python/colcon_distutils_commands:/home/ojasvi/Desktop/eYRC2024LogisticCobot/install/ur5_control/lib/python3.10/site-packages:${PYTHONPATH} /usr/bin/python3 -W ignore:setup.py install is deprecated setup.py egg_info --egg-base ../../build/ur5_control build --build-base /home/ojasvi/Desktop/eYRC2024LogisticCobot/build/ur5_control/build install --record /home/ojasvi/Desktop/eYRC2024LogisticCobot/build/ur5_control/install.log --single-version-externally-managed install_data
[0.883s] running egg_info
[0.883s] creating ../../build/ur5_control/ur5_control.egg-info
[0.883s] writing ../../build/ur5_control/ur5_control.egg-info/PKG-INFO
[0.883s] writing dependency_links to ../../build/ur5_control/ur5_control.egg-info/dependency_links.txt
[0.884s] writing entry points to ../../build/ur5_control/ur5_control.egg-info/entry_points.txt
[0.884s] writing requirements to ../../build/ur5_control/ur5_control.egg-info/requires.txt
[0.884s] writing top-level names to ../../build/ur5_control/ur5_control.egg-info/top_level.txt
[0.884s] writing manifest file '../../build/ur5_control/ur5_control.egg-info/SOURCES.txt'
[0.885s] reading manifest file '../../build/ur5_control/ur5_control.egg-info/SOURCES.txt'
[0.886s] writing manifest file '../../build/ur5_control/ur5_control.egg-info/SOURCES.txt'
[0.886s] running build
[0.886s] running build_py
[0.886s] creating /home/ojasvi/Desktop/eYRC2024LogisticCobot/build/ur5_control/build
[0.886s] creating /home/ojasvi/Desktop/eYRC2024LogisticCobot/build/ur5_control/build/lib
[0.886s] creating /home/ojasvi/Desktop/eYRC2024LogisticCobot/build/ur5_control/build/lib/ur5_control
[0.886s] copying ur5_control/__init__.py -> /home/ojasvi/Desktop/eYRC2024LogisticCobot/build/ur5_control/build/lib/ur5_control
[0.886s] copying ur5_control/task1b_boiler_plate.py -> /home/ojasvi/Desktop/eYRC2024LogisticCobot/build/ur5_control/build/lib/ur5_control
[0.886s] running install
[0.887s] running install_lib
[0.887s] creating /home/ojasvi/Desktop/eYRC2024LogisticCobot/install/ur5_control/lib/python3.10/site-packages/ur5_control
[0.887s] copying /home/ojasvi/Desktop/eYRC2024LogisticCobot/build/ur5_control/build/lib/ur5_control/__init__.py -> /home/ojasvi/Desktop/eYRC2024LogisticCobot/install/ur5_control/lib/python3.10/site-packages/ur5_control
[0.887s] copying /home/ojasvi/Desktop/eYRC2024LogisticCobot/build/ur5_control/build/lib/ur5_control/task1b_boiler_plate.py -> /home/ojasvi/Desktop/eYRC2024LogisticCobot/install/ur5_control/lib/python3.10/site-packages/ur5_control
[0.888s] byte-compiling /home/ojasvi/Desktop/eYRC2024LogisticCobot/install/ur5_control/lib/python3.10/site-packages/ur5_control/__init__.py to __init__.cpython-310.pyc
[0.888s] byte-compiling /home/ojasvi/Desktop/eYRC2024LogisticCobot/install/ur5_control/lib/python3.10/site-packages/ur5_control/task1b_boiler_plate.py to task1b_boiler_plate.cpython-310.pyc
[0.890s] running install_data
[0.890s] creating /home/ojasvi/Desktop/eYRC2024LogisticCobot/install/ur5_control/share/ament_index
[0.890s] creating /home/ojasvi/Desktop/eYRC2024LogisticCobot/install/ur5_control/share/ament_index/resource_index
[0.890s] creating /home/ojasvi/Desktop/eYRC2024LogisticCobot/install/ur5_control/share/ament_index/resource_index/packages
[0.890s] copying resource/ur5_control -> /home/ojasvi/Desktop/eYRC2024LogisticCobot/install/ur5_control/share/ament_index/resource_index/packages
[0.890s] copying package.xml -> /home/ojasvi/Desktop/eYRC2024LogisticCobot/install/ur5_control/share/ur5_control
[0.890s] creating /home/ojasvi/Desktop/eYRC2024LogisticCobot/install/ur5_control/lib/ur5_control
[0.890s] copying ur5_control/__init__.py -> /home/ojasvi/Desktop/eYRC2024LogisticCobot/install/ur5_control/lib/ur5_control
[0.891s] running install_egg_info
[0.892s] Copying ../../build/ur5_control/ur5_control.egg-info to /home/ojasvi/Desktop/eYRC2024LogisticCobot/install/ur5_control/lib/python3.10/site-packages/ur5_control-0.0.0-py3.10.egg-info
[0.892s] running install_scripts
[0.907s] Installing task1b script to /home/ojasvi/Desktop/eYRC2024LogisticCobot/install/ur5_control/lib/ur5_control
[0.907s] writing list of installed files to '/home/ojasvi/Desktop/eYRC2024LogisticCobot/build/ur5_control/install.log'
[0.926s] Invoked command in '/home/ojasvi/Desktop/eYRC2024LogisticCobot/src/ur5_control' returned '0': PYTHONPATH=/home/ojasvi/Desktop/eYRC2024LogisticCobot/build/ur5_control/prefix_override:/usr/lib/python3/dist-packages/colcon_core/task/python/colcon_distutils_commands:/home/ojasvi/Desktop/eYRC2024LogisticCobot/install/ur5_control/lib/python3.10/site-packages:${PYTHONPATH} /usr/bin/python3 -W ignore:setup.py install is deprecated setup.py egg_info --egg-base ../../build/ur5_control build --build-base /home/ojasvi/Desktop/eYRC2024LogisticCobot/build/ur5_control/build install --record /home/ojasvi/Desktop/eYRC2024LogisticCobot/build/ur5_control/install.log --single-version-externally-managed install_data
