[1.052s] Invoking command in '/home/ojasvi/Desktop/eYRC2024LogisticCobot/src/ur5_control': PYTHONPATH=/home/ojasvi/Desktop/eYRC2024LogisticCobot/build/ur5_control/prefix_override:/usr/lib/python3/dist-packages/colcon_core/task/python/colcon_distutils_commands:/home/ojasvi/Desktop/eYRC2024LogisticCobot/install/ur5_control/lib/python3.10/site-packages:${PYTHONPATH} /usr/bin/python3 -W ignore:setup.py install is deprecated setup.py egg_info --egg-base ../../build/ur5_control build --build-base /home/ojasvi/Desktop/eYRC2024LogisticCobot/build/ur5_control/build install --record /home/ojasvi/Desktop/eYRC2024LogisticCobot/build/ur5_control/install.log --single-version-externally-managed install_data
[1.284s] running egg_info
[1.284s] writing ../../build/ur5_control/ur5_control.egg-info/PKG-INFO
[1.284s] writing dependency_links to ../../build/ur5_control/ur5_control.egg-info/dependency_links.txt
[1.285s] writing entry points to ../../build/ur5_control/ur5_control.egg-info/entry_points.txt
[1.285s] writing requirements to ../../build/ur5_control/ur5_control.egg-info/requires.txt
[1.285s] writing top-level names to ../../build/ur5_control/ur5_control.egg-info/top_level.txt
[1.286s] reading manifest file '../../build/ur5_control/ur5_control.egg-info/SOURCES.txt'
[1.287s] writing manifest file '../../build/ur5_control/ur5_control.egg-info/SOURCES.txt'
[1.287s] running build
[1.287s] running build_py
[1.287s] copying ur5_control/task1b_boiler_plate.py -> /home/ojasvi/Desktop/eYRC2024LogisticCobot/build/ur5_control/build/lib/ur5_control
[1.288s] running install
[1.288s] running install_lib
[1.289s] copying /home/ojasvi/Desktop/eYRC2024LogisticCobot/build/ur5_control/build/lib/ur5_control/task1b_boiler_plate.py -> /home/ojasvi/Desktop/eYRC2024LogisticCobot/install/ur5_control/lib/python3.10/site-packages/ur5_control
[1.289s] byte-compiling /home/ojasvi/Desktop/eYRC2024LogisticCobot/install/ur5_control/lib/python3.10/site-packages/ur5_control/task1b_boiler_plate.py to task1b_boiler_plate.cpython-310.pyc
[1.293s] running install_data
[1.293s] running install_egg_info
[1.296s] removing '/home/ojasvi/Desktop/eYRC2024LogisticCobot/install/ur5_control/lib/python3.10/site-packages/ur5_control-0.0.0-py3.10.egg-info' (and everything under it)
[1.296s] Copying ../../build/ur5_control/ur5_control.egg-info to /home/ojasvi/Desktop/eYRC2024LogisticCobot/install/ur5_control/lib/python3.10/site-packages/ur5_control-0.0.0-py3.10.egg-info
[1.297s] running install_scripts
[1.318s] Installing task1b script to /home/ojasvi/Desktop/eYRC2024LogisticCobot/install/ur5_control/lib/ur5_control
[1.318s] writing list of installed files to '/home/ojasvi/Desktop/eYRC2024LogisticCobot/build/ur5_control/install.log'
[1.362s] Invoked command in '/home/ojasvi/Desktop/eYRC2024LogisticCobot/src/ur5_control' returned '0': PYTHONPATH=/home/ojasvi/Desktop/eYRC2024LogisticCobot/build/ur5_control/prefix_override:/usr/lib/python3/dist-packages/colcon_core/task/python/colcon_distutils_commands:/home/ojasvi/Desktop/eYRC2024LogisticCobot/install/ur5_control/lib/python3.10/site-packages:${PYTHONPATH} /usr/bin/python3 -W ignore:setup.py install is deprecated setup.py egg_info --egg-base ../../build/ur5_control build --build-base /home/ojasvi/Desktop/eYRC2024LogisticCobot/build/ur5_control/build install --record /home/ojasvi/Desktop/eYRC2024LogisticCobot/build/ur5_control/install.log --single-version-externally-managed install_data
