[0.024s] Invoking command in '/home/ojasvi/Desktop/eYRC2024LogisticCobot/build/realsense_gazebo_plugin': CMAKE_PREFIX_PATH=/opt/ros/humble /usr/bin/cmake /home/ojasvi/Desktop/eYRC2024LogisticCobot/src/realsense_gazebo_plugin -DCMAKE_INSTALL_PREFIX=/home/ojasvi/Desktop/eYRC2024LogisticCobot/install/realsense_gazebo_plugin
[0.576s] -- The C compiler identification is GNU 11.4.0
[0.852s] -- The CXX compiler identification is GNU 11.4.0
[0.859s] -- Detecting C compiler ABI info
[1.069s] -- Detecting C compiler ABI info - done
[1.076s] -- Check for working C compiler: /usr/bin/cc - skipped
[1.138s] -- Detecting C compile features
[1.139s] -- Detecting C compile features - done
[1.143s] -- Detecting CXX compiler ABI info
[1.428s] -- Detecting CXX compiler ABI info - done
[1.436s] -- Check for working CXX compiler: /usr/bin/c++ - skipped
[1.437s] -- Detecting CXX compile features
[1.437s] -- Detecting CXX compile features - done
[1.551s] -- Found ament_cmake: 1.3.10 (/opt/ros/humble/share/ament_cmake/cmake)
[1.738s] -- Found Python3: /usr/bin/python3 (found version "3.10.12") found components: Interpreter 
[1.854s] -- Found rclcpp: 16.0.10 (/opt/ros/humble/share/rclcpp/cmake)
[1.907s] -- Found rosidl_generator_c: 3.1.5 (/opt/ros/humble/share/rosidl_generator_c/cmake)
[1.915s] -- Found rosidl_adapter: 3.1.5 (/opt/ros/humble/share/rosidl_adapter/cmake)
[1.932s] -- Found rosidl_generator_cpp: 3.1.5 (/opt/ros/humble/share/rosidl_generator_cpp/cmake)
[2.017s] -- Using all available rosidl_typesupport_c: rosidl_typesupport_fastrtps_c;rosidl_typesupport_introspection_c
[2.097s] -- Using all available rosidl_typesupport_cpp: rosidl_typesupport_fastrtps_cpp;rosidl_typesupport_introspection_cpp
[2.230s] -- Found rmw_implementation_cmake: 6.1.2 (/opt/ros/humble/share/rmw_implementation_cmake/cmake)
[2.235s] -- Found rmw_fastrtps_cpp: 6.2.7 (/opt/ros/humble/share/rmw_fastrtps_cpp/cmake)
[2.640s] -- Found OpenSSL: /usr/lib/x86_64-linux-gnu/libcrypto.so (found version "3.0.2")  
[3.332s] -- Found FastRTPS: /opt/ros/foxy/include  
[3.373s] -- Using RMW implementation 'rmw_fastrtps_cpp' as default
[3.387s] -- Looking for pthread.h
[3.512s] -- Looking for pthread.h - found
[3.512s] -- Performing Test CMAKE_HAVE_LIBC_PTHREAD
[3.712s] -- Performing Test CMAKE_HAVE_LIBC_PTHREAD - Success
[3.713s] -- Found Threads: TRUE  
[3.821s] -- Found gazebo_ros: 3.7.0 (/opt/ros/humble/share/gazebo_ros/cmake)
[3.835s] -- Found PkgConfig: /usr/bin/pkg-config (found version "0.29.2") 
[3.837s] -- Checking for module 'bullet>=2.82'
[3.851s] --   Found bullet, version 3.05
[5.937s] -- Found fcl: /usr/include (found suitable version "0.7.0", minimum required is "0.5.0") 
[6.048s] -- Found assimp: /usr/include (found version "5.2.0") 
[6.153s] -- Found DART: /usr/include (Required is at least version "6.6") found components: dart 
[7.116s] -- Found Boost: /usr/lib/x86_64-linux-gnu/cmake/Boost-1.74.0/BoostConfig.cmake (found suitable version "1.74.0", minimum required is "1.40.0") found components: thread system filesystem program_options regex iostreams date_time 
[7.292s] -- Found Protobuf: /usr/lib/x86_64-linux-gnu/libprotobuf.so (found version "3.12.4") 
[7.384s] -- Looking for ignition-math6 -- found version 6.15.1
[7.398s] -- Searching for dependencies of ignition-math6
[7.402s] -- Looking for OGRE...
[7.402s] -- OGRE_PREFIX_WATCH changed.
[7.411s] -- Checking for module 'OGRE'
[7.428s] --   Found OGRE, version 1.9.0
[7.477s] -- Found Ogre Ghadamon (1.9.0)
[7.492s] -- Found OGRE: optimized;/usr/lib/x86_64-linux-gnu/libOgreMain.so;debug;/usr/lib/x86_64-linux-gnu/libOgreMain.so
[7.509s] -- Looking for OGRE_Paging...
[7.521s] -- Found OGRE_Paging: optimized;/usr/lib/x86_64-linux-gnu/libOgrePaging.so;debug;/usr/lib/x86_64-linux-gnu/libOgrePaging.so
[7.521s] -- Looking for OGRE_Terrain...
[7.531s] -- Found OGRE_Terrain: optimized;/usr/lib/x86_64-linux-gnu/libOgreTerrain.so;debug;/usr/lib/x86_64-linux-gnu/libOgreTerrain.so
[7.532s] -- Looking for OGRE_Property...
[7.542s] -- Found OGRE_Property: optimized;/usr/lib/x86_64-linux-gnu/libOgreProperty.so;debug;/usr/lib/x86_64-linux-gnu/libOgreProperty.so
[7.542s] -- Looking for OGRE_RTShaderSystem...
[7.551s] -- Found OGRE_RTShaderSystem: optimized;/usr/lib/x86_64-linux-gnu/libOgreRTShaderSystem.so;debug;/usr/lib/x86_64-linux-gnu/libOgreRTShaderSystem.so
[7.551s] -- Looking for OGRE_Volume...
[7.561s] -- Found OGRE_Volume: optimized;/usr/lib/x86_64-linux-gnu/libOgreVolume.so;debug;/usr/lib/x86_64-linux-gnu/libOgreVolume.so
[7.561s] -- Looking for OGRE_Overlay...
[7.570s] -- Found OGRE_Overlay: optimized;/usr/lib/x86_64-linux-gnu/libOgreOverlay.so;debug;/usr/lib/x86_64-linux-gnu/libOgreOverlay.so
[7.978s] -- Looking for ignition-math6 -- found version 6.15.1
[7.999s] -- Looking for ignition-transport8 -- found version 8.2.1
[7.999s] -- Searching for dependencies of ignition-transport8
[8.020s] -- Found Protobuf: /usr/lib/x86_64-linux-gnu/libprotobuf.so (found suitable version "3.12.4", minimum required is "3") 
[8.075s] -- Config-file not installed for ZeroMQ -- checking for pkg-config
[8.082s] -- Checking for module 'libzmq >= 4'
[8.099s] --   Found libzmq , version 4.3.4
[8.135s] -- Found ZeroMQ: TRUE (Required is at least version "4") 
[8.187s] -- Checking for module 'uuid'
[8.202s] --   Found uuid, version 2.37.2
[8.234s] -- Found UUID: TRUE  
[8.237s] -- Looking for ignition-msgs5 -- found version 5.8.1
[8.237s] -- Searching for dependencies of ignition-msgs5
[8.255s] -- Looking for ignition-math6 -- found version 6.15.1
[8.260s] -- Checking for module 'tinyxml2'
[8.272s] --   Found tinyxml2, version 9.0.0
[8.306s] -- Looking for ignition-msgs5 -- found version 5.8.1
[8.308s] -- Looking for ignition-common3 -- found version 3.14.0
[8.309s] -- Searching for dependencies of ignition-common3
[8.309s] -- Looking for dlfcn.h - found
[8.310s] -- Looking for libdl - found
[8.311s] -- Found DL: TRUE  
[8.321s] -- Found tinyobjloader: /usr/lib/x86_64-linux-gnu/cmake/tinyobjloader/tinyobjloader-config.cmake (found version "2.0.0") 
[8.322s] -- Searching for <ignition-common3> component [graphics]
[8.325s] -- Looking for ignition-common3-graphics -- found version 3.14.0
[8.325s] -- Searching for dependencies of ignition-common3-graphics
[8.326s] -- Looking for ignition-math6 -- found version 6.15.1
[8.329s] -- Looking for ignition-fuel_tools4 -- found version 4.4.0
[8.330s] -- Searching for dependencies of ignition-fuel_tools4
[8.404s] -- Found CURL: /usr/lib/x86_64-linux-gnu/libcurl.so (found version "7.81.0")  
[8.413s] -- Checking for module 'jsoncpp'
[8.425s] --   Found jsoncpp, version 1.9.5
[8.459s] -- Found JSONCPP: TRUE  
[8.464s] -- Checking for module 'libzip'
[8.476s] --   Found libzip, version 1.7.3
[8.509s] -- Found ZIP: TRUE  
[8.509s] -- Looking for ignition-common3 -- found version 3.14.0
[8.510s] -- Looking for ignition-math6 -- found version 6.15.1
[8.510s] -- Looking for ignition-msgs5 -- found version 5.8.1
[9.359s] -- Gazebo version: 11.10
[9.360s] -- Checking for module 'tbb'
[9.504s] --   Found tbb, version 2021.5.0
[9.908s] -- Found image_transport: 3.1.9 (/opt/ros/humble/share/image_transport/cmake)
[19.550s] -- Found camera_info_manager: 3.1.9 (/opt/ros/humble/share/camera_info_manager/cmake)
[20.920s] -- Found ament_lint_auto: 0.12.11 (/opt/ros/humble/share/ament_lint_auto/cmake)
[20.976s] -- Configuring done
[21.628s] -- Generating done
[21.669s] -- Build files have been written to: /home/ojasvi/Desktop/eYRC2024LogisticCobot/build/realsense_gazebo_plugin
[21.683s] Invoked command in '/home/ojasvi/Desktop/eYRC2024LogisticCobot/build/realsense_gazebo_plugin' returned '0': CMAKE_PREFIX_PATH=/opt/ros/humble /usr/bin/cmake /home/ojasvi/Desktop/eYRC2024LogisticCobot/src/realsense_gazebo_plugin -DCMAKE_INSTALL_PREFIX=/home/ojasvi/Desktop/eYRC2024LogisticCobot/install/realsense_gazebo_plugin
[21.685s] Invoking command in '/home/ojasvi/Desktop/eYRC2024LogisticCobot/build/realsense_gazebo_plugin': CMAKE_PREFIX_PATH=/opt/ros/humble /usr/bin/cmake --build /home/ojasvi/Desktop/eYRC2024LogisticCobot/build/realsense_gazebo_plugin -- -j12 -l12
[21.730s] [ 33%] [32mBuilding CXX object CMakeFiles/realsense_gazebo_plugin.dir/src/RealSensePlugin.cpp.o[0m
[21.730s] [ 66%] [32mBuilding CXX object CMakeFiles/realsense_gazebo_plugin.dir/src/gazebo_ros_realsense.cpp.o[0m
[58.317s] [100%] [32m[1mLinking CXX shared library librealsense_gazebo_plugin.so[0m
[59.067s] [100%] Built target realsense_gazebo_plugin
[59.078s] Invoked command in '/home/ojasvi/Desktop/eYRC2024LogisticCobot/build/realsense_gazebo_plugin' returned '0': CMAKE_PREFIX_PATH=/opt/ros/humble /usr/bin/cmake --build /home/ojasvi/Desktop/eYRC2024LogisticCobot/build/realsense_gazebo_plugin -- -j12 -l12
[59.106s] Invoking command in '/home/ojasvi/Desktop/eYRC2024LogisticCobot/build/realsense_gazebo_plugin': CMAKE_PREFIX_PATH=/opt/ros/humble /usr/bin/cmake --install /home/ojasvi/Desktop/eYRC2024LogisticCobot/build/realsense_gazebo_plugin
[59.114s] -- Install configuration: ""
[59.114s] -- Installing: /home/ojasvi/Desktop/eYRC2024LogisticCobot/install/realsense_gazebo_plugin/lib/librealsense_gazebo_plugin.so
[59.118s] -- Set runtime path of "/home/ojasvi/Desktop/eYRC2024LogisticCobot/install/realsense_gazebo_plugin/lib/librealsense_gazebo_plugin.so" to ""
[59.118s] -- Installing: /home/ojasvi/Desktop/eYRC2024LogisticCobot/install/realsense_gazebo_plugin/include/
[59.118s] -- Installing: /home/ojasvi/Desktop/eYRC2024LogisticCobot/install/realsense_gazebo_plugin/include//realsense_gazebo_plugin
[59.118s] -- Installing: /home/ojasvi/Desktop/eYRC2024LogisticCobot/install/realsense_gazebo_plugin/include//realsense_gazebo_plugin/gazebo_ros_realsense.h
[59.119s] -- Installing: /home/ojasvi/Desktop/eYRC2024LogisticCobot/install/realsense_gazebo_plugin/include//realsense_gazebo_plugin/RealSensePlugin.h
[59.119s] -- Installing: /home/ojasvi/Desktop/eYRC2024LogisticCobot/install/realsense_gazebo_plugin/share/realsense_gazebo_plugin/environment/library_path.sh
[59.119s] -- Installing: /home/ojasvi/Desktop/eYRC2024LogisticCobot/install/realsense_gazebo_plugin/share/realsense_gazebo_plugin/environment/library_path.dsv
[59.119s] -- Installing: /home/ojasvi/Desktop/eYRC2024LogisticCobot/install/realsense_gazebo_plugin/share/ament_index/resource_index/package_run_dependencies/realsense_gazebo_plugin
[59.119s] -- Installing: /home/ojasvi/Desktop/eYRC2024LogisticCobot/install/realsense_gazebo_plugin/share/ament_index/resource_index/parent_prefix_path/realsense_gazebo_plugin
[59.119s] -- Installing: /home/ojasvi/Desktop/eYRC2024LogisticCobot/install/realsense_gazebo_plugin/share/realsense_gazebo_plugin/environment/ament_prefix_path.sh
[59.120s] -- Installing: /home/ojasvi/Desktop/eYRC2024LogisticCobot/install/realsense_gazebo_plugin/share/realsense_gazebo_plugin/environment/ament_prefix_path.dsv
[59.120s] -- Installing: /home/ojasvi/Desktop/eYRC2024LogisticCobot/install/realsense_gazebo_plugin/share/realsense_gazebo_plugin/environment/path.sh
[59.120s] -- Installing: /home/ojasvi/Desktop/eYRC2024LogisticCobot/install/realsense_gazebo_plugin/share/realsense_gazebo_plugin/environment/path.dsv
[59.120s] -- Installing: /home/ojasvi/Desktop/eYRC2024LogisticCobot/install/realsense_gazebo_plugin/share/realsense_gazebo_plugin/local_setup.bash
[59.120s] -- Installing: /home/ojasvi/Desktop/eYRC2024LogisticCobot/install/realsense_gazebo_plugin/share/realsense_gazebo_plugin/local_setup.sh
[59.120s] -- Installing: /home/ojasvi/Desktop/eYRC2024LogisticCobot/install/realsense_gazebo_plugin/share/realsense_gazebo_plugin/local_setup.zsh
[59.120s] -- Installing: /home/ojasvi/Desktop/eYRC2024LogisticCobot/install/realsense_gazebo_plugin/share/realsense_gazebo_plugin/local_setup.dsv
[59.121s] -- Installing: /home/ojasvi/Desktop/eYRC2024LogisticCobot/install/realsense_gazebo_plugin/share/realsense_gazebo_plugin/package.dsv
[59.121s] -- Installing: /home/ojasvi/Desktop/eYRC2024LogisticCobot/install/realsense_gazebo_plugin/share/ament_index/resource_index/packages/realsense_gazebo_plugin
[59.121s] -- Installing: /home/ojasvi/Desktop/eYRC2024LogisticCobot/install/realsense_gazebo_plugin/share/realsense_gazebo_plugin/cmake/ament_cmake_export_include_directories-extras.cmake
[59.121s] -- Installing: /home/ojasvi/Desktop/eYRC2024LogisticCobot/install/realsense_gazebo_plugin/share/realsense_gazebo_plugin/cmake/ament_cmake_export_libraries-extras.cmake
[59.121s] -- Installing: /home/ojasvi/Desktop/eYRC2024LogisticCobot/install/realsense_gazebo_plugin/share/realsense_gazebo_plugin/cmake/realsense_gazebo_pluginConfig.cmake
[59.121s] -- Installing: /home/ojasvi/Desktop/eYRC2024LogisticCobot/install/realsense_gazebo_plugin/share/realsense_gazebo_plugin/cmake/realsense_gazebo_pluginConfig-version.cmake
[59.121s] -- Installing: /home/ojasvi/Desktop/eYRC2024LogisticCobot/install/realsense_gazebo_plugin/share/realsense_gazebo_plugin/package.xml
[59.124s] Invoked command in '/home/ojasvi/Desktop/eYRC2024LogisticCobot/build/realsense_gazebo_plugin' returned '0': CMAKE_PREFIX_PATH=/opt/ros/humble /usr/bin/cmake --install /home/ojasvi/Desktop/eYRC2024LogisticCobot/build/realsense_gazebo_plugin
