[0.007s] Invoking command in '/home/ojasvi/colcon_ws2/src/build/ur_moveit_config': AMENT_PREFIX_PATH=/home/ojasvi/colcon_ws2/src/install/ur_description:${AMENT_PREFIX_PATH} CMAKE_PREFIX_PATH=/home/ojasvi/colcon_ws2/src/install/ur_description:/opt/ros/humble /usr/bin/cmake /home/ojasvi/colcon_ws2/src/ur_moveit_config -DCMAKE_INSTALL_PREFIX=/home/ojasvi/colcon_ws2/src/install/ur_moveit_config
[0.065s] -- The C compiler identification is GNU 11.4.0
[0.135s] -- The CXX compiler identification is GNU 11.4.0
[0.145s] -- Detecting C compiler ABI info
[0.223s] -- Detecting C compiler ABI info - done
[0.230s] -- Check for working C compiler: /usr/bin/cc - skipped
[0.230s] -- Detecting C compile features
[0.230s] -- Detecting C compile features - done
[0.233s] -- Detecting CXX compiler ABI info
[0.335s] -- Detecting CXX compiler ABI info - done
[0.345s] -- Check for working CXX compiler: /usr/bin/c++ - skipped
[0.346s] -- Detecting CXX compile features
[0.346s] -- Detecting CXX compile features - done
[0.350s] -- Found ament_cmake: 1.3.10 (/opt/ros/humble/share/ament_cmake/cmake)
[0.533s] -- Found Python3: /usr/bin/python3 (found version "3.10.12") found components: Interpreter 
[0.689s] -- Found ament_lint_auto: 0.12.11 (/opt/ros/humble/share/ament_lint_auto/cmake)
[0.782s] -- Configuring done
[0.786s] -- Generating done
[0.786s] -- Build files have been written to: /home/ojasvi/colcon_ws2/src/build/ur_moveit_config
[0.794s] Invoked command in '/home/ojasvi/colcon_ws2/src/build/ur_moveit_config' returned '0': AMENT_PREFIX_PATH=/home/ojasvi/colcon_ws2/src/install/ur_description:${AMENT_PREFIX_PATH} CMAKE_PREFIX_PATH=/home/ojasvi/colcon_ws2/src/install/ur_description:/opt/ros/humble /usr/bin/cmake /home/ojasvi/colcon_ws2/src/ur_moveit_config -DCMAKE_INSTALL_PREFIX=/home/ojasvi/colcon_ws2/src/install/ur_moveit_config
[0.796s] Invoking command in '/home/ojasvi/colcon_ws2/src/build/ur_moveit_config': AMENT_PREFIX_PATH=/home/ojasvi/colcon_ws2/src/install/ur_description:${AMENT_PREFIX_PATH} CMAKE_PREFIX_PATH=/home/ojasvi/colcon_ws2/src/install/ur_description:/opt/ros/humble /usr/bin/cmake --build /home/ojasvi/colcon_ws2/src/build/ur_moveit_config -- -j12 -l12
[0.854s] Invoked command in '/home/ojasvi/colcon_ws2/src/build/ur_moveit_config' returned '0': AMENT_PREFIX_PATH=/home/ojasvi/colcon_ws2/src/install/ur_description:${AMENT_PREFIX_PATH} CMAKE_PREFIX_PATH=/home/ojasvi/colcon_ws2/src/install/ur_description:/opt/ros/humble /usr/bin/cmake --build /home/ojasvi/colcon_ws2/src/build/ur_moveit_config -- -j12 -l12
[0.879s] Invoking command in '/home/ojasvi/colcon_ws2/src/build/ur_moveit_config': AMENT_PREFIX_PATH=/home/ojasvi/colcon_ws2/src/install/ur_description:${AMENT_PREFIX_PATH} CMAKE_PREFIX_PATH=/home/ojasvi/colcon_ws2/src/install/ur_description:/opt/ros/humble /usr/bin/cmake --install /home/ojasvi/colcon_ws2/src/build/ur_moveit_config
[0.888s] -- Install configuration: ""
[0.888s] -- Installing: /home/ojasvi/colcon_ws2/src/install/ur_moveit_config/share/ur_moveit_config/config
[0.888s] -- Installing: /home/ojasvi/colcon_ws2/src/install/ur_moveit_config/share/ur_moveit_config/config/kinematics.yaml
[0.888s] -- Installing: /home/ojasvi/colcon_ws2/src/install/ur_moveit_config/share/ur_moveit_config/config/ur_servo.yaml
[0.889s] -- Installing: /home/ojasvi/colcon_ws2/src/install/ur_moveit_config/share/ur_moveit_config/config/ompl_planning.yaml
[0.889s] -- Installing: /home/ojasvi/colcon_ws2/src/install/ur_moveit_config/share/ur_moveit_config/config/controllers.yaml
[0.890s] -- Installing: /home/ojasvi/colcon_ws2/src/install/ur_moveit_config/share/ur_moveit_config/launch
[0.890s] -- Installing: /home/ojasvi/colcon_ws2/src/install/ur_moveit_config/share/ur_moveit_config/launch/ur_moveit.launch.py
[0.890s] -- Installing: /home/ojasvi/colcon_ws2/src/install/ur_moveit_config/share/ur_moveit_config/rviz
[0.891s] -- Installing: /home/ojasvi/colcon_ws2/src/install/ur_moveit_config/share/ur_moveit_config/rviz/view_robot.rviz
[0.891s] -- Installing: /home/ojasvi/colcon_ws2/src/install/ur_moveit_config/share/ur_moveit_config/srdf
[0.891s] -- Installing: /home/ojasvi/colcon_ws2/src/install/ur_moveit_config/share/ur_moveit_config/srdf/ur.srdf.xacro
[0.891s] -- Installing: /home/ojasvi/colcon_ws2/src/install/ur_moveit_config/share/ur_moveit_config/srdf/ur_macro.srdf.xacro
[0.892s] -- Installing: /home/ojasvi/colcon_ws2/src/install/ur_moveit_config/share/ament_index/resource_index/package_run_dependencies/ur_moveit_config
[0.892s] -- Installing: /home/ojasvi/colcon_ws2/src/install/ur_moveit_config/share/ament_index/resource_index/parent_prefix_path/ur_moveit_config
[0.893s] -- Installing: /home/ojasvi/colcon_ws2/src/install/ur_moveit_config/share/ur_moveit_config/environment/ament_prefix_path.sh
[0.893s] -- Installing: /home/ojasvi/colcon_ws2/src/install/ur_moveit_config/share/ur_moveit_config/environment/ament_prefix_path.dsv
[0.893s] -- Installing: /home/ojasvi/colcon_ws2/src/install/ur_moveit_config/share/ur_moveit_config/environment/path.sh
[0.893s] -- Installing: /home/ojasvi/colcon_ws2/src/install/ur_moveit_config/share/ur_moveit_config/environment/path.dsv
[0.893s] -- Installing: /home/ojasvi/colcon_ws2/src/install/ur_moveit_config/share/ur_moveit_config/local_setup.bash
[0.893s] -- Installing: /home/ojasvi/colcon_ws2/src/install/ur_moveit_config/share/ur_moveit_config/local_setup.sh
[0.893s] -- Installing: /home/ojasvi/colcon_ws2/src/install/ur_moveit_config/share/ur_moveit_config/local_setup.zsh
[0.894s] -- Installing: /home/ojasvi/colcon_ws2/src/install/ur_moveit_config/share/ur_moveit_config/local_setup.dsv
[0.894s] -- Installing: /home/ojasvi/colcon_ws2/src/install/ur_moveit_config/share/ur_moveit_config/package.dsv
[0.894s] -- Installing: /home/ojasvi/colcon_ws2/src/install/ur_moveit_config/share/ament_index/resource_index/packages/ur_moveit_config
[0.894s] -- Installing: /home/ojasvi/colcon_ws2/src/install/ur_moveit_config/share/ur_moveit_config/cmake/ur_moveit_configConfig.cmake
[0.894s] -- Installing: /home/ojasvi/colcon_ws2/src/install/ur_moveit_config/share/ur_moveit_config/cmake/ur_moveit_configConfig-version.cmake
[0.894s] -- Installing: /home/ojasvi/colcon_ws2/src/install/ur_moveit_config/share/ur_moveit_config/package.xml
[0.898s] Invoked command in '/home/ojasvi/colcon_ws2/src/build/ur_moveit_config' returned '0': AMENT_PREFIX_PATH=/home/ojasvi/colcon_ws2/src/install/ur_description:${AMENT_PREFIX_PATH} CMAKE_PREFIX_PATH=/home/ojasvi/colcon_ws2/src/install/ur_description:/opt/ros/humble /usr/bin/cmake --install /home/ojasvi/colcon_ws2/src/build/ur_moveit_config
