[0.029s] Invoking command in '/home/ojasvi/Desktop/eYRC2024LogisticCobot/build/ebot_nav2': CMAKE_PREFIX_PATH=${CMAKE_PREFIX_PATH}:/home/ojasvi/Desktop/eYRC2024LogisticCobot/install/ur5_control:/opt/ros/humble /usr/bin/cmake --build /home/ojasvi/Desktop/eYRC2024LogisticCobot/build/ebot_nav2 -- -j12 -l12
[0.281s] Invoked command in '/home/ojasvi/Desktop/eYRC2024LogisticCobot/build/ebot_nav2' returned '0': CMAKE_PREFIX_PATH=${CMAKE_PREFIX_PATH}:/home/ojasvi/Desktop/eYRC2024LogisticCobot/install/ur5_control:/opt/ros/humble /usr/bin/cmake --build /home/ojasvi/Desktop/eYRC2024LogisticCobot/build/ebot_nav2 -- -j12 -l12
[0.322s] Invoking command in '/home/ojasvi/Desktop/eYRC2024LogisticCobot/build/ebot_nav2': CMAKE_PREFIX_PATH=${CMAKE_PREFIX_PATH}:/home/ojasvi/Desktop/eYRC2024LogisticCobot/install/ur5_control:/opt/ros/humble /usr/bin/cmake --install /home/ojasvi/Desktop/eYRC2024LogisticCobot/build/ebot_nav2
[0.348s] -- Install configuration: ""
[0.348s] -- Up-to-date: /home/ojasvi/Desktop/eYRC2024LogisticCobot/install/ebot_nav2/share/ebot_nav2//launch
[0.348s] -- Up-to-date: /home/ojasvi/Desktop/eYRC2024LogisticCobot/install/ebot_nav2/share/ebot_nav2//launch/ebot_bringup_launch.py
[0.348s] -- Up-to-date: /home/ojasvi/Desktop/eYRC2024LogisticCobot/install/ebot_nav2/share/ebot_nav2//config
[0.348s] -- Up-to-date: /home/ojasvi/Desktop/eYRC2024LogisticCobot/install/ebot_nav2/share/ebot_nav2//config/mapper_params_online_async.yaml
[0.348s] -- Up-to-date: /home/ojasvi/Desktop/eYRC2024LogisticCobot/install/ebot_nav2/share/ebot_nav2//config/ekf.yaml
[0.348s] -- Up-to-date: /home/ojasvi/Desktop/eYRC2024LogisticCobot/install/ebot_nav2/share/ebot_nav2//maps
[0.348s] -- Up-to-date: /home/ojasvi/Desktop/eYRC2024LogisticCobot/install/ebot_nav2/share/ebot_nav2//maps/map.data
[0.348s] -- Up-to-date: /home/ojasvi/Desktop/eYRC2024LogisticCobot/install/ebot_nav2/share/ebot_nav2//maps/map.yaml
[0.348s] -- Up-to-date: /home/ojasvi/Desktop/eYRC2024LogisticCobot/install/ebot_nav2/share/ebot_nav2//maps/map_file_here.text
[0.348s] -- Up-to-date: /home/ojasvi/Desktop/eYRC2024LogisticCobot/install/ebot_nav2/share/ebot_nav2//maps/map.posegraph
[0.349s] -- Up-to-date: /home/ojasvi/Desktop/eYRC2024LogisticCobot/install/ebot_nav2/share/ebot_nav2//maps/map.pgm
[0.349s] -- Up-to-date: /home/ojasvi/Desktop/eYRC2024LogisticCobot/install/ebot_nav2/share/ebot_nav2//params
[0.349s] -- Up-to-date: /home/ojasvi/Desktop/eYRC2024LogisticCobot/install/ebot_nav2/share/ebot_nav2//params/nav2_params.yaml
[0.349s] -- Up-to-date: /home/ojasvi/Desktop/eYRC2024LogisticCobot/install/ebot_nav2/share/ebot_nav2//rviz
[0.349s] -- Up-to-date: /home/ojasvi/Desktop/eYRC2024LogisticCobot/install/ebot_nav2/share/ebot_nav2//rviz/nav2_default_view.rviz
[0.349s] -- Up-to-date: /home/ojasvi/Desktop/eYRC2024LogisticCobot/install/ebot_nav2/share/ament_index/resource_index/package_run_dependencies/ebot_nav2
[0.349s] -- Up-to-date: /home/ojasvi/Desktop/eYRC2024LogisticCobot/install/ebot_nav2/share/ament_index/resource_index/parent_prefix_path/ebot_nav2
[0.349s] -- Up-to-date: /home/ojasvi/Desktop/eYRC2024LogisticCobot/install/ebot_nav2/share/ebot_nav2/environment/ament_prefix_path.sh
[0.349s] -- Up-to-date: /home/ojasvi/Desktop/eYRC2024LogisticCobot/install/ebot_nav2/share/ebot_nav2/environment/ament_prefix_path.dsv
[0.349s] -- Up-to-date: /home/ojasvi/Desktop/eYRC2024LogisticCobot/install/ebot_nav2/share/ebot_nav2/environment/path.sh
[0.351s] -- Up-to-date: /home/ojasvi/Desktop/eYRC2024LogisticCobot/install/ebot_nav2/share/ebot_nav2/environment/path.dsv
[0.351s] -- Up-to-date: /home/ojasvi/Desktop/eYRC2024LogisticCobot/install/ebot_nav2/share/ebot_nav2/local_setup.bash
[0.351s] -- Up-to-date: /home/ojasvi/Desktop/eYRC2024LogisticCobot/install/ebot_nav2/share/ebot_nav2/local_setup.sh
[0.351s] -- Up-to-date: /home/ojasvi/Desktop/eYRC2024LogisticCobot/install/ebot_nav2/share/ebot_nav2/local_setup.zsh
[0.352s] -- Up-to-date: /home/ojasvi/Desktop/eYRC2024LogisticCobot/install/ebot_nav2/share/ebot_nav2/local_setup.dsv
[0.352s] -- Installing: /home/ojasvi/Desktop/eYRC2024LogisticCobot/install/ebot_nav2/share/ebot_nav2/package.dsv
[0.352s] -- Up-to-date: /home/ojasvi/Desktop/eYRC2024LogisticCobot/install/ebot_nav2/share/ament_index/resource_index/packages/ebot_nav2
[0.352s] -- Up-to-date: /home/ojasvi/Desktop/eYRC2024LogisticCobot/install/ebot_nav2/share/ebot_nav2/cmake/ebot_nav2Config.cmake
[0.352s] -- Up-to-date: /home/ojasvi/Desktop/eYRC2024LogisticCobot/install/ebot_nav2/share/ebot_nav2/cmake/ebot_nav2Config-version.cmake
[0.352s] -- Up-to-date: /home/ojasvi/Desktop/eYRC2024LogisticCobot/install/ebot_nav2/share/ebot_nav2/package.xml
[0.406s] Invoked command in '/home/ojasvi/Desktop/eYRC2024LogisticCobot/build/ebot_nav2' returned '0': CMAKE_PREFIX_PATH=${CMAKE_PREFIX_PATH}:/home/ojasvi/Desktop/eYRC2024LogisticCobot/install/ur5_control:/opt/ros/humble /usr/bin/cmake --install /home/ojasvi/Desktop/eYRC2024LogisticCobot/build/ebot_nav2
