[0.025s] Invoking command in '/home/ojasvi/Desktop/eYRC2024LogisticCobot/build/pymoveit2': CMAKE_PREFIX_PATH=${CMAKE_PREFIX_PATH}:/home/ojasvi/Desktop/eYRC2024LogisticCobot/install/ur5_control:/opt/ros/humble /usr/bin/cmake --build /home/ojasvi/Desktop/eYRC2024LogisticCobot/build/pymoveit2 -- -j12 -l12
[0.088s] Built target ament_cmake_python_copy_pymoveit2
[0.304s] running egg_info
[0.305s] writing pymoveit2.egg-info/PKG-INFO
[0.305s] writing dependency_links to pymoveit2.egg-info/dependency_links.txt
[0.305s] writing top-level names to pymoveit2.egg-info/top_level.txt
[0.307s] reading manifest file 'pymoveit2.egg-info/SOURCES.txt'
[0.308s] writing manifest file 'pymoveit2.egg-info/SOURCES.txt'
[0.382s] Built target ament_cmake_python_build_pymoveit2_egg
[0.412s] Invoked command in '/home/ojasvi/Desktop/eYRC2024LogisticCobot/build/pymoveit2' returned '0': CMAKE_PREFIX_PATH=${CMAKE_PREFIX_PATH}:/home/ojasvi/Desktop/eYRC2024LogisticCobot/install/ur5_control:/opt/ros/humble /usr/bin/cmake --build /home/ojasvi/Desktop/eYRC2024LogisticCobot/build/pymoveit2 -- -j12 -l12
[0.454s] Invoking command in '/home/ojasvi/Desktop/eYRC2024LogisticCobot/build/pymoveit2': CMAKE_PREFIX_PATH=${CMAKE_PREFIX_PATH}:/home/ojasvi/Desktop/eYRC2024LogisticCobot/install/ur5_control:/opt/ros/humble /usr/bin/cmake --install /home/ojasvi/Desktop/eYRC2024LogisticCobot/build/pymoveit2
[0.461s] -- Install configuration: ""
[0.461s] -- Up-to-date: /home/ojasvi/Desktop/eYRC2024LogisticCobot/install/pymoveit2/share/pymoveit2/environment/pythonpath.sh
[0.461s] -- Up-to-date: /home/ojasvi/Desktop/eYRC2024LogisticCobot/install/pymoveit2/share/pymoveit2/environment/pythonpath.dsv
[0.461s] -- Up-to-date: /home/ojasvi/Desktop/eYRC2024LogisticCobot/install/pymoveit2/local/lib/python3.10/dist-packages/pymoveit2-2.1.0-py3.10.egg-info
[0.461s] -- Installing: /home/ojasvi/Desktop/eYRC2024LogisticCobot/install/pymoveit2/local/lib/python3.10/dist-packages/pymoveit2-2.1.0-py3.10.egg-info/SOURCES.txt
[0.461s] -- Installing: /home/ojasvi/Desktop/eYRC2024LogisticCobot/install/pymoveit2/local/lib/python3.10/dist-packages/pymoveit2-2.1.0-py3.10.egg-info/dependency_links.txt
[0.461s] -- Installing: /home/ojasvi/Desktop/eYRC2024LogisticCobot/install/pymoveit2/local/lib/python3.10/dist-packages/pymoveit2-2.1.0-py3.10.egg-info/top_level.txt
[0.461s] -- Installing: /home/ojasvi/Desktop/eYRC2024LogisticCobot/install/pymoveit2/local/lib/python3.10/dist-packages/pymoveit2-2.1.0-py3.10.egg-info/PKG-INFO
[0.461s] -- Up-to-date: /home/ojasvi/Desktop/eYRC2024LogisticCobot/install/pymoveit2/local/lib/python3.10/dist-packages/pymoveit2
[0.462s] -- Up-to-date: /home/ojasvi/Desktop/eYRC2024LogisticCobot/install/pymoveit2/local/lib/python3.10/dist-packages/pymoveit2/__init__.py
[0.462s] -- Up-to-date: /home/ojasvi/Desktop/eYRC2024LogisticCobot/install/pymoveit2/local/lib/python3.10/dist-packages/pymoveit2/robots
[0.462s] -- Up-to-date: /home/ojasvi/Desktop/eYRC2024LogisticCobot/install/pymoveit2/local/lib/python3.10/dist-packages/pymoveit2/robots/__init__.py
[0.462s] -- Up-to-date: /home/ojasvi/Desktop/eYRC2024LogisticCobot/install/pymoveit2/local/lib/python3.10/dist-packages/pymoveit2/robots/ur5.py
[0.462s] -- Up-to-date: /home/ojasvi/Desktop/eYRC2024LogisticCobot/install/pymoveit2/local/lib/python3.10/dist-packages/pymoveit2/robots/kinova.py
[0.462s] -- Up-to-date: /home/ojasvi/Desktop/eYRC2024LogisticCobot/install/pymoveit2/local/lib/python3.10/dist-packages/pymoveit2/moveit2_servo.py
[0.462s] -- Up-to-date: /home/ojasvi/Desktop/eYRC2024LogisticCobot/install/pymoveit2/local/lib/python3.10/dist-packages/pymoveit2/moveit2.py
[0.488s] Listing '/home/ojasvi/Desktop/eYRC2024LogisticCobot/install/pymoveit2/local/lib/python3.10/dist-packages/pymoveit2'...
[0.488s] Listing '/home/ojasvi/Desktop/eYRC2024LogisticCobot/install/pymoveit2/local/lib/python3.10/dist-packages/pymoveit2/robots'...
[0.491s] -- Up-to-date: /home/ojasvi/Desktop/eYRC2024LogisticCobot/install/pymoveit2/lib/pymoveit2/ex_collision_object.py
[0.491s] -- Up-to-date: /home/ojasvi/Desktop/eYRC2024LogisticCobot/install/pymoveit2/lib/pymoveit2/ex_joint_goal.py
[0.492s] -- Up-to-date: /home/ojasvi/Desktop/eYRC2024LogisticCobot/install/pymoveit2/lib/pymoveit2/ex_pose_goal.py
[0.492s] -- Up-to-date: /home/ojasvi/Desktop/eYRC2024LogisticCobot/install/pymoveit2/lib/pymoveit2/ex_servo.py
[0.492s] -- Up-to-date: /home/ojasvi/Desktop/eYRC2024LogisticCobot/install/pymoveit2/lib/pymoveit2/assets
[0.492s] -- Up-to-date: /home/ojasvi/Desktop/eYRC2024LogisticCobot/install/pymoveit2/lib/pymoveit2/assets/box.stl
[0.492s] -- Up-to-date: /home/ojasvi/Desktop/eYRC2024LogisticCobot/install/pymoveit2/lib/pymoveit2/assets/box2.stl
[0.492s] -- Up-to-date: /home/ojasvi/Desktop/eYRC2024LogisticCobot/install/pymoveit2/lib/pymoveit2/assets/rack_box_again.stl
[0.492s] -- Up-to-date: /home/ojasvi/Desktop/eYRC2024LogisticCobot/install/pymoveit2/lib/pymoveit2/assets/box3.stl
[0.492s] -- Up-to-date: /home/ojasvi/Desktop/eYRC2024LogisticCobot/install/pymoveit2/lib/pymoveit2/assets/rack_box.stl
[0.492s] -- Up-to-date: /home/ojasvi/Desktop/eYRC2024LogisticCobot/install/pymoveit2/lib/pymoveit2/assets/suzanne.stl
[0.492s] -- Up-to-date: /home/ojasvi/Desktop/eYRC2024LogisticCobot/install/pymoveit2/lib/pymoveit2/assets/rack.stl
[0.492s] -- Up-to-date: /home/ojasvi/Desktop/eYRC2024LogisticCobot/install/pymoveit2/lib/pymoveit2/assets/box1.stl
[0.492s] -- Up-to-date: /home/ojasvi/Desktop/eYRC2024LogisticCobot/install/pymoveit2/share/ament_index/resource_index/package_run_dependencies/pymoveit2
[0.492s] -- Up-to-date: /home/ojasvi/Desktop/eYRC2024LogisticCobot/install/pymoveit2/share/ament_index/resource_index/parent_prefix_path/pymoveit2
[0.492s] -- Up-to-date: /home/ojasvi/Desktop/eYRC2024LogisticCobot/install/pymoveit2/share/pymoveit2/environment/ament_prefix_path.sh
[0.492s] -- Up-to-date: /home/ojasvi/Desktop/eYRC2024LogisticCobot/install/pymoveit2/share/pymoveit2/environment/ament_prefix_path.dsv
[0.492s] -- Up-to-date: /home/ojasvi/Desktop/eYRC2024LogisticCobot/install/pymoveit2/share/pymoveit2/environment/path.sh
[0.493s] -- Up-to-date: /home/ojasvi/Desktop/eYRC2024LogisticCobot/install/pymoveit2/share/pymoveit2/environment/path.dsv
[0.493s] -- Up-to-date: /home/ojasvi/Desktop/eYRC2024LogisticCobot/install/pymoveit2/share/pymoveit2/local_setup.bash
[0.493s] -- Up-to-date: /home/ojasvi/Desktop/eYRC2024LogisticCobot/install/pymoveit2/share/pymoveit2/local_setup.sh
[0.493s] -- Up-to-date: /home/ojasvi/Desktop/eYRC2024LogisticCobot/install/pymoveit2/share/pymoveit2/local_setup.zsh
[0.493s] -- Up-to-date: /home/ojasvi/Desktop/eYRC2024LogisticCobot/install/pymoveit2/share/pymoveit2/local_setup.dsv
[0.493s] -- Installing: /home/ojasvi/Desktop/eYRC2024LogisticCobot/install/pymoveit2/share/pymoveit2/package.dsv
[0.493s] -- Up-to-date: /home/ojasvi/Desktop/eYRC2024LogisticCobot/install/pymoveit2/share/ament_index/resource_index/packages/pymoveit2
[0.493s] -- Up-to-date: /home/ojasvi/Desktop/eYRC2024LogisticCobot/install/pymoveit2/share/pymoveit2/cmake/pymoveit2Config.cmake
[0.493s] -- Up-to-date: /home/ojasvi/Desktop/eYRC2024LogisticCobot/install/pymoveit2/share/pymoveit2/cmake/pymoveit2Config-version.cmake
[0.493s] -- Up-to-date: /home/ojasvi/Desktop/eYRC2024LogisticCobot/install/pymoveit2/share/pymoveit2/package.xml
[0.495s] Invoked command in '/home/ojasvi/Desktop/eYRC2024LogisticCobot/build/pymoveit2' returned '0': CMAKE_PREFIX_PATH=${CMAKE_PREFIX_PATH}:/home/ojasvi/Desktop/eYRC2024LogisticCobot/install/ur5_control:/opt/ros/humble /usr/bin/cmake --install /home/ojasvi/Desktop/eYRC2024LogisticCobot/build/pymoveit2
