[0.026s] Invoking command in '/home/ojasvi/Desktop/eYRC2024LogisticCobot/build/ebot_description': CMAKE_PREFIX_PATH=/opt/ros/humble /usr/bin/cmake /home/ojasvi/Desktop/eYRC2024LogisticCobot/src/ebot_description -DCMAKE_INSTALL_PREFIX=/home/ojasvi/Desktop/eYRC2024LogisticCobot/install/ebot_description
[0.595s] -- The C compiler identification is GNU 11.4.0
[0.861s] -- The CXX compiler identification is GNU 11.4.0
[0.872s] -- Detecting C compiler ABI info
[1.083s] -- Detecting C compiler ABI info - done
[1.089s] -- Check for working C compiler: /usr/bin/cc - skipped
[1.152s] -- Detecting C compile features
[1.154s] -- Detecting C compile features - done
[1.157s] -- Detecting CXX compiler ABI info
[1.442s] -- Detecting CXX compiler ABI info - done
[1.454s] -- Check for working CXX compiler: /usr/bin/c++ - skipped
[1.455s] -- Detecting CXX compile features
[1.455s] -- Detecting CXX compile features - done
[1.565s] -- Found ament_cmake: 1.3.10 (/opt/ros/humble/share/ament_cmake/cmake)
[1.752s] -- Found Python3: /usr/bin/python3 (found version "3.10.12") found components: Interpreter 
[1.869s] -- Found rclcpp: 16.0.10 (/opt/ros/humble/share/rclcpp/cmake)
[1.921s] -- Found rosidl_generator_c: 3.1.5 (/opt/ros/humble/share/rosidl_generator_c/cmake)
[1.929s] -- Found rosidl_adapter: 3.1.5 (/opt/ros/humble/share/rosidl_adapter/cmake)
[1.946s] -- Found rosidl_generator_cpp: 3.1.5 (/opt/ros/humble/share/rosidl_generator_cpp/cmake)
[2.031s] -- Using all available rosidl_typesupport_c: rosidl_typesupport_fastrtps_c;rosidl_typesupport_introspection_c
[2.112s] -- Using all available rosidl_typesupport_cpp: rosidl_typesupport_fastrtps_cpp;rosidl_typesupport_introspection_cpp
[2.244s] -- Found rmw_implementation_cmake: 6.1.2 (/opt/ros/humble/share/rmw_implementation_cmake/cmake)
[2.249s] -- Found rmw_fastrtps_cpp: 6.2.7 (/opt/ros/humble/share/rmw_fastrtps_cpp/cmake)
[2.655s] -- Found OpenSSL: /usr/lib/x86_64-linux-gnu/libcrypto.so (found version "3.0.2")  
[3.346s] -- Found FastRTPS: /opt/ros/humble/include  
[3.387s] -- Using RMW implementation 'rmw_fastrtps_cpp' as default
[3.400s] -- Looking for pthread.h
[3.526s] -- Looking for pthread.h - found
[3.526s] -- Performing Test CMAKE_HAVE_LIBC_PTHREAD
[3.726s] -- Performing Test CMAKE_HAVE_LIBC_PTHREAD - Success
[3.727s] -- Found Threads: TRUE  
[3.834s] -- Found rclpy: 3.3.14 (/opt/ros/humble/share/rclpy/cmake)
[3.837s] -- Found urdf: 2.6.1 (/opt/ros/humble/share/urdf/cmake)
[3.885s] -- Found xacro: 2.0.8 (/opt/ros/humble/share/xacro/cmake)
[3.887s] -- Found ament_lint_auto: 0.12.11 (/opt/ros/humble/share/ament_lint_auto/cmake)
[3.969s] -- Added test 'copyright' to check source files copyright and LICENSE
[3.973s] -- Added test 'flake8' to check Python code syntax and style conventions
[3.975s] -- Added test 'lint_cmake' to check CMake code style
[3.975s] -- Added test 'pep257' to check Python code against some of the docstring style conventions in PEP 257
[3.977s] -- Added test 'xmllint' to check XML markup files
[3.978s] -- Configuring done
[3.982s] -- Generating done
[4.037s] -- Build files have been written to: /home/ojasvi/Desktop/eYRC2024LogisticCobot/build/ebot_description
[4.047s] Invoked command in '/home/ojasvi/Desktop/eYRC2024LogisticCobot/build/ebot_description' returned '0': CMAKE_PREFIX_PATH=/opt/ros/humble /usr/bin/cmake /home/ojasvi/Desktop/eYRC2024LogisticCobot/src/ebot_description -DCMAKE_INSTALL_PREFIX=/home/ojasvi/Desktop/eYRC2024LogisticCobot/install/ebot_description
[4.049s] Invoking command in '/home/ojasvi/Desktop/eYRC2024LogisticCobot/build/ebot_description': CMAKE_PREFIX_PATH=/opt/ros/humble /usr/bin/cmake --build /home/ojasvi/Desktop/eYRC2024LogisticCobot/build/ebot_description -- -j12 -l12
[4.095s] Invoked command in '/home/ojasvi/Desktop/eYRC2024LogisticCobot/build/ebot_description' returned '0': CMAKE_PREFIX_PATH=/opt/ros/humble /usr/bin/cmake --build /home/ojasvi/Desktop/eYRC2024LogisticCobot/build/ebot_description -- -j12 -l12
[4.306s] Invoking command in '/home/ojasvi/Desktop/eYRC2024LogisticCobot/build/ebot_description': CMAKE_PREFIX_PATH=/opt/ros/humble /usr/bin/cmake --install /home/ojasvi/Desktop/eYRC2024LogisticCobot/build/ebot_description
[4.316s] -- Install configuration: ""
[4.316s] -- Installing: /home/ojasvi/Desktop/eYRC2024LogisticCobot/install/ebot_description/share/ebot_description//launch
[4.316s] -- Installing: /home/ojasvi/Desktop/eYRC2024LogisticCobot/install/ebot_description/share/ebot_description//launch/ebot_gazebo_launch.py
[4.317s] -- Installing: /home/ojasvi/Desktop/eYRC2024LogisticCobot/install/ebot_description/share/ebot_description//launch/start_world_task1c_launch.py
[4.317s] -- Installing: /home/ojasvi/Desktop/eYRC2024LogisticCobot/install/ebot_description/share/ebot_description//launch/start_world_launch.py
[4.317s] -- Installing: /home/ojasvi/Desktop/eYRC2024LogisticCobot/install/ebot_description/share/ebot_description//launch/spawn_robot.py
[4.317s] -- Installing: /home/ojasvi/Desktop/eYRC2024LogisticCobot/install/ebot_description/share/ebot_description//launch/start_world_task1b_launch.py
[4.317s] -- Installing: /home/ojasvi/Desktop/eYRC2024LogisticCobot/install/ebot_description/share/ebot_description//worlds
[4.317s] -- Installing: /home/ojasvi/Desktop/eYRC2024LogisticCobot/install/ebot_description/share/ebot_description//worlds/empty.world
[4.317s] -- Installing: /home/ojasvi/Desktop/eYRC2024LogisticCobot/install/ebot_description/share/ebot_description//models
[4.317s] -- Installing: /home/ojasvi/Desktop/eYRC2024LogisticCobot/install/ebot_description/share/ebot_description//models/ebot
[4.317s] -- Installing: /home/ojasvi/Desktop/eYRC2024LogisticCobot/install/ebot_description/share/ebot_description//models/ebot/ebot.gazebo
[4.318s] -- Installing: /home/ojasvi/Desktop/eYRC2024LogisticCobot/install/ebot_description/share/ebot_description//models/ebot/ebot_description.xacro
[4.318s] -- Installing: /home/ojasvi/Desktop/eYRC2024LogisticCobot/install/ebot_description/share/ebot_description//meshes
[4.318s] -- Installing: /home/ojasvi/Desktop/eYRC2024LogisticCobot/install/ebot_description/share/ebot_description//meshes/FUS1.STL
[4.318s] -- Installing: /home/ojasvi/Desktop/eYRC2024LogisticCobot/install/ebot_description/share/ebot_description//meshes/RWL.STL
[4.319s] -- Installing: /home/ojasvi/Desktop/eYRC2024LogisticCobot/install/ebot_description/share/ebot_description//meshes/RHUS7.STL
[4.319s] -- Installing: /home/ojasvi/Desktop/eYRC2024LogisticCobot/install/ebot_description/share/ebot_description//meshes/RUS5.STL
[4.319s] -- Installing: /home/ojasvi/Desktop/eYRC2024LogisticCobot/install/ebot_description/share/ebot_description//meshes/LHUS9.STL
[4.319s] -- Installing: /home/ojasvi/Desktop/eYRC2024LogisticCobot/install/ebot_description/share/ebot_description//meshes/FUS2.STL
[4.319s] -- Installing: /home/ojasvi/Desktop/eYRC2024LogisticCobot/install/ebot_description/share/ebot_description//meshes/FWL.STL
[4.320s] -- Installing: /home/ojasvi/Desktop/eYRC2024LogisticCobot/install/ebot_description/share/ebot_description//meshes/LHUS10.STL
[4.320s] -- Installing: /home/ojasvi/Desktop/eYRC2024LogisticCobot/install/ebot_description/share/ebot_description//meshes/FUS4.STL
[4.320s] -- Installing: /home/ojasvi/Desktop/eYRC2024LogisticCobot/install/ebot_description/share/ebot_description//meshes/FUS3.STL
[4.321s] -- Installing: /home/ojasvi/Desktop/eYRC2024LogisticCobot/install/ebot_description/share/ebot_description//meshes/robot_base.stl
[4.321s] -- Installing: /home/ojasvi/Desktop/eYRC2024LogisticCobot/install/ebot_description/share/ebot_description//meshes/RWR.STL
[4.321s] -- Installing: /home/ojasvi/Desktop/eYRC2024LogisticCobot/install/ebot_description/share/ebot_description//meshes/RHUS9.STL
[4.322s] -- Installing: /home/ojasvi/Desktop/eYRC2024LogisticCobot/install/ebot_description/share/ebot_description//meshes/chassis.dae
[4.351s] -- Installing: /home/ojasvi/Desktop/eYRC2024LogisticCobot/install/ebot_description/share/ebot_description//meshes/FWR.STL
[4.352s] -- Installing: /home/ojasvi/Desktop/eYRC2024LogisticCobot/install/ebot_description/share/ebot_description//meshes/RUS6.STL
[4.352s] -- Installing: /home/ojasvi/Desktop/eYRC2024LogisticCobot/install/ebot_description/share/ebot_description//plugins
[4.352s] -- Installing: /home/ojasvi/Desktop/eYRC2024LogisticCobot/install/ebot_description/share/ebot_description//plugins/libgazebo_ros_vacuum_gripper.so
[4.356s] -- Installing: /home/ojasvi/Desktop/eYRC2024LogisticCobot/install/ebot_description/share/ebot_description//plugins/libgazebo_collision_sensor.so
[4.358s] -- Installing: /home/ojasvi/Desktop/eYRC2024LogisticCobot/install/ebot_description/share/ament_index/resource_index/package_run_dependencies/ebot_description
[4.358s] -- Installing: /home/ojasvi/Desktop/eYRC2024LogisticCobot/install/ebot_description/share/ament_index/resource_index/parent_prefix_path/ebot_description
[4.358s] -- Installing: /home/ojasvi/Desktop/eYRC2024LogisticCobot/install/ebot_description/share/ebot_description/environment/ament_prefix_path.sh
[4.358s] -- Installing: /home/ojasvi/Desktop/eYRC2024LogisticCobot/install/ebot_description/share/ebot_description/environment/ament_prefix_path.dsv
[4.359s] -- Installing: /home/ojasvi/Desktop/eYRC2024LogisticCobot/install/ebot_description/share/ebot_description/environment/path.sh
[4.359s] -- Installing: /home/ojasvi/Desktop/eYRC2024LogisticCobot/install/ebot_description/share/ebot_description/environment/path.dsv
[4.359s] -- Installing: /home/ojasvi/Desktop/eYRC2024LogisticCobot/install/ebot_description/share/ebot_description/local_setup.bash
[4.359s] -- Installing: /home/ojasvi/Desktop/eYRC2024LogisticCobot/install/ebot_description/share/ebot_description/local_setup.sh
[4.359s] -- Installing: /home/ojasvi/Desktop/eYRC2024LogisticCobot/install/ebot_description/share/ebot_description/local_setup.zsh
[4.359s] -- Installing: /home/ojasvi/Desktop/eYRC2024LogisticCobot/install/ebot_description/share/ebot_description/local_setup.dsv
[4.359s] -- Installing: /home/ojasvi/Desktop/eYRC2024LogisticCobot/install/ebot_description/share/ebot_description/package.dsv
[4.360s] -- Installing: /home/ojasvi/Desktop/eYRC2024LogisticCobot/install/ebot_description/share/ament_index/resource_index/packages/ebot_description
[4.360s] -- Installing: /home/ojasvi/Desktop/eYRC2024LogisticCobot/install/ebot_description/share/ebot_description/cmake/ebot_descriptionConfig.cmake
[4.360s] -- Installing: /home/ojasvi/Desktop/eYRC2024LogisticCobot/install/ebot_description/share/ebot_description/cmake/ebot_descriptionConfig-version.cmake
[4.360s] -- Installing: /home/ojasvi/Desktop/eYRC2024LogisticCobot/install/ebot_description/share/ebot_description/package.xml
[4.370s] Invoked command in '/home/ojasvi/Desktop/eYRC2024LogisticCobot/build/ebot_description' returned '0': CMAKE_PREFIX_PATH=/opt/ros/humble /usr/bin/cmake --install /home/ojasvi/Desktop/eYRC2024LogisticCobot/build/ebot_description
