[0.024s] Invoking command in '/home/ojasvi/colcon_ws2/src/build/eyantra_warehouse': CMAKE_PREFIX_PATH=/opt/ros/humble /usr/bin/cmake /home/ojasvi/colcon_ws2/src/eyantra_warehouse -DCMAKE_INSTALL_PREFIX=/home/ojasvi/colcon_ws2/src/install/eyantra_warehouse
[0.296s] -- The C compiler identification is GNU 11.4.0
[0.519s] -- The CXX compiler identification is GNU 11.4.0
[0.526s] -- Detecting C compiler ABI info
[0.619s] -- Detecting C compiler ABI info - done
[0.626s] -- Check for working C compiler: /usr/bin/cc - skipped
[0.627s] -- Detecting C compile features
[0.627s] -- Detecting C compile features - done
[0.630s] -- Detecting CXX compiler ABI info
[0.730s] -- Detecting CXX compiler ABI info - done
[0.741s] -- Check for working CXX compiler: /usr/bin/c++ - skipped
[0.742s] -- Detecting CXX compile features
[0.742s] -- Detecting CXX compile features - done
[0.747s] -- Found ament_cmake: 1.3.10 (/opt/ros/humble/share/ament_cmake/cmake)
[0.934s] -- Found Python3: /usr/bin/python3 (found version "3.10.12") found components: Interpreter 
[1.036s] -- Found ament_lint_auto: 0.12.11 (/opt/ros/humble/share/ament_lint_auto/cmake)
[1.129s] -- Added test 'copyright' to check source files copyright and LICENSE
[1.188s] -- Added test 'flake8' to check Python code syntax and style conventions
[1.195s] -- Added test 'lint_cmake' to check CMake code style
[1.199s] -- Added test 'pep257' to check Python code against some of the docstring style conventions in PEP 257
[1.233s] -- Added test 'xmllint' to check XML markup files
[1.235s] -- Configuring done
[1.239s] -- Generating done
[1.240s] -- Build files have been written to: /home/ojasvi/colcon_ws2/src/build/eyantra_warehouse
[1.245s] Invoked command in '/home/ojasvi/colcon_ws2/src/build/eyantra_warehouse' returned '0': CMAKE_PREFIX_PATH=/opt/ros/humble /usr/bin/cmake /home/ojasvi/colcon_ws2/src/eyantra_warehouse -DCMAKE_INSTALL_PREFIX=/home/ojasvi/colcon_ws2/src/install/eyantra_warehouse
[1.246s] Invoking command in '/home/ojasvi/colcon_ws2/src/build/eyantra_warehouse': CMAKE_PREFIX_PATH=/opt/ros/humble /usr/bin/cmake --build /home/ojasvi/colcon_ws2/src/build/eyantra_warehouse -- -j12 -l12
[1.286s] Invoked command in '/home/ojasvi/colcon_ws2/src/build/eyantra_warehouse' returned '0': CMAKE_PREFIX_PATH=/opt/ros/humble /usr/bin/cmake --build /home/ojasvi/colcon_ws2/src/build/eyantra_warehouse -- -j12 -l12
[1.320s] Invoking command in '/home/ojasvi/colcon_ws2/src/build/eyantra_warehouse': CMAKE_PREFIX_PATH=/opt/ros/humble /usr/bin/cmake --install /home/ojasvi/colcon_ws2/src/build/eyantra_warehouse
[1.329s] -- Install configuration: ""
[1.329s] -- Installing: /home/ojasvi/colcon_ws2/src/install/eyantra_warehouse/share/eyantra_warehouse//launch
[1.329s] -- Installing: /home/ojasvi/colcon_ws2/src/install/eyantra_warehouse/share/eyantra_warehouse//launch/task1b.launch.py
[1.329s] -- Installing: /home/ojasvi/colcon_ws2/src/install/eyantra_warehouse/share/eyantra_warehouse//launch/task0.launch.py
[1.330s] -- Installing: /home/ojasvi/colcon_ws2/src/install/eyantra_warehouse/share/eyantra_warehouse//launch/task1c.launch.py
[1.330s] -- Installing: /home/ojasvi/colcon_ws2/src/install/eyantra_warehouse/share/eyantra_warehouse//worlds
[1.330s] -- Installing: /home/ojasvi/colcon_ws2/src/install/eyantra_warehouse/share/eyantra_warehouse//worlds/eyantra_warehouse_task1b.world
[1.331s] -- Installing: /home/ojasvi/colcon_ws2/src/install/eyantra_warehouse/share/eyantra_warehouse//worlds/eyantra_warehouse_task1c.world
[1.331s] -- Installing: /home/ojasvi/colcon_ws2/src/install/eyantra_warehouse/share/eyantra_warehouse//worlds/eyantra_warehouse_task0.world
[1.332s] -- Installing: /home/ojasvi/colcon_ws2/src/install/eyantra_warehouse/share/eyantra_warehouse//models
[1.332s] -- Installing: /home/ojasvi/colcon_ws2/src/install/eyantra_warehouse/share/eyantra_warehouse//models/aws_robomaker_warehouse_ClutteringC_01
[1.332s] -- Installing: /home/ojasvi/colcon_ws2/src/install/eyantra_warehouse/share/eyantra_warehouse//models/aws_robomaker_warehouse_ClutteringC_01/materials
[1.332s] -- Installing: /home/ojasvi/colcon_ws2/src/install/eyantra_warehouse/share/eyantra_warehouse//models/aws_robomaker_warehouse_ClutteringC_01/materials/textures
[1.332s] -- Installing: /home/ojasvi/colcon_ws2/src/install/eyantra_warehouse/share/eyantra_warehouse//models/aws_robomaker_warehouse_ClutteringC_01/materials/textures/aws_robomaker_warehouse_ClutteringC_01.png
[1.334s] -- Installing: /home/ojasvi/colcon_ws2/src/install/eyantra_warehouse/share/eyantra_warehouse//models/aws_robomaker_warehouse_ClutteringC_01/materials/textures/aws_robomaker_warehouse_ClutteringC_02.png
[1.336s] -- Installing: /home/ojasvi/colcon_ws2/src/install/eyantra_warehouse/share/eyantra_warehouse//models/aws_robomaker_warehouse_ClutteringC_01/model.config
[1.336s] -- Installing: /home/ojasvi/colcon_ws2/src/install/eyantra_warehouse/share/eyantra_warehouse//models/aws_robomaker_warehouse_ClutteringC_01/model.sdf
[1.336s] -- Installing: /home/ojasvi/colcon_ws2/src/install/eyantra_warehouse/share/eyantra_warehouse//models/aws_robomaker_warehouse_ClutteringC_01/meshes
[1.336s] -- Installing: /home/ojasvi/colcon_ws2/src/install/eyantra_warehouse/share/eyantra_warehouse//models/aws_robomaker_warehouse_ClutteringC_01/meshes/aws_robomaker_warehouse_ClutteringC_01_collision.DAE
[1.337s] -- Installing: /home/ojasvi/colcon_ws2/src/install/eyantra_warehouse/share/eyantra_warehouse//models/aws_robomaker_warehouse_ClutteringC_01/meshes/aws_robomaker_warehouse_ClutteringC_01_visual.DAE
[1.338s] -- Installing: /home/ojasvi/colcon_ws2/src/install/eyantra_warehouse/share/eyantra_warehouse//models/aws_robomaker_warehouse_DeskC_01
[1.338s] -- Installing: /home/ojasvi/colcon_ws2/src/install/eyantra_warehouse/share/eyantra_warehouse//models/aws_robomaker_warehouse_DeskC_01/materials
[1.338s] -- Installing: /home/ojasvi/colcon_ws2/src/install/eyantra_warehouse/share/eyantra_warehouse//models/aws_robomaker_warehouse_DeskC_01/materials/textures
[1.338s] -- Installing: /home/ojasvi/colcon_ws2/src/install/eyantra_warehouse/share/eyantra_warehouse//models/aws_robomaker_warehouse_DeskC_01/materials/textures/aws_robomaker_warehouse_DeskC_01.png
[1.343s] -- Installing: /home/ojasvi/colcon_ws2/src/install/eyantra_warehouse/share/eyantra_warehouse//models/aws_robomaker_warehouse_DeskC_01/materials/textures/aws_robomaker_warehouse_DeskC_02.png
[1.345s] -- Installing: /home/ojasvi/colcon_ws2/src/install/eyantra_warehouse/share/eyantra_warehouse//models/aws_robomaker_warehouse_DeskC_01/materials/textures/aws_robomaker_warehouse_DeskC_03.psd
[1.355s] -- Installing: /home/ojasvi/colcon_ws2/src/install/eyantra_warehouse/share/eyantra_warehouse//models/aws_robomaker_warehouse_DeskC_01/materials/textures/aws_robomaker_warehouse_DeskC_04.png
[1.356s] -- Installing: /home/ojasvi/colcon_ws2/src/install/eyantra_warehouse/share/eyantra_warehouse//models/aws_robomaker_warehouse_DeskC_01/materials/textures/aws_robomaker_warehouse_DeskC_03.png
[1.357s] -- Installing: /home/ojasvi/colcon_ws2/src/install/eyantra_warehouse/share/eyantra_warehouse//models/aws_robomaker_warehouse_DeskC_01/materials/.DS_Store
[1.357s] -- Installing: /home/ojasvi/colcon_ws2/src/install/eyantra_warehouse/share/eyantra_warehouse//models/aws_robomaker_warehouse_DeskC_01/model.config
[1.358s] -- Installing: /home/ojasvi/colcon_ws2/src/install/eyantra_warehouse/share/eyantra_warehouse//models/aws_robomaker_warehouse_DeskC_01/model.sdf
[1.358s] -- Installing: /home/ojasvi/colcon_ws2/src/install/eyantra_warehouse/share/eyantra_warehouse//models/aws_robomaker_warehouse_DeskC_01/meshes
[1.358s] -- Installing: /home/ojasvi/colcon_ws2/src/install/eyantra_warehouse/share/eyantra_warehouse//models/aws_robomaker_warehouse_DeskC_01/meshes/aws_robomaker_warehouse_DeskC_01_collision.DAE
[1.359s] -- Installing: /home/ojasvi/colcon_ws2/src/install/eyantra_warehouse/share/eyantra_warehouse//models/aws_robomaker_warehouse_DeskC_01/meshes/aws_robomaker_warehouse_DeskC_01_visual.DAE
[1.361s] -- Installing: /home/ojasvi/colcon_ws2/src/install/eyantra_warehouse/share/eyantra_warehouse//models/drop_table
[1.361s] -- Installing: /home/ojasvi/colcon_ws2/src/install/eyantra_warehouse/share/eyantra_warehouse//models/drop_table/model.config
[1.361s] -- Installing: /home/ojasvi/colcon_ws2/src/install/eyantra_warehouse/share/eyantra_warehouse//models/drop_table/model.sdf
[1.362s] -- Installing: /home/ojasvi/colcon_ws2/src/install/eyantra_warehouse/share/eyantra_warehouse//models/drop_table/meshes
[1.362s] -- Installing: /home/ojasvi/colcon_ws2/src/install/eyantra_warehouse/share/eyantra_warehouse//models/drop_table/meshes/eyantra_logo~red_280x55.png.001.png
[1.363s] -- Installing: /home/ojasvi/colcon_ws2/src/install/eyantra_warehouse/share/eyantra_warehouse//models/drop_table/meshes/eyantra_logo~red_280x55.png
[1.364s] -- Installing: /home/ojasvi/colcon_ws2/src/install/eyantra_warehouse/share/eyantra_warehouse//models/drop_table/meshes/table.dae
[1.364s] -- Installing: /home/ojasvi/colcon_ws2/src/install/eyantra_warehouse/share/eyantra_warehouse//models/LB_city
[1.364s] -- Installing: /home/ojasvi/colcon_ws2/src/install/eyantra_warehouse/share/eyantra_warehouse//models/LB_city/model.config
[1.365s] -- Installing: /home/ojasvi/colcon_ws2/src/install/eyantra_warehouse/share/eyantra_warehouse//models/LB_city/model.sdf
[1.365s] -- Installing: /home/ojasvi/colcon_ws2/src/install/eyantra_warehouse/share/eyantra_warehouse//models/LB_city/meshes
[1.365s] -- Installing: /home/ojasvi/colcon_ws2/src/install/eyantra_warehouse/share/eyantra_warehouse//models/LB_city/meshes/pb2.jpg
[1.366s] -- Installing: /home/ojasvi/colcon_ws2/src/install/eyantra_warehouse/share/eyantra_warehouse//models/LB_city/meshes/grass.png
[1.378s] -- Installing: /home/ojasvi/colcon_ws2/src/install/eyantra_warehouse/share/eyantra_warehouse//models/LB_city/meshes/f1q.jpg.001.jpg
[1.380s] -- Installing: /home/ojasvi/colcon_ws2/src/install/eyantra_warehouse/share/eyantra_warehouse//models/LB_city/meshes/f1q.jpg
[1.381s] -- Installing: /home/ojasvi/colcon_ws2/src/install/eyantra_warehouse/share/eyantra_warehouse//models/LB_city/meshes/dm1.jpg
[1.393s] -- Installing: /home/ojasvi/colcon_ws2/src/install/eyantra_warehouse/share/eyantra_warehouse//models/LB_city/meshes/SolarPanelsPolycrystallineTypeBFramedClean001_COL_3K.jpg.004.jp.jpg
[1.397s] -- Installing: /home/ojasvi/colcon_ws2/src/install/eyantra_warehouse/share/eyantra_warehouse//models/LB_city/meshes/pv2c.jpg
[1.400s] -- Installing: /home/ojasvi/colcon_ws2/src/install/eyantra_warehouse/share/eyantra_warehouse//models/LB_city/meshes/LB_city.dae
[1.468s] -- Installing: /home/ojasvi/colcon_ws2/src/install/eyantra_warehouse/share/eyantra_warehouse//models/LB_city/meshes/LAWN.jpg
[1.485s] -- Installing: /home/ojasvi/colcon_ws2/src/install/eyantra_warehouse/share/eyantra_warehouse//models/LB_city/meshes/ocean_texture.jpeg
[1.488s] -- Installing: /home/ojasvi/colcon_ws2/src/install/eyantra_warehouse/share/eyantra_warehouse//models/arm_base
[1.488s] -- Installing: /home/ojasvi/colcon_ws2/src/install/eyantra_warehouse/share/eyantra_warehouse//models/arm_base/model.config
[1.488s] -- Installing: /home/ojasvi/colcon_ws2/src/install/eyantra_warehouse/share/eyantra_warehouse//models/arm_base/model.sdf
[1.489s] -- Installing: /home/ojasvi/colcon_ws2/src/install/eyantra_warehouse/share/eyantra_warehouse//models/arm_base/meshes
[1.489s] -- Installing: /home/ojasvi/colcon_ws2/src/install/eyantra_warehouse/share/eyantra_warehouse//models/arm_base/meshes/arm_base.dae
[1.491s] -- Installing: /home/ojasvi/colcon_ws2/src/install/eyantra_warehouse/share/eyantra_warehouse//models/conveyor_belt
[1.491s] -- Installing: /home/ojasvi/colcon_ws2/src/install/eyantra_warehouse/share/eyantra_warehouse//models/conveyor_belt/model.config
[1.492s] -- Installing: /home/ojasvi/colcon_ws2/src/install/eyantra_warehouse/share/eyantra_warehouse//models/conveyor_belt/model.sdf
[1.492s] -- Installing: /home/ojasvi/colcon_ws2/src/install/eyantra_warehouse/share/eyantra_warehouse//models/conveyor_belt/meshes
[1.493s] -- Installing: /home/ojasvi/colcon_ws2/src/install/eyantra_warehouse/share/eyantra_warehouse//models/conveyor_belt/meshes/conveyor_belt.stl
[1.496s] -- Installing: /home/ojasvi/colcon_ws2/src/install/eyantra_warehouse/share/eyantra_warehouse//models/conveyor_belt/meshes/conveyor_belt.dae
[1.499s] -- Installing: /home/ojasvi/colcon_ws2/src/install/eyantra_warehouse/share/eyantra_warehouse//models/ground_plane
[1.499s] -- Installing: /home/ojasvi/colcon_ws2/src/install/eyantra_warehouse/share/eyantra_warehouse//models/ground_plane/model.config
[1.499s] -- Installing: /home/ojasvi/colcon_ws2/src/install/eyantra_warehouse/share/eyantra_warehouse//models/ground_plane/model.sdf
[1.500s] -- Installing: /home/ojasvi/colcon_ws2/src/install/eyantra_warehouse/share/eyantra_warehouse//models/aws_robomaker_warehouse_PalletJackB_01
[1.500s] -- Installing: /home/ojasvi/colcon_ws2/src/install/eyantra_warehouse/share/eyantra_warehouse//models/aws_robomaker_warehouse_PalletJackB_01/materials
[1.500s] -- Installing: /home/ojasvi/colcon_ws2/src/install/eyantra_warehouse/share/eyantra_warehouse//models/aws_robomaker_warehouse_PalletJackB_01/materials/textures
[1.500s] -- Installing: /home/ojasvi/colcon_ws2/src/install/eyantra_warehouse/share/eyantra_warehouse//models/aws_robomaker_warehouse_PalletJackB_01/materials/textures/aws_robomaker_warehouse_PalletJackB_01.png
[1.504s] -- Installing: /home/ojasvi/colcon_ws2/src/install/eyantra_warehouse/share/eyantra_warehouse//models/aws_robomaker_warehouse_PalletJackB_01/materials/textures/aws_robomaker_warehouse_PalletJackB_02.png
[1.504s] -- Installing: /home/ojasvi/colcon_ws2/src/install/eyantra_warehouse/share/eyantra_warehouse//models/aws_robomaker_warehouse_PalletJackB_01/materials/.DS_Store
[1.505s] -- Installing: /home/ojasvi/colcon_ws2/src/install/eyantra_warehouse/share/eyantra_warehouse//models/aws_robomaker_warehouse_PalletJackB_01/model.config
[1.505s] -- Installing: /home/ojasvi/colcon_ws2/src/install/eyantra_warehouse/share/eyantra_warehouse//models/aws_robomaker_warehouse_PalletJackB_01/model.sdf
[1.506s] -- Installing: /home/ojasvi/colcon_ws2/src/install/eyantra_warehouse/share/eyantra_warehouse//models/aws_robomaker_warehouse_PalletJackB_01/.DS_Store
[1.506s] -- Installing: /home/ojasvi/colcon_ws2/src/install/eyantra_warehouse/share/eyantra_warehouse//models/aws_robomaker_warehouse_PalletJackB_01/meshes
[1.506s] -- Installing: /home/ojasvi/colcon_ws2/src/install/eyantra_warehouse/share/eyantra_warehouse//models/aws_robomaker_warehouse_PalletJackB_01/meshes/aws_robomaker_warehouse_PalletJackB_01_visual.DAE
[1.510s] -- Installing: /home/ojasvi/colcon_ws2/src/install/eyantra_warehouse/share/eyantra_warehouse//models/aws_robomaker_warehouse_PalletJackB_01/meshes/aws_robomaker_warehouse_PalletJackB_01_collision.DAE
[1.512s] -- Installing: /home/ojasvi/colcon_ws2/src/install/eyantra_warehouse/share/eyantra_warehouse//models/aws_robomaker_warehouse_ClutteringD_01
[1.512s] -- Installing: /home/ojasvi/colcon_ws2/src/install/eyantra_warehouse/share/eyantra_warehouse//models/aws_robomaker_warehouse_ClutteringD_01/materials
[1.512s] -- Installing: /home/ojasvi/colcon_ws2/src/install/eyantra_warehouse/share/eyantra_warehouse//models/aws_robomaker_warehouse_ClutteringD_01/materials/textures
[1.512s] -- Installing: /home/ojasvi/colcon_ws2/src/install/eyantra_warehouse/share/eyantra_warehouse//models/aws_robomaker_warehouse_ClutteringD_01/materials/textures/aws_robomaker_warehouse_ClutteringD_01.png
[1.514s] -- Installing: /home/ojasvi/colcon_ws2/src/install/eyantra_warehouse/share/eyantra_warehouse//models/aws_robomaker_warehouse_ClutteringD_01/materials/textures/aws_robomaker_warehouse_ClutteringD_02.png
[1.516s] -- Installing: /home/ojasvi/colcon_ws2/src/install/eyantra_warehouse/share/eyantra_warehouse//models/aws_robomaker_warehouse_ClutteringD_01/model.config
[1.516s] -- Installing: /home/ojasvi/colcon_ws2/src/install/eyantra_warehouse/share/eyantra_warehouse//models/aws_robomaker_warehouse_ClutteringD_01/model.sdf
[1.517s] -- Installing: /home/ojasvi/colcon_ws2/src/install/eyantra_warehouse/share/eyantra_warehouse//models/aws_robomaker_warehouse_ClutteringD_01/meshes
[1.517s] -- Installing: /home/ojasvi/colcon_ws2/src/install/eyantra_warehouse/share/eyantra_warehouse//models/aws_robomaker_warehouse_ClutteringD_01/meshes/aws_robomaker_warehouse_ClutteringD_01_collision.DAE
[1.517s] -- Installing: /home/ojasvi/colcon_ws2/src/install/eyantra_warehouse/share/eyantra_warehouse//models/aws_robomaker_warehouse_ClutteringD_01/meshes/aws_robomaker_warehouse_ClutteringD_01_visual.DAE
[1.518s] -- Installing: /home/ojasvi/colcon_ws2/src/install/eyantra_warehouse/share/eyantra_warehouse//models/box
[1.518s] -- Installing: /home/ojasvi/colcon_ws2/src/install/eyantra_warehouse/share/eyantra_warehouse//models/box/model.config
[1.519s] -- Installing: /home/ojasvi/colcon_ws2/src/install/eyantra_warehouse/share/eyantra_warehouse//models/box/model.sdf
[1.519s] -- Installing: /home/ojasvi/colcon_ws2/src/install/eyantra_warehouse/share/eyantra_warehouse//models/box/meshes
[1.519s] -- Installing: /home/ojasvi/colcon_ws2/src/install/eyantra_warehouse/share/eyantra_warehouse//models/box/meshes/cardboard_bg.png
[1.520s] -- Installing: /home/ojasvi/colcon_ws2/src/install/eyantra_warehouse/share/eyantra_warehouse//models/box/meshes/box__bg.png
[1.522s] -- Installing: /home/ojasvi/colcon_ws2/src/install/eyantra_warehouse/share/eyantra_warehouse//models/box/meshes/box.dae
[1.522s] -- Installing: /home/ojasvi/colcon_ws2/src/install/eyantra_warehouse/share/eyantra_warehouse//models/box/meshes/centroid_old_box.zip
[1.524s] -- Installing: /home/ojasvi/colcon_ws2/src/install/eyantra_warehouse/share/eyantra_warehouse//models/box/meshes/aruco_tag.jpg
[1.524s] -- Installing: /home/ojasvi/colcon_ws2/src/install/eyantra_warehouse/share/eyantra_warehouse//models/package_box
[1.524s] -- Installing: /home/ojasvi/colcon_ws2/src/install/eyantra_warehouse/share/eyantra_warehouse//models/package_box/model.config
[1.525s] -- Installing: /home/ojasvi/colcon_ws2/src/install/eyantra_warehouse/share/eyantra_warehouse//models/package_box/model.sdf
[1.526s] -- Installing: /home/ojasvi/colcon_ws2/src/install/eyantra_warehouse/share/eyantra_warehouse//models/package_box/meshes
[1.526s] -- Installing: /home/ojasvi/colcon_ws2/src/install/eyantra_warehouse/share/eyantra_warehouse//models/package_box/meshes/package_box.dae
[1.526s] -- Installing: /home/ojasvi/colcon_ws2/src/install/eyantra_warehouse/share/eyantra_warehouse//models/package_box/meshes/4x4_1000-0.png
[1.527s] -- Installing: /home/ojasvi/colcon_ws2/src/install/eyantra_warehouse/share/eyantra_warehouse//models/package_box/meshes/aws_robomaker_warehouse_ClutteringC_02.png
[1.529s] -- Installing: /home/ojasvi/colcon_ws2/src/install/eyantra_warehouse/share/eyantra_warehouse//models/window
[1.529s] -- Installing: /home/ojasvi/colcon_ws2/src/install/eyantra_warehouse/share/eyantra_warehouse//models/window/model.config
[1.529s] -- Installing: /home/ojasvi/colcon_ws2/src/install/eyantra_warehouse/share/eyantra_warehouse//models/window/model.sdf
[1.530s] -- Installing: /home/ojasvi/colcon_ws2/src/install/eyantra_warehouse/share/eyantra_warehouse//models/warehouse_boundary
[1.530s] -- Installing: /home/ojasvi/colcon_ws2/src/install/eyantra_warehouse/share/eyantra_warehouse//models/warehouse_boundary/model.config
[1.530s] -- Installing: /home/ojasvi/colcon_ws2/src/install/eyantra_warehouse/share/eyantra_warehouse//models/warehouse_boundary/model.sdf
[1.531s] -- Installing: /home/ojasvi/colcon_ws2/src/install/eyantra_warehouse/share/eyantra_warehouse//models/warehouse_boundary/meshes
[1.531s] -- Installing: /home/ojasvi/colcon_ws2/src/install/eyantra_warehouse/share/eyantra_warehouse//models/warehouse_boundary/meshes/warehouse_boundary_glass_cover.dae
[1.532s] -- Installing: /home/ojasvi/colcon_ws2/src/install/eyantra_warehouse/share/eyantra_warehouse//models/warehouse_boundary/meshes/warehouse_boundary.dae
[1.562s] -- Installing: /home/ojasvi/colcon_ws2/src/install/eyantra_warehouse/share/eyantra_warehouse//models/warehouse_boundary/meshes/warehouse_floor.jpg
[1.563s] -- Installing: /home/ojasvi/colcon_ws2/src/install/eyantra_warehouse/share/eyantra_warehouse//models/boxes
[1.564s] -- Installing: /home/ojasvi/colcon_ws2/src/install/eyantra_warehouse/share/eyantra_warehouse//models/boxes/box_31
[1.564s] -- Installing: /home/ojasvi/colcon_ws2/src/install/eyantra_warehouse/share/eyantra_warehouse//models/boxes/box_31/model.config
[1.564s] -- Installing: /home/ojasvi/colcon_ws2/src/install/eyantra_warehouse/share/eyantra_warehouse//models/boxes/box_31/model.sdf
[1.565s] -- Installing: /home/ojasvi/colcon_ws2/src/install/eyantra_warehouse/share/eyantra_warehouse//models/boxes/box_31/meshes
[1.565s] -- Installing: /home/ojasvi/colcon_ws2/src/install/eyantra_warehouse/share/eyantra_warehouse//models/boxes/box_31/meshes/cardboard_bg.png
[1.566s] -- Installing: /home/ojasvi/colcon_ws2/src/install/eyantra_warehouse/share/eyantra_warehouse//models/boxes/box_31/meshes/box__bg.png
[1.567s] -- Installing: /home/ojasvi/colcon_ws2/src/install/eyantra_warehouse/share/eyantra_warehouse//models/boxes/box_31/meshes/box.dae
[1.567s] -- Installing: /home/ojasvi/colcon_ws2/src/install/eyantra_warehouse/share/eyantra_warehouse//models/boxes/box_31/meshes/aruco_tag.jpg
[1.568s] -- Installing: /home/ojasvi/colcon_ws2/src/install/eyantra_warehouse/share/eyantra_warehouse//models/boxes/box_46
[1.568s] -- Installing: /home/ojasvi/colcon_ws2/src/install/eyantra_warehouse/share/eyantra_warehouse//models/boxes/box_46/model.config
[1.568s] -- Installing: /home/ojasvi/colcon_ws2/src/install/eyantra_warehouse/share/eyantra_warehouse//models/boxes/box_46/model.sdf
[1.569s] -- Installing: /home/ojasvi/colcon_ws2/src/install/eyantra_warehouse/share/eyantra_warehouse//models/boxes/box_46/meshes
[1.569s] -- Installing: /home/ojasvi/colcon_ws2/src/install/eyantra_warehouse/share/eyantra_warehouse//models/boxes/box_46/meshes/cardboard_bg.png
[1.570s] -- Installing: /home/ojasvi/colcon_ws2/src/install/eyantra_warehouse/share/eyantra_warehouse//models/boxes/box_46/meshes/box__bg.png
[1.571s] -- Installing: /home/ojasvi/colcon_ws2/src/install/eyantra_warehouse/share/eyantra_warehouse//models/boxes/box_46/meshes/box.dae
[1.572s] -- Installing: /home/ojasvi/colcon_ws2/src/install/eyantra_warehouse/share/eyantra_warehouse//models/boxes/box_46/meshes/aruco_tag.jpg
[1.573s] -- Installing: /home/ojasvi/colcon_ws2/src/install/eyantra_warehouse/share/eyantra_warehouse//models/boxes/box_3
[1.573s] -- Installing: /home/ojasvi/colcon_ws2/src/install/eyantra_warehouse/share/eyantra_warehouse//models/boxes/box_3/model.config
[1.573s] -- Installing: /home/ojasvi/colcon_ws2/src/install/eyantra_warehouse/share/eyantra_warehouse//models/boxes/box_3/model.sdf
[1.574s] -- Installing: /home/ojasvi/colcon_ws2/src/install/eyantra_warehouse/share/eyantra_warehouse//models/boxes/box_3/meshes
[1.574s] -- Installing: /home/ojasvi/colcon_ws2/src/install/eyantra_warehouse/share/eyantra_warehouse//models/boxes/box_3/meshes/cardboard_bg.png
[1.574s] -- Installing: /home/ojasvi/colcon_ws2/src/install/eyantra_warehouse/share/eyantra_warehouse//models/boxes/box_3/meshes/box__bg.png
[1.575s] -- Installing: /home/ojasvi/colcon_ws2/src/install/eyantra_warehouse/share/eyantra_warehouse//models/boxes/box_3/meshes/box.dae
[1.576s] -- Installing: /home/ojasvi/colcon_ws2/src/install/eyantra_warehouse/share/eyantra_warehouse//models/boxes/box_3/meshes/aruco_tag.jpg
[1.577s] -- Installing: /home/ojasvi/colcon_ws2/src/install/eyantra_warehouse/share/eyantra_warehouse//models/boxes/box_27
[1.577s] -- Installing: /home/ojasvi/colcon_ws2/src/install/eyantra_warehouse/share/eyantra_warehouse//models/boxes/box_27/model.config
[1.577s] -- Installing: /home/ojasvi/colcon_ws2/src/install/eyantra_warehouse/share/eyantra_warehouse//models/boxes/box_27/model.sdf
[1.578s] -- Installing: /home/ojasvi/colcon_ws2/src/install/eyantra_warehouse/share/eyantra_warehouse//models/boxes/box_27/meshes
[1.578s] -- Installing: /home/ojasvi/colcon_ws2/src/install/eyantra_warehouse/share/eyantra_warehouse//models/boxes/box_27/meshes/cardboard_bg.png
[1.579s] -- Installing: /home/ojasvi/colcon_ws2/src/install/eyantra_warehouse/share/eyantra_warehouse//models/boxes/box_27/meshes/box__bg.png
[1.580s] -- Installing: /home/ojasvi/colcon_ws2/src/install/eyantra_warehouse/share/eyantra_warehouse//models/boxes/box_27/meshes/box.dae
[1.581s] -- Installing: /home/ojasvi/colcon_ws2/src/install/eyantra_warehouse/share/eyantra_warehouse//models/boxes/box_27/meshes/aruco_tag.jpg
[1.581s] -- Installing: /home/ojasvi/colcon_ws2/src/install/eyantra_warehouse/share/eyantra_warehouse//models/boxes/box_20
[1.581s] -- Installing: /home/ojasvi/colcon_ws2/src/install/eyantra_warehouse/share/eyantra_warehouse//models/boxes/box_20/model.config
[1.582s] -- Installing: /home/ojasvi/colcon_ws2/src/install/eyantra_warehouse/share/eyantra_warehouse//models/boxes/box_20/model.sdf
[1.582s] -- Installing: /home/ojasvi/colcon_ws2/src/install/eyantra_warehouse/share/eyantra_warehouse//models/boxes/box_20/meshes
[1.582s] -- Installing: /home/ojasvi/colcon_ws2/src/install/eyantra_warehouse/share/eyantra_warehouse//models/boxes/box_20/meshes/cardboard_bg.png
[1.583s] -- Installing: /home/ojasvi/colcon_ws2/src/install/eyantra_warehouse/share/eyantra_warehouse//models/boxes/box_20/meshes/box__bg.png
[1.584s] -- Installing: /home/ojasvi/colcon_ws2/src/install/eyantra_warehouse/share/eyantra_warehouse//models/boxes/box_20/meshes/box.dae
[1.585s] -- Installing: /home/ojasvi/colcon_ws2/src/install/eyantra_warehouse/share/eyantra_warehouse//models/boxes/box_20/meshes/aruco_tag.jpg
[1.585s] -- Installing: /home/ojasvi/colcon_ws2/src/install/eyantra_warehouse/share/eyantra_warehouse//models/boxes/box_19
[1.585s] -- Installing: /home/ojasvi/colcon_ws2/src/install/eyantra_warehouse/share/eyantra_warehouse//models/boxes/box_19/model.config
[1.586s] -- Installing: /home/ojasvi/colcon_ws2/src/install/eyantra_warehouse/share/eyantra_warehouse//models/boxes/box_19/model.sdf
[1.586s] -- Installing: /home/ojasvi/colcon_ws2/src/install/eyantra_warehouse/share/eyantra_warehouse//models/boxes/box_19/meshes
[1.586s] -- Installing: /home/ojasvi/colcon_ws2/src/install/eyantra_warehouse/share/eyantra_warehouse//models/boxes/box_19/meshes/cardboard_bg.png
[1.587s] -- Installing: /home/ojasvi/colcon_ws2/src/install/eyantra_warehouse/share/eyantra_warehouse//models/boxes/box_19/meshes/box__bg.png
[1.588s] -- Installing: /home/ojasvi/colcon_ws2/src/install/eyantra_warehouse/share/eyantra_warehouse//models/boxes/box_19/meshes/box.dae
[1.589s] -- Installing: /home/ojasvi/colcon_ws2/src/install/eyantra_warehouse/share/eyantra_warehouse//models/boxes/box_19/meshes/aruco_tag.jpg
[1.590s] -- Installing: /home/ojasvi/colcon_ws2/src/install/eyantra_warehouse/share/eyantra_warehouse//models/boxes/box_39
[1.590s] -- Installing: /home/ojasvi/colcon_ws2/src/install/eyantra_warehouse/share/eyantra_warehouse//models/boxes/box_39/model.config
[1.590s] -- Installing: /home/ojasvi/colcon_ws2/src/install/eyantra_warehouse/share/eyantra_warehouse//models/boxes/box_39/model.sdf
[1.590s] -- Installing: /home/ojasvi/colcon_ws2/src/install/eyantra_warehouse/share/eyantra_warehouse//models/boxes/box_39/meshes
[1.591s] -- Installing: /home/ojasvi/colcon_ws2/src/install/eyantra_warehouse/share/eyantra_warehouse//models/boxes/box_39/meshes/cardboard_bg.png
[1.591s] -- Installing: /home/ojasvi/colcon_ws2/src/install/eyantra_warehouse/share/eyantra_warehouse//models/boxes/box_39/meshes/box__bg.png
[1.592s] -- Installing: /home/ojasvi/colcon_ws2/src/install/eyantra_warehouse/share/eyantra_warehouse//models/boxes/box_39/meshes/box.dae
[1.593s] -- Installing: /home/ojasvi/colcon_ws2/src/install/eyantra_warehouse/share/eyantra_warehouse//models/boxes/box_39/meshes/aruco_tag.jpg
[1.594s] -- Installing: /home/ojasvi/colcon_ws2/src/install/eyantra_warehouse/share/eyantra_warehouse//models/boxes/box.stl
[1.594s] -- Installing: /home/ojasvi/colcon_ws2/src/install/eyantra_warehouse/share/eyantra_warehouse//models/boxes/box_38
[1.594s] -- Installing: /home/ojasvi/colcon_ws2/src/install/eyantra_warehouse/share/eyantra_warehouse//models/boxes/box_38/model.config
[1.595s] -- Installing: /home/ojasvi/colcon_ws2/src/install/eyantra_warehouse/share/eyantra_warehouse//models/boxes/box_38/model.sdf
[1.595s] -- Installing: /home/ojasvi/colcon_ws2/src/install/eyantra_warehouse/share/eyantra_warehouse//models/boxes/box_38/meshes
[1.595s] -- Installing: /home/ojasvi/colcon_ws2/src/install/eyantra_warehouse/share/eyantra_warehouse//models/boxes/box_38/meshes/cardboard_bg.png
[1.596s] -- Installing: /home/ojasvi/colcon_ws2/src/install/eyantra_warehouse/share/eyantra_warehouse//models/boxes/box_38/meshes/box__bg.png
[1.597s] -- Installing: /home/ojasvi/colcon_ws2/src/install/eyantra_warehouse/share/eyantra_warehouse//models/boxes/box_38/meshes/box.dae
[1.598s] -- Installing: /home/ojasvi/colcon_ws2/src/install/eyantra_warehouse/share/eyantra_warehouse//models/boxes/box_38/meshes/aruco_tag.jpg
[1.598s] -- Installing: /home/ojasvi/colcon_ws2/src/install/eyantra_warehouse/share/eyantra_warehouse//models/boxes/box_42
[1.598s] -- Installing: /home/ojasvi/colcon_ws2/src/install/eyantra_warehouse/share/eyantra_warehouse//models/boxes/box_42/model.config
[1.598s] -- Installing: /home/ojasvi/colcon_ws2/src/install/eyantra_warehouse/share/eyantra_warehouse//models/boxes/box_42/model.sdf
[1.599s] -- Installing: /home/ojasvi/colcon_ws2/src/install/eyantra_warehouse/share/eyantra_warehouse//models/boxes/box_42/meshes
[1.599s] -- Installing: /home/ojasvi/colcon_ws2/src/install/eyantra_warehouse/share/eyantra_warehouse//models/boxes/box_42/meshes/cardboard_bg.png
[1.599s] -- Installing: /home/ojasvi/colcon_ws2/src/install/eyantra_warehouse/share/eyantra_warehouse//models/boxes/box_42/meshes/box__bg.png
[1.600s] -- Installing: /home/ojasvi/colcon_ws2/src/install/eyantra_warehouse/share/eyantra_warehouse//models/boxes/box_42/meshes/box.dae
[1.601s] -- Installing: /home/ojasvi/colcon_ws2/src/install/eyantra_warehouse/share/eyantra_warehouse//models/boxes/box_42/meshes/aruco_tag.jpg
[1.601s] -- Installing: /home/ojasvi/colcon_ws2/src/install/eyantra_warehouse/share/eyantra_warehouse//models/boxes/box_12
[1.601s] -- Installing: /home/ojasvi/colcon_ws2/src/install/eyantra_warehouse/share/eyantra_warehouse//models/boxes/box_12/model.config
[1.602s] -- Installing: /home/ojasvi/colcon_ws2/src/install/eyantra_warehouse/share/eyantra_warehouse//models/boxes/box_12/model.sdf
[1.602s] -- Installing: /home/ojasvi/colcon_ws2/src/install/eyantra_warehouse/share/eyantra_warehouse//models/boxes/box_12/meshes
[1.602s] -- Installing: /home/ojasvi/colcon_ws2/src/install/eyantra_warehouse/share/eyantra_warehouse//models/boxes/box_12/meshes/cardboard_bg.png
[1.603s] -- Installing: /home/ojasvi/colcon_ws2/src/install/eyantra_warehouse/share/eyantra_warehouse//models/boxes/box_12/meshes/box__bg.png
[1.604s] -- Installing: /home/ojasvi/colcon_ws2/src/install/eyantra_warehouse/share/eyantra_warehouse//models/boxes/box_12/meshes/box.dae
[1.604s] -- Installing: /home/ojasvi/colcon_ws2/src/install/eyantra_warehouse/share/eyantra_warehouse//models/boxes/box_12/meshes/aruco_tag.jpg
[1.605s] -- Installing: /home/ojasvi/colcon_ws2/src/install/eyantra_warehouse/share/eyantra_warehouse//models/boxes/box_8
[1.605s] -- Installing: /home/ojasvi/colcon_ws2/src/install/eyantra_warehouse/share/eyantra_warehouse//models/boxes/box_8/model.config
[1.605s] -- Installing: /home/ojasvi/colcon_ws2/src/install/eyantra_warehouse/share/eyantra_warehouse//models/boxes/box_8/model.sdf
[1.606s] -- Installing: /home/ojasvi/colcon_ws2/src/install/eyantra_warehouse/share/eyantra_warehouse//models/boxes/box_8/meshes
[1.606s] -- Installing: /home/ojasvi/colcon_ws2/src/install/eyantra_warehouse/share/eyantra_warehouse//models/boxes/box_8/meshes/cardboard_bg.png
[1.607s] -- Installing: /home/ojasvi/colcon_ws2/src/install/eyantra_warehouse/share/eyantra_warehouse//models/boxes/box_8/meshes/box__bg.png
[1.608s] -- Installing: /home/ojasvi/colcon_ws2/src/install/eyantra_warehouse/share/eyantra_warehouse//models/boxes/box_8/meshes/box.dae
[1.608s] -- Installing: /home/ojasvi/colcon_ws2/src/install/eyantra_warehouse/share/eyantra_warehouse//models/boxes/box_8/meshes/aruco_tag.jpg
[1.609s] -- Installing: /home/ojasvi/colcon_ws2/src/install/eyantra_warehouse/share/eyantra_warehouse//models/boxes/box_43
[1.609s] -- Installing: /home/ojasvi/colcon_ws2/src/install/eyantra_warehouse/share/eyantra_warehouse//models/boxes/box_43/model.config
[1.609s] -- Installing: /home/ojasvi/colcon_ws2/src/install/eyantra_warehouse/share/eyantra_warehouse//models/boxes/box_43/model.sdf
[1.610s] -- Installing: /home/ojasvi/colcon_ws2/src/install/eyantra_warehouse/share/eyantra_warehouse//models/boxes/box_43/meshes
[1.610s] -- Installing: /home/ojasvi/colcon_ws2/src/install/eyantra_warehouse/share/eyantra_warehouse//models/boxes/box_43/meshes/cardboard_bg.png
[1.611s] -- Installing: /home/ojasvi/colcon_ws2/src/install/eyantra_warehouse/share/eyantra_warehouse//models/boxes/box_43/meshes/box__bg.png
[1.612s] -- Installing: /home/ojasvi/colcon_ws2/src/install/eyantra_warehouse/share/eyantra_warehouse//models/boxes/box_43/meshes/box.dae
[1.612s] -- Installing: /home/ojasvi/colcon_ws2/src/install/eyantra_warehouse/share/eyantra_warehouse//models/boxes/box_43/meshes/aruco_tag.jpg
[1.613s] -- Installing: /home/ojasvi/colcon_ws2/src/install/eyantra_warehouse/share/eyantra_warehouse//models/boxes/box_30
[1.613s] -- Installing: /home/ojasvi/colcon_ws2/src/install/eyantra_warehouse/share/eyantra_warehouse//models/boxes/box_30/model.config
[1.613s] -- Installing: /home/ojasvi/colcon_ws2/src/install/eyantra_warehouse/share/eyantra_warehouse//models/boxes/box_30/model.sdf
[1.614s] -- Installing: /home/ojasvi/colcon_ws2/src/install/eyantra_warehouse/share/eyantra_warehouse//models/boxes/box_30/meshes
[1.614s] -- Installing: /home/ojasvi/colcon_ws2/src/install/eyantra_warehouse/share/eyantra_warehouse//models/boxes/box_30/meshes/cardboard_bg.png
[1.615s] -- Installing: /home/ojasvi/colcon_ws2/src/install/eyantra_warehouse/share/eyantra_warehouse//models/boxes/box_30/meshes/box__bg.png
[1.616s] -- Installing: /home/ojasvi/colcon_ws2/src/install/eyantra_warehouse/share/eyantra_warehouse//models/boxes/box_30/meshes/box.dae
[1.616s] -- Installing: /home/ojasvi/colcon_ws2/src/install/eyantra_warehouse/share/eyantra_warehouse//models/boxes/box_30/meshes/aruco_tag.jpg
[1.617s] -- Installing: /home/ojasvi/colcon_ws2/src/install/eyantra_warehouse/share/eyantra_warehouse//models/boxes/box_16
[1.617s] -- Installing: /home/ojasvi/colcon_ws2/src/install/eyantra_warehouse/share/eyantra_warehouse//models/boxes/box_16/model.config
[1.618s] -- Installing: /home/ojasvi/colcon_ws2/src/install/eyantra_warehouse/share/eyantra_warehouse//models/boxes/box_16/model.sdf
[1.618s] -- Installing: /home/ojasvi/colcon_ws2/src/install/eyantra_warehouse/share/eyantra_warehouse//models/boxes/box_16/meshes
[1.618s] -- Installing: /home/ojasvi/colcon_ws2/src/install/eyantra_warehouse/share/eyantra_warehouse//models/boxes/box_16/meshes/cardboard_bg.png
[1.620s] -- Installing: /home/ojasvi/colcon_ws2/src/install/eyantra_warehouse/share/eyantra_warehouse//models/boxes/box_16/meshes/box__bg.png
[1.620s] -- Installing: /home/ojasvi/colcon_ws2/src/install/eyantra_warehouse/share/eyantra_warehouse//models/boxes/box_16/meshes/box.dae
[1.621s] -- Installing: /home/ojasvi/colcon_ws2/src/install/eyantra_warehouse/share/eyantra_warehouse//models/boxes/box_16/meshes/aruco_tag.jpg
[1.621s] -- Installing: /home/ojasvi/colcon_ws2/src/install/eyantra_warehouse/share/eyantra_warehouse//models/boxes/box_5
[1.621s] -- Installing: /home/ojasvi/colcon_ws2/src/install/eyantra_warehouse/share/eyantra_warehouse//models/boxes/box_5/model.config
[1.622s] -- Installing: /home/ojasvi/colcon_ws2/src/install/eyantra_warehouse/share/eyantra_warehouse//models/boxes/box_5/model.sdf
[1.622s] -- Installing: /home/ojasvi/colcon_ws2/src/install/eyantra_warehouse/share/eyantra_warehouse//models/boxes/box_5/meshes
[1.622s] -- Installing: /home/ojasvi/colcon_ws2/src/install/eyantra_warehouse/share/eyantra_warehouse//models/boxes/box_5/meshes/cardboard_bg.png
[1.624s] -- Installing: /home/ojasvi/colcon_ws2/src/install/eyantra_warehouse/share/eyantra_warehouse//models/boxes/box_5/meshes/box__bg.png
[1.627s] -- Installing: /home/ojasvi/colcon_ws2/src/install/eyantra_warehouse/share/eyantra_warehouse//models/boxes/box_5/meshes/box.dae
[1.628s] -- Installing: /home/ojasvi/colcon_ws2/src/install/eyantra_warehouse/share/eyantra_warehouse//models/boxes/box_5/meshes/aruco_tag.jpg
[1.630s] -- Installing: /home/ojasvi/colcon_ws2/src/install/eyantra_warehouse/share/eyantra_warehouse//models/boxes/box_15
[1.630s] -- Installing: /home/ojasvi/colcon_ws2/src/install/eyantra_warehouse/share/eyantra_warehouse//models/boxes/box_15/model.config
[1.631s] -- Installing: /home/ojasvi/colcon_ws2/src/install/eyantra_warehouse/share/eyantra_warehouse//models/boxes/box_15/model.sdf
[1.632s] -- Installing: /home/ojasvi/colcon_ws2/src/install/eyantra_warehouse/share/eyantra_warehouse//models/boxes/box_15/meshes
[1.632s] -- Installing: /home/ojasvi/colcon_ws2/src/install/eyantra_warehouse/share/eyantra_warehouse//models/boxes/box_15/meshes/cardboard_bg.png
[1.635s] -- Installing: /home/ojasvi/colcon_ws2/src/install/eyantra_warehouse/share/eyantra_warehouse//models/boxes/box_15/meshes/box__bg.png
[1.638s] -- Installing: /home/ojasvi/colcon_ws2/src/install/eyantra_warehouse/share/eyantra_warehouse//models/boxes/box_15/meshes/box.dae
[1.639s] -- Installing: /home/ojasvi/colcon_ws2/src/install/eyantra_warehouse/share/eyantra_warehouse//models/boxes/box_15/meshes/aruco_tag.jpg
[1.640s] -- Installing: /home/ojasvi/colcon_ws2/src/install/eyantra_warehouse/share/eyantra_warehouse//models/boxes/box_45
[1.640s] -- Installing: /home/ojasvi/colcon_ws2/src/install/eyantra_warehouse/share/eyantra_warehouse//models/boxes/box_45/model.config
[1.642s] -- Installing: /home/ojasvi/colcon_ws2/src/install/eyantra_warehouse/share/eyantra_warehouse//models/boxes/box_45/model.sdf
[1.643s] -- Installing: /home/ojasvi/colcon_ws2/src/install/eyantra_warehouse/share/eyantra_warehouse//models/boxes/box_45/meshes
[1.643s] -- Installing: /home/ojasvi/colcon_ws2/src/install/eyantra_warehouse/share/eyantra_warehouse//models/boxes/box_45/meshes/cardboard_bg.png
[1.646s] -- Installing: /home/ojasvi/colcon_ws2/src/install/eyantra_warehouse/share/eyantra_warehouse//models/boxes/box_45/meshes/box__bg.png
[1.647s] -- Installing: /home/ojasvi/colcon_ws2/src/install/eyantra_warehouse/share/eyantra_warehouse//models/boxes/box_45/meshes/box.dae
[1.648s] -- Installing: /home/ojasvi/colcon_ws2/src/install/eyantra_warehouse/share/eyantra_warehouse//models/boxes/box_45/meshes/aruco_tag.jpg
[1.648s] -- Installing: /home/ojasvi/colcon_ws2/src/install/eyantra_warehouse/share/eyantra_warehouse//models/boxes/box_37
[1.648s] -- Installing: /home/ojasvi/colcon_ws2/src/install/eyantra_warehouse/share/eyantra_warehouse//models/boxes/box_37/model.config
[1.649s] -- Installing: /home/ojasvi/colcon_ws2/src/install/eyantra_warehouse/share/eyantra_warehouse//models/boxes/box_37/model.sdf
[1.649s] -- Installing: /home/ojasvi/colcon_ws2/src/install/eyantra_warehouse/share/eyantra_warehouse//models/boxes/box_37/meshes
[1.649s] -- Installing: /home/ojasvi/colcon_ws2/src/install/eyantra_warehouse/share/eyantra_warehouse//models/boxes/box_37/meshes/cardboard_bg.png
[1.650s] -- Installing: /home/ojasvi/colcon_ws2/src/install/eyantra_warehouse/share/eyantra_warehouse//models/boxes/box_37/meshes/box__bg.png
[1.651s] -- Installing: /home/ojasvi/colcon_ws2/src/install/eyantra_warehouse/share/eyantra_warehouse//models/boxes/box_37/meshes/box.dae
[1.651s] -- Installing: /home/ojasvi/colcon_ws2/src/install/eyantra_warehouse/share/eyantra_warehouse//models/boxes/box_37/meshes/aruco_tag.jpg
[1.651s] -- Installing: /home/ojasvi/colcon_ws2/src/install/eyantra_warehouse/share/eyantra_warehouse//models/boxes/box_48
[1.652s] -- Installing: /home/ojasvi/colcon_ws2/src/install/eyantra_warehouse/share/eyantra_warehouse//models/boxes/box_48/model.config
[1.652s] -- Installing: /home/ojasvi/colcon_ws2/src/install/eyantra_warehouse/share/eyantra_warehouse//models/boxes/box_48/model.sdf
[1.653s] -- Installing: /home/ojasvi/colcon_ws2/src/install/eyantra_warehouse/share/eyantra_warehouse//models/boxes/box_48/meshes
[1.653s] -- Installing: /home/ojasvi/colcon_ws2/src/install/eyantra_warehouse/share/eyantra_warehouse//models/boxes/box_48/meshes/cardboard_bg.png
[1.654s] -- Installing: /home/ojasvi/colcon_ws2/src/install/eyantra_warehouse/share/eyantra_warehouse//models/boxes/box_48/meshes/box__bg.png
[1.655s] -- Installing: /home/ojasvi/colcon_ws2/src/install/eyantra_warehouse/share/eyantra_warehouse//models/boxes/box_48/meshes/box.dae
[1.655s] -- Installing: /home/ojasvi/colcon_ws2/src/install/eyantra_warehouse/share/eyantra_warehouse//models/boxes/box_48/meshes/aruco_tag.jpg
[1.656s] -- Installing: /home/ojasvi/colcon_ws2/src/install/eyantra_warehouse/share/eyantra_warehouse//models/boxes/box_33
[1.656s] -- Installing: /home/ojasvi/colcon_ws2/src/install/eyantra_warehouse/share/eyantra_warehouse//models/boxes/box_33/model.config
[1.656s] -- Installing: /home/ojasvi/colcon_ws2/src/install/eyantra_warehouse/share/eyantra_warehouse//models/boxes/box_33/model.sdf
[1.657s] -- Installing: /home/ojasvi/colcon_ws2/src/install/eyantra_warehouse/share/eyantra_warehouse//models/boxes/box_33/meshes
[1.657s] -- Installing: /home/ojasvi/colcon_ws2/src/install/eyantra_warehouse/share/eyantra_warehouse//models/boxes/box_33/meshes/cardboard_bg.png
[1.658s] -- Installing: /home/ojasvi/colcon_ws2/src/install/eyantra_warehouse/share/eyantra_warehouse//models/boxes/box_33/meshes/box__bg.png
[1.658s] -- Installing: /home/ojasvi/colcon_ws2/src/install/eyantra_warehouse/share/eyantra_warehouse//models/boxes/box_33/meshes/box.dae
[1.659s] -- Installing: /home/ojasvi/colcon_ws2/src/install/eyantra_warehouse/share/eyantra_warehouse//models/boxes/box_33/meshes/aruco_tag.jpg
[1.659s] -- Installing: /home/ojasvi/colcon_ws2/src/install/eyantra_warehouse/share/eyantra_warehouse//models/boxes/box_11
[1.659s] -- Installing: /home/ojasvi/colcon_ws2/src/install/eyantra_warehouse/share/eyantra_warehouse//models/boxes/box_11/model.config
[1.660s] -- Installing: /home/ojasvi/colcon_ws2/src/install/eyantra_warehouse/share/eyantra_warehouse//models/boxes/box_11/model.sdf
[1.660s] -- Installing: /home/ojasvi/colcon_ws2/src/install/eyantra_warehouse/share/eyantra_warehouse//models/boxes/box_11/meshes
[1.661s] -- Installing: /home/ojasvi/colcon_ws2/src/install/eyantra_warehouse/share/eyantra_warehouse//models/boxes/box_11/meshes/cardboard_bg.png
[1.662s] -- Installing: /home/ojasvi/colcon_ws2/src/install/eyantra_warehouse/share/eyantra_warehouse//models/boxes/box_11/meshes/box__bg.png
[1.663s] -- Installing: /home/ojasvi/colcon_ws2/src/install/eyantra_warehouse/share/eyantra_warehouse//models/boxes/box_11/meshes/box.dae
[1.664s] -- Installing: /home/ojasvi/colcon_ws2/src/install/eyantra_warehouse/share/eyantra_warehouse//models/boxes/box_11/meshes/aruco_tag.jpg
[1.664s] -- Installing: /home/ojasvi/colcon_ws2/src/install/eyantra_warehouse/share/eyantra_warehouse//models/boxes/box_26
[1.664s] -- Installing: /home/ojasvi/colcon_ws2/src/install/eyantra_warehouse/share/eyantra_warehouse//models/boxes/box_26/model.config
[1.664s] -- Installing: /home/ojasvi/colcon_ws2/src/install/eyantra_warehouse/share/eyantra_warehouse//models/boxes/box_26/model.sdf
[1.665s] -- Installing: /home/ojasvi/colcon_ws2/src/install/eyantra_warehouse/share/eyantra_warehouse//models/boxes/box_26/meshes
[1.665s] -- Installing: /home/ojasvi/colcon_ws2/src/install/eyantra_warehouse/share/eyantra_warehouse//models/boxes/box_26/meshes/cardboard_bg.png
[1.666s] -- Installing: /home/ojasvi/colcon_ws2/src/install/eyantra_warehouse/share/eyantra_warehouse//models/boxes/box_26/meshes/box__bg.png
[1.667s] -- Installing: /home/ojasvi/colcon_ws2/src/install/eyantra_warehouse/share/eyantra_warehouse//models/boxes/box_26/meshes/box.dae
[1.667s] -- Installing: /home/ojasvi/colcon_ws2/src/install/eyantra_warehouse/share/eyantra_warehouse//models/boxes/box_26/meshes/aruco_tag.jpg
[1.668s] -- Installing: /home/ojasvi/colcon_ws2/src/install/eyantra_warehouse/share/eyantra_warehouse//models/boxes/box_41
[1.668s] -- Installing: /home/ojasvi/colcon_ws2/src/install/eyantra_warehouse/share/eyantra_warehouse//models/boxes/box_41/model.config
[1.668s] -- Installing: /home/ojasvi/colcon_ws2/src/install/eyantra_warehouse/share/eyantra_warehouse//models/boxes/box_41/model.sdf
[1.669s] -- Installing: /home/ojasvi/colcon_ws2/src/install/eyantra_warehouse/share/eyantra_warehouse//models/boxes/box_41/meshes
[1.669s] -- Installing: /home/ojasvi/colcon_ws2/src/install/eyantra_warehouse/share/eyantra_warehouse//models/boxes/box_41/meshes/cardboard_bg.png
[1.670s] -- Installing: /home/ojasvi/colcon_ws2/src/install/eyantra_warehouse/share/eyantra_warehouse//models/boxes/box_41/meshes/box__bg.png
[1.670s] -- Installing: /home/ojasvi/colcon_ws2/src/install/eyantra_warehouse/share/eyantra_warehouse//models/boxes/box_41/meshes/box.dae
[1.671s] -- Installing: /home/ojasvi/colcon_ws2/src/install/eyantra_warehouse/share/eyantra_warehouse//models/boxes/box_41/meshes/aruco_tag.jpg
[1.671s] -- Installing: /home/ojasvi/colcon_ws2/src/install/eyantra_warehouse/share/eyantra_warehouse//models/boxes/box_32
[1.671s] -- Installing: /home/ojasvi/colcon_ws2/src/install/eyantra_warehouse/share/eyantra_warehouse//models/boxes/box_32/model.config
[1.672s] -- Installing: /home/ojasvi/colcon_ws2/src/install/eyantra_warehouse/share/eyantra_warehouse//models/boxes/box_32/model.sdf
[1.672s] -- Installing: /home/ojasvi/colcon_ws2/src/install/eyantra_warehouse/share/eyantra_warehouse//models/boxes/box_32/meshes
[1.673s] -- Installing: /home/ojasvi/colcon_ws2/src/install/eyantra_warehouse/share/eyantra_warehouse//models/boxes/box_32/meshes/cardboard_bg.png
[1.674s] -- Installing: /home/ojasvi/colcon_ws2/src/install/eyantra_warehouse/share/eyantra_warehouse//models/boxes/box_32/meshes/box__bg.png
[1.675s] -- Installing: /home/ojasvi/colcon_ws2/src/install/eyantra_warehouse/share/eyantra_warehouse//models/boxes/box_32/meshes/box.dae
[1.675s] -- Installing: /home/ojasvi/colcon_ws2/src/install/eyantra_warehouse/share/eyantra_warehouse//models/boxes/box_32/meshes/aruco_tag.jpg
[1.676s] -- Installing: /home/ojasvi/colcon_ws2/src/install/eyantra_warehouse/share/eyantra_warehouse//models/boxes/box_49
[1.676s] -- Installing: /home/ojasvi/colcon_ws2/src/install/eyantra_warehouse/share/eyantra_warehouse//models/boxes/box_49/model.config
[1.677s] -- Installing: /home/ojasvi/colcon_ws2/src/install/eyantra_warehouse/share/eyantra_warehouse//models/boxes/box_49/model.sdf
[1.677s] -- Installing: /home/ojasvi/colcon_ws2/src/install/eyantra_warehouse/share/eyantra_warehouse//models/boxes/box_49/meshes
[1.677s] -- Installing: /home/ojasvi/colcon_ws2/src/install/eyantra_warehouse/share/eyantra_warehouse//models/boxes/box_49/meshes/cardboard_bg.png
[1.678s] -- Installing: /home/ojasvi/colcon_ws2/src/install/eyantra_warehouse/share/eyantra_warehouse//models/boxes/box_49/meshes/box__bg.png
[1.679s] -- Installing: /home/ojasvi/colcon_ws2/src/install/eyantra_warehouse/share/eyantra_warehouse//models/boxes/box_49/meshes/box.dae
[1.680s] -- Installing: /home/ojasvi/colcon_ws2/src/install/eyantra_warehouse/share/eyantra_warehouse//models/boxes/box_49/meshes/aruco_tag.jpg
[1.681s] -- Installing: /home/ojasvi/colcon_ws2/src/install/eyantra_warehouse/share/eyantra_warehouse//models/boxes/box_24
[1.681s] -- Installing: /home/ojasvi/colcon_ws2/src/install/eyantra_warehouse/share/eyantra_warehouse//models/boxes/box_24/model.config
[1.681s] -- Installing: /home/ojasvi/colcon_ws2/src/install/eyantra_warehouse/share/eyantra_warehouse//models/boxes/box_24/model.sdf
[1.681s] -- Installing: /home/ojasvi/colcon_ws2/src/install/eyantra_warehouse/share/eyantra_warehouse//models/boxes/box_24/meshes
[1.681s] -- Installing: /home/ojasvi/colcon_ws2/src/install/eyantra_warehouse/share/eyantra_warehouse//models/boxes/box_24/meshes/cardboard_bg.png
[1.683s] -- Installing: /home/ojasvi/colcon_ws2/src/install/eyantra_warehouse/share/eyantra_warehouse//models/boxes/box_24/meshes/box__bg.png
[1.683s] -- Installing: /home/ojasvi/colcon_ws2/src/install/eyantra_warehouse/share/eyantra_warehouse//models/boxes/box_24/meshes/box.dae
[1.684s] -- Installing: /home/ojasvi/colcon_ws2/src/install/eyantra_warehouse/share/eyantra_warehouse//models/boxes/box_24/meshes/aruco_tag.jpg
[1.684s] -- Installing: /home/ojasvi/colcon_ws2/src/install/eyantra_warehouse/share/eyantra_warehouse//models/boxes/box_35
[1.684s] -- Installing: /home/ojasvi/colcon_ws2/src/install/eyantra_warehouse/share/eyantra_warehouse//models/boxes/box_35/model.config
[1.684s] -- Installing: /home/ojasvi/colcon_ws2/src/install/eyantra_warehouse/share/eyantra_warehouse//models/boxes/box_35/model.sdf
[1.685s] -- Installing: /home/ojasvi/colcon_ws2/src/install/eyantra_warehouse/share/eyantra_warehouse//models/boxes/box_35/meshes
[1.685s] -- Installing: /home/ojasvi/colcon_ws2/src/install/eyantra_warehouse/share/eyantra_warehouse//models/boxes/box_35/meshes/cardboard_bg.png
[1.687s] -- Installing: /home/ojasvi/colcon_ws2/src/install/eyantra_warehouse/share/eyantra_warehouse//models/boxes/box_35/meshes/box__bg.png
[1.687s] -- Installing: /home/ojasvi/colcon_ws2/src/install/eyantra_warehouse/share/eyantra_warehouse//models/boxes/box_35/meshes/box.dae
[1.688s] -- Installing: /home/ojasvi/colcon_ws2/src/install/eyantra_warehouse/share/eyantra_warehouse//models/boxes/box_35/meshes/aruco_tag.jpg
[1.688s] -- Installing: /home/ojasvi/colcon_ws2/src/install/eyantra_warehouse/share/eyantra_warehouse//models/boxes/box_7
[1.688s] -- Installing: /home/ojasvi/colcon_ws2/src/install/eyantra_warehouse/share/eyantra_warehouse//models/boxes/box_7/model.config
[1.689s] -- Installing: /home/ojasvi/colcon_ws2/src/install/eyantra_warehouse/share/eyantra_warehouse//models/boxes/box_7/model.sdf
[1.689s] -- Installing: /home/ojasvi/colcon_ws2/src/install/eyantra_warehouse/share/eyantra_warehouse//models/boxes/box_7/meshes
[1.689s] -- Installing: /home/ojasvi/colcon_ws2/src/install/eyantra_warehouse/share/eyantra_warehouse//models/boxes/box_7/meshes/cardboard_bg.png
[1.690s] -- Installing: /home/ojasvi/colcon_ws2/src/install/eyantra_warehouse/share/eyantra_warehouse//models/boxes/box_7/meshes/box__bg.png
[1.692s] -- Installing: /home/ojasvi/colcon_ws2/src/install/eyantra_warehouse/share/eyantra_warehouse//models/boxes/box_7/meshes/box.dae
[1.693s] -- Installing: /home/ojasvi/colcon_ws2/src/install/eyantra_warehouse/share/eyantra_warehouse//models/boxes/box_7/meshes/aruco_tag.jpg
[1.693s] -- Installing: /home/ojasvi/colcon_ws2/src/install/eyantra_warehouse/share/eyantra_warehouse//models/boxes/box_18
[1.693s] -- Installing: /home/ojasvi/colcon_ws2/src/install/eyantra_warehouse/share/eyantra_warehouse//models/boxes/box_18/model.config
[1.694s] -- Installing: /home/ojasvi/colcon_ws2/src/install/eyantra_warehouse/share/eyantra_warehouse//models/boxes/box_18/model.sdf
[1.695s] -- Installing: /home/ojasvi/colcon_ws2/src/install/eyantra_warehouse/share/eyantra_warehouse//models/boxes/box_18/meshes
[1.695s] -- Installing: /home/ojasvi/colcon_ws2/src/install/eyantra_warehouse/share/eyantra_warehouse//models/boxes/box_18/meshes/cardboard_bg.png
[1.695s] -- Installing: /home/ojasvi/colcon_ws2/src/install/eyantra_warehouse/share/eyantra_warehouse//models/boxes/box_18/meshes/box__bg.png
[1.696s] -- Installing: /home/ojasvi/colcon_ws2/src/install/eyantra_warehouse/share/eyantra_warehouse//models/boxes/box_18/meshes/box.dae
[1.697s] -- Installing: /home/ojasvi/colcon_ws2/src/install/eyantra_warehouse/share/eyantra_warehouse//models/boxes/box_18/meshes/aruco_tag.jpg
[1.697s] -- Installing: /home/ojasvi/colcon_ws2/src/install/eyantra_warehouse/share/eyantra_warehouse//models/boxes/box_29
[1.697s] -- Installing: /home/ojasvi/colcon_ws2/src/install/eyantra_warehouse/share/eyantra_warehouse//models/boxes/box_29/model.config
[1.698s] -- Installing: /home/ojasvi/colcon_ws2/src/install/eyantra_warehouse/share/eyantra_warehouse//models/boxes/box_29/model.sdf
[1.698s] -- Installing: /home/ojasvi/colcon_ws2/src/install/eyantra_warehouse/share/eyantra_warehouse//models/boxes/box_29/meshes
[1.698s] -- Installing: /home/ojasvi/colcon_ws2/src/install/eyantra_warehouse/share/eyantra_warehouse//models/boxes/box_29/meshes/cardboard_bg.png
[1.699s] -- Installing: /home/ojasvi/colcon_ws2/src/install/eyantra_warehouse/share/eyantra_warehouse//models/boxes/box_29/meshes/box__bg.png
[1.701s] -- Installing: /home/ojasvi/colcon_ws2/src/install/eyantra_warehouse/share/eyantra_warehouse//models/boxes/box_29/meshes/box.dae
[1.701s] -- Installing: /home/ojasvi/colcon_ws2/src/install/eyantra_warehouse/share/eyantra_warehouse//models/boxes/box_29/meshes/aruco_tag.jpg
[1.701s] -- Installing: /home/ojasvi/colcon_ws2/src/install/eyantra_warehouse/share/eyantra_warehouse//models/boxes/box_50
[1.701s] -- Installing: /home/ojasvi/colcon_ws2/src/install/eyantra_warehouse/share/eyantra_warehouse//models/boxes/box_50/model.config
[1.702s] -- Installing: /home/ojasvi/colcon_ws2/src/install/eyantra_warehouse/share/eyantra_warehouse//models/boxes/box_50/model.sdf
[1.702s] -- Installing: /home/ojasvi/colcon_ws2/src/install/eyantra_warehouse/share/eyantra_warehouse//models/boxes/box_50/meshes
[1.702s] -- Installing: /home/ojasvi/colcon_ws2/src/install/eyantra_warehouse/share/eyantra_warehouse//models/boxes/box_50/meshes/cardboard_bg.png
[1.704s] -- Installing: /home/ojasvi/colcon_ws2/src/install/eyantra_warehouse/share/eyantra_warehouse//models/boxes/box_50/meshes/box__bg.png
[1.705s] -- Installing: /home/ojasvi/colcon_ws2/src/install/eyantra_warehouse/share/eyantra_warehouse//models/boxes/box_50/meshes/box.dae
[1.705s] -- Installing: /home/ojasvi/colcon_ws2/src/install/eyantra_warehouse/share/eyantra_warehouse//models/boxes/box_50/meshes/aruco_tag.jpg
[1.705s] -- Installing: /home/ojasvi/colcon_ws2/src/install/eyantra_warehouse/share/eyantra_warehouse//models/boxes/box_1
[1.705s] -- Installing: /home/ojasvi/colcon_ws2/src/install/eyantra_warehouse/share/eyantra_warehouse//models/boxes/box_1/model.config
[1.706s] -- Installing: /home/ojasvi/colcon_ws2/src/install/eyantra_warehouse/share/eyantra_warehouse//models/boxes/box_1/model.sdf
[1.706s] -- Installing: /home/ojasvi/colcon_ws2/src/install/eyantra_warehouse/share/eyantra_warehouse//models/boxes/box_1/meshes
[1.706s] -- Installing: /home/ojasvi/colcon_ws2/src/install/eyantra_warehouse/share/eyantra_warehouse//models/boxes/box_1/meshes/cardboard_bg.png
[1.708s] -- Installing: /home/ojasvi/colcon_ws2/src/install/eyantra_warehouse/share/eyantra_warehouse//models/boxes/box_1/meshes/box__bg.png
[1.709s] -- Installing: /home/ojasvi/colcon_ws2/src/install/eyantra_warehouse/share/eyantra_warehouse//models/boxes/box_1/meshes/box.dae
[1.710s] -- Installing: /home/ojasvi/colcon_ws2/src/install/eyantra_warehouse/share/eyantra_warehouse//models/boxes/box_1/meshes/aruco_tag.jpg
[1.710s] -- Installing: /home/ojasvi/colcon_ws2/src/install/eyantra_warehouse/share/eyantra_warehouse//models/boxes/box_23
[1.711s] -- Installing: /home/ojasvi/colcon_ws2/src/install/eyantra_warehouse/share/eyantra_warehouse//models/boxes/box_23/model.config
[1.711s] -- Installing: /home/ojasvi/colcon_ws2/src/install/eyantra_warehouse/share/eyantra_warehouse//models/boxes/box_23/model.sdf
[1.711s] -- Installing: /home/ojasvi/colcon_ws2/src/install/eyantra_warehouse/share/eyantra_warehouse//models/boxes/box_23/meshes
[1.711s] -- Installing: /home/ojasvi/colcon_ws2/src/install/eyantra_warehouse/share/eyantra_warehouse//models/boxes/box_23/meshes/cardboard_bg.png
[1.712s] -- Installing: /home/ojasvi/colcon_ws2/src/install/eyantra_warehouse/share/eyantra_warehouse//models/boxes/box_23/meshes/box__bg.png
[1.714s] -- Installing: /home/ojasvi/colcon_ws2/src/install/eyantra_warehouse/share/eyantra_warehouse//models/boxes/box_23/meshes/box.dae
[1.714s] -- Installing: /home/ojasvi/colcon_ws2/src/install/eyantra_warehouse/share/eyantra_warehouse//models/boxes/box_23/meshes/aruco_tag.jpg
[1.715s] -- Installing: /home/ojasvi/colcon_ws2/src/install/eyantra_warehouse/share/eyantra_warehouse//models/boxes/box_17
[1.715s] -- Installing: /home/ojasvi/colcon_ws2/src/install/eyantra_warehouse/share/eyantra_warehouse//models/boxes/box_17/model.config
[1.715s] -- Installing: /home/ojasvi/colcon_ws2/src/install/eyantra_warehouse/share/eyantra_warehouse//models/boxes/box_17/model.sdf
[1.715s] -- Installing: /home/ojasvi/colcon_ws2/src/install/eyantra_warehouse/share/eyantra_warehouse//models/boxes/box_17/meshes
[1.716s] -- Installing: /home/ojasvi/colcon_ws2/src/install/eyantra_warehouse/share/eyantra_warehouse//models/boxes/box_17/meshes/cardboard_bg.png
[1.717s] -- Installing: /home/ojasvi/colcon_ws2/src/install/eyantra_warehouse/share/eyantra_warehouse//models/boxes/box_17/meshes/box__bg.png
[1.718s] -- Installing: /home/ojasvi/colcon_ws2/src/install/eyantra_warehouse/share/eyantra_warehouse//models/boxes/box_17/meshes/box.dae
[1.718s] -- Installing: /home/ojasvi/colcon_ws2/src/install/eyantra_warehouse/share/eyantra_warehouse//models/boxes/box_17/meshes/aruco_tag.jpg
[1.718s] -- Installing: /home/ojasvi/colcon_ws2/src/install/eyantra_warehouse/share/eyantra_warehouse//models/boxes/box_6
[1.719s] -- Installing: /home/ojasvi/colcon_ws2/src/install/eyantra_warehouse/share/eyantra_warehouse//models/boxes/box_6/model.config
[1.719s] -- Installing: /home/ojasvi/colcon_ws2/src/install/eyantra_warehouse/share/eyantra_warehouse//models/boxes/box_6/model.sdf
[1.719s] -- Installing: /home/ojasvi/colcon_ws2/src/install/eyantra_warehouse/share/eyantra_warehouse//models/boxes/box_6/meshes
[1.719s] -- Installing: /home/ojasvi/colcon_ws2/src/install/eyantra_warehouse/share/eyantra_warehouse//models/boxes/box_6/meshes/cardboard_bg.png
[1.720s] -- Installing: /home/ojasvi/colcon_ws2/src/install/eyantra_warehouse/share/eyantra_warehouse//models/boxes/box_6/meshes/box__bg.png
[1.721s] -- Installing: /home/ojasvi/colcon_ws2/src/install/eyantra_warehouse/share/eyantra_warehouse//models/boxes/box_6/meshes/box.dae
[1.722s] -- Installing: /home/ojasvi/colcon_ws2/src/install/eyantra_warehouse/share/eyantra_warehouse//models/boxes/box_6/meshes/aruco_tag.jpg
[1.722s] -- Installing: /home/ojasvi/colcon_ws2/src/install/eyantra_warehouse/share/eyantra_warehouse//models/boxes/box_13
[1.722s] -- Installing: /home/ojasvi/colcon_ws2/src/install/eyantra_warehouse/share/eyantra_warehouse//models/boxes/box_13/model.config
[1.723s] -- Installing: /home/ojasvi/colcon_ws2/src/install/eyantra_warehouse/share/eyantra_warehouse//models/boxes/box_13/model.sdf
[1.723s] -- Installing: /home/ojasvi/colcon_ws2/src/install/eyantra_warehouse/share/eyantra_warehouse//models/boxes/box_13/meshes
[1.723s] -- Installing: /home/ojasvi/colcon_ws2/src/install/eyantra_warehouse/share/eyantra_warehouse//models/boxes/box_13/meshes/cardboard_bg.png
[1.724s] -- Installing: /home/ojasvi/colcon_ws2/src/install/eyantra_warehouse/share/eyantra_warehouse//models/boxes/box_13/meshes/box__bg.png
[1.725s] -- Installing: /home/ojasvi/colcon_ws2/src/install/eyantra_warehouse/share/eyantra_warehouse//models/boxes/box_13/meshes/box.dae
[1.725s] -- Installing: /home/ojasvi/colcon_ws2/src/install/eyantra_warehouse/share/eyantra_warehouse//models/boxes/box_13/meshes/aruco_tag.jpg
[1.725s] -- Installing: /home/ojasvi/colcon_ws2/src/install/eyantra_warehouse/share/eyantra_warehouse//models/boxes/box_34
[1.725s] -- Installing: /home/ojasvi/colcon_ws2/src/install/eyantra_warehouse/share/eyantra_warehouse//models/boxes/box_34/model.config
[1.726s] -- Installing: /home/ojasvi/colcon_ws2/src/install/eyantra_warehouse/share/eyantra_warehouse//models/boxes/box_34/model.sdf
[1.726s] -- Installing: /home/ojasvi/colcon_ws2/src/install/eyantra_warehouse/share/eyantra_warehouse//models/boxes/box_34/meshes
[1.726s] -- Installing: /home/ojasvi/colcon_ws2/src/install/eyantra_warehouse/share/eyantra_warehouse//models/boxes/box_34/meshes/cardboard_bg.png
[1.727s] -- Installing: /home/ojasvi/colcon_ws2/src/install/eyantra_warehouse/share/eyantra_warehouse//models/boxes/box_34/meshes/box__bg.png
[1.728s] -- Installing: /home/ojasvi/colcon_ws2/src/install/eyantra_warehouse/share/eyantra_warehouse//models/boxes/box_34/meshes/box.dae
[1.729s] -- Installing: /home/ojasvi/colcon_ws2/src/install/eyantra_warehouse/share/eyantra_warehouse//models/boxes/box_34/meshes/aruco_tag.jpg
[1.729s] -- Installing: /home/ojasvi/colcon_ws2/src/install/eyantra_warehouse/share/eyantra_warehouse//models/boxes/box_2
[1.729s] -- Installing: /home/ojasvi/colcon_ws2/src/install/eyantra_warehouse/share/eyantra_warehouse//models/boxes/box_2/model.config
[1.729s] -- Installing: /home/ojasvi/colcon_ws2/src/install/eyantra_warehouse/share/eyantra_warehouse//models/boxes/box_2/model.sdf
[1.730s] -- Installing: /home/ojasvi/colcon_ws2/src/install/eyantra_warehouse/share/eyantra_warehouse//models/boxes/box_2/meshes
[1.730s] -- Installing: /home/ojasvi/colcon_ws2/src/install/eyantra_warehouse/share/eyantra_warehouse//models/boxes/box_2/meshes/cardboard_bg.png
[1.731s] -- Installing: /home/ojasvi/colcon_ws2/src/install/eyantra_warehouse/share/eyantra_warehouse//models/boxes/box_2/meshes/box__bg.png
[1.732s] -- Installing: /home/ojasvi/colcon_ws2/src/install/eyantra_warehouse/share/eyantra_warehouse//models/boxes/box_2/meshes/box.dae
[1.732s] -- Installing: /home/ojasvi/colcon_ws2/src/install/eyantra_warehouse/share/eyantra_warehouse//models/boxes/box_2/meshes/aruco_tag.jpg
[1.733s] -- Installing: /home/ojasvi/colcon_ws2/src/install/eyantra_warehouse/share/eyantra_warehouse//models/boxes/box_44
[1.733s] -- Installing: /home/ojasvi/colcon_ws2/src/install/eyantra_warehouse/share/eyantra_warehouse//models/boxes/box_44/model.config
[1.733s] -- Installing: /home/ojasvi/colcon_ws2/src/install/eyantra_warehouse/share/eyantra_warehouse//models/boxes/box_44/model.sdf
[1.734s] -- Installing: /home/ojasvi/colcon_ws2/src/install/eyantra_warehouse/share/eyantra_warehouse//models/boxes/box_44/meshes
[1.734s] -- Installing: /home/ojasvi/colcon_ws2/src/install/eyantra_warehouse/share/eyantra_warehouse//models/boxes/box_44/meshes/cardboard_bg.png
[1.735s] -- Installing: /home/ojasvi/colcon_ws2/src/install/eyantra_warehouse/share/eyantra_warehouse//models/boxes/box_44/meshes/box__bg.png
[1.736s] -- Installing: /home/ojasvi/colcon_ws2/src/install/eyantra_warehouse/share/eyantra_warehouse//models/boxes/box_44/meshes/box.dae
[1.737s] -- Installing: /home/ojasvi/colcon_ws2/src/install/eyantra_warehouse/share/eyantra_warehouse//models/boxes/box_44/meshes/aruco_tag.jpg
[1.737s] -- Installing: /home/ojasvi/colcon_ws2/src/install/eyantra_warehouse/share/eyantra_warehouse//models/boxes/box_10
[1.737s] -- Installing: /home/ojasvi/colcon_ws2/src/install/eyantra_warehouse/share/eyantra_warehouse//models/boxes/box_10/model.config
[1.737s] -- Installing: /home/ojasvi/colcon_ws2/src/install/eyantra_warehouse/share/eyantra_warehouse//models/boxes/box_10/model.sdf
[1.738s] -- Installing: /home/ojasvi/colcon_ws2/src/install/eyantra_warehouse/share/eyantra_warehouse//models/boxes/box_10/meshes
[1.738s] -- Installing: /home/ojasvi/colcon_ws2/src/install/eyantra_warehouse/share/eyantra_warehouse//models/boxes/box_10/meshes/cardboard_bg.png
[1.739s] -- Installing: /home/ojasvi/colcon_ws2/src/install/eyantra_warehouse/share/eyantra_warehouse//models/boxes/box_10/meshes/box__bg.png
[1.740s] -- Installing: /home/ojasvi/colcon_ws2/src/install/eyantra_warehouse/share/eyantra_warehouse//models/boxes/box_10/meshes/box.dae
[1.740s] -- Installing: /home/ojasvi/colcon_ws2/src/install/eyantra_warehouse/share/eyantra_warehouse//models/boxes/box_10/meshes/aruco_tag.jpg
[1.740s] -- Installing: /home/ojasvi/colcon_ws2/src/install/eyantra_warehouse/share/eyantra_warehouse//models/boxes/box_36
[1.740s] -- Installing: /home/ojasvi/colcon_ws2/src/install/eyantra_warehouse/share/eyantra_warehouse//models/boxes/box_36/model.config
[1.741s] -- Installing: /home/ojasvi/colcon_ws2/src/install/eyantra_warehouse/share/eyantra_warehouse//models/boxes/box_36/model.sdf
[1.741s] -- Installing: /home/ojasvi/colcon_ws2/src/install/eyantra_warehouse/share/eyantra_warehouse//models/boxes/box_36/meshes
[1.741s] -- Installing: /home/ojasvi/colcon_ws2/src/install/eyantra_warehouse/share/eyantra_warehouse//models/boxes/box_36/meshes/cardboard_bg.png
[1.742s] -- Installing: /home/ojasvi/colcon_ws2/src/install/eyantra_warehouse/share/eyantra_warehouse//models/boxes/box_36/meshes/box__bg.png
[1.743s] -- Installing: /home/ojasvi/colcon_ws2/src/install/eyantra_warehouse/share/eyantra_warehouse//models/boxes/box_36/meshes/box.dae
[1.743s] -- Installing: /home/ojasvi/colcon_ws2/src/install/eyantra_warehouse/share/eyantra_warehouse//models/boxes/box_36/meshes/aruco_tag.jpg
[1.743s] -- Installing: /home/ojasvi/colcon_ws2/src/install/eyantra_warehouse/share/eyantra_warehouse//models/boxes/box_4
[1.743s] -- Installing: /home/ojasvi/colcon_ws2/src/install/eyantra_warehouse/share/eyantra_warehouse//models/boxes/box_4/model.config
[1.744s] -- Installing: /home/ojasvi/colcon_ws2/src/install/eyantra_warehouse/share/eyantra_warehouse//models/boxes/box_4/model.sdf
[1.744s] -- Installing: /home/ojasvi/colcon_ws2/src/install/eyantra_warehouse/share/eyantra_warehouse//models/boxes/box_4/meshes
[1.744s] -- Installing: /home/ojasvi/colcon_ws2/src/install/eyantra_warehouse/share/eyantra_warehouse//models/boxes/box_4/meshes/cardboard_bg.png
[1.745s] -- Installing: /home/ojasvi/colcon_ws2/src/install/eyantra_warehouse/share/eyantra_warehouse//models/boxes/box_4/meshes/box__bg.png
[1.746s] -- Installing: /home/ojasvi/colcon_ws2/src/install/eyantra_warehouse/share/eyantra_warehouse//models/boxes/box_4/meshes/box.dae
[1.747s] -- Installing: /home/ojasvi/colcon_ws2/src/install/eyantra_warehouse/share/eyantra_warehouse//models/boxes/box_4/meshes/aruco_tag.jpg
[1.747s] -- Installing: /home/ojasvi/colcon_ws2/src/install/eyantra_warehouse/share/eyantra_warehouse//models/boxes/box_47
[1.747s] -- Installing: /home/ojasvi/colcon_ws2/src/install/eyantra_warehouse/share/eyantra_warehouse//models/boxes/box_47/model.config
[1.747s] -- Installing: /home/ojasvi/colcon_ws2/src/install/eyantra_warehouse/share/eyantra_warehouse//models/boxes/box_47/model.sdf
[1.748s] -- Installing: /home/ojasvi/colcon_ws2/src/install/eyantra_warehouse/share/eyantra_warehouse//models/boxes/box_47/meshes
[1.748s] -- Installing: /home/ojasvi/colcon_ws2/src/install/eyantra_warehouse/share/eyantra_warehouse//models/boxes/box_47/meshes/cardboard_bg.png
[1.749s] -- Installing: /home/ojasvi/colcon_ws2/src/install/eyantra_warehouse/share/eyantra_warehouse//models/boxes/box_47/meshes/box__bg.png
[1.750s] -- Installing: /home/ojasvi/colcon_ws2/src/install/eyantra_warehouse/share/eyantra_warehouse//models/boxes/box_47/meshes/box.dae
[1.751s] -- Installing: /home/ojasvi/colcon_ws2/src/install/eyantra_warehouse/share/eyantra_warehouse//models/boxes/box_47/meshes/aruco_tag.jpg
[1.751s] -- Installing: /home/ojasvi/colcon_ws2/src/install/eyantra_warehouse/share/eyantra_warehouse//models/boxes/box_21
[1.752s] -- Installing: /home/ojasvi/colcon_ws2/src/install/eyantra_warehouse/share/eyantra_warehouse//models/boxes/box_21/model.config
[1.752s] -- Installing: /home/ojasvi/colcon_ws2/src/install/eyantra_warehouse/share/eyantra_warehouse//models/boxes/box_21/model.sdf
[1.752s] -- Installing: /home/ojasvi/colcon_ws2/src/install/eyantra_warehouse/share/eyantra_warehouse//models/boxes/box_21/meshes
[1.753s] -- Installing: /home/ojasvi/colcon_ws2/src/install/eyantra_warehouse/share/eyantra_warehouse//models/boxes/box_21/meshes/cardboard_bg.png
[1.754s] -- Installing: /home/ojasvi/colcon_ws2/src/install/eyantra_warehouse/share/eyantra_warehouse//models/boxes/box_21/meshes/box__bg.png
[1.755s] -- Installing: /home/ojasvi/colcon_ws2/src/install/eyantra_warehouse/share/eyantra_warehouse//models/boxes/box_21/meshes/box.dae
[1.756s] -- Installing: /home/ojasvi/colcon_ws2/src/install/eyantra_warehouse/share/eyantra_warehouse//models/boxes/box_21/meshes/aruco_tag.jpg
[1.756s] -- Installing: /home/ojasvi/colcon_ws2/src/install/eyantra_warehouse/share/eyantra_warehouse//models/boxes/box_14
[1.756s] -- Installing: /home/ojasvi/colcon_ws2/src/install/eyantra_warehouse/share/eyantra_warehouse//models/boxes/box_14/model.config
[1.757s] -- Installing: /home/ojasvi/colcon_ws2/src/install/eyantra_warehouse/share/eyantra_warehouse//models/boxes/box_14/model.sdf
[1.757s] -- Installing: /home/ojasvi/colcon_ws2/src/install/eyantra_warehouse/share/eyantra_warehouse//models/boxes/box_14/meshes
[1.757s] -- Installing: /home/ojasvi/colcon_ws2/src/install/eyantra_warehouse/share/eyantra_warehouse//models/boxes/box_14/meshes/cardboard_bg.png
[1.758s] -- Installing: /home/ojasvi/colcon_ws2/src/install/eyantra_warehouse/share/eyantra_warehouse//models/boxes/box_14/meshes/box__bg.png
[1.759s] -- Installing: /home/ojasvi/colcon_ws2/src/install/eyantra_warehouse/share/eyantra_warehouse//models/boxes/box_14/meshes/box.dae
[1.759s] -- Installing: /home/ojasvi/colcon_ws2/src/install/eyantra_warehouse/share/eyantra_warehouse//models/boxes/box_14/meshes/aruco_tag.jpg
[1.760s] -- Installing: /home/ojasvi/colcon_ws2/src/install/eyantra_warehouse/share/eyantra_warehouse//models/boxes/box_9
[1.760s] -- Installing: /home/ojasvi/colcon_ws2/src/install/eyantra_warehouse/share/eyantra_warehouse//models/boxes/box_9/model.config
[1.760s] -- Installing: /home/ojasvi/colcon_ws2/src/install/eyantra_warehouse/share/eyantra_warehouse//models/boxes/box_9/model.sdf
[1.761s] -- Installing: /home/ojasvi/colcon_ws2/src/install/eyantra_warehouse/share/eyantra_warehouse//models/boxes/box_9/meshes
[1.761s] -- Installing: /home/ojasvi/colcon_ws2/src/install/eyantra_warehouse/share/eyantra_warehouse//models/boxes/box_9/meshes/cardboard_bg.png
[1.762s] -- Installing: /home/ojasvi/colcon_ws2/src/install/eyantra_warehouse/share/eyantra_warehouse//models/boxes/box_9/meshes/box__bg.png
[1.763s] -- Installing: /home/ojasvi/colcon_ws2/src/install/eyantra_warehouse/share/eyantra_warehouse//models/boxes/box_9/meshes/box.dae
[1.764s] -- Installing: /home/ojasvi/colcon_ws2/src/install/eyantra_warehouse/share/eyantra_warehouse//models/boxes/box_9/meshes/aruco_tag.jpg
[1.764s] -- Installing: /home/ojasvi/colcon_ws2/src/install/eyantra_warehouse/share/eyantra_warehouse//models/boxes/box_22
[1.764s] -- Installing: /home/ojasvi/colcon_ws2/src/install/eyantra_warehouse/share/eyantra_warehouse//models/boxes/box_22/model.config
[1.764s] -- Installing: /home/ojasvi/colcon_ws2/src/install/eyantra_warehouse/share/eyantra_warehouse//models/boxes/box_22/model.sdf
[1.765s] -- Installing: /home/ojasvi/colcon_ws2/src/install/eyantra_warehouse/share/eyantra_warehouse//models/boxes/box_22/meshes
[1.765s] -- Installing: /home/ojasvi/colcon_ws2/src/install/eyantra_warehouse/share/eyantra_warehouse//models/boxes/box_22/meshes/cardboard_bg.png
[1.766s] -- Installing: /home/ojasvi/colcon_ws2/src/install/eyantra_warehouse/share/eyantra_warehouse//models/boxes/box_22/meshes/box__bg.png
[1.767s] -- Installing: /home/ojasvi/colcon_ws2/src/install/eyantra_warehouse/share/eyantra_warehouse//models/boxes/box_22/meshes/box.dae
[1.768s] -- Installing: /home/ojasvi/colcon_ws2/src/install/eyantra_warehouse/share/eyantra_warehouse//models/boxes/box_22/meshes/aruco_tag.jpg
[1.768s] -- Installing: /home/ojasvi/colcon_ws2/src/install/eyantra_warehouse/share/eyantra_warehouse//models/boxes/box_28
[1.768s] -- Installing: /home/ojasvi/colcon_ws2/src/install/eyantra_warehouse/share/eyantra_warehouse//models/boxes/box_28/model.config
[1.769s] -- Installing: /home/ojasvi/colcon_ws2/src/install/eyantra_warehouse/share/eyantra_warehouse//models/boxes/box_28/model.sdf
[1.769s] -- Installing: /home/ojasvi/colcon_ws2/src/install/eyantra_warehouse/share/eyantra_warehouse//models/boxes/box_28/meshes
[1.769s] -- Installing: /home/ojasvi/colcon_ws2/src/install/eyantra_warehouse/share/eyantra_warehouse//models/boxes/box_28/meshes/cardboard_bg.png
[1.770s] -- Installing: /home/ojasvi/colcon_ws2/src/install/eyantra_warehouse/share/eyantra_warehouse//models/boxes/box_28/meshes/box__bg.png
[1.771s] -- Installing: /home/ojasvi/colcon_ws2/src/install/eyantra_warehouse/share/eyantra_warehouse//models/boxes/box_28/meshes/box.dae
[1.772s] -- Installing: /home/ojasvi/colcon_ws2/src/install/eyantra_warehouse/share/eyantra_warehouse//models/boxes/box_28/meshes/aruco_tag.jpg
[1.772s] -- Installing: /home/ojasvi/colcon_ws2/src/install/eyantra_warehouse/share/eyantra_warehouse//models/boxes/box_40
[1.772s] -- Installing: /home/ojasvi/colcon_ws2/src/install/eyantra_warehouse/share/eyantra_warehouse//models/boxes/box_40/model.config
[1.772s] -- Installing: /home/ojasvi/colcon_ws2/src/install/eyantra_warehouse/share/eyantra_warehouse//models/boxes/box_40/model.sdf
[1.773s] -- Installing: /home/ojasvi/colcon_ws2/src/install/eyantra_warehouse/share/eyantra_warehouse//models/boxes/box_40/meshes
[1.773s] -- Installing: /home/ojasvi/colcon_ws2/src/install/eyantra_warehouse/share/eyantra_warehouse//models/boxes/box_40/meshes/cardboard_bg.png
[1.774s] -- Installing: /home/ojasvi/colcon_ws2/src/install/eyantra_warehouse/share/eyantra_warehouse//models/boxes/box_40/meshes/box__bg.png
[1.775s] -- Installing: /home/ojasvi/colcon_ws2/src/install/eyantra_warehouse/share/eyantra_warehouse//models/boxes/box_40/meshes/box.dae
[1.775s] -- Installing: /home/ojasvi/colcon_ws2/src/install/eyantra_warehouse/share/eyantra_warehouse//models/boxes/box_40/meshes/aruco_tag.jpg
[1.776s] -- Installing: /home/ojasvi/colcon_ws2/src/install/eyantra_warehouse/share/eyantra_warehouse//models/boxes/box_25
[1.776s] -- Installing: /home/ojasvi/colcon_ws2/src/install/eyantra_warehouse/share/eyantra_warehouse//models/boxes/box_25/model.config
[1.776s] -- Installing: /home/ojasvi/colcon_ws2/src/install/eyantra_warehouse/share/eyantra_warehouse//models/boxes/box_25/model.sdf
[1.777s] -- Installing: /home/ojasvi/colcon_ws2/src/install/eyantra_warehouse/share/eyantra_warehouse//models/boxes/box_25/meshes
[1.777s] -- Installing: /home/ojasvi/colcon_ws2/src/install/eyantra_warehouse/share/eyantra_warehouse//models/boxes/box_25/meshes/cardboard_bg.png
[1.778s] -- Installing: /home/ojasvi/colcon_ws2/src/install/eyantra_warehouse/share/eyantra_warehouse//models/boxes/box_25/meshes/box__bg.png
[1.778s] -- Installing: /home/ojasvi/colcon_ws2/src/install/eyantra_warehouse/share/eyantra_warehouse//models/boxes/box_25/meshes/box.dae
[1.779s] -- Installing: /home/ojasvi/colcon_ws2/src/install/eyantra_warehouse/share/eyantra_warehouse//models/boxes/box_25/meshes/aruco_tag.jpg
[1.779s] -- Installing: /home/ojasvi/colcon_ws2/src/install/eyantra_warehouse/share/eyantra_warehouse//models/rack
[1.779s] -- Installing: /home/ojasvi/colcon_ws2/src/install/eyantra_warehouse/share/eyantra_warehouse//models/rack/model.config
[1.780s] -- Installing: /home/ojasvi/colcon_ws2/src/install/eyantra_warehouse/share/eyantra_warehouse//models/rack/model.sdf
[1.780s] -- Installing: /home/ojasvi/colcon_ws2/src/install/eyantra_warehouse/share/eyantra_warehouse//models/rack/meshes
[1.780s] -- Installing: /home/ojasvi/colcon_ws2/src/install/eyantra_warehouse/share/eyantra_warehouse//models/rack/meshes/brushedsteel4.jpg
[1.784s] -- Installing: /home/ojasvi/colcon_ws2/src/install/eyantra_warehouse/share/eyantra_warehouse//models/rack/meshes/brushedsteel_bg.jpg
[1.788s] -- Installing: /home/ojasvi/colcon_ws2/src/install/eyantra_warehouse/share/eyantra_warehouse//models/rack/meshes/rack.stl
[1.801s] -- Installing: /home/ojasvi/colcon_ws2/src/install/eyantra_warehouse/share/eyantra_warehouse//models/rack/meshes/rack.dae
[1.803s] -- Installing: /home/ojasvi/colcon_ws2/src/install/eyantra_warehouse/share/eyantra_warehouse//config
[1.803s] -- Installing: /home/ojasvi/colcon_ws2/src/install/eyantra_warehouse/share/eyantra_warehouse//config/SkyX_Moon.png
[1.804s] -- Installing: /home/ojasvi/colcon_ws2/src/install/eyantra_warehouse/share/eyantra_warehouse//config/SkyX_Moon.fragment
[1.804s] -- Installing: /home/ojasvi/colcon_ws2/src/install/eyantra_warehouse/share/eyantra_warehouse//config/package_link.json
[1.806s] -- Installing: /home/ojasvi/colcon_ws2/src/install/eyantra_warehouse/share/ament_index/resource_index/package_run_dependencies/eyantra_warehouse
[1.806s] -- Installing: /home/ojasvi/colcon_ws2/src/install/eyantra_warehouse/share/ament_index/resource_index/parent_prefix_path/eyantra_warehouse
[1.806s] -- Installing: /home/ojasvi/colcon_ws2/src/install/eyantra_warehouse/share/eyantra_warehouse/environment/ament_prefix_path.sh
[1.807s] -- Installing: /home/ojasvi/colcon_ws2/src/install/eyantra_warehouse/share/eyantra_warehouse/environment/ament_prefix_path.dsv
[1.807s] -- Installing: /home/ojasvi/colcon_ws2/src/install/eyantra_warehouse/share/eyantra_warehouse/environment/path.sh
[1.807s] -- Installing: /home/ojasvi/colcon_ws2/src/install/eyantra_warehouse/share/eyantra_warehouse/environment/path.dsv
[1.807s] -- Installing: /home/ojasvi/colcon_ws2/src/install/eyantra_warehouse/share/eyantra_warehouse/local_setup.bash
[1.807s] -- Installing: /home/ojasvi/colcon_ws2/src/install/eyantra_warehouse/share/eyantra_warehouse/local_setup.sh
[1.808s] -- Installing: /home/ojasvi/colcon_ws2/src/install/eyantra_warehouse/share/eyantra_warehouse/local_setup.zsh
[1.808s] -- Installing: /home/ojasvi/colcon_ws2/src/install/eyantra_warehouse/share/eyantra_warehouse/local_setup.dsv
[1.808s] -- Installing: /home/ojasvi/colcon_ws2/src/install/eyantra_warehouse/share/eyantra_warehouse/package.dsv
[1.808s] -- Installing: /home/ojasvi/colcon_ws2/src/install/eyantra_warehouse/share/ament_index/resource_index/packages/eyantra_warehouse
[1.809s] -- Installing: /home/ojasvi/colcon_ws2/src/install/eyantra_warehouse/share/eyantra_warehouse/cmake/eyantra_warehouseConfig.cmake
[1.809s] -- Installing: /home/ojasvi/colcon_ws2/src/install/eyantra_warehouse/share/eyantra_warehouse/cmake/eyantra_warehouseConfig-version.cmake
[1.809s] -- Installing: /home/ojasvi/colcon_ws2/src/install/eyantra_warehouse/share/eyantra_warehouse/package.xml
[1.813s] Invoked command in '/home/ojasvi/colcon_ws2/src/build/eyantra_warehouse' returned '0': CMAKE_PREFIX_PATH=/opt/ros/humble /usr/bin/cmake --install /home/ojasvi/colcon_ws2/src/build/eyantra_warehouse
