[0.042s] Invoking command in '/home/ojasvi/Desktop/eYRC2024LogisticCobot/build/realsense_gazebo_plugin': CMAKE_PREFIX_PATH=${CMAKE_PREFIX_PATH}:/home/ojasvi/Desktop/eYRC2024LogisticCobot/install/ur5_control:/opt/ros/humble /usr/bin/cmake --build /home/ojasvi/Desktop/eYRC2024LogisticCobot/build/realsense_gazebo_plugin -- -j12 -l12
[0.168s] [100%] Built target realsense_gazebo_plugin
[0.404s] Invoked command in '/home/ojasvi/Desktop/eYRC2024LogisticCobot/build/realsense_gazebo_plugin' returned '0': CMAKE_PREFIX_PATH=${CMAKE_PREFIX_PATH}:/home/ojasvi/Desktop/eYRC2024LogisticCobot/install/ur5_control:/opt/ros/humble /usr/bin/cmake --build /home/ojasvi/Desktop/eYRC2024LogisticCobot/build/realsense_gazebo_plugin -- -j12 -l12
[0.465s] Invoking command in '/home/ojasvi/Desktop/eYRC2024LogisticCobot/build/realsense_gazebo_plugin': CMAKE_PREFIX_PATH=${CMAKE_PREFIX_PATH}:/home/ojasvi/Desktop/eYRC2024LogisticCobot/install/ur5_control:/opt/ros/humble /usr/bin/cmake --install /home/ojasvi/Desktop/eYRC2024LogisticCobot/build/realsense_gazebo_plugin
[0.535s] -- Install configuration: ""
[0.535s] -- Up-to-date: /home/ojasvi/Desktop/eYRC2024LogisticCobot/install/realsense_gazebo_plugin/lib/librealsense_gazebo_plugin.so
[0.535s] -- Up-to-date: /home/ojasvi/Desktop/eYRC2024LogisticCobot/install/realsense_gazebo_plugin/include/
[0.535s] -- Up-to-date: /home/ojasvi/Desktop/eYRC2024LogisticCobot/install/realsense_gazebo_plugin/include//realsense_gazebo_plugin
[0.540s] -- Up-to-date: /home/ojasvi/Desktop/eYRC2024LogisticCobot/install/realsense_gazebo_plugin/include//realsense_gazebo_plugin/gazebo_ros_realsense.h
[0.540s] -- Up-to-date: /home/ojasvi/Desktop/eYRC2024LogisticCobot/install/realsense_gazebo_plugin/include//realsense_gazebo_plugin/RealSensePlugin.h
[0.541s] -- Up-to-date: /home/ojasvi/Desktop/eYRC2024LogisticCobot/install/realsense_gazebo_plugin/share/realsense_gazebo_plugin/environment/library_path.sh
[0.541s] -- Up-to-date: /home/ojasvi/Desktop/eYRC2024LogisticCobot/install/realsense_gazebo_plugin/share/realsense_gazebo_plugin/environment/library_path.dsv
[0.542s] -- Up-to-date: /home/ojasvi/Desktop/eYRC2024LogisticCobot/install/realsense_gazebo_plugin/share/ament_index/resource_index/package_run_dependencies/realsense_gazebo_plugin
[0.542s] -- Up-to-date: /home/ojasvi/Desktop/eYRC2024LogisticCobot/install/realsense_gazebo_plugin/share/ament_index/resource_index/parent_prefix_path/realsense_gazebo_plugin
[0.542s] -- Up-to-date: /home/ojasvi/Desktop/eYRC2024LogisticCobot/install/realsense_gazebo_plugin/share/realsense_gazebo_plugin/environment/ament_prefix_path.sh
[0.542s] -- Up-to-date: /home/ojasvi/Desktop/eYRC2024LogisticCobot/install/realsense_gazebo_plugin/share/realsense_gazebo_plugin/environment/ament_prefix_path.dsv
[0.542s] -- Up-to-date: /home/ojasvi/Desktop/eYRC2024LogisticCobot/install/realsense_gazebo_plugin/share/realsense_gazebo_plugin/environment/path.sh
[0.542s] -- Up-to-date: /home/ojasvi/Desktop/eYRC2024LogisticCobot/install/realsense_gazebo_plugin/share/realsense_gazebo_plugin/environment/path.dsv
[0.542s] -- Up-to-date: /home/ojasvi/Desktop/eYRC2024LogisticCobot/install/realsense_gazebo_plugin/share/realsense_gazebo_plugin/local_setup.bash
[0.542s] -- Up-to-date: /home/ojasvi/Desktop/eYRC2024LogisticCobot/install/realsense_gazebo_plugin/share/realsense_gazebo_plugin/local_setup.sh
[0.542s] -- Up-to-date: /home/ojasvi/Desktop/eYRC2024LogisticCobot/install/realsense_gazebo_plugin/share/realsense_gazebo_plugin/local_setup.zsh
[0.542s] -- Up-to-date: /home/ojasvi/Desktop/eYRC2024LogisticCobot/install/realsense_gazebo_plugin/share/realsense_gazebo_plugin/local_setup.dsv
[0.542s] -- Installing: /home/ojasvi/Desktop/eYRC2024LogisticCobot/install/realsense_gazebo_plugin/share/realsense_gazebo_plugin/package.dsv
[0.545s] -- Up-to-date: /home/ojasvi/Desktop/eYRC2024LogisticCobot/install/realsense_gazebo_plugin/share/ament_index/resource_index/packages/realsense_gazebo_plugin
[0.545s] -- Up-to-date: /home/ojasvi/Desktop/eYRC2024LogisticCobot/install/realsense_gazebo_plugin/share/realsense_gazebo_plugin/cmake/ament_cmake_export_include_directories-extras.cmake
[0.545s] -- Up-to-date: /home/ojasvi/Desktop/eYRC2024LogisticCobot/install/realsense_gazebo_plugin/share/realsense_gazebo_plugin/cmake/ament_cmake_export_libraries-extras.cmake
[0.546s] -- Up-to-date: /home/ojasvi/Desktop/eYRC2024LogisticCobot/install/realsense_gazebo_plugin/share/realsense_gazebo_plugin/cmake/realsense_gazebo_pluginConfig.cmake
[0.546s] -- Up-to-date: /home/ojasvi/Desktop/eYRC2024LogisticCobot/install/realsense_gazebo_plugin/share/realsense_gazebo_plugin/cmake/realsense_gazebo_pluginConfig-version.cmake
[0.546s] -- Up-to-date: /home/ojasvi/Desktop/eYRC2024LogisticCobot/install/realsense_gazebo_plugin/share/realsense_gazebo_plugin/package.xml
[0.565s] Invoked command in '/home/ojasvi/Desktop/eYRC2024LogisticCobot/build/realsense_gazebo_plugin' returned '0': CMAKE_PREFIX_PATH=${CMAKE_PREFIX_PATH}:/home/ojasvi/Desktop/eYRC2024LogisticCobot/install/ur5_control:/opt/ros/humble /usr/bin/cmake --install /home/ojasvi/Desktop/eYRC2024LogisticCobot/build/realsense_gazebo_plugin
