[0.023s] Invoking command in '/home/ojasvi/colcon_ws2/src/build/realsense_gazebo_plugin': CMAKE_PREFIX_PATH=/opt/ros/humble /usr/bin/cmake /home/ojasvi/colcon_ws2/src/realsense_gazebo_plugin -DCMAKE_INSTALL_PREFIX=/home/ojasvi/colcon_ws2/src/install/realsense_gazebo_plugin
[0.280s] -- The C compiler identification is GNU 11.4.0
[0.501s] -- The CXX compiler identification is GNU 11.4.0
[0.514s] -- Detecting C compiler ABI info
[0.615s] -- Detecting C compiler ABI info - done
[0.626s] -- Check for working C compiler: /usr/bin/cc - skipped
[0.626s] -- Detecting C compile features
[0.627s] -- Detecting C compile features - done
[0.631s] -- Detecting CXX compiler ABI info
[0.731s] -- Detecting CXX compiler ABI info - done
[0.742s] -- Check for working CXX compiler: /usr/bin/c++ - skipped
[0.743s] -- Detecting CXX compile features
[0.743s] -- Detecting CXX compile features - done
[0.747s] -- Found ament_cmake: 1.3.10 (/opt/ros/humble/share/ament_cmake/cmake)
[0.948s] -- Found Python3: /usr/bin/python3 (found version "3.10.12") found components: Interpreter 
[1.055s] -- Found rclcpp: 16.0.10 (/opt/ros/humble/share/rclcpp/cmake)
[1.113s] -- Found rosidl_generator_c: 3.1.5 (/opt/ros/humble/share/rosidl_generator_c/cmake)
[1.119s] -- Found rosidl_adapter: 3.1.5 (/opt/ros/humble/share/rosidl_adapter/cmake)
[1.136s] -- Found rosidl_generator_cpp: 3.1.5 (/opt/ros/humble/share/rosidl_generator_cpp/cmake)
[1.160s] -- Using all available rosidl_typesupport_c: rosidl_typesupport_fastrtps_c;rosidl_typesupport_introspection_c
[1.185s] -- Using all available rosidl_typesupport_cpp: rosidl_typesupport_fastrtps_cpp;rosidl_typesupport_introspection_cpp
[1.244s] -- Found rmw_implementation_cmake: 6.1.2 (/opt/ros/humble/share/rmw_implementation_cmake/cmake)
[1.249s] -- Found rmw_fastrtps_cpp: 6.2.7 (/opt/ros/humble/share/rmw_fastrtps_cpp/cmake)
[1.364s] -- Found OpenSSL: /usr/lib/x86_64-linux-gnu/libcrypto.so (found version "3.0.2")  
[1.398s] -- Found FastRTPS: /opt/ros/foxy/include  
[1.443s] -- Using RMW implementation 'rmw_fastrtps_cpp' as default
[1.469s] -- Looking for pthread.h
[1.566s] -- Looking for pthread.h - found
[1.566s] -- Performing Test CMAKE_HAVE_LIBC_PTHREAD
[1.648s] -- Performing Test CMAKE_HAVE_LIBC_PTHREAD - Success
[1.650s] -- Found Threads: TRUE  
[1.741s] -- Found gazebo_ros: 3.7.0 (/opt/ros/humble/share/gazebo_ros/cmake)
[1.759s] -- Found PkgConfig: /usr/bin/pkg-config (found version "0.29.2") 
[1.760s] -- Checking for module 'bullet>=2.82'
[1.775s] --   Found bullet, version 3.05
[1.910s] -- Found fcl: /usr/include (found suitable version "0.7.0", minimum required is "0.5.0") 
[1.965s] -- Found assimp: /usr/include (found version "5.2.0") 
[1.994s] -- Found DART: /usr/include (Required is at least version "6.6") found components: dart 
[2.060s] -- Found Boost: /usr/lib/x86_64-linux-gnu/cmake/Boost-1.74.0/BoostConfig.cmake (found suitable version "1.74.0", minimum required is "1.40.0") found components: thread system filesystem program_options regex iostreams date_time 
[2.126s] -- Found Protobuf: /usr/lib/x86_64-linux-gnu/libprotobuf.so (found version "3.12.4") 
[2.144s] -- Looking for ignition-math6 -- found version 6.15.1
[2.180s] -- Searching for dependencies of ignition-math6
[2.191s] -- Looking for OGRE...
[2.191s] -- OGRE_PREFIX_WATCH changed.
[2.196s] -- Checking for module 'OGRE'
[2.210s] --   Found OGRE, version 1.9.0
[2.249s] -- Found Ogre Ghadamon (1.9.0)
[2.256s] -- Found OGRE: optimized;/usr/lib/x86_64-linux-gnu/libOgreMain.so;debug;/usr/lib/x86_64-linux-gnu/libOgreMain.so
[2.264s] -- Looking for OGRE_Paging...
[2.268s] -- Found OGRE_Paging: optimized;/usr/lib/x86_64-linux-gnu/libOgrePaging.so;debug;/usr/lib/x86_64-linux-gnu/libOgrePaging.so
[2.268s] -- Looking for OGRE_Terrain...
[2.272s] -- Found OGRE_Terrain: optimized;/usr/lib/x86_64-linux-gnu/libOgreTerrain.so;debug;/usr/lib/x86_64-linux-gnu/libOgreTerrain.so
[2.272s] -- Looking for OGRE_Property...
[2.278s] -- Found OGRE_Property: optimized;/usr/lib/x86_64-linux-gnu/libOgreProperty.so;debug;/usr/lib/x86_64-linux-gnu/libOgreProperty.so
[2.278s] -- Looking for OGRE_RTShaderSystem...
[2.282s] -- Found OGRE_RTShaderSystem: optimized;/usr/lib/x86_64-linux-gnu/libOgreRTShaderSystem.so;debug;/usr/lib/x86_64-linux-gnu/libOgreRTShaderSystem.so
[2.282s] -- Looking for OGRE_Volume...
[2.288s] -- Found OGRE_Volume: optimized;/usr/lib/x86_64-linux-gnu/libOgreVolume.so;debug;/usr/lib/x86_64-linux-gnu/libOgreVolume.so
[2.288s] -- Looking for OGRE_Overlay...
[2.293s] -- Found OGRE_Overlay: optimized;/usr/lib/x86_64-linux-gnu/libOgreOverlay.so;debug;/usr/lib/x86_64-linux-gnu/libOgreOverlay.so
[2.399s] -- Looking for ignition-math6 -- found version 6.15.1
[2.404s] -- Looking for ignition-transport8 -- found version 8.2.1
[2.404s] -- Searching for dependencies of ignition-transport8
[2.423s] -- Found Protobuf: /usr/lib/x86_64-linux-gnu/libprotobuf.so (found suitable version "3.12.4", minimum required is "3") 
[2.439s] -- Config-file not installed for ZeroMQ -- checking for pkg-config
[2.444s] -- Checking for module 'libzmq >= 4'
[2.471s] --   Found libzmq , version 4.3.4
[2.521s] -- Found ZeroMQ: TRUE (Required is at least version "4") 
[2.528s] -- Checking for module 'uuid'
[2.543s] --   Found uuid, version 2.37.2
[2.587s] -- Found UUID: TRUE  
[2.592s] -- Looking for ignition-msgs5 -- found version 5.8.1
[2.593s] -- Searching for dependencies of ignition-msgs5
[2.623s] -- Looking for ignition-math6 -- found version 6.15.1
[2.631s] -- Checking for module 'tinyxml2'
[2.651s] --   Found tinyxml2, version 9.0.0
[2.699s] -- Looking for ignition-msgs5 -- found version 5.8.1
[2.704s] -- Looking for ignition-common3 -- found version 3.14.0
[2.705s] -- Searching for dependencies of ignition-common3
[2.705s] -- Looking for dlfcn.h - found
[2.707s] -- Looking for libdl - found
[2.709s] -- Found DL: TRUE  
[2.729s] -- Found tinyobjloader: /usr/lib/x86_64-linux-gnu/cmake/tinyobjloader/tinyobjloader-config.cmake (found version "2.0.0") 
[2.730s] -- Searching for <ignition-common3> component [graphics]
[2.734s] -- Looking for ignition-common3-graphics -- found version 3.14.0
[2.735s] -- Searching for dependencies of ignition-common3-graphics
[2.735s] -- Looking for ignition-math6 -- found version 6.15.1
[2.747s] -- Looking for ignition-fuel_tools4 -- found version 4.4.0
[2.748s] -- Searching for dependencies of ignition-fuel_tools4
[2.894s] -- Found CURL: /usr/lib/x86_64-linux-gnu/libcurl.so (found version "7.81.0")  
[2.910s] -- Checking for module 'jsoncpp'
[2.928s] --   Found jsoncpp, version 1.9.5
[2.976s] -- Found JSONCPP: TRUE  
[2.984s] -- Checking for module 'libzip'
[3.001s] --   Found libzip, version 1.7.3
[3.058s] -- Found ZIP: TRUE  
[3.058s] -- Looking for ignition-common3 -- found version 3.14.0
[3.059s] -- Looking for ignition-math6 -- found version 6.15.1
[3.060s] -- Looking for ignition-msgs5 -- found version 5.8.1
[3.068s] -- Gazebo version: 11.10
[3.068s] -- Checking for module 'tbb'
[3.096s] --   Found tbb, version 2021.5.0
[3.162s] -- Found image_transport: 3.1.9 (/opt/ros/humble/share/image_transport/cmake)
[3.296s] -- Found camera_info_manager: 3.1.9 (/opt/ros/humble/share/camera_info_manager/cmake)
[3.333s] -- Found ament_lint_auto: 0.12.11 (/opt/ros/humble/share/ament_lint_auto/cmake)
[3.412s] -- Configuring done
[3.457s] -- Generating done
[3.461s] -- Build files have been written to: /home/ojasvi/colcon_ws2/src/build/realsense_gazebo_plugin
[3.501s] Invoked command in '/home/ojasvi/colcon_ws2/src/build/realsense_gazebo_plugin' returned '0': CMAKE_PREFIX_PATH=/opt/ros/humble /usr/bin/cmake /home/ojasvi/colcon_ws2/src/realsense_gazebo_plugin -DCMAKE_INSTALL_PREFIX=/home/ojasvi/colcon_ws2/src/install/realsense_gazebo_plugin
[3.504s] Invoking command in '/home/ojasvi/colcon_ws2/src/build/realsense_gazebo_plugin': CMAKE_PREFIX_PATH=/opt/ros/humble /usr/bin/cmake --build /home/ojasvi/colcon_ws2/src/build/realsense_gazebo_plugin -- -j12 -l12
[3.565s] [ 33%] [32mBuilding CXX object CMakeFiles/realsense_gazebo_plugin.dir/src/RealSensePlugin.cpp.o[0m
[3.569s] [ 66%] [32mBuilding CXX object CMakeFiles/realsense_gazebo_plugin.dir/src/gazebo_ros_realsense.cpp.o[0m
[21.172s] [100%] [32m[1mLinking CXX shared library librealsense_gazebo_plugin.so[0m
[21.719s] [100%] Built target realsense_gazebo_plugin
[21.729s] Invoked command in '/home/ojasvi/colcon_ws2/src/build/realsense_gazebo_plugin' returned '0': CMAKE_PREFIX_PATH=/opt/ros/humble /usr/bin/cmake --build /home/ojasvi/colcon_ws2/src/build/realsense_gazebo_plugin -- -j12 -l12
[21.756s] Invoking command in '/home/ojasvi/colcon_ws2/src/build/realsense_gazebo_plugin': CMAKE_PREFIX_PATH=/opt/ros/humble /usr/bin/cmake --install /home/ojasvi/colcon_ws2/src/build/realsense_gazebo_plugin
[21.762s] -- Install configuration: ""
[21.762s] -- Installing: /home/ojasvi/colcon_ws2/src/install/realsense_gazebo_plugin/lib/librealsense_gazebo_plugin.so
[21.766s] -- Set runtime path of "/home/ojasvi/colcon_ws2/src/install/realsense_gazebo_plugin/lib/librealsense_gazebo_plugin.so" to ""
[21.766s] -- Installing: /home/ojasvi/colcon_ws2/src/install/realsense_gazebo_plugin/include/
[21.766s] -- Installing: /home/ojasvi/colcon_ws2/src/install/realsense_gazebo_plugin/include//realsense_gazebo_plugin
[21.766s] -- Installing: /home/ojasvi/colcon_ws2/src/install/realsense_gazebo_plugin/include//realsense_gazebo_plugin/gazebo_ros_realsense.h
[21.766s] -- Installing: /home/ojasvi/colcon_ws2/src/install/realsense_gazebo_plugin/include//realsense_gazebo_plugin/RealSensePlugin.h
[21.766s] -- Installing: /home/ojasvi/colcon_ws2/src/install/realsense_gazebo_plugin/share/realsense_gazebo_plugin/environment/library_path.sh
[21.767s] -- Installing: /home/ojasvi/colcon_ws2/src/install/realsense_gazebo_plugin/share/realsense_gazebo_plugin/environment/library_path.dsv
[21.767s] -- Installing: /home/ojasvi/colcon_ws2/src/install/realsense_gazebo_plugin/share/ament_index/resource_index/package_run_dependencies/realsense_gazebo_plugin
[21.767s] -- Installing: /home/ojasvi/colcon_ws2/src/install/realsense_gazebo_plugin/share/ament_index/resource_index/parent_prefix_path/realsense_gazebo_plugin
[21.767s] -- Installing: /home/ojasvi/colcon_ws2/src/install/realsense_gazebo_plugin/share/realsense_gazebo_plugin/environment/ament_prefix_path.sh
[21.767s] -- Installing: /home/ojasvi/colcon_ws2/src/install/realsense_gazebo_plugin/share/realsense_gazebo_plugin/environment/ament_prefix_path.dsv
[21.767s] -- Installing: /home/ojasvi/colcon_ws2/src/install/realsense_gazebo_plugin/share/realsense_gazebo_plugin/environment/path.sh
[21.767s] -- Installing: /home/ojasvi/colcon_ws2/src/install/realsense_gazebo_plugin/share/realsense_gazebo_plugin/environment/path.dsv
[21.768s] -- Installing: /home/ojasvi/colcon_ws2/src/install/realsense_gazebo_plugin/share/realsense_gazebo_plugin/local_setup.bash
[21.768s] -- Installing: /home/ojasvi/colcon_ws2/src/install/realsense_gazebo_plugin/share/realsense_gazebo_plugin/local_setup.sh
[21.768s] -- Installing: /home/ojasvi/colcon_ws2/src/install/realsense_gazebo_plugin/share/realsense_gazebo_plugin/local_setup.zsh
[21.768s] -- Installing: /home/ojasvi/colcon_ws2/src/install/realsense_gazebo_plugin/share/realsense_gazebo_plugin/local_setup.dsv
[21.768s] -- Installing: /home/ojasvi/colcon_ws2/src/install/realsense_gazebo_plugin/share/realsense_gazebo_plugin/package.dsv
[21.768s] -- Installing: /home/ojasvi/colcon_ws2/src/install/realsense_gazebo_plugin/share/ament_index/resource_index/packages/realsense_gazebo_plugin
[21.768s] -- Installing: /home/ojasvi/colcon_ws2/src/install/realsense_gazebo_plugin/share/realsense_gazebo_plugin/cmake/ament_cmake_export_include_directories-extras.cmake
[21.769s] -- Installing: /home/ojasvi/colcon_ws2/src/install/realsense_gazebo_plugin/share/realsense_gazebo_plugin/cmake/ament_cmake_export_libraries-extras.cmake
[21.769s] -- Installing: /home/ojasvi/colcon_ws2/src/install/realsense_gazebo_plugin/share/realsense_gazebo_plugin/cmake/realsense_gazebo_pluginConfig.cmake
[21.769s] -- Installing: /home/ojasvi/colcon_ws2/src/install/realsense_gazebo_plugin/share/realsense_gazebo_plugin/cmake/realsense_gazebo_pluginConfig-version.cmake
[21.769s] -- Installing: /home/ojasvi/colcon_ws2/src/install/realsense_gazebo_plugin/share/realsense_gazebo_plugin/package.xml
[21.771s] Invoked command in '/home/ojasvi/colcon_ws2/src/build/realsense_gazebo_plugin' returned '0': CMAKE_PREFIX_PATH=/opt/ros/humble /usr/bin/cmake --install /home/ojasvi/colcon_ws2/src/build/realsense_gazebo_plugin
