[0.039s] Invoking command in '/home/ojasvi/Desktop/eYRC2024LogisticCobot/build/linkattacher_msgs': CMAKE_PREFIX_PATH=${CMAKE_PREFIX_PATH}:/home/ojasvi/Desktop/eYRC2024LogisticCobot/install/ur5_control:/opt/ros/humble /usr/bin/cmake --build /home/ojasvi/Desktop/eYRC2024LogisticCobot/build/linkattacher_msgs -- -j12 -l12
[0.111s] [  7%] Built target linkattacher_msgs__cpp
[0.111s] [ 12%] Built target linkattacher_msgs__rosidl_generator_c
[0.128s] [ 12%] Built target ament_cmake_python_copy_linkattacher_msgs
[0.148s] [ 53%] Built target linkattacher_msgs__rosidl_typesupport_introspection_c
[0.148s] [ 53%] Built target linkattacher_msgs__rosidl_typesupport_introspection_cpp
[0.148s] [ 53%] Built target linkattacher_msgs__rosidl_typesupport_c
[0.148s] [ 53%] Built target linkattacher_msgs__rosidl_typesupport_cpp
[0.149s] [ 64%] Built target linkattacher_msgs__rosidl_typesupport_fastrtps_c
[0.151s] [ 74%] Built target linkattacher_msgs__rosidl_typesupport_fastrtps_cpp
[0.184s] [ 74%] Built target linkattacher_msgs
[0.215s] [ 76%] Built target linkattacher_msgs__py
[0.248s] [ 84%] Built target linkattacher_msgs__rosidl_generator_py
[0.282s] [ 97%] Built target linkattacher_msgs__rosidl_typesupport_c__pyext
[0.282s] [100%] Built target linkattacher_msgs__rosidl_typesupport_fastrtps_c__pyext
[0.282s] [100%] Built target linkattacher_msgs__rosidl_typesupport_introspection_c__pyext
[0.413s] running egg_info
[0.415s] writing linkattacher_msgs.egg-info/PKG-INFO
[0.415s] writing dependency_links to linkattacher_msgs.egg-info/dependency_links.txt
[0.415s] writing top-level names to linkattacher_msgs.egg-info/top_level.txt
[0.419s] reading manifest file 'linkattacher_msgs.egg-info/SOURCES.txt'
[0.422s] writing manifest file 'linkattacher_msgs.egg-info/SOURCES.txt'
[0.574s] [100%] Built target ament_cmake_python_build_linkattacher_msgs_egg
[0.601s] Invoked command in '/home/ojasvi/Desktop/eYRC2024LogisticCobot/build/linkattacher_msgs' returned '0': CMAKE_PREFIX_PATH=${CMAKE_PREFIX_PATH}:/home/ojasvi/Desktop/eYRC2024LogisticCobot/install/ur5_control:/opt/ros/humble /usr/bin/cmake --build /home/ojasvi/Desktop/eYRC2024LogisticCobot/build/linkattacher_msgs -- -j12 -l12
[0.698s] Invoking command in '/home/ojasvi/Desktop/eYRC2024LogisticCobot/build/linkattacher_msgs': CMAKE_PREFIX_PATH=${CMAKE_PREFIX_PATH}:/home/ojasvi/Desktop/eYRC2024LogisticCobot/install/ur5_control:/opt/ros/humble /usr/bin/cmake --install /home/ojasvi/Desktop/eYRC2024LogisticCobot/build/linkattacher_msgs
[0.710s] -- Install configuration: ""
[0.711s] -- Up-to-date: /home/ojasvi/Desktop/eYRC2024LogisticCobot/install/linkattacher_msgs/share/linkattacher_msgs/srv
[0.711s] -- Up-to-date: /home/ojasvi/Desktop/eYRC2024LogisticCobot/install/linkattacher_msgs/share/linkattacher_msgs/srv/DetachLink.srv
[0.711s] -- Up-to-date: /home/ojasvi/Desktop/eYRC2024LogisticCobot/install/linkattacher_msgs/share/linkattacher_msgs/srv/AttachLink.srv
[0.711s] -- Up-to-date: /home/ojasvi/Desktop/eYRC2024LogisticCobot/install/linkattacher_msgs/share/ament_index/resource_index/rosidl_interfaces/linkattacher_msgs
[0.712s] -- Up-to-date: /home/ojasvi/Desktop/eYRC2024LogisticCobot/install/linkattacher_msgs/include/linkattacher_msgs/linkattacher_msgs
[0.713s] -- Up-to-date: /home/ojasvi/Desktop/eYRC2024LogisticCobot/install/linkattacher_msgs/include/linkattacher_msgs/linkattacher_msgs/srv
[0.713s] -- Up-to-date: /home/ojasvi/Desktop/eYRC2024LogisticCobot/install/linkattacher_msgs/include/linkattacher_msgs/linkattacher_msgs/srv/detach_link.h
[0.713s] -- Up-to-date: /home/ojasvi/Desktop/eYRC2024LogisticCobot/install/linkattacher_msgs/include/linkattacher_msgs/linkattacher_msgs/srv/attach_link.h
[0.713s] -- Up-to-date: /home/ojasvi/Desktop/eYRC2024LogisticCobot/install/linkattacher_msgs/include/linkattacher_msgs/linkattacher_msgs/srv/detail
[0.715s] -- Up-to-date: /home/ojasvi/Desktop/eYRC2024LogisticCobot/install/linkattacher_msgs/include/linkattacher_msgs/linkattacher_msgs/srv/detail/detach_link__functions.h
[0.716s] -- Up-to-date: /home/ojasvi/Desktop/eYRC2024LogisticCobot/install/linkattacher_msgs/include/linkattacher_msgs/linkattacher_msgs/srv/detail/attach_link__functions.h
[0.716s] -- Up-to-date: /home/ojasvi/Desktop/eYRC2024LogisticCobot/install/linkattacher_msgs/include/linkattacher_msgs/linkattacher_msgs/srv/detail/attach_link__type_support.h
[0.716s] -- Up-to-date: /home/ojasvi/Desktop/eYRC2024LogisticCobot/install/linkattacher_msgs/include/linkattacher_msgs/linkattacher_msgs/srv/detail/detach_link__functions.c
[0.716s] -- Up-to-date: /home/ojasvi/Desktop/eYRC2024LogisticCobot/install/linkattacher_msgs/include/linkattacher_msgs/linkattacher_msgs/srv/detail/detach_link__struct.h
[0.716s] -- Up-to-date: /home/ojasvi/Desktop/eYRC2024LogisticCobot/install/linkattacher_msgs/include/linkattacher_msgs/linkattacher_msgs/srv/detail/attach_link__struct.h
[0.717s] -- Up-to-date: /home/ojasvi/Desktop/eYRC2024LogisticCobot/install/linkattacher_msgs/include/linkattacher_msgs/linkattacher_msgs/srv/detail/detach_link__type_support.h
[0.717s] -- Up-to-date: /home/ojasvi/Desktop/eYRC2024LogisticCobot/install/linkattacher_msgs/include/linkattacher_msgs/linkattacher_msgs/srv/detail/attach_link__functions.c
[0.717s] -- Up-to-date: /home/ojasvi/Desktop/eYRC2024LogisticCobot/install/linkattacher_msgs/include/linkattacher_msgs/linkattacher_msgs/msg
[0.718s] -- Up-to-date: /home/ojasvi/Desktop/eYRC2024LogisticCobot/install/linkattacher_msgs/include/linkattacher_msgs/linkattacher_msgs/msg/rosidl_generator_c__visibility_control.h
[0.718s] -- Up-to-date: /home/ojasvi/Desktop/eYRC2024LogisticCobot/install/linkattacher_msgs/share/linkattacher_msgs/environment/library_path.sh
[0.718s] -- Up-to-date: /home/ojasvi/Desktop/eYRC2024LogisticCobot/install/linkattacher_msgs/share/linkattacher_msgs/environment/library_path.dsv
[0.718s] -- Up-to-date: /home/ojasvi/Desktop/eYRC2024LogisticCobot/install/linkattacher_msgs/lib/liblinkattacher_msgs__rosidl_generator_c.so
[0.719s] -- Up-to-date: /home/ojasvi/Desktop/eYRC2024LogisticCobot/install/linkattacher_msgs/include/linkattacher_msgs/linkattacher_msgs
[0.719s] -- Up-to-date: /home/ojasvi/Desktop/eYRC2024LogisticCobot/install/linkattacher_msgs/include/linkattacher_msgs/linkattacher_msgs/srv
[0.719s] -- Up-to-date: /home/ojasvi/Desktop/eYRC2024LogisticCobot/install/linkattacher_msgs/include/linkattacher_msgs/linkattacher_msgs/srv/detail
[0.719s] -- Up-to-date: /home/ojasvi/Desktop/eYRC2024LogisticCobot/install/linkattacher_msgs/include/linkattacher_msgs/linkattacher_msgs/srv/detail/detach_link__rosidl_typesupport_fastrtps_c.h
[0.719s] -- Up-to-date: /home/ojasvi/Desktop/eYRC2024LogisticCobot/install/linkattacher_msgs/include/linkattacher_msgs/linkattacher_msgs/srv/detail/attach_link__rosidl_typesupport_fastrtps_c.h
[0.719s] -- Up-to-date: /home/ojasvi/Desktop/eYRC2024LogisticCobot/install/linkattacher_msgs/include/linkattacher_msgs/linkattacher_msgs/msg
[0.719s] -- Up-to-date: /home/ojasvi/Desktop/eYRC2024LogisticCobot/install/linkattacher_msgs/include/linkattacher_msgs/linkattacher_msgs/msg/rosidl_typesupport_fastrtps_c__visibility_control.h
[0.719s] -- Up-to-date: /home/ojasvi/Desktop/eYRC2024LogisticCobot/install/linkattacher_msgs/lib/liblinkattacher_msgs__rosidl_typesupport_fastrtps_c.so
[0.719s] -- Up-to-date: /home/ojasvi/Desktop/eYRC2024LogisticCobot/install/linkattacher_msgs/include/linkattacher_msgs/linkattacher_msgs
[0.719s] -- Up-to-date: /home/ojasvi/Desktop/eYRC2024LogisticCobot/install/linkattacher_msgs/include/linkattacher_msgs/linkattacher_msgs/srv
[0.719s] -- Up-to-date: /home/ojasvi/Desktop/eYRC2024LogisticCobot/install/linkattacher_msgs/include/linkattacher_msgs/linkattacher_msgs/srv/detail
[0.719s] -- Up-to-date: /home/ojasvi/Desktop/eYRC2024LogisticCobot/install/linkattacher_msgs/include/linkattacher_msgs/linkattacher_msgs/srv/detail/attach_link__rosidl_typesupport_introspection_c.h
[0.719s] -- Up-to-date: /home/ojasvi/Desktop/eYRC2024LogisticCobot/install/linkattacher_msgs/include/linkattacher_msgs/linkattacher_msgs/srv/detail/detach_link__rosidl_typesupport_introspection_c.h
[0.719s] -- Up-to-date: /home/ojasvi/Desktop/eYRC2024LogisticCobot/install/linkattacher_msgs/include/linkattacher_msgs/linkattacher_msgs/srv/detail/detach_link__type_support.c
[0.719s] -- Up-to-date: /home/ojasvi/Desktop/eYRC2024LogisticCobot/install/linkattacher_msgs/include/linkattacher_msgs/linkattacher_msgs/srv/detail/attach_link__type_support.c
[0.719s] -- Up-to-date: /home/ojasvi/Desktop/eYRC2024LogisticCobot/install/linkattacher_msgs/include/linkattacher_msgs/linkattacher_msgs/msg
[0.720s] -- Up-to-date: /home/ojasvi/Desktop/eYRC2024LogisticCobot/install/linkattacher_msgs/include/linkattacher_msgs/linkattacher_msgs/msg/rosidl_typesupport_introspection_c__visibility_control.h
[0.720s] -- Up-to-date: /home/ojasvi/Desktop/eYRC2024LogisticCobot/install/linkattacher_msgs/lib/liblinkattacher_msgs__rosidl_typesupport_introspection_c.so
[0.720s] -- Up-to-date: /home/ojasvi/Desktop/eYRC2024LogisticCobot/install/linkattacher_msgs/lib/liblinkattacher_msgs__rosidl_typesupport_c.so
[0.720s] -- Up-to-date: /home/ojasvi/Desktop/eYRC2024LogisticCobot/install/linkattacher_msgs/include/linkattacher_msgs/linkattacher_msgs
[0.720s] -- Up-to-date: /home/ojasvi/Desktop/eYRC2024LogisticCobot/install/linkattacher_msgs/include/linkattacher_msgs/linkattacher_msgs/srv
[0.720s] -- Up-to-date: /home/ojasvi/Desktop/eYRC2024LogisticCobot/install/linkattacher_msgs/include/linkattacher_msgs/linkattacher_msgs/srv/detail
[0.720s] -- Up-to-date: /home/ojasvi/Desktop/eYRC2024LogisticCobot/install/linkattacher_msgs/include/linkattacher_msgs/linkattacher_msgs/srv/detail/attach_link__builder.hpp
[0.720s] -- Up-to-date: /home/ojasvi/Desktop/eYRC2024LogisticCobot/install/linkattacher_msgs/include/linkattacher_msgs/linkattacher_msgs/srv/detail/attach_link__struct.hpp
[0.720s] -- Up-to-date: /home/ojasvi/Desktop/eYRC2024LogisticCobot/install/linkattacher_msgs/include/linkattacher_msgs/linkattacher_msgs/srv/detail/attach_link__traits.hpp
[0.720s] -- Up-to-date: /home/ojasvi/Desktop/eYRC2024LogisticCobot/install/linkattacher_msgs/include/linkattacher_msgs/linkattacher_msgs/srv/detail/detach_link__traits.hpp
[0.720s] -- Up-to-date: /home/ojasvi/Desktop/eYRC2024LogisticCobot/install/linkattacher_msgs/include/linkattacher_msgs/linkattacher_msgs/srv/detail/detach_link__builder.hpp
[0.720s] -- Up-to-date: /home/ojasvi/Desktop/eYRC2024LogisticCobot/install/linkattacher_msgs/include/linkattacher_msgs/linkattacher_msgs/srv/detail/detach_link__struct.hpp
[0.720s] -- Up-to-date: /home/ojasvi/Desktop/eYRC2024LogisticCobot/install/linkattacher_msgs/include/linkattacher_msgs/linkattacher_msgs/srv/detach_link.hpp
[0.720s] -- Up-to-date: /home/ojasvi/Desktop/eYRC2024LogisticCobot/install/linkattacher_msgs/include/linkattacher_msgs/linkattacher_msgs/srv/attach_link.hpp
[0.721s] -- Up-to-date: /home/ojasvi/Desktop/eYRC2024LogisticCobot/install/linkattacher_msgs/include/linkattacher_msgs/linkattacher_msgs
[0.721s] -- Up-to-date: /home/ojasvi/Desktop/eYRC2024LogisticCobot/install/linkattacher_msgs/include/linkattacher_msgs/linkattacher_msgs/srv
[0.721s] -- Up-to-date: /home/ojasvi/Desktop/eYRC2024LogisticCobot/install/linkattacher_msgs/include/linkattacher_msgs/linkattacher_msgs/srv/detail
[0.721s] -- Up-to-date: /home/ojasvi/Desktop/eYRC2024LogisticCobot/install/linkattacher_msgs/include/linkattacher_msgs/linkattacher_msgs/srv/detail/attach_link__rosidl_typesupport_fastrtps_cpp.hpp
[0.721s] -- Up-to-date: /home/ojasvi/Desktop/eYRC2024LogisticCobot/install/linkattacher_msgs/include/linkattacher_msgs/linkattacher_msgs/srv/detail/detach_link__rosidl_typesupport_fastrtps_cpp.hpp
[0.721s] -- Up-to-date: /home/ojasvi/Desktop/eYRC2024LogisticCobot/install/linkattacher_msgs/include/linkattacher_msgs/linkattacher_msgs/srv/detail/dds_fastrtps
[0.721s] -- Up-to-date: /home/ojasvi/Desktop/eYRC2024LogisticCobot/install/linkattacher_msgs/include/linkattacher_msgs/linkattacher_msgs/msg
[0.721s] -- Up-to-date: /home/ojasvi/Desktop/eYRC2024LogisticCobot/install/linkattacher_msgs/include/linkattacher_msgs/linkattacher_msgs/msg/rosidl_typesupport_fastrtps_cpp__visibility_control.h
[0.722s] -- Up-to-date: /home/ojasvi/Desktop/eYRC2024LogisticCobot/install/linkattacher_msgs/lib/liblinkattacher_msgs__rosidl_typesupport_fastrtps_cpp.so
[0.722s] -- Up-to-date: /home/ojasvi/Desktop/eYRC2024LogisticCobot/install/linkattacher_msgs/include/linkattacher_msgs/linkattacher_msgs
[0.722s] -- Up-to-date: /home/ojasvi/Desktop/eYRC2024LogisticCobot/install/linkattacher_msgs/include/linkattacher_msgs/linkattacher_msgs/srv
[0.722s] -- Up-to-date: /home/ojasvi/Desktop/eYRC2024LogisticCobot/install/linkattacher_msgs/include/linkattacher_msgs/linkattacher_msgs/srv/detail
[0.722s] -- Up-to-date: /home/ojasvi/Desktop/eYRC2024LogisticCobot/install/linkattacher_msgs/include/linkattacher_msgs/linkattacher_msgs/srv/detail/attach_link__rosidl_typesupport_introspection_cpp.hpp
[0.722s] -- Up-to-date: /home/ojasvi/Desktop/eYRC2024LogisticCobot/install/linkattacher_msgs/include/linkattacher_msgs/linkattacher_msgs/srv/detail/detach_link__rosidl_typesupport_introspection_cpp.hpp
[0.722s] -- Up-to-date: /home/ojasvi/Desktop/eYRC2024LogisticCobot/install/linkattacher_msgs/include/linkattacher_msgs/linkattacher_msgs/srv/detail/detach_link__type_support.cpp
[0.722s] -- Up-to-date: /home/ojasvi/Desktop/eYRC2024LogisticCobot/install/linkattacher_msgs/include/linkattacher_msgs/linkattacher_msgs/srv/detail/attach_link__type_support.cpp
[0.723s] -- Up-to-date: /home/ojasvi/Desktop/eYRC2024LogisticCobot/install/linkattacher_msgs/lib/liblinkattacher_msgs__rosidl_typesupport_introspection_cpp.so
[0.723s] -- Up-to-date: /home/ojasvi/Desktop/eYRC2024LogisticCobot/install/linkattacher_msgs/lib/liblinkattacher_msgs__rosidl_typesupport_cpp.so
[0.723s] -- Up-to-date: /home/ojasvi/Desktop/eYRC2024LogisticCobot/install/linkattacher_msgs/share/linkattacher_msgs/environment/pythonpath.sh
[0.723s] -- Up-to-date: /home/ojasvi/Desktop/eYRC2024LogisticCobot/install/linkattacher_msgs/share/linkattacher_msgs/environment/pythonpath.dsv
[0.723s] -- Up-to-date: /home/ojasvi/Desktop/eYRC2024LogisticCobot/install/linkattacher_msgs/local/lib/python3.10/dist-packages/linkattacher_msgs-0.0.0-py3.10.egg-info
[0.723s] -- Installing: /home/ojasvi/Desktop/eYRC2024LogisticCobot/install/linkattacher_msgs/local/lib/python3.10/dist-packages/linkattacher_msgs-0.0.0-py3.10.egg-info/SOURCES.txt
[0.723s] -- Installing: /home/ojasvi/Desktop/eYRC2024LogisticCobot/install/linkattacher_msgs/local/lib/python3.10/dist-packages/linkattacher_msgs-0.0.0-py3.10.egg-info/dependency_links.txt
[0.723s] -- Installing: /home/ojasvi/Desktop/eYRC2024LogisticCobot/install/linkattacher_msgs/local/lib/python3.10/dist-packages/linkattacher_msgs-0.0.0-py3.10.egg-info/top_level.txt
[0.723s] -- Installing: /home/ojasvi/Desktop/eYRC2024LogisticCobot/install/linkattacher_msgs/local/lib/python3.10/dist-packages/linkattacher_msgs-0.0.0-py3.10.egg-info/PKG-INFO
[0.724s] -- Up-to-date: /home/ojasvi/Desktop/eYRC2024LogisticCobot/install/linkattacher_msgs/local/lib/python3.10/dist-packages/linkattacher_msgs
[0.724s] -- Up-to-date: /home/ojasvi/Desktop/eYRC2024LogisticCobot/install/linkattacher_msgs/local/lib/python3.10/dist-packages/linkattacher_msgs/__init__.py
[0.724s] -- Up-to-date: /home/ojasvi/Desktop/eYRC2024LogisticCobot/install/linkattacher_msgs/local/lib/python3.10/dist-packages/linkattacher_msgs/srv
[0.724s] -- Up-to-date: /home/ojasvi/Desktop/eYRC2024LogisticCobot/install/linkattacher_msgs/local/lib/python3.10/dist-packages/linkattacher_msgs/srv/__init__.py
[0.724s] -- Up-to-date: /home/ojasvi/Desktop/eYRC2024LogisticCobot/install/linkattacher_msgs/local/lib/python3.10/dist-packages/linkattacher_msgs/srv/_detach_link.py
[0.724s] -- Up-to-date: /home/ojasvi/Desktop/eYRC2024LogisticCobot/install/linkattacher_msgs/local/lib/python3.10/dist-packages/linkattacher_msgs/srv/_attach_link_s.c
[0.724s] -- Up-to-date: /home/ojasvi/Desktop/eYRC2024LogisticCobot/install/linkattacher_msgs/local/lib/python3.10/dist-packages/linkattacher_msgs/srv/_attach_link.py
[0.724s] -- Up-to-date: /home/ojasvi/Desktop/eYRC2024LogisticCobot/install/linkattacher_msgs/local/lib/python3.10/dist-packages/linkattacher_msgs/srv/_detach_link_s.c
[0.724s] -- Up-to-date: /home/ojasvi/Desktop/eYRC2024LogisticCobot/install/linkattacher_msgs/local/lib/python3.10/dist-packages/linkattacher_msgs/linkattacher_msgs_s__rosidl_typesupport_c.cpython-310-x86_64-linux-gnu.so
[0.725s] -- Up-to-date: /home/ojasvi/Desktop/eYRC2024LogisticCobot/install/linkattacher_msgs/local/lib/python3.10/dist-packages/linkattacher_msgs/linkattacher_msgs_s__rosidl_typesupport_fastrtps_c.cpython-310-x86_64-linux-gnu.so
[0.725s] -- Up-to-date: /home/ojasvi/Desktop/eYRC2024LogisticCobot/install/linkattacher_msgs/local/lib/python3.10/dist-packages/linkattacher_msgs/_linkattacher_msgs_s.ep.rosidl_typesupport_introspection_c.c
[0.725s] -- Up-to-date: /home/ojasvi/Desktop/eYRC2024LogisticCobot/install/linkattacher_msgs/local/lib/python3.10/dist-packages/linkattacher_msgs/_linkattacher_msgs_s.ep.rosidl_typesupport_c.c
[0.725s] -- Up-to-date: /home/ojasvi/Desktop/eYRC2024LogisticCobot/install/linkattacher_msgs/local/lib/python3.10/dist-packages/linkattacher_msgs/_linkattacher_msgs_s.ep.rosidl_typesupport_fastrtps_c.c
[0.726s] -- Up-to-date: /home/ojasvi/Desktop/eYRC2024LogisticCobot/install/linkattacher_msgs/local/lib/python3.10/dist-packages/linkattacher_msgs/linkattacher_msgs_s__rosidl_typesupport_introspection_c.cpython-310-x86_64-linux-gnu.so
[0.726s] -- Up-to-date: /home/ojasvi/Desktop/eYRC2024LogisticCobot/install/linkattacher_msgs/local/lib/python3.10/dist-packages/linkattacher_msgs/liblinkattacher_msgs__rosidl_generator_py.so
[0.752s] Listing '/home/ojasvi/Desktop/eYRC2024LogisticCobot/install/linkattacher_msgs/local/lib/python3.10/dist-packages/linkattacher_msgs'...
[0.752s] Listing '/home/ojasvi/Desktop/eYRC2024LogisticCobot/install/linkattacher_msgs/local/lib/python3.10/dist-packages/linkattacher_msgs/srv'...
[0.760s] -- Up-to-date: /home/ojasvi/Desktop/eYRC2024LogisticCobot/install/linkattacher_msgs/local/lib/python3.10/dist-packages/linkattacher_msgs/linkattacher_msgs_s__rosidl_typesupport_fastrtps_c.cpython-310-x86_64-linux-gnu.so
[0.760s] -- Up-to-date: /home/ojasvi/Desktop/eYRC2024LogisticCobot/install/linkattacher_msgs/local/lib/python3.10/dist-packages/linkattacher_msgs/linkattacher_msgs_s__rosidl_typesupport_introspection_c.cpython-310-x86_64-linux-gnu.so
[0.760s] -- Up-to-date: /home/ojasvi/Desktop/eYRC2024LogisticCobot/install/linkattacher_msgs/local/lib/python3.10/dist-packages/linkattacher_msgs/linkattacher_msgs_s__rosidl_typesupport_c.cpython-310-x86_64-linux-gnu.so
[0.760s] -- Up-to-date: /home/ojasvi/Desktop/eYRC2024LogisticCobot/install/linkattacher_msgs/lib/liblinkattacher_msgs__rosidl_generator_py.so
[0.760s] -- Up-to-date: /home/ojasvi/Desktop/eYRC2024LogisticCobot/install/linkattacher_msgs/share/linkattacher_msgs/srv/AttachLink.idl
[0.761s] -- Up-to-date: /home/ojasvi/Desktop/eYRC2024LogisticCobot/install/linkattacher_msgs/share/linkattacher_msgs/srv/DetachLink.idl
[0.761s] -- Up-to-date: /home/ojasvi/Desktop/eYRC2024LogisticCobot/install/linkattacher_msgs/share/linkattacher_msgs/srv/AttachLink.srv
[0.761s] -- Up-to-date: /home/ojasvi/Desktop/eYRC2024LogisticCobot/install/linkattacher_msgs/share/linkattacher_msgs/srv/AttachLink_Request.msg
[0.761s] -- Up-to-date: /home/ojasvi/Desktop/eYRC2024LogisticCobot/install/linkattacher_msgs/share/linkattacher_msgs/srv/AttachLink_Response.msg
[0.761s] -- Up-to-date: /home/ojasvi/Desktop/eYRC2024LogisticCobot/install/linkattacher_msgs/share/linkattacher_msgs/srv/DetachLink.srv
[0.761s] -- Up-to-date: /home/ojasvi/Desktop/eYRC2024LogisticCobot/install/linkattacher_msgs/share/linkattacher_msgs/srv/DetachLink_Request.msg
[0.761s] -- Up-to-date: /home/ojasvi/Desktop/eYRC2024LogisticCobot/install/linkattacher_msgs/share/linkattacher_msgs/srv/DetachLink_Response.msg
[0.762s] -- Up-to-date: /home/ojasvi/Desktop/eYRC2024LogisticCobot/install/linkattacher_msgs/share/ament_index/resource_index/package_run_dependencies/linkattacher_msgs
[0.762s] -- Up-to-date: /home/ojasvi/Desktop/eYRC2024LogisticCobot/install/linkattacher_msgs/share/ament_index/resource_index/parent_prefix_path/linkattacher_msgs
[0.762s] -- Up-to-date: /home/ojasvi/Desktop/eYRC2024LogisticCobot/install/linkattacher_msgs/share/linkattacher_msgs/environment/ament_prefix_path.sh
[0.762s] -- Up-to-date: /home/ojasvi/Desktop/eYRC2024LogisticCobot/install/linkattacher_msgs/share/linkattacher_msgs/environment/ament_prefix_path.dsv
[0.762s] -- Up-to-date: /home/ojasvi/Desktop/eYRC2024LogisticCobot/install/linkattacher_msgs/share/linkattacher_msgs/environment/path.sh
[0.762s] -- Up-to-date: /home/ojasvi/Desktop/eYRC2024LogisticCobot/install/linkattacher_msgs/share/linkattacher_msgs/environment/path.dsv
[0.762s] -- Up-to-date: /home/ojasvi/Desktop/eYRC2024LogisticCobot/install/linkattacher_msgs/share/linkattacher_msgs/local_setup.bash
[0.762s] -- Up-to-date: /home/ojasvi/Desktop/eYRC2024LogisticCobot/install/linkattacher_msgs/share/linkattacher_msgs/local_setup.sh
[0.762s] -- Up-to-date: /home/ojasvi/Desktop/eYRC2024LogisticCobot/install/linkattacher_msgs/share/linkattacher_msgs/local_setup.zsh
[0.762s] -- Up-to-date: /home/ojasvi/Desktop/eYRC2024LogisticCobot/install/linkattacher_msgs/share/linkattacher_msgs/local_setup.dsv
[0.762s] -- Installing: /home/ojasvi/Desktop/eYRC2024LogisticCobot/install/linkattacher_msgs/share/linkattacher_msgs/package.dsv
[0.762s] -- Up-to-date: /home/ojasvi/Desktop/eYRC2024LogisticCobot/install/linkattacher_msgs/share/ament_index/resource_index/packages/linkattacher_msgs
[0.764s] -- Up-to-date: /home/ojasvi/Desktop/eYRC2024LogisticCobot/install/linkattacher_msgs/share/linkattacher_msgs/cmake/export_linkattacher_msgs__rosidl_generator_cExport.cmake
[0.764s] -- Up-to-date: /home/ojasvi/Desktop/eYRC2024LogisticCobot/install/linkattacher_msgs/share/linkattacher_msgs/cmake/export_linkattacher_msgs__rosidl_generator_cExport-noconfig.cmake
[0.764s] -- Up-to-date: /home/ojasvi/Desktop/eYRC2024LogisticCobot/install/linkattacher_msgs/share/linkattacher_msgs/cmake/export_linkattacher_msgs__rosidl_typesupport_fastrtps_cExport.cmake
[0.764s] -- Up-to-date: /home/ojasvi/Desktop/eYRC2024LogisticCobot/install/linkattacher_msgs/share/linkattacher_msgs/cmake/export_linkattacher_msgs__rosidl_typesupport_fastrtps_cExport-noconfig.cmake
[0.764s] -- Up-to-date: /home/ojasvi/Desktop/eYRC2024LogisticCobot/install/linkattacher_msgs/share/linkattacher_msgs/cmake/linkattacher_msgs__rosidl_typesupport_introspection_cExport.cmake
[0.764s] -- Up-to-date: /home/ojasvi/Desktop/eYRC2024LogisticCobot/install/linkattacher_msgs/share/linkattacher_msgs/cmake/linkattacher_msgs__rosidl_typesupport_introspection_cExport-noconfig.cmake
[0.764s] -- Up-to-date: /home/ojasvi/Desktop/eYRC2024LogisticCobot/install/linkattacher_msgs/share/linkattacher_msgs/cmake/linkattacher_msgs__rosidl_typesupport_cExport.cmake
[0.765s] -- Up-to-date: /home/ojasvi/Desktop/eYRC2024LogisticCobot/install/linkattacher_msgs/share/linkattacher_msgs/cmake/linkattacher_msgs__rosidl_typesupport_cExport-noconfig.cmake
[0.765s] -- Up-to-date: /home/ojasvi/Desktop/eYRC2024LogisticCobot/install/linkattacher_msgs/share/linkattacher_msgs/cmake/export_linkattacher_msgs__rosidl_generator_cppExport.cmake
[0.765s] -- Up-to-date: /home/ojasvi/Desktop/eYRC2024LogisticCobot/install/linkattacher_msgs/share/linkattacher_msgs/cmake/export_linkattacher_msgs__rosidl_typesupport_fastrtps_cppExport.cmake
[0.765s] -- Up-to-date: /home/ojasvi/Desktop/eYRC2024LogisticCobot/install/linkattacher_msgs/share/linkattacher_msgs/cmake/export_linkattacher_msgs__rosidl_typesupport_fastrtps_cppExport-noconfig.cmake
[0.765s] -- Up-to-date: /home/ojasvi/Desktop/eYRC2024LogisticCobot/install/linkattacher_msgs/share/linkattacher_msgs/cmake/linkattacher_msgs__rosidl_typesupport_introspection_cppExport.cmake
[0.765s] -- Up-to-date: /home/ojasvi/Desktop/eYRC2024LogisticCobot/install/linkattacher_msgs/share/linkattacher_msgs/cmake/linkattacher_msgs__rosidl_typesupport_introspection_cppExport-noconfig.cmake
[0.765s] -- Up-to-date: /home/ojasvi/Desktop/eYRC2024LogisticCobot/install/linkattacher_msgs/share/linkattacher_msgs/cmake/linkattacher_msgs__rosidl_typesupport_cppExport.cmake
[0.765s] -- Up-to-date: /home/ojasvi/Desktop/eYRC2024LogisticCobot/install/linkattacher_msgs/share/linkattacher_msgs/cmake/linkattacher_msgs__rosidl_typesupport_cppExport-noconfig.cmake
[0.765s] -- Up-to-date: /home/ojasvi/Desktop/eYRC2024LogisticCobot/install/linkattacher_msgs/share/linkattacher_msgs/cmake/export_linkattacher_msgs__rosidl_generator_pyExport.cmake
[0.765s] -- Up-to-date: /home/ojasvi/Desktop/eYRC2024LogisticCobot/install/linkattacher_msgs/share/linkattacher_msgs/cmake/export_linkattacher_msgs__rosidl_generator_pyExport-noconfig.cmake
[0.765s] -- Up-to-date: /home/ojasvi/Desktop/eYRC2024LogisticCobot/install/linkattacher_msgs/share/linkattacher_msgs/cmake/rosidl_cmake-extras.cmake
[0.765s] -- Up-to-date: /home/ojasvi/Desktop/eYRC2024LogisticCobot/install/linkattacher_msgs/share/linkattacher_msgs/cmake/ament_cmake_export_include_directories-extras.cmake
[0.765s] -- Up-to-date: /home/ojasvi/Desktop/eYRC2024LogisticCobot/install/linkattacher_msgs/share/linkattacher_msgs/cmake/ament_cmake_export_libraries-extras.cmake
[0.766s] -- Up-to-date: /home/ojasvi/Desktop/eYRC2024LogisticCobot/install/linkattacher_msgs/share/linkattacher_msgs/cmake/ament_cmake_export_targets-extras.cmake
[0.766s] -- Up-to-date: /home/ojasvi/Desktop/eYRC2024LogisticCobot/install/linkattacher_msgs/share/linkattacher_msgs/cmake/rosidl_cmake_export_typesupport_targets-extras.cmake
[0.766s] -- Up-to-date: /home/ojasvi/Desktop/eYRC2024LogisticCobot/install/linkattacher_msgs/share/linkattacher_msgs/cmake/ament_cmake_export_dependencies-extras.cmake
[0.766s] -- Up-to-date: /home/ojasvi/Desktop/eYRC2024LogisticCobot/install/linkattacher_msgs/share/linkattacher_msgs/cmake/rosidl_cmake_export_typesupport_libraries-extras.cmake
[0.766s] -- Up-to-date: /home/ojasvi/Desktop/eYRC2024LogisticCobot/install/linkattacher_msgs/share/linkattacher_msgs/cmake/linkattacher_msgsConfig.cmake
[0.766s] -- Up-to-date: /home/ojasvi/Desktop/eYRC2024LogisticCobot/install/linkattacher_msgs/share/linkattacher_msgs/cmake/linkattacher_msgsConfig-version.cmake
[0.766s] -- Up-to-date: /home/ojasvi/Desktop/eYRC2024LogisticCobot/install/linkattacher_msgs/share/linkattacher_msgs/package.xml
[0.785s] Invoked command in '/home/ojasvi/Desktop/eYRC2024LogisticCobot/build/linkattacher_msgs' returned '0': CMAKE_PREFIX_PATH=${CMAKE_PREFIX_PATH}:/home/ojasvi/Desktop/eYRC2024LogisticCobot/install/ur5_control:/opt/ros/humble /usr/bin/cmake --install /home/ojasvi/Desktop/eYRC2024LogisticCobot/build/linkattacher_msgs
