[0.274s] Invoking command in '/home/ojasvi/Desktop/eYRC2024LogisticCobot/build/ur_moveit_config': AMENT_PREFIX_PATH=/home/ojasvi/Desktop/eYRC2024LogisticCobot/install/ur_description:${AMENT_PREFIX_PATH} CMAKE_PREFIX_PATH=/home/ojasvi/Desktop/eYRC2024LogisticCobot/install/ur_description:/opt/ros/humble /usr/bin/cmake /home/ojasvi/Desktop/eYRC2024LogisticCobot/src/ur_moveit_config -DCMAKE_INSTALL_PREFIX=/home/ojasvi/Desktop/eYRC2024LogisticCobot/install/ur_moveit_config
[0.463s] -- The C compiler identification is GNU 11.4.0
[0.552s] -- The CXX compiler identification is GNU 11.4.0
[0.558s] -- Detecting C compiler ABI info
[0.762s] -- Detecting C compiler ABI info - done
[0.771s] -- Check for working C compiler: /usr/bin/cc - skipped
[0.772s] -- Detecting C compile features
[0.772s] -- Detecting C compile features - done
[0.776s] -- Detecting CXX compiler ABI info
[0.906s] -- Detecting CXX compiler ABI info - done
[0.911s] -- Check for working CXX compiler: /usr/bin/c++ - skipped
[0.911s] -- Detecting CXX compile features
[0.911s] -- Detecting CXX compile features - done
[0.914s] -- Found ament_cmake: 1.3.10 (/opt/ros/humble/share/ament_cmake/cmake)
[1.055s] -- Found Python3: /usr/bin/python3 (found version "3.10.12") found components: Interpreter 
[1.150s] -- Found ament_lint_auto: 0.12.11 (/opt/ros/humble/share/ament_lint_auto/cmake)
[1.206s] -- Configuring done
[1.210s] -- Generating done
[1.211s] -- Build files have been written to: /home/ojasvi/Desktop/eYRC2024LogisticCobot/build/ur_moveit_config
[1.217s] Invoked command in '/home/ojasvi/Desktop/eYRC2024LogisticCobot/build/ur_moveit_config' returned '0': AMENT_PREFIX_PATH=/home/ojasvi/Desktop/eYRC2024LogisticCobot/install/ur_description:${AMENT_PREFIX_PATH} CMAKE_PREFIX_PATH=/home/ojasvi/Desktop/eYRC2024LogisticCobot/install/ur_description:/opt/ros/humble /usr/bin/cmake /home/ojasvi/Desktop/eYRC2024LogisticCobot/src/ur_moveit_config -DCMAKE_INSTALL_PREFIX=/home/ojasvi/Desktop/eYRC2024LogisticCobot/install/ur_moveit_config
[1.219s] Invoking command in '/home/ojasvi/Desktop/eYRC2024LogisticCobot/build/ur_moveit_config': AMENT_PREFIX_PATH=/home/ojasvi/Desktop/eYRC2024LogisticCobot/install/ur_description:${AMENT_PREFIX_PATH} CMAKE_PREFIX_PATH=/home/ojasvi/Desktop/eYRC2024LogisticCobot/install/ur_description:/opt/ros/humble /usr/bin/cmake --build /home/ojasvi/Desktop/eYRC2024LogisticCobot/build/ur_moveit_config -- -j12 -l12
[1.264s] Invoked command in '/home/ojasvi/Desktop/eYRC2024LogisticCobot/build/ur_moveit_config' returned '0': AMENT_PREFIX_PATH=/home/ojasvi/Desktop/eYRC2024LogisticCobot/install/ur_description:${AMENT_PREFIX_PATH} CMAKE_PREFIX_PATH=/home/ojasvi/Desktop/eYRC2024LogisticCobot/install/ur_description:/opt/ros/humble /usr/bin/cmake --build /home/ojasvi/Desktop/eYRC2024LogisticCobot/build/ur_moveit_config -- -j12 -l12
[1.289s] Invoking command in '/home/ojasvi/Desktop/eYRC2024LogisticCobot/build/ur_moveit_config': AMENT_PREFIX_PATH=/home/ojasvi/Desktop/eYRC2024LogisticCobot/install/ur_description:${AMENT_PREFIX_PATH} CMAKE_PREFIX_PATH=/home/ojasvi/Desktop/eYRC2024LogisticCobot/install/ur_description:/opt/ros/humble /usr/bin/cmake --install /home/ojasvi/Desktop/eYRC2024LogisticCobot/build/ur_moveit_config
[1.299s] -- Install configuration: ""
[1.299s] -- Installing: /home/ojasvi/Desktop/eYRC2024LogisticCobot/install/ur_moveit_config/share/ur_moveit_config/config
[1.300s] -- Installing: /home/ojasvi/Desktop/eYRC2024LogisticCobot/install/ur_moveit_config/share/ur_moveit_config/config/kinematics.yaml
[1.300s] -- Installing: /home/ojasvi/Desktop/eYRC2024LogisticCobot/install/ur_moveit_config/share/ur_moveit_config/config/ur_servo.yaml
[1.300s] -- Installing: /home/ojasvi/Desktop/eYRC2024LogisticCobot/install/ur_moveit_config/share/ur_moveit_config/config/ompl_planning.yaml
[1.300s] -- Installing: /home/ojasvi/Desktop/eYRC2024LogisticCobot/install/ur_moveit_config/share/ur_moveit_config/config/controllers.yaml
[1.300s] -- Installing: /home/ojasvi/Desktop/eYRC2024LogisticCobot/install/ur_moveit_config/share/ur_moveit_config/launch
[1.300s] -- Installing: /home/ojasvi/Desktop/eYRC2024LogisticCobot/install/ur_moveit_config/share/ur_moveit_config/launch/ur_moveit.launch.py
[1.300s] -- Installing: /home/ojasvi/Desktop/eYRC2024LogisticCobot/install/ur_moveit_config/share/ur_moveit_config/rviz
[1.300s] -- Installing: /home/ojasvi/Desktop/eYRC2024LogisticCobot/install/ur_moveit_config/share/ur_moveit_config/rviz/view_robot.rviz
[1.301s] -- Installing: /home/ojasvi/Desktop/eYRC2024LogisticCobot/install/ur_moveit_config/share/ur_moveit_config/srdf
[1.301s] -- Installing: /home/ojasvi/Desktop/eYRC2024LogisticCobot/install/ur_moveit_config/share/ur_moveit_config/srdf/ur.srdf.xacro
[1.301s] -- Installing: /home/ojasvi/Desktop/eYRC2024LogisticCobot/install/ur_moveit_config/share/ur_moveit_config/srdf/ur_macro.srdf.xacro
[1.301s] -- Installing: /home/ojasvi/Desktop/eYRC2024LogisticCobot/install/ur_moveit_config/share/ament_index/resource_index/package_run_dependencies/ur_moveit_config
[1.301s] -- Installing: /home/ojasvi/Desktop/eYRC2024LogisticCobot/install/ur_moveit_config/share/ament_index/resource_index/parent_prefix_path/ur_moveit_config
[1.301s] -- Installing: /home/ojasvi/Desktop/eYRC2024LogisticCobot/install/ur_moveit_config/share/ur_moveit_config/environment/ament_prefix_path.sh
[1.302s] -- Installing: /home/ojasvi/Desktop/eYRC2024LogisticCobot/install/ur_moveit_config/share/ur_moveit_config/environment/ament_prefix_path.dsv
[1.302s] -- Installing: /home/ojasvi/Desktop/eYRC2024LogisticCobot/install/ur_moveit_config/share/ur_moveit_config/environment/path.sh
[1.302s] -- Installing: /home/ojasvi/Desktop/eYRC2024LogisticCobot/install/ur_moveit_config/share/ur_moveit_config/environment/path.dsv
[1.302s] -- Installing: /home/ojasvi/Desktop/eYRC2024LogisticCobot/install/ur_moveit_config/share/ur_moveit_config/local_setup.bash
[1.302s] -- Installing: /home/ojasvi/Desktop/eYRC2024LogisticCobot/install/ur_moveit_config/share/ur_moveit_config/local_setup.sh
[1.302s] -- Installing: /home/ojasvi/Desktop/eYRC2024LogisticCobot/install/ur_moveit_config/share/ur_moveit_config/local_setup.zsh
[1.303s] -- Installing: /home/ojasvi/Desktop/eYRC2024LogisticCobot/install/ur_moveit_config/share/ur_moveit_config/local_setup.dsv
[1.303s] -- Installing: /home/ojasvi/Desktop/eYRC2024LogisticCobot/install/ur_moveit_config/share/ur_moveit_config/package.dsv
[1.303s] -- Installing: /home/ojasvi/Desktop/eYRC2024LogisticCobot/install/ur_moveit_config/share/ament_index/resource_index/packages/ur_moveit_config
[1.303s] -- Installing: /home/ojasvi/Desktop/eYRC2024LogisticCobot/install/ur_moveit_config/share/ur_moveit_config/cmake/ur_moveit_configConfig.cmake
[1.303s] -- Installing: /home/ojasvi/Desktop/eYRC2024LogisticCobot/install/ur_moveit_config/share/ur_moveit_config/cmake/ur_moveit_configConfig-version.cmake
[1.304s] -- Installing: /home/ojasvi/Desktop/eYRC2024LogisticCobot/install/ur_moveit_config/share/ur_moveit_config/package.xml
[1.307s] Invoked command in '/home/ojasvi/Desktop/eYRC2024LogisticCobot/build/ur_moveit_config' returned '0': AMENT_PREFIX_PATH=/home/ojasvi/Desktop/eYRC2024LogisticCobot/install/ur_description:${AMENT_PREFIX_PATH} CMAKE_PREFIX_PATH=/home/ojasvi/Desktop/eYRC2024LogisticCobot/install/ur_description:/opt/ros/humble /usr/bin/cmake --install /home/ojasvi/Desktop/eYRC2024LogisticCobot/build/ur_moveit_config
