[0.026s] Invoking command in '/home/ojasvi/Desktop/eYRC2024LogisticCobot/build/linkattacher_msgs': CMAKE_PREFIX_PATH=/opt/ros/humble /usr/bin/cmake /home/ojasvi/Desktop/eYRC2024LogisticCobot/src/linkattacher_msgs -DCMAKE_INSTALL_PREFIX=/home/ojasvi/Desktop/eYRC2024LogisticCobot/install/linkattacher_msgs
[0.582s] -- The C compiler identification is GNU 11.4.0
[0.860s] -- The CXX compiler identification is GNU 11.4.0
[0.869s] -- Detecting C compiler ABI info
[1.074s] -- Detecting C compiler ABI info - done
[1.081s] -- Check for working C compiler: /usr/bin/cc - skipped
[1.143s] -- Detecting C compile features
[1.145s] -- Detecting C compile features - done
[1.148s] -- Detecting CXX compiler ABI info
[1.433s] -- Detecting CXX compiler ABI info - done
[1.446s] -- Check for working CXX compiler: /usr/bin/c++ - skipped
[1.446s] -- Detecting CXX compile features
[1.447s] -- Detecting CXX compile features - done
[1.557s] -- Found ament_cmake: 1.3.10 (/opt/ros/humble/share/ament_cmake/cmake)
[1.741s] -- Found Python3: /usr/bin/python3 (found version "3.10.12") found components: Interpreter 
[1.837s] -- Found ament_lint_auto: 0.12.11 (/opt/ros/humble/share/ament_lint_auto/cmake)
[1.926s] -- Found rosidl_default_generators: 1.2.0 (/opt/ros/humble/share/rosidl_default_generators/cmake)
[1.932s] -- Using all available rosidl_typesupport_c: rosidl_typesupport_fastrtps_c;rosidl_typesupport_introspection_c
[1.939s] -- Found rosidl_adapter: 3.1.5 (/opt/ros/humble/share/rosidl_adapter/cmake)
[2.103s] -- Using all available rosidl_typesupport_cpp: rosidl_typesupport_fastrtps_cpp;rosidl_typesupport_introspection_cpp
[2.372s] -- Found ament_cmake_ros: 0.10.0 (/opt/ros/humble/share/ament_cmake_ros/cmake)
[2.957s] -- Using all available rosidl_typesupport_c: rosidl_typesupport_fastrtps_c;rosidl_typesupport_introspection_c
[3.514s] -- Using all available rosidl_typesupport_cpp: rosidl_typesupport_fastrtps_cpp;rosidl_typesupport_introspection_cpp
[3.696s] -- Found PythonInterp: /usr/bin/python3 (found suitable version "3.10.12", minimum required is "3.6") 
[3.761s] -- Found python_cmake_module: 0.10.0 (/opt/ros/humble/share/python_cmake_module/cmake)
[3.789s] -- Found PythonLibs: /usr/lib/x86_64-linux-gnu/libpython3.10.so (found suitable version "3.10.12", minimum required is "3.5") 
[3.789s] -- Using PYTHON_EXECUTABLE: /usr/bin/python3
[3.789s] -- Using PYTHON_INCLUDE_DIRS: /usr/include/python3.10
[3.789s] -- Using PYTHON_LIBRARIES: /usr/lib/x86_64-linux-gnu/libpython3.10.so
[3.808s] -- Found PythonExtra: .so  
[3.841s] -- Added test 'copyright' to check source files copyright and LICENSE
[3.842s] -- Added test 'lint_cmake' to check CMake code style
[3.843s] -- Added test 'xmllint' to check XML markup files
[3.852s] -- Configuring done
[3.889s] -- Generating done
[3.893s] -- Build files have been written to: /home/ojasvi/Desktop/eYRC2024LogisticCobot/build/linkattacher_msgs
[3.900s] Invoked command in '/home/ojasvi/Desktop/eYRC2024LogisticCobot/build/linkattacher_msgs' returned '0': CMAKE_PREFIX_PATH=/opt/ros/humble /usr/bin/cmake /home/ojasvi/Desktop/eYRC2024LogisticCobot/src/linkattacher_msgs -DCMAKE_INSTALL_PREFIX=/home/ojasvi/Desktop/eYRC2024LogisticCobot/install/linkattacher_msgs
[3.902s] Invoking command in '/home/ojasvi/Desktop/eYRC2024LogisticCobot/build/linkattacher_msgs': CMAKE_PREFIX_PATH=/opt/ros/humble /usr/bin/cmake --build /home/ojasvi/Desktop/eYRC2024LogisticCobot/build/linkattacher_msgs -- -j12 -l12
[3.943s] [  2%] [34m[1mGenerating C code for ROS interfaces[0m
[3.954s] [  5%] [34m[1mGenerating C++ code for ROS interfaces[0m
[3.962s] [  5%] Built target ament_cmake_python_copy_linkattacher_msgs
[4.170s] running egg_info
[4.171s] creating linkattacher_msgs.egg-info
[4.171s] writing linkattacher_msgs.egg-info/PKG-INFO
[4.171s] writing dependency_links to linkattacher_msgs.egg-info/dependency_links.txt
[4.171s] writing top-level names to linkattacher_msgs.egg-info/top_level.txt
[4.171s] writing manifest file 'linkattacher_msgs.egg-info/SOURCES.txt'
[4.173s] reading manifest file 'linkattacher_msgs.egg-info/SOURCES.txt'
[4.173s] writing manifest file 'linkattacher_msgs.egg-info/SOURCES.txt'
[4.239s] [  5%] Built target ament_cmake_python_build_linkattacher_msgs_egg
[5.728s] [  5%] Built target linkattacher_msgs__cpp
[5.737s] [  7%] [34m[1mGenerating C++ type support dispatch for ROS interfaces[0m
[5.738s] [ 10%] [34m[1mGenerating C++ type support for eProsima Fast-RTPS[0m
[5.738s] [ 12%] [34m[1mGenerating C++ introspection for ROS interfaces[0m
[5.748s] [ 17%] [32mBuilding C object CMakeFiles/linkattacher_msgs__rosidl_generator_c.dir/rosidl_generator_c/linkattacher_msgs/srv/detail/attach_link__functions.c.o[0m
[5.748s] [ 17%] [32mBuilding C object CMakeFiles/linkattacher_msgs__rosidl_generator_c.dir/rosidl_generator_c/linkattacher_msgs/srv/detail/detach_link__functions.c.o[0m
[5.862s] [ 20%] [32m[1mLinking C shared library liblinkattacher_msgs__rosidl_generator_c.so[0m
[5.963s] [ 20%] Built target linkattacher_msgs__rosidl_generator_c
[5.975s] [ 23%] [34m[1mGenerating C type support for eProsima Fast-RTPS[0m
[5.976s] [ 25%] [34m[1mGenerating C introspection for ROS interfaces[0m
[5.977s] [ 28%] [34m[1mGenerating C type support dispatch for ROS interfaces[0m
[6.203s] [ 30%] [32mBuilding CXX object CMakeFiles/linkattacher_msgs__rosidl_typesupport_cpp.dir/rosidl_typesupport_cpp/linkattacher_msgs/srv/attach_link__type_support.cpp.o[0m
[6.207s] [ 33%] [32mBuilding CXX object CMakeFiles/linkattacher_msgs__rosidl_typesupport_cpp.dir/rosidl_typesupport_cpp/linkattacher_msgs/srv/detach_link__type_support.cpp.o[0m
[6.239s] [ 38%] [32mBuilding CXX object CMakeFiles/linkattacher_msgs__rosidl_typesupport_introspection_cpp.dir/rosidl_typesupport_introspection_cpp/linkattacher_msgs/srv/detail/attach_link__type_support.cpp.o[0m
[6.239s] [ 38%] [32mBuilding CXX object CMakeFiles/linkattacher_msgs__rosidl_typesupport_introspection_cpp.dir/rosidl_typesupport_introspection_cpp/linkattacher_msgs/srv/detail/detach_link__type_support.cpp.o[0m
[6.251s] [ 43%] [32mBuilding CXX object CMakeFiles/linkattacher_msgs__rosidl_typesupport_fastrtps_cpp.dir/rosidl_typesupport_fastrtps_cpp/linkattacher_msgs/srv/detail/dds_fastrtps/detach_link__type_support.cpp.o[0m
[6.251s] [ 43%] [32mBuilding CXX object CMakeFiles/linkattacher_msgs__rosidl_typesupport_fastrtps_cpp.dir/rosidl_typesupport_fastrtps_cpp/linkattacher_msgs/srv/detail/dds_fastrtps/attach_link__type_support.cpp.o[0m
[7.096s] [ 48%] [32mBuilding CXX object CMakeFiles/linkattacher_msgs__rosidl_typesupport_c.dir/rosidl_typesupport_c/linkattacher_msgs/srv/detach_link__type_support.cpp.o[0m
[7.096s] [ 48%] [32mBuilding CXX object CMakeFiles/linkattacher_msgs__rosidl_typesupport_c.dir/rosidl_typesupport_c/linkattacher_msgs/srv/attach_link__type_support.cpp.o[0m
[7.142s] [ 51%] [32m[1mLinking CXX shared library liblinkattacher_msgs__rosidl_typesupport_c.so[0m
[7.195s] [ 51%] Built target linkattacher_msgs__rosidl_typesupport_c
[7.198s] [ 53%] [32mBuilding C object CMakeFiles/linkattacher_msgs__rosidl_typesupport_introspection_c.dir/rosidl_typesupport_introspection_c/linkattacher_msgs/srv/detail/detach_link__type_support.c.o[0m
[7.198s] [ 56%] [32mBuilding C object CMakeFiles/linkattacher_msgs__rosidl_typesupport_introspection_c.dir/rosidl_typesupport_introspection_c/linkattacher_msgs/srv/detail/attach_link__type_support.c.o[0m
[7.207s] [ 61%] [32mBuilding CXX object CMakeFiles/linkattacher_msgs__rosidl_typesupport_fastrtps_c.dir/rosidl_typesupport_fastrtps_c/linkattacher_msgs/srv/detail/attach_link__type_support_c.cpp.o[0m
[7.207s] [ 61%] [32mBuilding CXX object CMakeFiles/linkattacher_msgs__rosidl_typesupport_fastrtps_c.dir/rosidl_typesupport_fastrtps_c/linkattacher_msgs/srv/detail/detach_link__type_support_c.cpp.o[0m
[7.313s] [ 64%] [32m[1mLinking C shared library liblinkattacher_msgs__rosidl_typesupport_introspection_c.so[0m
[7.340s] [ 64%] Built target linkattacher_msgs__rosidl_typesupport_introspection_c
[7.745s] [ 66%] [32m[1mLinking CXX shared library liblinkattacher_msgs__rosidl_typesupport_cpp.so[0m
[7.788s] [ 66%] Built target linkattacher_msgs__rosidl_typesupport_cpp
[8.032s] [ 69%] [32m[1mLinking CXX shared library liblinkattacher_msgs__rosidl_typesupport_introspection_cpp.so[0m
[8.034s] [ 71%] [32m[1mLinking CXX shared library liblinkattacher_msgs__rosidl_typesupport_fastrtps_cpp.so[0m
[8.037s] [ 74%] [32m[1mLinking CXX shared library liblinkattacher_msgs__rosidl_typesupport_fastrtps_c.so[0m
[8.095s] [ 74%] Built target linkattacher_msgs__rosidl_typesupport_introspection_cpp
[8.110s] [ 74%] Built target linkattacher_msgs__rosidl_typesupport_fastrtps_c
[8.110s] [ 74%] Built target linkattacher_msgs__rosidl_typesupport_fastrtps_cpp
[8.128s] [ 74%] Built target linkattacher_msgs
[8.145s] [ 76%] [34m[1mGenerating Python code for ROS interfaces[0m
[9.280s] [ 76%] Built target linkattacher_msgs__py
[9.304s] [ 82%] [32mBuilding C object CMakeFiles/linkattacher_msgs__rosidl_generator_py.dir/rosidl_generator_py/linkattacher_msgs/srv/_attach_link_s.c.o[0m
[9.304s] [ 82%] [32mBuilding C object CMakeFiles/linkattacher_msgs__rosidl_generator_py.dir/rosidl_generator_py/linkattacher_msgs/srv/_detach_link_s.c.o[0m
[30.516s] [ 84%] [32m[1mLinking C shared library rosidl_generator_py/linkattacher_msgs/liblinkattacher_msgs__rosidl_generator_py.so[0m
[30.599s] [ 84%] Built target linkattacher_msgs__rosidl_generator_py
[30.623s] [ 87%] [32mBuilding C object CMakeFiles/linkattacher_msgs__rosidl_typesupport_c__pyext.dir/rosidl_generator_py/linkattacher_msgs/_linkattacher_msgs_s.ep.rosidl_typesupport_c.c.o[0m
[30.623s] [ 92%] [32mBuilding C object CMakeFiles/linkattacher_msgs__rosidl_typesupport_fastrtps_c__pyext.dir/rosidl_generator_py/linkattacher_msgs/_linkattacher_msgs_s.ep.rosidl_typesupport_fastrtps_c.c.o[0m
[30.623s] [ 92%] [32mBuilding C object CMakeFiles/linkattacher_msgs__rosidl_typesupport_introspection_c__pyext.dir/rosidl_generator_py/linkattacher_msgs/_linkattacher_msgs_s.ep.rosidl_typesupport_introspection_c.c.o[0m
[30.799s] [100%] [32m[1mLinking C shared library rosidl_generator_py/linkattacher_msgs/linkattacher_msgs_s__rosidl_typesupport_fastrtps_c.cpython-310-x86_64-linux-gnu.so[0m
[30.799s] [100%] [32m[1mLinking C shared library rosidl_generator_py/linkattacher_msgs/linkattacher_msgs_s__rosidl_typesupport_introspection_c.cpython-310-x86_64-linux-gnu.so[0m
[30.799s] [100%] [32m[1mLinking C shared library rosidl_generator_py/linkattacher_msgs/linkattacher_msgs_s__rosidl_typesupport_c.cpython-310-x86_64-linux-gnu.so[0m
[30.874s] [100%] Built target linkattacher_msgs__rosidl_typesupport_introspection_c__pyext
[30.919s] [100%] Built target linkattacher_msgs__rosidl_typesupport_c__pyext
[30.920s] [100%] Built target linkattacher_msgs__rosidl_typesupport_fastrtps_c__pyext
[30.935s] Invoked command in '/home/ojasvi/Desktop/eYRC2024LogisticCobot/build/linkattacher_msgs' returned '0': CMAKE_PREFIX_PATH=/opt/ros/humble /usr/bin/cmake --build /home/ojasvi/Desktop/eYRC2024LogisticCobot/build/linkattacher_msgs -- -j12 -l12
[31.008s] Invoking command in '/home/ojasvi/Desktop/eYRC2024LogisticCobot/build/linkattacher_msgs': CMAKE_PREFIX_PATH=/opt/ros/humble /usr/bin/cmake --install /home/ojasvi/Desktop/eYRC2024LogisticCobot/build/linkattacher_msgs
[31.015s] -- Install configuration: ""
[31.015s] -- Installing: /home/ojasvi/Desktop/eYRC2024LogisticCobot/install/linkattacher_msgs/share/linkattacher_msgs/srv
[31.015s] -- Installing: /home/ojasvi/Desktop/eYRC2024LogisticCobot/install/linkattacher_msgs/share/linkattacher_msgs/srv/DetachLink.srv
[31.015s] -- Installing: /home/ojasvi/Desktop/eYRC2024LogisticCobot/install/linkattacher_msgs/share/linkattacher_msgs/srv/AttachLink.srv
[31.016s] -- Installing: /home/ojasvi/Desktop/eYRC2024LogisticCobot/install/linkattacher_msgs/share/ament_index/resource_index/rosidl_interfaces/linkattacher_msgs
[31.016s] -- Installing: /home/ojasvi/Desktop/eYRC2024LogisticCobot/install/linkattacher_msgs/include/linkattacher_msgs/linkattacher_msgs
[31.016s] -- Installing: /home/ojasvi/Desktop/eYRC2024LogisticCobot/install/linkattacher_msgs/include/linkattacher_msgs/linkattacher_msgs/srv
[31.016s] -- Installing: /home/ojasvi/Desktop/eYRC2024LogisticCobot/install/linkattacher_msgs/include/linkattacher_msgs/linkattacher_msgs/srv/detach_link.h
[31.016s] -- Installing: /home/ojasvi/Desktop/eYRC2024LogisticCobot/install/linkattacher_msgs/include/linkattacher_msgs/linkattacher_msgs/srv/attach_link.h
[31.016s] -- Installing: /home/ojasvi/Desktop/eYRC2024LogisticCobot/install/linkattacher_msgs/include/linkattacher_msgs/linkattacher_msgs/srv/detail
[31.016s] -- Installing: /home/ojasvi/Desktop/eYRC2024LogisticCobot/install/linkattacher_msgs/include/linkattacher_msgs/linkattacher_msgs/srv/detail/detach_link__functions.h
[31.016s] -- Installing: /home/ojasvi/Desktop/eYRC2024LogisticCobot/install/linkattacher_msgs/include/linkattacher_msgs/linkattacher_msgs/srv/detail/attach_link__functions.h
[31.016s] -- Installing: /home/ojasvi/Desktop/eYRC2024LogisticCobot/install/linkattacher_msgs/include/linkattacher_msgs/linkattacher_msgs/srv/detail/attach_link__type_support.h
[31.017s] -- Installing: /home/ojasvi/Desktop/eYRC2024LogisticCobot/install/linkattacher_msgs/include/linkattacher_msgs/linkattacher_msgs/srv/detail/detach_link__functions.c
[31.017s] -- Installing: /home/ojasvi/Desktop/eYRC2024LogisticCobot/install/linkattacher_msgs/include/linkattacher_msgs/linkattacher_msgs/srv/detail/detach_link__struct.h
[31.017s] -- Installing: /home/ojasvi/Desktop/eYRC2024LogisticCobot/install/linkattacher_msgs/include/linkattacher_msgs/linkattacher_msgs/srv/detail/attach_link__struct.h
[31.017s] -- Installing: /home/ojasvi/Desktop/eYRC2024LogisticCobot/install/linkattacher_msgs/include/linkattacher_msgs/linkattacher_msgs/srv/detail/detach_link__type_support.h
[31.017s] -- Installing: /home/ojasvi/Desktop/eYRC2024LogisticCobot/install/linkattacher_msgs/include/linkattacher_msgs/linkattacher_msgs/srv/detail/attach_link__functions.c
[31.017s] -- Installing: /home/ojasvi/Desktop/eYRC2024LogisticCobot/install/linkattacher_msgs/include/linkattacher_msgs/linkattacher_msgs/msg
[31.017s] -- Installing: /home/ojasvi/Desktop/eYRC2024LogisticCobot/install/linkattacher_msgs/include/linkattacher_msgs/linkattacher_msgs/msg/rosidl_generator_c__visibility_control.h
[31.017s] -- Installing: /home/ojasvi/Desktop/eYRC2024LogisticCobot/install/linkattacher_msgs/share/linkattacher_msgs/environment/library_path.sh
[31.018s] -- Installing: /home/ojasvi/Desktop/eYRC2024LogisticCobot/install/linkattacher_msgs/share/linkattacher_msgs/environment/library_path.dsv
[31.018s] -- Installing: /home/ojasvi/Desktop/eYRC2024LogisticCobot/install/linkattacher_msgs/lib/liblinkattacher_msgs__rosidl_generator_c.so
[31.018s] -- Set runtime path of "/home/ojasvi/Desktop/eYRC2024LogisticCobot/install/linkattacher_msgs/lib/liblinkattacher_msgs__rosidl_generator_c.so" to ""
[31.018s] -- Up-to-date: /home/ojasvi/Desktop/eYRC2024LogisticCobot/install/linkattacher_msgs/include/linkattacher_msgs/linkattacher_msgs
[31.018s] -- Up-to-date: /home/ojasvi/Desktop/eYRC2024LogisticCobot/install/linkattacher_msgs/include/linkattacher_msgs/linkattacher_msgs/srv
[31.018s] -- Up-to-date: /home/ojasvi/Desktop/eYRC2024LogisticCobot/install/linkattacher_msgs/include/linkattacher_msgs/linkattacher_msgs/srv/detail
[31.018s] -- Installing: /home/ojasvi/Desktop/eYRC2024LogisticCobot/install/linkattacher_msgs/include/linkattacher_msgs/linkattacher_msgs/srv/detail/detach_link__rosidl_typesupport_fastrtps_c.h
[31.018s] -- Installing: /home/ojasvi/Desktop/eYRC2024LogisticCobot/install/linkattacher_msgs/include/linkattacher_msgs/linkattacher_msgs/srv/detail/attach_link__rosidl_typesupport_fastrtps_c.h
[31.019s] -- Up-to-date: /home/ojasvi/Desktop/eYRC2024LogisticCobot/install/linkattacher_msgs/include/linkattacher_msgs/linkattacher_msgs/msg
[31.019s] -- Installing: /home/ojasvi/Desktop/eYRC2024LogisticCobot/install/linkattacher_msgs/include/linkattacher_msgs/linkattacher_msgs/msg/rosidl_typesupport_fastrtps_c__visibility_control.h
[31.019s] -- Installing: /home/ojasvi/Desktop/eYRC2024LogisticCobot/install/linkattacher_msgs/lib/liblinkattacher_msgs__rosidl_typesupport_fastrtps_c.so
[31.019s] -- Set runtime path of "/home/ojasvi/Desktop/eYRC2024LogisticCobot/install/linkattacher_msgs/lib/liblinkattacher_msgs__rosidl_typesupport_fastrtps_c.so" to ""
[31.019s] -- Up-to-date: /home/ojasvi/Desktop/eYRC2024LogisticCobot/install/linkattacher_msgs/include/linkattacher_msgs/linkattacher_msgs
[31.019s] -- Up-to-date: /home/ojasvi/Desktop/eYRC2024LogisticCobot/install/linkattacher_msgs/include/linkattacher_msgs/linkattacher_msgs/srv
[31.019s] -- Up-to-date: /home/ojasvi/Desktop/eYRC2024LogisticCobot/install/linkattacher_msgs/include/linkattacher_msgs/linkattacher_msgs/srv/detail
[31.019s] -- Installing: /home/ojasvi/Desktop/eYRC2024LogisticCobot/install/linkattacher_msgs/include/linkattacher_msgs/linkattacher_msgs/srv/detail/attach_link__rosidl_typesupport_introspection_c.h
[31.019s] -- Installing: /home/ojasvi/Desktop/eYRC2024LogisticCobot/install/linkattacher_msgs/include/linkattacher_msgs/linkattacher_msgs/srv/detail/detach_link__rosidl_typesupport_introspection_c.h
[31.019s] -- Installing: /home/ojasvi/Desktop/eYRC2024LogisticCobot/install/linkattacher_msgs/include/linkattacher_msgs/linkattacher_msgs/srv/detail/detach_link__type_support.c
[31.019s] -- Installing: /home/ojasvi/Desktop/eYRC2024LogisticCobot/install/linkattacher_msgs/include/linkattacher_msgs/linkattacher_msgs/srv/detail/attach_link__type_support.c
[31.019s] -- Up-to-date: /home/ojasvi/Desktop/eYRC2024LogisticCobot/install/linkattacher_msgs/include/linkattacher_msgs/linkattacher_msgs/msg
[31.020s] -- Installing: /home/ojasvi/Desktop/eYRC2024LogisticCobot/install/linkattacher_msgs/include/linkattacher_msgs/linkattacher_msgs/msg/rosidl_typesupport_introspection_c__visibility_control.h
[31.020s] -- Installing: /home/ojasvi/Desktop/eYRC2024LogisticCobot/install/linkattacher_msgs/lib/liblinkattacher_msgs__rosidl_typesupport_introspection_c.so
[31.020s] -- Set runtime path of "/home/ojasvi/Desktop/eYRC2024LogisticCobot/install/linkattacher_msgs/lib/liblinkattacher_msgs__rosidl_typesupport_introspection_c.so" to ""
[31.020s] -- Installing: /home/ojasvi/Desktop/eYRC2024LogisticCobot/install/linkattacher_msgs/lib/liblinkattacher_msgs__rosidl_typesupport_c.so
[31.020s] -- Set runtime path of "/home/ojasvi/Desktop/eYRC2024LogisticCobot/install/linkattacher_msgs/lib/liblinkattacher_msgs__rosidl_typesupport_c.so" to ""
[31.020s] -- Up-to-date: /home/ojasvi/Desktop/eYRC2024LogisticCobot/install/linkattacher_msgs/include/linkattacher_msgs/linkattacher_msgs
[31.020s] -- Up-to-date: /home/ojasvi/Desktop/eYRC2024LogisticCobot/install/linkattacher_msgs/include/linkattacher_msgs/linkattacher_msgs/srv
[31.020s] -- Up-to-date: /home/ojasvi/Desktop/eYRC2024LogisticCobot/install/linkattacher_msgs/include/linkattacher_msgs/linkattacher_msgs/srv/detail
[31.020s] -- Installing: /home/ojasvi/Desktop/eYRC2024LogisticCobot/install/linkattacher_msgs/include/linkattacher_msgs/linkattacher_msgs/srv/detail/attach_link__builder.hpp
[31.021s] -- Installing: /home/ojasvi/Desktop/eYRC2024LogisticCobot/install/linkattacher_msgs/include/linkattacher_msgs/linkattacher_msgs/srv/detail/attach_link__struct.hpp
[31.021s] -- Installing: /home/ojasvi/Desktop/eYRC2024LogisticCobot/install/linkattacher_msgs/include/linkattacher_msgs/linkattacher_msgs/srv/detail/attach_link__traits.hpp
[31.021s] -- Installing: /home/ojasvi/Desktop/eYRC2024LogisticCobot/install/linkattacher_msgs/include/linkattacher_msgs/linkattacher_msgs/srv/detail/detach_link__traits.hpp
[31.021s] -- Installing: /home/ojasvi/Desktop/eYRC2024LogisticCobot/install/linkattacher_msgs/include/linkattacher_msgs/linkattacher_msgs/srv/detail/detach_link__builder.hpp
[31.021s] -- Installing: /home/ojasvi/Desktop/eYRC2024LogisticCobot/install/linkattacher_msgs/include/linkattacher_msgs/linkattacher_msgs/srv/detail/detach_link__struct.hpp
[31.021s] -- Installing: /home/ojasvi/Desktop/eYRC2024LogisticCobot/install/linkattacher_msgs/include/linkattacher_msgs/linkattacher_msgs/srv/detach_link.hpp
[31.021s] -- Installing: /home/ojasvi/Desktop/eYRC2024LogisticCobot/install/linkattacher_msgs/include/linkattacher_msgs/linkattacher_msgs/srv/attach_link.hpp
[31.021s] -- Up-to-date: /home/ojasvi/Desktop/eYRC2024LogisticCobot/install/linkattacher_msgs/include/linkattacher_msgs/linkattacher_msgs
[31.021s] -- Up-to-date: /home/ojasvi/Desktop/eYRC2024LogisticCobot/install/linkattacher_msgs/include/linkattacher_msgs/linkattacher_msgs/srv
[31.021s] -- Up-to-date: /home/ojasvi/Desktop/eYRC2024LogisticCobot/install/linkattacher_msgs/include/linkattacher_msgs/linkattacher_msgs/srv/detail
[31.021s] -- Installing: /home/ojasvi/Desktop/eYRC2024LogisticCobot/install/linkattacher_msgs/include/linkattacher_msgs/linkattacher_msgs/srv/detail/attach_link__rosidl_typesupport_fastrtps_cpp.hpp
[31.022s] -- Installing: /home/ojasvi/Desktop/eYRC2024LogisticCobot/install/linkattacher_msgs/include/linkattacher_msgs/linkattacher_msgs/srv/detail/detach_link__rosidl_typesupport_fastrtps_cpp.hpp
[31.022s] -- Installing: /home/ojasvi/Desktop/eYRC2024LogisticCobot/install/linkattacher_msgs/include/linkattacher_msgs/linkattacher_msgs/srv/detail/dds_fastrtps
[31.022s] -- Up-to-date: /home/ojasvi/Desktop/eYRC2024LogisticCobot/install/linkattacher_msgs/include/linkattacher_msgs/linkattacher_msgs/msg
[31.022s] -- Installing: /home/ojasvi/Desktop/eYRC2024LogisticCobot/install/linkattacher_msgs/include/linkattacher_msgs/linkattacher_msgs/msg/rosidl_typesupport_fastrtps_cpp__visibility_control.h
[31.022s] -- Installing: /home/ojasvi/Desktop/eYRC2024LogisticCobot/install/linkattacher_msgs/lib/liblinkattacher_msgs__rosidl_typesupport_fastrtps_cpp.so
[31.022s] -- Set runtime path of "/home/ojasvi/Desktop/eYRC2024LogisticCobot/install/linkattacher_msgs/lib/liblinkattacher_msgs__rosidl_typesupport_fastrtps_cpp.so" to ""
[31.022s] -- Up-to-date: /home/ojasvi/Desktop/eYRC2024LogisticCobot/install/linkattacher_msgs/include/linkattacher_msgs/linkattacher_msgs
[31.022s] -- Up-to-date: /home/ojasvi/Desktop/eYRC2024LogisticCobot/install/linkattacher_msgs/include/linkattacher_msgs/linkattacher_msgs/srv
[31.022s] -- Up-to-date: /home/ojasvi/Desktop/eYRC2024LogisticCobot/install/linkattacher_msgs/include/linkattacher_msgs/linkattacher_msgs/srv/detail
[31.022s] -- Installing: /home/ojasvi/Desktop/eYRC2024LogisticCobot/install/linkattacher_msgs/include/linkattacher_msgs/linkattacher_msgs/srv/detail/attach_link__rosidl_typesupport_introspection_cpp.hpp
[31.023s] -- Installing: /home/ojasvi/Desktop/eYRC2024LogisticCobot/install/linkattacher_msgs/include/linkattacher_msgs/linkattacher_msgs/srv/detail/detach_link__rosidl_typesupport_introspection_cpp.hpp
[31.023s] -- Installing: /home/ojasvi/Desktop/eYRC2024LogisticCobot/install/linkattacher_msgs/include/linkattacher_msgs/linkattacher_msgs/srv/detail/detach_link__type_support.cpp
[31.023s] -- Installing: /home/ojasvi/Desktop/eYRC2024LogisticCobot/install/linkattacher_msgs/include/linkattacher_msgs/linkattacher_msgs/srv/detail/attach_link__type_support.cpp
[31.023s] -- Installing: /home/ojasvi/Desktop/eYRC2024LogisticCobot/install/linkattacher_msgs/lib/liblinkattacher_msgs__rosidl_typesupport_introspection_cpp.so
[31.023s] -- Set runtime path of "/home/ojasvi/Desktop/eYRC2024LogisticCobot/install/linkattacher_msgs/lib/liblinkattacher_msgs__rosidl_typesupport_introspection_cpp.so" to ""
[31.023s] -- Installing: /home/ojasvi/Desktop/eYRC2024LogisticCobot/install/linkattacher_msgs/lib/liblinkattacher_msgs__rosidl_typesupport_cpp.so
[31.024s] -- Set runtime path of "/home/ojasvi/Desktop/eYRC2024LogisticCobot/install/linkattacher_msgs/lib/liblinkattacher_msgs__rosidl_typesupport_cpp.so" to ""
[31.024s] -- Installing: /home/ojasvi/Desktop/eYRC2024LogisticCobot/install/linkattacher_msgs/share/linkattacher_msgs/environment/pythonpath.sh
[31.024s] -- Installing: /home/ojasvi/Desktop/eYRC2024LogisticCobot/install/linkattacher_msgs/share/linkattacher_msgs/environment/pythonpath.dsv
[31.024s] -- Installing: /home/ojasvi/Desktop/eYRC2024LogisticCobot/install/linkattacher_msgs/local/lib/python3.10/dist-packages/linkattacher_msgs-0.0.0-py3.10.egg-info
[31.024s] -- Installing: /home/ojasvi/Desktop/eYRC2024LogisticCobot/install/linkattacher_msgs/local/lib/python3.10/dist-packages/linkattacher_msgs-0.0.0-py3.10.egg-info/SOURCES.txt
[31.024s] -- Installing: /home/ojasvi/Desktop/eYRC2024LogisticCobot/install/linkattacher_msgs/local/lib/python3.10/dist-packages/linkattacher_msgs-0.0.0-py3.10.egg-info/dependency_links.txt
[31.024s] -- Installing: /home/ojasvi/Desktop/eYRC2024LogisticCobot/install/linkattacher_msgs/local/lib/python3.10/dist-packages/linkattacher_msgs-0.0.0-py3.10.egg-info/top_level.txt
[31.024s] -- Installing: /home/ojasvi/Desktop/eYRC2024LogisticCobot/install/linkattacher_msgs/local/lib/python3.10/dist-packages/linkattacher_msgs-0.0.0-py3.10.egg-info/PKG-INFO
[31.024s] -- Installing: /home/ojasvi/Desktop/eYRC2024LogisticCobot/install/linkattacher_msgs/local/lib/python3.10/dist-packages/linkattacher_msgs
[31.025s] -- Installing: /home/ojasvi/Desktop/eYRC2024LogisticCobot/install/linkattacher_msgs/local/lib/python3.10/dist-packages/linkattacher_msgs/__init__.py
[31.025s] -- Installing: /home/ojasvi/Desktop/eYRC2024LogisticCobot/install/linkattacher_msgs/local/lib/python3.10/dist-packages/linkattacher_msgs/srv
[31.025s] -- Installing: /home/ojasvi/Desktop/eYRC2024LogisticCobot/install/linkattacher_msgs/local/lib/python3.10/dist-packages/linkattacher_msgs/srv/__init__.py
[31.025s] -- Installing: /home/ojasvi/Desktop/eYRC2024LogisticCobot/install/linkattacher_msgs/local/lib/python3.10/dist-packages/linkattacher_msgs/srv/_detach_link.py
[31.025s] -- Installing: /home/ojasvi/Desktop/eYRC2024LogisticCobot/install/linkattacher_msgs/local/lib/python3.10/dist-packages/linkattacher_msgs/srv/_attach_link_s.c
[31.025s] -- Installing: /home/ojasvi/Desktop/eYRC2024LogisticCobot/install/linkattacher_msgs/local/lib/python3.10/dist-packages/linkattacher_msgs/srv/_attach_link.py
[31.025s] -- Installing: /home/ojasvi/Desktop/eYRC2024LogisticCobot/install/linkattacher_msgs/local/lib/python3.10/dist-packages/linkattacher_msgs/srv/_detach_link_s.c
[31.025s] -- Installing: /home/ojasvi/Desktop/eYRC2024LogisticCobot/install/linkattacher_msgs/local/lib/python3.10/dist-packages/linkattacher_msgs/linkattacher_msgs_s__rosidl_typesupport_c.cpython-310-x86_64-linux-gnu.so
[31.025s] -- Installing: /home/ojasvi/Desktop/eYRC2024LogisticCobot/install/linkattacher_msgs/local/lib/python3.10/dist-packages/linkattacher_msgs/linkattacher_msgs_s__rosidl_typesupport_fastrtps_c.cpython-310-x86_64-linux-gnu.so
[31.026s] -- Installing: /home/ojasvi/Desktop/eYRC2024LogisticCobot/install/linkattacher_msgs/local/lib/python3.10/dist-packages/linkattacher_msgs/_linkattacher_msgs_s.ep.rosidl_typesupport_introspection_c.c
[31.026s] -- Installing: /home/ojasvi/Desktop/eYRC2024LogisticCobot/install/linkattacher_msgs/local/lib/python3.10/dist-packages/linkattacher_msgs/_linkattacher_msgs_s.ep.rosidl_typesupport_c.c
[31.026s] -- Installing: /home/ojasvi/Desktop/eYRC2024LogisticCobot/install/linkattacher_msgs/local/lib/python3.10/dist-packages/linkattacher_msgs/_linkattacher_msgs_s.ep.rosidl_typesupport_fastrtps_c.c
[31.026s] -- Installing: /home/ojasvi/Desktop/eYRC2024LogisticCobot/install/linkattacher_msgs/local/lib/python3.10/dist-packages/linkattacher_msgs/linkattacher_msgs_s__rosidl_typesupport_introspection_c.cpython-310-x86_64-linux-gnu.so
[31.026s] -- Installing: /home/ojasvi/Desktop/eYRC2024LogisticCobot/install/linkattacher_msgs/local/lib/python3.10/dist-packages/linkattacher_msgs/liblinkattacher_msgs__rosidl_generator_py.so
[31.052s] Listing '/home/ojasvi/Desktop/eYRC2024LogisticCobot/install/linkattacher_msgs/local/lib/python3.10/dist-packages/linkattacher_msgs'...
[31.052s] Compiling '/home/ojasvi/Desktop/eYRC2024LogisticCobot/install/linkattacher_msgs/local/lib/python3.10/dist-packages/linkattacher_msgs/__init__.py'...
[31.052s] Listing '/home/ojasvi/Desktop/eYRC2024LogisticCobot/install/linkattacher_msgs/local/lib/python3.10/dist-packages/linkattacher_msgs/srv'...
[31.052s] Compiling '/home/ojasvi/Desktop/eYRC2024LogisticCobot/install/linkattacher_msgs/local/lib/python3.10/dist-packages/linkattacher_msgs/srv/__init__.py'...
[31.052s] Compiling '/home/ojasvi/Desktop/eYRC2024LogisticCobot/install/linkattacher_msgs/local/lib/python3.10/dist-packages/linkattacher_msgs/srv/_attach_link.py'...
[31.052s] Compiling '/home/ojasvi/Desktop/eYRC2024LogisticCobot/install/linkattacher_msgs/local/lib/python3.10/dist-packages/linkattacher_msgs/srv/_detach_link.py'...
[31.055s] -- Installing: /home/ojasvi/Desktop/eYRC2024LogisticCobot/install/linkattacher_msgs/local/lib/python3.10/dist-packages/linkattacher_msgs/linkattacher_msgs_s__rosidl_typesupport_fastrtps_c.cpython-310-x86_64-linux-gnu.so
[31.055s] -- Set runtime path of "/home/ojasvi/Desktop/eYRC2024LogisticCobot/install/linkattacher_msgs/local/lib/python3.10/dist-packages/linkattacher_msgs/linkattacher_msgs_s__rosidl_typesupport_fastrtps_c.cpython-310-x86_64-linux-gnu.so" to ""
[31.055s] -- Installing: /home/ojasvi/Desktop/eYRC2024LogisticCobot/install/linkattacher_msgs/local/lib/python3.10/dist-packages/linkattacher_msgs/linkattacher_msgs_s__rosidl_typesupport_introspection_c.cpython-310-x86_64-linux-gnu.so
[31.056s] -- Set runtime path of "/home/ojasvi/Desktop/eYRC2024LogisticCobot/install/linkattacher_msgs/local/lib/python3.10/dist-packages/linkattacher_msgs/linkattacher_msgs_s__rosidl_typesupport_introspection_c.cpython-310-x86_64-linux-gnu.so" to ""
[31.056s] -- Installing: /home/ojasvi/Desktop/eYRC2024LogisticCobot/install/linkattacher_msgs/local/lib/python3.10/dist-packages/linkattacher_msgs/linkattacher_msgs_s__rosidl_typesupport_c.cpython-310-x86_64-linux-gnu.so
[31.056s] -- Set runtime path of "/home/ojasvi/Desktop/eYRC2024LogisticCobot/install/linkattacher_msgs/local/lib/python3.10/dist-packages/linkattacher_msgs/linkattacher_msgs_s__rosidl_typesupport_c.cpython-310-x86_64-linux-gnu.so" to ""
[31.056s] -- Installing: /home/ojasvi/Desktop/eYRC2024LogisticCobot/install/linkattacher_msgs/lib/liblinkattacher_msgs__rosidl_generator_py.so
[31.057s] -- Set runtime path of "/home/ojasvi/Desktop/eYRC2024LogisticCobot/install/linkattacher_msgs/lib/liblinkattacher_msgs__rosidl_generator_py.so" to ""
[31.057s] -- Installing: /home/ojasvi/Desktop/eYRC2024LogisticCobot/install/linkattacher_msgs/share/linkattacher_msgs/srv/AttachLink.idl
[31.057s] -- Installing: /home/ojasvi/Desktop/eYRC2024LogisticCobot/install/linkattacher_msgs/share/linkattacher_msgs/srv/DetachLink.idl
[31.057s] -- Up-to-date: /home/ojasvi/Desktop/eYRC2024LogisticCobot/install/linkattacher_msgs/share/linkattacher_msgs/srv/AttachLink.srv
[31.057s] -- Installing: /home/ojasvi/Desktop/eYRC2024LogisticCobot/install/linkattacher_msgs/share/linkattacher_msgs/srv/AttachLink_Request.msg
[31.057s] -- Installing: /home/ojasvi/Desktop/eYRC2024LogisticCobot/install/linkattacher_msgs/share/linkattacher_msgs/srv/AttachLink_Response.msg
[31.057s] -- Up-to-date: /home/ojasvi/Desktop/eYRC2024LogisticCobot/install/linkattacher_msgs/share/linkattacher_msgs/srv/DetachLink.srv
[31.057s] -- Installing: /home/ojasvi/Desktop/eYRC2024LogisticCobot/install/linkattacher_msgs/share/linkattacher_msgs/srv/DetachLink_Request.msg
[31.057s] -- Installing: /home/ojasvi/Desktop/eYRC2024LogisticCobot/install/linkattacher_msgs/share/linkattacher_msgs/srv/DetachLink_Response.msg
[31.057s] -- Installing: /home/ojasvi/Desktop/eYRC2024LogisticCobot/install/linkattacher_msgs/share/ament_index/resource_index/package_run_dependencies/linkattacher_msgs
[31.058s] -- Installing: /home/ojasvi/Desktop/eYRC2024LogisticCobot/install/linkattacher_msgs/share/ament_index/resource_index/parent_prefix_path/linkattacher_msgs
[31.058s] -- Installing: /home/ojasvi/Desktop/eYRC2024LogisticCobot/install/linkattacher_msgs/share/linkattacher_msgs/environment/ament_prefix_path.sh
[31.058s] -- Installing: /home/ojasvi/Desktop/eYRC2024LogisticCobot/install/linkattacher_msgs/share/linkattacher_msgs/environment/ament_prefix_path.dsv
[31.058s] -- Installing: /home/ojasvi/Desktop/eYRC2024LogisticCobot/install/linkattacher_msgs/share/linkattacher_msgs/environment/path.sh
[31.058s] -- Installing: /home/ojasvi/Desktop/eYRC2024LogisticCobot/install/linkattacher_msgs/share/linkattacher_msgs/environment/path.dsv
[31.058s] -- Installing: /home/ojasvi/Desktop/eYRC2024LogisticCobot/install/linkattacher_msgs/share/linkattacher_msgs/local_setup.bash
[31.058s] -- Installing: /home/ojasvi/Desktop/eYRC2024LogisticCobot/install/linkattacher_msgs/share/linkattacher_msgs/local_setup.sh
[31.059s] -- Installing: /home/ojasvi/Desktop/eYRC2024LogisticCobot/install/linkattacher_msgs/share/linkattacher_msgs/local_setup.zsh
[31.059s] -- Installing: /home/ojasvi/Desktop/eYRC2024LogisticCobot/install/linkattacher_msgs/share/linkattacher_msgs/local_setup.dsv
[31.059s] -- Installing: /home/ojasvi/Desktop/eYRC2024LogisticCobot/install/linkattacher_msgs/share/linkattacher_msgs/package.dsv
[31.059s] -- Installing: /home/ojasvi/Desktop/eYRC2024LogisticCobot/install/linkattacher_msgs/share/ament_index/resource_index/packages/linkattacher_msgs
[31.059s] -- Installing: /home/ojasvi/Desktop/eYRC2024LogisticCobot/install/linkattacher_msgs/share/linkattacher_msgs/cmake/export_linkattacher_msgs__rosidl_generator_cExport.cmake
[31.059s] -- Installing: /home/ojasvi/Desktop/eYRC2024LogisticCobot/install/linkattacher_msgs/share/linkattacher_msgs/cmake/export_linkattacher_msgs__rosidl_generator_cExport-noconfig.cmake
[31.059s] -- Installing: /home/ojasvi/Desktop/eYRC2024LogisticCobot/install/linkattacher_msgs/share/linkattacher_msgs/cmake/export_linkattacher_msgs__rosidl_typesupport_fastrtps_cExport.cmake
[31.060s] -- Installing: /home/ojasvi/Desktop/eYRC2024LogisticCobot/install/linkattacher_msgs/share/linkattacher_msgs/cmake/export_linkattacher_msgs__rosidl_typesupport_fastrtps_cExport-noconfig.cmake
[31.060s] -- Installing: /home/ojasvi/Desktop/eYRC2024LogisticCobot/install/linkattacher_msgs/share/linkattacher_msgs/cmake/linkattacher_msgs__rosidl_typesupport_introspection_cExport.cmake
[31.060s] -- Installing: /home/ojasvi/Desktop/eYRC2024LogisticCobot/install/linkattacher_msgs/share/linkattacher_msgs/cmake/linkattacher_msgs__rosidl_typesupport_introspection_cExport-noconfig.cmake
[31.060s] -- Installing: /home/ojasvi/Desktop/eYRC2024LogisticCobot/install/linkattacher_msgs/share/linkattacher_msgs/cmake/linkattacher_msgs__rosidl_typesupport_cExport.cmake
[31.060s] -- Installing: /home/ojasvi/Desktop/eYRC2024LogisticCobot/install/linkattacher_msgs/share/linkattacher_msgs/cmake/linkattacher_msgs__rosidl_typesupport_cExport-noconfig.cmake
[31.060s] -- Installing: /home/ojasvi/Desktop/eYRC2024LogisticCobot/install/linkattacher_msgs/share/linkattacher_msgs/cmake/export_linkattacher_msgs__rosidl_generator_cppExport.cmake
[31.060s] -- Installing: /home/ojasvi/Desktop/eYRC2024LogisticCobot/install/linkattacher_msgs/share/linkattacher_msgs/cmake/export_linkattacher_msgs__rosidl_typesupport_fastrtps_cppExport.cmake
[31.061s] -- Installing: /home/ojasvi/Desktop/eYRC2024LogisticCobot/install/linkattacher_msgs/share/linkattacher_msgs/cmake/export_linkattacher_msgs__rosidl_typesupport_fastrtps_cppExport-noconfig.cmake
[31.061s] -- Installing: /home/ojasvi/Desktop/eYRC2024LogisticCobot/install/linkattacher_msgs/share/linkattacher_msgs/cmake/linkattacher_msgs__rosidl_typesupport_introspection_cppExport.cmake
[31.061s] -- Installing: /home/ojasvi/Desktop/eYRC2024LogisticCobot/install/linkattacher_msgs/share/linkattacher_msgs/cmake/linkattacher_msgs__rosidl_typesupport_introspection_cppExport-noconfig.cmake
[31.061s] -- Installing: /home/ojasvi/Desktop/eYRC2024LogisticCobot/install/linkattacher_msgs/share/linkattacher_msgs/cmake/linkattacher_msgs__rosidl_typesupport_cppExport.cmake
[31.061s] -- Installing: /home/ojasvi/Desktop/eYRC2024LogisticCobot/install/linkattacher_msgs/share/linkattacher_msgs/cmake/linkattacher_msgs__rosidl_typesupport_cppExport-noconfig.cmake
[31.061s] -- Installing: /home/ojasvi/Desktop/eYRC2024LogisticCobot/install/linkattacher_msgs/share/linkattacher_msgs/cmake/export_linkattacher_msgs__rosidl_generator_pyExport.cmake
[31.061s] -- Installing: /home/ojasvi/Desktop/eYRC2024LogisticCobot/install/linkattacher_msgs/share/linkattacher_msgs/cmake/export_linkattacher_msgs__rosidl_generator_pyExport-noconfig.cmake
[31.061s] -- Installing: /home/ojasvi/Desktop/eYRC2024LogisticCobot/install/linkattacher_msgs/share/linkattacher_msgs/cmake/rosidl_cmake-extras.cmake
[31.062s] -- Installing: /home/ojasvi/Desktop/eYRC2024LogisticCobot/install/linkattacher_msgs/share/linkattacher_msgs/cmake/ament_cmake_export_include_directories-extras.cmake
[31.062s] -- Installing: /home/ojasvi/Desktop/eYRC2024LogisticCobot/install/linkattacher_msgs/share/linkattacher_msgs/cmake/ament_cmake_export_libraries-extras.cmake
[31.062s] -- Installing: /home/ojasvi/Desktop/eYRC2024LogisticCobot/install/linkattacher_msgs/share/linkattacher_msgs/cmake/ament_cmake_export_targets-extras.cmake
[31.062s] -- Installing: /home/ojasvi/Desktop/eYRC2024LogisticCobot/install/linkattacher_msgs/share/linkattacher_msgs/cmake/rosidl_cmake_export_typesupport_targets-extras.cmake
[31.062s] -- Installing: /home/ojasvi/Desktop/eYRC2024LogisticCobot/install/linkattacher_msgs/share/linkattacher_msgs/cmake/ament_cmake_export_dependencies-extras.cmake
[31.062s] -- Installing: /home/ojasvi/Desktop/eYRC2024LogisticCobot/install/linkattacher_msgs/share/linkattacher_msgs/cmake/rosidl_cmake_export_typesupport_libraries-extras.cmake
[31.062s] -- Installing: /home/ojasvi/Desktop/eYRC2024LogisticCobot/install/linkattacher_msgs/share/linkattacher_msgs/cmake/linkattacher_msgsConfig.cmake
[31.063s] -- Installing: /home/ojasvi/Desktop/eYRC2024LogisticCobot/install/linkattacher_msgs/share/linkattacher_msgs/cmake/linkattacher_msgsConfig-version.cmake
[31.063s] -- Installing: /home/ojasvi/Desktop/eYRC2024LogisticCobot/install/linkattacher_msgs/share/linkattacher_msgs/package.xml
[31.065s] Invoked command in '/home/ojasvi/Desktop/eYRC2024LogisticCobot/build/linkattacher_msgs' returned '0': CMAKE_PREFIX_PATH=/opt/ros/humble /usr/bin/cmake --install /home/ojasvi/Desktop/eYRC2024LogisticCobot/build/linkattacher_msgs
