[0.042s] Invoking command in '/home/ojasvi/Desktop/eYRC2024LogisticCobot/build/ebot_nav2': CMAKE_PREFIX_PATH=/opt/ros/humble /usr/bin/cmake --build /home/ojasvi/Desktop/eYRC2024LogisticCobot/build/ebot_nav2 -- -j12 -l12
[0.317s] Invoked command in '/home/ojasvi/Desktop/eYRC2024LogisticCobot/build/ebot_nav2' returned '0': CMAKE_PREFIX_PATH=/opt/ros/humble /usr/bin/cmake --build /home/ojasvi/Desktop/eYRC2024LogisticCobot/build/ebot_nav2 -- -j12 -l12
[0.356s] Invoking command in '/home/ojasvi/Desktop/eYRC2024LogisticCobot/build/ebot_nav2': CMAKE_PREFIX_PATH=/opt/ros/humble /usr/bin/cmake --install /home/ojasvi/Desktop/eYRC2024LogisticCobot/build/ebot_nav2
[0.366s] -- Install configuration: ""
[0.368s] -- Up-to-date: /home/ojasvi/Desktop/eYRC2024LogisticCobot/install/ebot_nav2/share/ebot_nav2//launch
[0.370s] -- Up-to-date: /home/ojasvi/Desktop/eYRC2024LogisticCobot/install/ebot_nav2/share/ebot_nav2//launch/ebot_bringup_launch.py
[0.371s] -- Up-to-date: /home/ojasvi/Desktop/eYRC2024LogisticCobot/install/ebot_nav2/share/ebot_nav2//config
[0.373s] -- Up-to-date: /home/ojasvi/Desktop/eYRC2024LogisticCobot/install/ebot_nav2/share/ebot_nav2//config/mapper_params_online_async.yaml
[0.373s] -- Up-to-date: /home/ojasvi/Desktop/eYRC2024LogisticCobot/install/ebot_nav2/share/ebot_nav2//config/ekf.yaml
[0.373s] -- Up-to-date: /home/ojasvi/Desktop/eYRC2024LogisticCobot/install/ebot_nav2/share/ebot_nav2//maps
[0.374s] -- Up-to-date: /home/ojasvi/Desktop/eYRC2024LogisticCobot/install/ebot_nav2/share/ebot_nav2//maps/map.data
[0.374s] -- Up-to-date: /home/ojasvi/Desktop/eYRC2024LogisticCobot/install/ebot_nav2/share/ebot_nav2//maps/map.yaml
[0.374s] -- Up-to-date: /home/ojasvi/Desktop/eYRC2024LogisticCobot/install/ebot_nav2/share/ebot_nav2//maps/map_file_here.text
[0.374s] -- Up-to-date: /home/ojasvi/Desktop/eYRC2024LogisticCobot/install/ebot_nav2/share/ebot_nav2//maps/map.posegraph
[0.375s] -- Up-to-date: /home/ojasvi/Desktop/eYRC2024LogisticCobot/install/ebot_nav2/share/ebot_nav2//maps/map.pgm
[0.375s] -- Up-to-date: /home/ojasvi/Desktop/eYRC2024LogisticCobot/install/ebot_nav2/share/ebot_nav2//params
[0.376s] -- Up-to-date: /home/ojasvi/Desktop/eYRC2024LogisticCobot/install/ebot_nav2/share/ebot_nav2//params/nav2_params.yaml
[0.376s] -- Up-to-date: /home/ojasvi/Desktop/eYRC2024LogisticCobot/install/ebot_nav2/share/ebot_nav2//rviz
[0.376s] -- Up-to-date: /home/ojasvi/Desktop/eYRC2024LogisticCobot/install/ebot_nav2/share/ebot_nav2//rviz/nav2_default_view.rviz
[0.378s] -- Up-to-date: /home/ojasvi/Desktop/eYRC2024LogisticCobot/install/ebot_nav2/share/ament_index/resource_index/package_run_dependencies/ebot_nav2
[0.379s] -- Up-to-date: /home/ojasvi/Desktop/eYRC2024LogisticCobot/install/ebot_nav2/share/ament_index/resource_index/parent_prefix_path/ebot_nav2
[0.379s] -- Up-to-date: /home/ojasvi/Desktop/eYRC2024LogisticCobot/install/ebot_nav2/share/ebot_nav2/environment/ament_prefix_path.sh
[0.379s] -- Up-to-date: /home/ojasvi/Desktop/eYRC2024LogisticCobot/install/ebot_nav2/share/ebot_nav2/environment/ament_prefix_path.dsv
[0.379s] -- Up-to-date: /home/ojasvi/Desktop/eYRC2024LogisticCobot/install/ebot_nav2/share/ebot_nav2/environment/path.sh
[0.379s] -- Up-to-date: /home/ojasvi/Desktop/eYRC2024LogisticCobot/install/ebot_nav2/share/ebot_nav2/environment/path.dsv
[0.380s] -- Up-to-date: /home/ojasvi/Desktop/eYRC2024LogisticCobot/install/ebot_nav2/share/ebot_nav2/local_setup.bash
[0.380s] -- Up-to-date: /home/ojasvi/Desktop/eYRC2024LogisticCobot/install/ebot_nav2/share/ebot_nav2/local_setup.sh
[0.380s] -- Up-to-date: /home/ojasvi/Desktop/eYRC2024LogisticCobot/install/ebot_nav2/share/ebot_nav2/local_setup.zsh
[0.380s] -- Up-to-date: /home/ojasvi/Desktop/eYRC2024LogisticCobot/install/ebot_nav2/share/ebot_nav2/local_setup.dsv
[0.380s] -- Installing: /home/ojasvi/Desktop/eYRC2024LogisticCobot/install/ebot_nav2/share/ebot_nav2/package.dsv
[0.382s] -- Up-to-date: /home/ojasvi/Desktop/eYRC2024LogisticCobot/install/ebot_nav2/share/ament_index/resource_index/packages/ebot_nav2
[0.382s] -- Up-to-date: /home/ojasvi/Desktop/eYRC2024LogisticCobot/install/ebot_nav2/share/ebot_nav2/cmake/ebot_nav2Config.cmake
[0.382s] -- Up-to-date: /home/ojasvi/Desktop/eYRC2024LogisticCobot/install/ebot_nav2/share/ebot_nav2/cmake/ebot_nav2Config-version.cmake
[0.382s] -- Up-to-date: /home/ojasvi/Desktop/eYRC2024LogisticCobot/install/ebot_nav2/share/ebot_nav2/package.xml
[0.390s] Invoked command in '/home/ojasvi/Desktop/eYRC2024LogisticCobot/build/ebot_nav2' returned '0': CMAKE_PREFIX_PATH=/opt/ros/humble /usr/bin/cmake --install /home/ojasvi/Desktop/eYRC2024LogisticCobot/build/ebot_nav2
