[0.008s] Invoking command in '/home/ojasvi/Desktop/eYRC2024LogisticCobot/build/ur_moveit_config': CMAKE_PREFIX_PATH=/home/ojasvi/Desktop/eYRC2024LogisticCobot/install/ur_description:/home/ojasvi/Desktop/eYRC2024LogisticCobot/install/ur_simulation_gazebo:/home/ojasvi/Desktop/eYRC2024LogisticCobot/install/ur_moveit_config:/home/ojasvi/Desktop/eYRC2024LogisticCobot/install/realsense_gazebo_plugin:/home/ojasvi/Desktop/eYRC2024LogisticCobot/install/pymoveit2:/home/ojasvi/Desktop/eYRC2024LogisticCobot/install/linkattacher_msgs:/home/ojasvi/Desktop/eYRC2024LogisticCobot/install/eyantra_warehouse:/home/ojasvi/Desktop/eYRC2024LogisticCobot/install/ebot_nav2:/home/ojasvi/Desktop/eYRC2024LogisticCobot/install/ebot_description:/home/ojasvi/Desktop/eYRC2024LogisticCobot/install/ur5_control:/opt/ros/humble /usr/bin/cmake --build /home/ojasvi/Desktop/eYRC2024LogisticCobot/build/ur_moveit_config -- -j12 -l12
[0.044s] Invoked command in '/home/ojasvi/Desktop/eYRC2024LogisticCobot/build/ur_moveit_config' returned '0': CMAKE_PREFIX_PATH=/home/ojasvi/Desktop/eYRC2024LogisticCobot/install/ur_description:/home/ojasvi/Desktop/eYRC2024LogisticCobot/install/ur_simulation_gazebo:/home/ojasvi/Desktop/eYRC2024LogisticCobot/install/ur_moveit_config:/home/ojasvi/Desktop/eYRC2024LogisticCobot/install/realsense_gazebo_plugin:/home/ojasvi/Desktop/eYRC2024LogisticCobot/install/pymoveit2:/home/ojasvi/Desktop/eYRC2024LogisticCobot/install/linkattacher_msgs:/home/ojasvi/Desktop/eYRC2024LogisticCobot/install/eyantra_warehouse:/home/ojasvi/Desktop/eYRC2024LogisticCobot/install/ebot_nav2:/home/ojasvi/Desktop/eYRC2024LogisticCobot/install/ebot_description:/home/ojasvi/Desktop/eYRC2024LogisticCobot/install/ur5_control:/opt/ros/humble /usr/bin/cmake --build /home/ojasvi/Desktop/eYRC2024LogisticCobot/build/ur_moveit_config -- -j12 -l12
[0.067s] Invoking command in '/home/ojasvi/Desktop/eYRC2024LogisticCobot/build/ur_moveit_config': CMAKE_PREFIX_PATH=/home/ojasvi/Desktop/eYRC2024LogisticCobot/install/ur_description:/home/ojasvi/Desktop/eYRC2024LogisticCobot/install/ur_simulation_gazebo:/home/ojasvi/Desktop/eYRC2024LogisticCobot/install/ur_moveit_config:/home/ojasvi/Desktop/eYRC2024LogisticCobot/install/realsense_gazebo_plugin:/home/ojasvi/Desktop/eYRC2024LogisticCobot/install/pymoveit2:/home/ojasvi/Desktop/eYRC2024LogisticCobot/install/linkattacher_msgs:/home/ojasvi/Desktop/eYRC2024LogisticCobot/install/eyantra_warehouse:/home/ojasvi/Desktop/eYRC2024LogisticCobot/install/ebot_nav2:/home/ojasvi/Desktop/eYRC2024LogisticCobot/install/ebot_description:/home/ojasvi/Desktop/eYRC2024LogisticCobot/install/ur5_control:/opt/ros/humble /usr/bin/cmake --install /home/ojasvi/Desktop/eYRC2024LogisticCobot/build/ur_moveit_config
[0.075s] -- Install configuration: ""
[0.075s] -- Up-to-date: /home/ojasvi/Desktop/eYRC2024LogisticCobot/install/ur_moveit_config/share/ur_moveit_config/config
[0.075s] -- Up-to-date: /home/ojasvi/Desktop/eYRC2024LogisticCobot/install/ur_moveit_config/share/ur_moveit_config/config/kinematics.yaml
[0.075s] -- Up-to-date: /home/ojasvi/Desktop/eYRC2024LogisticCobot/install/ur_moveit_config/share/ur_moveit_config/config/ur_servo.yaml
[0.075s] -- Up-to-date: /home/ojasvi/Desktop/eYRC2024LogisticCobot/install/ur_moveit_config/share/ur_moveit_config/config/ompl_planning.yaml
[0.076s] -- Up-to-date: /home/ojasvi/Desktop/eYRC2024LogisticCobot/install/ur_moveit_config/share/ur_moveit_config/config/controllers.yaml
[0.076s] -- Up-to-date: /home/ojasvi/Desktop/eYRC2024LogisticCobot/install/ur_moveit_config/share/ur_moveit_config/launch
[0.076s] -- Up-to-date: /home/ojasvi/Desktop/eYRC2024LogisticCobot/install/ur_moveit_config/share/ur_moveit_config/launch/ur_moveit.launch.py
[0.076s] -- Up-to-date: /home/ojasvi/Desktop/eYRC2024LogisticCobot/install/ur_moveit_config/share/ur_moveit_config/rviz
[0.076s] -- Up-to-date: /home/ojasvi/Desktop/eYRC2024LogisticCobot/install/ur_moveit_config/share/ur_moveit_config/rviz/view_robot.rviz
[0.076s] -- Up-to-date: /home/ojasvi/Desktop/eYRC2024LogisticCobot/install/ur_moveit_config/share/ur_moveit_config/srdf
[0.076s] -- Up-to-date: /home/ojasvi/Desktop/eYRC2024LogisticCobot/install/ur_moveit_config/share/ur_moveit_config/srdf/ur.srdf.xacro
[0.076s] -- Up-to-date: /home/ojasvi/Desktop/eYRC2024LogisticCobot/install/ur_moveit_config/share/ur_moveit_config/srdf/ur_macro.srdf.xacro
[0.076s] -- Up-to-date: /home/ojasvi/Desktop/eYRC2024LogisticCobot/install/ur_moveit_config/share/ament_index/resource_index/package_run_dependencies/ur_moveit_config
[0.076s] -- Up-to-date: /home/ojasvi/Desktop/eYRC2024LogisticCobot/install/ur_moveit_config/share/ament_index/resource_index/parent_prefix_path/ur_moveit_config
[0.076s] -- Up-to-date: /home/ojasvi/Desktop/eYRC2024LogisticCobot/install/ur_moveit_config/share/ur_moveit_config/environment/ament_prefix_path.sh
[0.077s] -- Up-to-date: /home/ojasvi/Desktop/eYRC2024LogisticCobot/install/ur_moveit_config/share/ur_moveit_config/environment/ament_prefix_path.dsv
[0.077s] -- Up-to-date: /home/ojasvi/Desktop/eYRC2024LogisticCobot/install/ur_moveit_config/share/ur_moveit_config/environment/path.sh
[0.077s] -- Up-to-date: /home/ojasvi/Desktop/eYRC2024LogisticCobot/install/ur_moveit_config/share/ur_moveit_config/environment/path.dsv
[0.077s] -- Up-to-date: /home/ojasvi/Desktop/eYRC2024LogisticCobot/install/ur_moveit_config/share/ur_moveit_config/local_setup.bash
[0.077s] -- Up-to-date: /home/ojasvi/Desktop/eYRC2024LogisticCobot/install/ur_moveit_config/share/ur_moveit_config/local_setup.sh
[0.077s] -- Up-to-date: /home/ojasvi/Desktop/eYRC2024LogisticCobot/install/ur_moveit_config/share/ur_moveit_config/local_setup.zsh
[0.077s] -- Up-to-date: /home/ojasvi/Desktop/eYRC2024LogisticCobot/install/ur_moveit_config/share/ur_moveit_config/local_setup.dsv
[0.077s] -- Installing: /home/ojasvi/Desktop/eYRC2024LogisticCobot/install/ur_moveit_config/share/ur_moveit_config/package.dsv
[0.077s] -- Up-to-date: /home/ojasvi/Desktop/eYRC2024LogisticCobot/install/ur_moveit_config/share/ament_index/resource_index/packages/ur_moveit_config
[0.077s] -- Up-to-date: /home/ojasvi/Desktop/eYRC2024LogisticCobot/install/ur_moveit_config/share/ur_moveit_config/cmake/ur_moveit_configConfig.cmake
[0.077s] -- Up-to-date: /home/ojasvi/Desktop/eYRC2024LogisticCobot/install/ur_moveit_config/share/ur_moveit_config/cmake/ur_moveit_configConfig-version.cmake
[0.077s] -- Up-to-date: /home/ojasvi/Desktop/eYRC2024LogisticCobot/install/ur_moveit_config/share/ur_moveit_config/package.xml
[0.079s] Invoked command in '/home/ojasvi/Desktop/eYRC2024LogisticCobot/build/ur_moveit_config' returned '0': CMAKE_PREFIX_PATH=/home/ojasvi/Desktop/eYRC2024LogisticCobot/install/ur_description:/home/ojasvi/Desktop/eYRC2024LogisticCobot/install/ur_simulation_gazebo:/home/ojasvi/Desktop/eYRC2024LogisticCobot/install/ur_moveit_config:/home/ojasvi/Desktop/eYRC2024LogisticCobot/install/realsense_gazebo_plugin:/home/ojasvi/Desktop/eYRC2024LogisticCobot/install/pymoveit2:/home/ojasvi/Desktop/eYRC2024LogisticCobot/install/linkattacher_msgs:/home/ojasvi/Desktop/eYRC2024LogisticCobot/install/eyantra_warehouse:/home/ojasvi/Desktop/eYRC2024LogisticCobot/install/ebot_nav2:/home/ojasvi/Desktop/eYRC2024LogisticCobot/install/ebot_description:/home/ojasvi/Desktop/eYRC2024LogisticCobot/install/ur5_control:/opt/ros/humble /usr/bin/cmake --install /home/ojasvi/Desktop/eYRC2024LogisticCobot/build/ur_moveit_config
