[0.148s] Invoking command in '/home/ojasvi/Desktop/eYRC2024LogisticCobot/build/ebot_description': CMAKE_PREFIX_PATH=${CMAKE_PREFIX_PATH}:/home/ojasvi/Desktop/eYRC2024LogisticCobot/install/ur5_control:/opt/ros/humble /usr/bin/cmake --build /home/ojasvi/Desktop/eYRC2024LogisticCobot/build/ebot_description -- -j12 -l12
[0.577s] Invoked command in '/home/ojasvi/Desktop/eYRC2024LogisticCobot/build/ebot_description' returned '0': CMAKE_PREFIX_PATH=${CMAKE_PREFIX_PATH}:/home/ojasvi/Desktop/eYRC2024LogisticCobot/install/ur5_control:/opt/ros/humble /usr/bin/cmake --build /home/ojasvi/Desktop/eYRC2024LogisticCobot/build/ebot_description -- -j12 -l12
[0.632s] Invoking command in '/home/ojasvi/Desktop/eYRC2024LogisticCobot/build/ebot_description': CMAKE_PREFIX_PATH=${CMAKE_PREFIX_PATH}:/home/ojasvi/Desktop/eYRC2024LogisticCobot/install/ur5_control:/opt/ros/humble /usr/bin/cmake --install /home/ojasvi/Desktop/eYRC2024LogisticCobot/build/ebot_description
[0.645s] -- Install configuration: ""
[0.646s] -- Up-to-date: /home/ojasvi/Desktop/eYRC2024LogisticCobot/install/ebot_description/share/ebot_description//launch
[0.646s] -- Up-to-date: /home/ojasvi/Desktop/eYRC2024LogisticCobot/install/ebot_description/share/ebot_description//launch/ebot_gazebo_launch.py
[0.646s] -- Up-to-date: /home/ojasvi/Desktop/eYRC2024LogisticCobot/install/ebot_description/share/ebot_description//launch/start_world_task1c_launch.py
[0.646s] -- Up-to-date: /home/ojasvi/Desktop/eYRC2024LogisticCobot/install/ebot_description/share/ebot_description//launch/start_world_launch.py
[0.646s] -- Up-to-date: /home/ojasvi/Desktop/eYRC2024LogisticCobot/install/ebot_description/share/ebot_description//launch/spawn_robot.py
[0.646s] -- Up-to-date: /home/ojasvi/Desktop/eYRC2024LogisticCobot/install/ebot_description/share/ebot_description//launch/start_world_task1b_launch.py
[0.646s] -- Up-to-date: /home/ojasvi/Desktop/eYRC2024LogisticCobot/install/ebot_description/share/ebot_description//worlds
[0.646s] -- Up-to-date: /home/ojasvi/Desktop/eYRC2024LogisticCobot/install/ebot_description/share/ebot_description//worlds/empty.world
[0.646s] -- Up-to-date: /home/ojasvi/Desktop/eYRC2024LogisticCobot/install/ebot_description/share/ebot_description//models
[0.646s] -- Up-to-date: /home/ojasvi/Desktop/eYRC2024LogisticCobot/install/ebot_description/share/ebot_description//models/ebot
[0.648s] -- Up-to-date: /home/ojasvi/Desktop/eYRC2024LogisticCobot/install/ebot_description/share/ebot_description//models/ebot/ebot.gazebo
[0.648s] -- Up-to-date: /home/ojasvi/Desktop/eYRC2024LogisticCobot/install/ebot_description/share/ebot_description//models/ebot/ebot_description.xacro
[0.648s] -- Up-to-date: /home/ojasvi/Desktop/eYRC2024LogisticCobot/install/ebot_description/share/ebot_description//meshes
[0.648s] -- Up-to-date: /home/ojasvi/Desktop/eYRC2024LogisticCobot/install/ebot_description/share/ebot_description//meshes/FUS1.STL
[0.649s] -- Up-to-date: /home/ojasvi/Desktop/eYRC2024LogisticCobot/install/ebot_description/share/ebot_description//meshes/RWL.STL
[0.649s] -- Up-to-date: /home/ojasvi/Desktop/eYRC2024LogisticCobot/install/ebot_description/share/ebot_description//meshes/RHUS7.STL
[0.649s] -- Up-to-date: /home/ojasvi/Desktop/eYRC2024LogisticCobot/install/ebot_description/share/ebot_description//meshes/RUS5.STL
[0.649s] -- Up-to-date: /home/ojasvi/Desktop/eYRC2024LogisticCobot/install/ebot_description/share/ebot_description//meshes/LHUS9.STL
[0.649s] -- Up-to-date: /home/ojasvi/Desktop/eYRC2024LogisticCobot/install/ebot_description/share/ebot_description//meshes/FUS2.STL
[0.650s] -- Up-to-date: /home/ojasvi/Desktop/eYRC2024LogisticCobot/install/ebot_description/share/ebot_description//meshes/FWL.STL
[0.650s] -- Up-to-date: /home/ojasvi/Desktop/eYRC2024LogisticCobot/install/ebot_description/share/ebot_description//meshes/LHUS10.STL
[0.650s] -- Up-to-date: /home/ojasvi/Desktop/eYRC2024LogisticCobot/install/ebot_description/share/ebot_description//meshes/FUS4.STL
[0.650s] -- Up-to-date: /home/ojasvi/Desktop/eYRC2024LogisticCobot/install/ebot_description/share/ebot_description//meshes/FUS3.STL
[0.651s] -- Up-to-date: /home/ojasvi/Desktop/eYRC2024LogisticCobot/install/ebot_description/share/ebot_description//meshes/robot_base.stl
[0.651s] -- Up-to-date: /home/ojasvi/Desktop/eYRC2024LogisticCobot/install/ebot_description/share/ebot_description//meshes/RWR.STL
[0.651s] -- Up-to-date: /home/ojasvi/Desktop/eYRC2024LogisticCobot/install/ebot_description/share/ebot_description//meshes/RHUS9.STL
[0.652s] -- Up-to-date: /home/ojasvi/Desktop/eYRC2024LogisticCobot/install/ebot_description/share/ebot_description//meshes/chassis.dae
[0.653s] -- Up-to-date: /home/ojasvi/Desktop/eYRC2024LogisticCobot/install/ebot_description/share/ebot_description//meshes/FWR.STL
[0.654s] -- Up-to-date: /home/ojasvi/Desktop/eYRC2024LogisticCobot/install/ebot_description/share/ebot_description//meshes/RUS6.STL
[0.654s] -- Up-to-date: /home/ojasvi/Desktop/eYRC2024LogisticCobot/install/ebot_description/share/ebot_description//plugins
[0.655s] -- Up-to-date: /home/ojasvi/Desktop/eYRC2024LogisticCobot/install/ebot_description/share/ebot_description//plugins/libgazebo_ros_vacuum_gripper.so
[0.655s] -- Up-to-date: /home/ojasvi/Desktop/eYRC2024LogisticCobot/install/ebot_description/share/ebot_description//plugins/libgazebo_collision_sensor.so
[0.656s] -- Up-to-date: /home/ojasvi/Desktop/eYRC2024LogisticCobot/install/ebot_description/share/ament_index/resource_index/package_run_dependencies/ebot_description
[0.672s] -- Up-to-date: /home/ojasvi/Desktop/eYRC2024LogisticCobot/install/ebot_description/share/ament_index/resource_index/parent_prefix_path/ebot_description
[0.672s] -- Up-to-date: /home/ojasvi/Desktop/eYRC2024LogisticCobot/install/ebot_description/share/ebot_description/environment/ament_prefix_path.sh
[0.672s] -- Up-to-date: /home/ojasvi/Desktop/eYRC2024LogisticCobot/install/ebot_description/share/ebot_description/environment/ament_prefix_path.dsv
[0.672s] -- Up-to-date: /home/ojasvi/Desktop/eYRC2024LogisticCobot/install/ebot_description/share/ebot_description/environment/path.sh
[0.672s] -- Up-to-date: /home/ojasvi/Desktop/eYRC2024LogisticCobot/install/ebot_description/share/ebot_description/environment/path.dsv
[0.672s] -- Up-to-date: /home/ojasvi/Desktop/eYRC2024LogisticCobot/install/ebot_description/share/ebot_description/local_setup.bash
[0.673s] -- Up-to-date: /home/ojasvi/Desktop/eYRC2024LogisticCobot/install/ebot_description/share/ebot_description/local_setup.sh
[0.673s] -- Up-to-date: /home/ojasvi/Desktop/eYRC2024LogisticCobot/install/ebot_description/share/ebot_description/local_setup.zsh
[0.673s] -- Up-to-date: /home/ojasvi/Desktop/eYRC2024LogisticCobot/install/ebot_description/share/ebot_description/local_setup.dsv
[0.673s] -- Installing: /home/ojasvi/Desktop/eYRC2024LogisticCobot/install/ebot_description/share/ebot_description/package.dsv
[0.673s] -- Up-to-date: /home/ojasvi/Desktop/eYRC2024LogisticCobot/install/ebot_description/share/ament_index/resource_index/packages/ebot_description
[0.673s] -- Up-to-date: /home/ojasvi/Desktop/eYRC2024LogisticCobot/install/ebot_description/share/ebot_description/cmake/ebot_descriptionConfig.cmake
[0.673s] -- Up-to-date: /home/ojasvi/Desktop/eYRC2024LogisticCobot/install/ebot_description/share/ebot_description/cmake/ebot_descriptionConfig-version.cmake
[0.673s] -- Up-to-date: /home/ojasvi/Desktop/eYRC2024LogisticCobot/install/ebot_description/share/ebot_description/package.xml
[0.681s] Invoked command in '/home/ojasvi/Desktop/eYRC2024LogisticCobot/build/ebot_description' returned '0': CMAKE_PREFIX_PATH=${CMAKE_PREFIX_PATH}:/home/ojasvi/Desktop/eYRC2024LogisticCobot/install/ur5_control:/opt/ros/humble /usr/bin/cmake --install /home/ojasvi/Desktop/eYRC2024LogisticCobot/build/ebot_description
