[0.024s] Invoking command in '/home/ojasvi/colcon_ws2/src/build/linkattacher_msgs': CMAKE_PREFIX_PATH=/opt/ros/humble /usr/bin/cmake /home/ojasvi/colcon_ws2/src/linkattacher_msgs -DCMAKE_INSTALL_PREFIX=/home/ojasvi/colcon_ws2/src/install/linkattacher_msgs
[0.293s] -- The C compiler identification is GNU 11.4.0
[0.521s] -- The CXX compiler identification is GNU 11.4.0
[0.530s] -- Detecting C compiler ABI info
[0.613s] -- Detecting C compiler ABI info - done
[0.620s] -- Check for working C compiler: /usr/bin/cc - skipped
[0.621s] -- Detecting C compile features
[0.621s] -- Detecting C compile features - done
[0.624s] -- Detecting CXX compiler ABI info
[0.729s] -- Detecting CXX compiler ABI info - done
[0.740s] -- Check for working CXX compiler: /usr/bin/c++ - skipped
[0.740s] -- Detecting CXX compile features
[0.741s] -- Detecting CXX compile features - done
[0.745s] -- Found ament_cmake: 1.3.10 (/opt/ros/humble/share/ament_cmake/cmake)
[0.927s] -- Found Python3: /usr/bin/python3 (found version "3.10.12") found components: Interpreter 
[1.038s] -- Found ament_lint_auto: 0.12.11 (/opt/ros/humble/share/ament_lint_auto/cmake)
[1.123s] -- Found rosidl_default_generators: 1.2.0 (/opt/ros/humble/share/rosidl_default_generators/cmake)
[1.128s] -- Using all available rosidl_typesupport_c: rosidl_typesupport_fastrtps_c;rosidl_typesupport_introspection_c
[1.136s] -- Found rosidl_adapter: 3.1.5 (/opt/ros/humble/share/rosidl_adapter/cmake)
[1.182s] -- Using all available rosidl_typesupport_cpp: rosidl_typesupport_fastrtps_cpp;rosidl_typesupport_introspection_cpp
[1.436s] -- Found ament_cmake_ros: 0.10.0 (/opt/ros/humble/share/ament_cmake_ros/cmake)
[1.656s] -- Using all available rosidl_typesupport_c: rosidl_typesupport_fastrtps_c;rosidl_typesupport_introspection_c
[1.874s] -- Using all available rosidl_typesupport_cpp: rosidl_typesupport_fastrtps_cpp;rosidl_typesupport_introspection_cpp
[1.894s] -- Found PythonInterp: /usr/bin/python3 (found suitable version "3.10.12", minimum required is "3.6") 
[1.897s] -- Found python_cmake_module: 0.10.0 (/opt/ros/humble/share/python_cmake_module/cmake)
[1.923s] -- Found PythonLibs: /usr/lib/x86_64-linux-gnu/libpython3.10.so (found suitable version "3.10.12", minimum required is "3.5") 
[1.923s] -- Using PYTHON_EXECUTABLE: /usr/bin/python3
[1.923s] -- Using PYTHON_INCLUDE_DIRS: /usr/include/python3.10
[1.923s] -- Using PYTHON_LIBRARIES: /usr/lib/x86_64-linux-gnu/libpython3.10.so
[1.942s] -- Found PythonExtra: .so  
[1.971s] -- Added test 'copyright' to check source files copyright and LICENSE
[1.972s] -- Added test 'lint_cmake' to check CMake code style
[1.973s] -- Added test 'xmllint' to check XML markup files
[1.982s] -- Configuring done
[2.010s] -- Generating done
[2.012s] -- Build files have been written to: /home/ojasvi/colcon_ws2/src/build/linkattacher_msgs
[2.020s] Invoked command in '/home/ojasvi/colcon_ws2/src/build/linkattacher_msgs' returned '0': CMAKE_PREFIX_PATH=/opt/ros/humble /usr/bin/cmake /home/ojasvi/colcon_ws2/src/linkattacher_msgs -DCMAKE_INSTALL_PREFIX=/home/ojasvi/colcon_ws2/src/install/linkattacher_msgs
[2.021s] Invoking command in '/home/ojasvi/colcon_ws2/src/build/linkattacher_msgs': CMAKE_PREFIX_PATH=/opt/ros/humble /usr/bin/cmake --build /home/ojasvi/colcon_ws2/src/build/linkattacher_msgs -- -j12 -l12
[2.058s] [  2%] [34m[1mGenerating C code for ROS interfaces[0m
[2.067s] [  5%] [34m[1mGenerating C++ code for ROS interfaces[0m
[2.075s] [  5%] Built target ament_cmake_python_copy_linkattacher_msgs
[2.274s] running egg_info
[2.275s] creating linkattacher_msgs.egg-info
[2.275s] writing linkattacher_msgs.egg-info/PKG-INFO
[2.275s] writing dependency_links to linkattacher_msgs.egg-info/dependency_links.txt
[2.275s] writing top-level names to linkattacher_msgs.egg-info/top_level.txt
[2.276s] writing manifest file 'linkattacher_msgs.egg-info/SOURCES.txt'
[2.277s] reading manifest file 'linkattacher_msgs.egg-info/SOURCES.txt'
[2.278s] writing manifest file 'linkattacher_msgs.egg-info/SOURCES.txt'
[2.306s] [  5%] Built target ament_cmake_python_build_linkattacher_msgs_egg
[2.450s] [  5%] Built target linkattacher_msgs__cpp
[2.460s] [ 10%] [34m[1mGenerating C++ type support dispatch for ROS interfaces[0m
[2.460s] [ 12%] [34m[1mGenerating C++ type support for eProsima Fast-RTPS[0m
[2.460s] [ 12%] [34m[1mGenerating C++ introspection for ROS interfaces[0m
[2.510s] [ 15%] [32mBuilding C object CMakeFiles/linkattacher_msgs__rosidl_generator_c.dir/rosidl_generator_c/linkattacher_msgs/srv/detail/attach_link__functions.c.o[0m
[2.510s] [ 17%] [32mBuilding C object CMakeFiles/linkattacher_msgs__rosidl_generator_c.dir/rosidl_generator_c/linkattacher_msgs/srv/detail/detach_link__functions.c.o[0m
[2.597s] [ 20%] [32m[1mLinking C shared library liblinkattacher_msgs__rosidl_generator_c.so[0m
[2.636s] [ 20%] Built target linkattacher_msgs__rosidl_generator_c
[2.647s] [ 23%] [34m[1mGenerating C type support dispatch for ROS interfaces[0m
[2.648s] [ 25%] [34m[1mGenerating C type support for eProsima Fast-RTPS[0m
[2.650s] [ 28%] [34m[1mGenerating C introspection for ROS interfaces[0m
[2.857s] [ 30%] [32mBuilding CXX object CMakeFiles/linkattacher_msgs__rosidl_typesupport_introspection_cpp.dir/rosidl_typesupport_introspection_cpp/linkattacher_msgs/srv/detail/attach_link__type_support.cpp.o[0m
[2.859s] [ 33%] [32mBuilding CXX object CMakeFiles/linkattacher_msgs__rosidl_typesupport_introspection_cpp.dir/rosidl_typesupport_introspection_cpp/linkattacher_msgs/srv/detail/detach_link__type_support.cpp.o[0m
[2.883s] [ 38%] [32mBuilding CXX object CMakeFiles/linkattacher_msgs__rosidl_typesupport_cpp.dir/rosidl_typesupport_cpp/linkattacher_msgs/srv/attach_link__type_support.cpp.o[0m
[2.883s] [ 38%] [32mBuilding CXX object CMakeFiles/linkattacher_msgs__rosidl_typesupport_cpp.dir/rosidl_typesupport_cpp/linkattacher_msgs/srv/detach_link__type_support.cpp.o[0m
[3.098s] [ 41%] [32mBuilding CXX object CMakeFiles/linkattacher_msgs__rosidl_typesupport_c.dir/rosidl_typesupport_c/linkattacher_msgs/srv/attach_link__type_support.cpp.o[0m
[3.100s] [ 43%] [32mBuilding CXX object CMakeFiles/linkattacher_msgs__rosidl_typesupport_c.dir/rosidl_typesupport_c/linkattacher_msgs/srv/detach_link__type_support.cpp.o[0m
[3.130s] [ 48%] [32mBuilding CXX object CMakeFiles/linkattacher_msgs__rosidl_typesupport_fastrtps_cpp.dir/rosidl_typesupport_fastrtps_cpp/linkattacher_msgs/srv/detail/dds_fastrtps/detach_link__type_support.cpp.o[0m
[3.130s] [ 48%] [32mBuilding CXX object CMakeFiles/linkattacher_msgs__rosidl_typesupport_fastrtps_cpp.dir/rosidl_typesupport_fastrtps_cpp/linkattacher_msgs/srv/detail/dds_fastrtps/attach_link__type_support.cpp.o[0m
[3.163s] [ 51%] [32m[1mLinking CXX shared library liblinkattacher_msgs__rosidl_typesupport_c.so[0m
[3.182s] [ 53%] [32mBuilding CXX object CMakeFiles/linkattacher_msgs__rosidl_typesupport_fastrtps_c.dir/rosidl_typesupport_fastrtps_c/linkattacher_msgs/srv/detail/attach_link__type_support_c.cpp.o[0m
[3.182s] [ 56%] [32mBuilding CXX object CMakeFiles/linkattacher_msgs__rosidl_typesupport_fastrtps_c.dir/rosidl_typesupport_fastrtps_c/linkattacher_msgs/srv/detail/detach_link__type_support_c.cpp.o[0m
[3.237s] [ 56%] Built target linkattacher_msgs__rosidl_typesupport_c
[3.256s] [ 58%] [32m[1mLinking CXX shared library liblinkattacher_msgs__rosidl_typesupport_cpp.so[0m
[3.269s] [ 61%] [32mBuilding C object CMakeFiles/linkattacher_msgs__rosidl_typesupport_introspection_c.dir/rosidl_typesupport_introspection_c/linkattacher_msgs/srv/detail/attach_link__type_support.c.o[0m
[3.273s] [ 64%] [32mBuilding C object CMakeFiles/linkattacher_msgs__rosidl_typesupport_introspection_c.dir/rosidl_typesupport_introspection_c/linkattacher_msgs/srv/detail/detach_link__type_support.c.o[0m
[3.330s] [ 64%] Built target linkattacher_msgs__rosidl_typesupport_cpp
[3.331s] [ 66%] [32m[1mLinking C shared library liblinkattacher_msgs__rosidl_typesupport_introspection_c.so[0m
[3.378s] [ 66%] Built target linkattacher_msgs__rosidl_typesupport_introspection_c
[3.424s] [ 69%] [32m[1mLinking CXX shared library liblinkattacher_msgs__rosidl_typesupport_introspection_cpp.so[0m
[3.501s] [ 69%] Built target linkattacher_msgs__rosidl_typesupport_introspection_cpp
[3.602s] [ 71%] [32m[1mLinking CXX shared library liblinkattacher_msgs__rosidl_typesupport_fastrtps_c.so[0m
[3.630s] [ 74%] [32m[1mLinking CXX shared library liblinkattacher_msgs__rosidl_typesupport_fastrtps_cpp.so[0m
[3.675s] [ 74%] Built target linkattacher_msgs__rosidl_typesupport_fastrtps_c
[3.698s] [ 74%] Built target linkattacher_msgs__rosidl_typesupport_fastrtps_cpp
[3.718s] [ 74%] Built target linkattacher_msgs
[3.738s] [ 76%] [34m[1mGenerating Python code for ROS interfaces[0m
[4.277s] [ 76%] Built target linkattacher_msgs__py
[4.296s] [ 82%] [32mBuilding C object CMakeFiles/linkattacher_msgs__rosidl_generator_py.dir/rosidl_generator_py/linkattacher_msgs/srv/_attach_link_s.c.o[0m
[4.296s] [ 82%] [32mBuilding C object CMakeFiles/linkattacher_msgs__rosidl_generator_py.dir/rosidl_generator_py/linkattacher_msgs/srv/_detach_link_s.c.o[0m
[4.407s] [ 84%] [32m[1mLinking C shared library rosidl_generator_py/linkattacher_msgs/liblinkattacher_msgs__rosidl_generator_py.so[0m
[4.441s] [ 84%] Built target linkattacher_msgs__rosidl_generator_py
[4.460s] [ 89%] [32mBuilding C object CMakeFiles/linkattacher_msgs__rosidl_typesupport_fastrtps_c__pyext.dir/rosidl_generator_py/linkattacher_msgs/_linkattacher_msgs_s.ep.rosidl_typesupport_fastrtps_c.c.o[0m
[4.460s] [ 89%] [32mBuilding C object CMakeFiles/linkattacher_msgs__rosidl_typesupport_introspection_c__pyext.dir/rosidl_generator_py/linkattacher_msgs/_linkattacher_msgs_s.ep.rosidl_typesupport_introspection_c.c.o[0m
[4.460s] [ 92%] [32mBuilding C object CMakeFiles/linkattacher_msgs__rosidl_typesupport_c__pyext.dir/rosidl_generator_py/linkattacher_msgs/_linkattacher_msgs_s.ep.rosidl_typesupport_c.c.o[0m
[4.546s] [ 97%] [32m[1mLinking C shared library rosidl_generator_py/linkattacher_msgs/linkattacher_msgs_s__rosidl_typesupport_introspection_c.cpython-310-x86_64-linux-gnu.so[0m
[4.546s] [ 97%] [32m[1mLinking C shared library rosidl_generator_py/linkattacher_msgs/linkattacher_msgs_s__rosidl_typesupport_c.cpython-310-x86_64-linux-gnu.so[0m
[4.549s] [100%] [32m[1mLinking C shared library rosidl_generator_py/linkattacher_msgs/linkattacher_msgs_s__rosidl_typesupport_fastrtps_c.cpython-310-x86_64-linux-gnu.so[0m
[4.578s] [100%] Built target linkattacher_msgs__rosidl_typesupport_introspection_c__pyext
[4.578s] [100%] Built target linkattacher_msgs__rosidl_typesupport_c__pyext
[4.580s] [100%] Built target linkattacher_msgs__rosidl_typesupport_fastrtps_c__pyext
[4.591s] Invoked command in '/home/ojasvi/colcon_ws2/src/build/linkattacher_msgs' returned '0': CMAKE_PREFIX_PATH=/opt/ros/humble /usr/bin/cmake --build /home/ojasvi/colcon_ws2/src/build/linkattacher_msgs -- -j12 -l12
[4.663s] Invoking command in '/home/ojasvi/colcon_ws2/src/build/linkattacher_msgs': CMAKE_PREFIX_PATH=/opt/ros/humble /usr/bin/cmake --install /home/ojasvi/colcon_ws2/src/build/linkattacher_msgs
[4.671s] -- Install configuration: ""
[4.671s] -- Installing: /home/ojasvi/colcon_ws2/src/install/linkattacher_msgs/share/linkattacher_msgs/srv
[4.671s] -- Installing: /home/ojasvi/colcon_ws2/src/install/linkattacher_msgs/share/linkattacher_msgs/srv/DetachLink.srv
[4.671s] -- Installing: /home/ojasvi/colcon_ws2/src/install/linkattacher_msgs/share/linkattacher_msgs/srv/AttachLink.srv
[4.672s] -- Installing: /home/ojasvi/colcon_ws2/src/install/linkattacher_msgs/share/ament_index/resource_index/rosidl_interfaces/linkattacher_msgs
[4.672s] -- Installing: /home/ojasvi/colcon_ws2/src/install/linkattacher_msgs/include/linkattacher_msgs/linkattacher_msgs
[4.672s] -- Installing: /home/ojasvi/colcon_ws2/src/install/linkattacher_msgs/include/linkattacher_msgs/linkattacher_msgs/srv
[4.672s] -- Installing: /home/ojasvi/colcon_ws2/src/install/linkattacher_msgs/include/linkattacher_msgs/linkattacher_msgs/srv/detach_link.h
[4.672s] -- Installing: /home/ojasvi/colcon_ws2/src/install/linkattacher_msgs/include/linkattacher_msgs/linkattacher_msgs/srv/attach_link.h
[4.672s] -- Installing: /home/ojasvi/colcon_ws2/src/install/linkattacher_msgs/include/linkattacher_msgs/linkattacher_msgs/srv/detail
[4.672s] -- Installing: /home/ojasvi/colcon_ws2/src/install/linkattacher_msgs/include/linkattacher_msgs/linkattacher_msgs/srv/detail/detach_link__functions.h
[4.672s] -- Installing: /home/ojasvi/colcon_ws2/src/install/linkattacher_msgs/include/linkattacher_msgs/linkattacher_msgs/srv/detail/attach_link__functions.h
[4.672s] -- Installing: /home/ojasvi/colcon_ws2/src/install/linkattacher_msgs/include/linkattacher_msgs/linkattacher_msgs/srv/detail/attach_link__type_support.h
[4.672s] -- Installing: /home/ojasvi/colcon_ws2/src/install/linkattacher_msgs/include/linkattacher_msgs/linkattacher_msgs/srv/detail/detach_link__functions.c
[4.673s] -- Installing: /home/ojasvi/colcon_ws2/src/install/linkattacher_msgs/include/linkattacher_msgs/linkattacher_msgs/srv/detail/detach_link__struct.h
[4.673s] -- Installing: /home/ojasvi/colcon_ws2/src/install/linkattacher_msgs/include/linkattacher_msgs/linkattacher_msgs/srv/detail/attach_link__struct.h
[4.673s] -- Installing: /home/ojasvi/colcon_ws2/src/install/linkattacher_msgs/include/linkattacher_msgs/linkattacher_msgs/srv/detail/detach_link__type_support.h
[4.673s] -- Installing: /home/ojasvi/colcon_ws2/src/install/linkattacher_msgs/include/linkattacher_msgs/linkattacher_msgs/srv/detail/attach_link__functions.c
[4.673s] -- Installing: /home/ojasvi/colcon_ws2/src/install/linkattacher_msgs/include/linkattacher_msgs/linkattacher_msgs/msg
[4.673s] -- Installing: /home/ojasvi/colcon_ws2/src/install/linkattacher_msgs/include/linkattacher_msgs/linkattacher_msgs/msg/rosidl_generator_c__visibility_control.h
[4.673s] -- Installing: /home/ojasvi/colcon_ws2/src/install/linkattacher_msgs/share/linkattacher_msgs/environment/library_path.sh
[4.673s] -- Installing: /home/ojasvi/colcon_ws2/src/install/linkattacher_msgs/share/linkattacher_msgs/environment/library_path.dsv
[4.674s] -- Installing: /home/ojasvi/colcon_ws2/src/install/linkattacher_msgs/lib/liblinkattacher_msgs__rosidl_generator_c.so
[4.674s] -- Set runtime path of "/home/ojasvi/colcon_ws2/src/install/linkattacher_msgs/lib/liblinkattacher_msgs__rosidl_generator_c.so" to ""
[4.674s] -- Up-to-date: /home/ojasvi/colcon_ws2/src/install/linkattacher_msgs/include/linkattacher_msgs/linkattacher_msgs
[4.674s] -- Up-to-date: /home/ojasvi/colcon_ws2/src/install/linkattacher_msgs/include/linkattacher_msgs/linkattacher_msgs/srv
[4.674s] -- Up-to-date: /home/ojasvi/colcon_ws2/src/install/linkattacher_msgs/include/linkattacher_msgs/linkattacher_msgs/srv/detail
[4.674s] -- Installing: /home/ojasvi/colcon_ws2/src/install/linkattacher_msgs/include/linkattacher_msgs/linkattacher_msgs/srv/detail/detach_link__rosidl_typesupport_fastrtps_c.h
[4.674s] -- Installing: /home/ojasvi/colcon_ws2/src/install/linkattacher_msgs/include/linkattacher_msgs/linkattacher_msgs/srv/detail/attach_link__rosidl_typesupport_fastrtps_c.h
[4.674s] -- Up-to-date: /home/ojasvi/colcon_ws2/src/install/linkattacher_msgs/include/linkattacher_msgs/linkattacher_msgs/msg
[4.674s] -- Installing: /home/ojasvi/colcon_ws2/src/install/linkattacher_msgs/include/linkattacher_msgs/linkattacher_msgs/msg/rosidl_typesupport_fastrtps_c__visibility_control.h
[4.674s] -- Installing: /home/ojasvi/colcon_ws2/src/install/linkattacher_msgs/lib/liblinkattacher_msgs__rosidl_typesupport_fastrtps_c.so
[4.675s] -- Set runtime path of "/home/ojasvi/colcon_ws2/src/install/linkattacher_msgs/lib/liblinkattacher_msgs__rosidl_typesupport_fastrtps_c.so" to ""
[4.675s] -- Up-to-date: /home/ojasvi/colcon_ws2/src/install/linkattacher_msgs/include/linkattacher_msgs/linkattacher_msgs
[4.675s] -- Up-to-date: /home/ojasvi/colcon_ws2/src/install/linkattacher_msgs/include/linkattacher_msgs/linkattacher_msgs/srv
[4.675s] -- Up-to-date: /home/ojasvi/colcon_ws2/src/install/linkattacher_msgs/include/linkattacher_msgs/linkattacher_msgs/srv/detail
[4.675s] -- Installing: /home/ojasvi/colcon_ws2/src/install/linkattacher_msgs/include/linkattacher_msgs/linkattacher_msgs/srv/detail/attach_link__rosidl_typesupport_introspection_c.h
[4.675s] -- Installing: /home/ojasvi/colcon_ws2/src/install/linkattacher_msgs/include/linkattacher_msgs/linkattacher_msgs/srv/detail/detach_link__rosidl_typesupport_introspection_c.h
[4.675s] -- Installing: /home/ojasvi/colcon_ws2/src/install/linkattacher_msgs/include/linkattacher_msgs/linkattacher_msgs/srv/detail/detach_link__type_support.c
[4.675s] -- Installing: /home/ojasvi/colcon_ws2/src/install/linkattacher_msgs/include/linkattacher_msgs/linkattacher_msgs/srv/detail/attach_link__type_support.c
[4.675s] -- Up-to-date: /home/ojasvi/colcon_ws2/src/install/linkattacher_msgs/include/linkattacher_msgs/linkattacher_msgs/msg
[4.676s] -- Installing: /home/ojasvi/colcon_ws2/src/install/linkattacher_msgs/include/linkattacher_msgs/linkattacher_msgs/msg/rosidl_typesupport_introspection_c__visibility_control.h
[4.676s] -- Installing: /home/ojasvi/colcon_ws2/src/install/linkattacher_msgs/lib/liblinkattacher_msgs__rosidl_typesupport_introspection_c.so
[4.676s] -- Set runtime path of "/home/ojasvi/colcon_ws2/src/install/linkattacher_msgs/lib/liblinkattacher_msgs__rosidl_typesupport_introspection_c.so" to ""
[4.676s] -- Installing: /home/ojasvi/colcon_ws2/src/install/linkattacher_msgs/lib/liblinkattacher_msgs__rosidl_typesupport_c.so
[4.676s] -- Set runtime path of "/home/ojasvi/colcon_ws2/src/install/linkattacher_msgs/lib/liblinkattacher_msgs__rosidl_typesupport_c.so" to ""
[4.676s] -- Up-to-date: /home/ojasvi/colcon_ws2/src/install/linkattacher_msgs/include/linkattacher_msgs/linkattacher_msgs
[4.676s] -- Up-to-date: /home/ojasvi/colcon_ws2/src/install/linkattacher_msgs/include/linkattacher_msgs/linkattacher_msgs/srv
[4.676s] -- Up-to-date: /home/ojasvi/colcon_ws2/src/install/linkattacher_msgs/include/linkattacher_msgs/linkattacher_msgs/srv/detail
[4.676s] -- Installing: /home/ojasvi/colcon_ws2/src/install/linkattacher_msgs/include/linkattacher_msgs/linkattacher_msgs/srv/detail/attach_link__builder.hpp
[4.677s] -- Installing: /home/ojasvi/colcon_ws2/src/install/linkattacher_msgs/include/linkattacher_msgs/linkattacher_msgs/srv/detail/attach_link__struct.hpp
[4.677s] -- Installing: /home/ojasvi/colcon_ws2/src/install/linkattacher_msgs/include/linkattacher_msgs/linkattacher_msgs/srv/detail/attach_link__traits.hpp
[4.677s] -- Installing: /home/ojasvi/colcon_ws2/src/install/linkattacher_msgs/include/linkattacher_msgs/linkattacher_msgs/srv/detail/detach_link__traits.hpp
[4.677s] -- Installing: /home/ojasvi/colcon_ws2/src/install/linkattacher_msgs/include/linkattacher_msgs/linkattacher_msgs/srv/detail/detach_link__builder.hpp
[4.677s] -- Installing: /home/ojasvi/colcon_ws2/src/install/linkattacher_msgs/include/linkattacher_msgs/linkattacher_msgs/srv/detail/detach_link__struct.hpp
[4.677s] -- Installing: /home/ojasvi/colcon_ws2/src/install/linkattacher_msgs/include/linkattacher_msgs/linkattacher_msgs/srv/detach_link.hpp
[4.677s] -- Installing: /home/ojasvi/colcon_ws2/src/install/linkattacher_msgs/include/linkattacher_msgs/linkattacher_msgs/srv/attach_link.hpp
[4.677s] -- Up-to-date: /home/ojasvi/colcon_ws2/src/install/linkattacher_msgs/include/linkattacher_msgs/linkattacher_msgs
[4.677s] -- Up-to-date: /home/ojasvi/colcon_ws2/src/install/linkattacher_msgs/include/linkattacher_msgs/linkattacher_msgs/srv
[4.677s] -- Up-to-date: /home/ojasvi/colcon_ws2/src/install/linkattacher_msgs/include/linkattacher_msgs/linkattacher_msgs/srv/detail
[4.678s] -- Installing: /home/ojasvi/colcon_ws2/src/install/linkattacher_msgs/include/linkattacher_msgs/linkattacher_msgs/srv/detail/attach_link__rosidl_typesupport_fastrtps_cpp.hpp
[4.678s] -- Installing: /home/ojasvi/colcon_ws2/src/install/linkattacher_msgs/include/linkattacher_msgs/linkattacher_msgs/srv/detail/detach_link__rosidl_typesupport_fastrtps_cpp.hpp
[4.678s] -- Installing: /home/ojasvi/colcon_ws2/src/install/linkattacher_msgs/include/linkattacher_msgs/linkattacher_msgs/srv/detail/dds_fastrtps
[4.678s] -- Up-to-date: /home/ojasvi/colcon_ws2/src/install/linkattacher_msgs/include/linkattacher_msgs/linkattacher_msgs/msg
[4.678s] -- Installing: /home/ojasvi/colcon_ws2/src/install/linkattacher_msgs/include/linkattacher_msgs/linkattacher_msgs/msg/rosidl_typesupport_fastrtps_cpp__visibility_control.h
[4.678s] -- Installing: /home/ojasvi/colcon_ws2/src/install/linkattacher_msgs/lib/liblinkattacher_msgs__rosidl_typesupport_fastrtps_cpp.so
[4.678s] -- Set runtime path of "/home/ojasvi/colcon_ws2/src/install/linkattacher_msgs/lib/liblinkattacher_msgs__rosidl_typesupport_fastrtps_cpp.so" to ""
[4.678s] -- Up-to-date: /home/ojasvi/colcon_ws2/src/install/linkattacher_msgs/include/linkattacher_msgs/linkattacher_msgs
[4.678s] -- Up-to-date: /home/ojasvi/colcon_ws2/src/install/linkattacher_msgs/include/linkattacher_msgs/linkattacher_msgs/srv
[4.678s] -- Up-to-date: /home/ojasvi/colcon_ws2/src/install/linkattacher_msgs/include/linkattacher_msgs/linkattacher_msgs/srv/detail
[4.678s] -- Installing: /home/ojasvi/colcon_ws2/src/install/linkattacher_msgs/include/linkattacher_msgs/linkattacher_msgs/srv/detail/attach_link__rosidl_typesupport_introspection_cpp.hpp
[4.678s] -- Installing: /home/ojasvi/colcon_ws2/src/install/linkattacher_msgs/include/linkattacher_msgs/linkattacher_msgs/srv/detail/detach_link__rosidl_typesupport_introspection_cpp.hpp
[4.679s] -- Installing: /home/ojasvi/colcon_ws2/src/install/linkattacher_msgs/include/linkattacher_msgs/linkattacher_msgs/srv/detail/detach_link__type_support.cpp
[4.679s] -- Installing: /home/ojasvi/colcon_ws2/src/install/linkattacher_msgs/include/linkattacher_msgs/linkattacher_msgs/srv/detail/attach_link__type_support.cpp
[4.679s] -- Installing: /home/ojasvi/colcon_ws2/src/install/linkattacher_msgs/lib/liblinkattacher_msgs__rosidl_typesupport_introspection_cpp.so
[4.679s] -- Set runtime path of "/home/ojasvi/colcon_ws2/src/install/linkattacher_msgs/lib/liblinkattacher_msgs__rosidl_typesupport_introspection_cpp.so" to ""
[4.679s] -- Installing: /home/ojasvi/colcon_ws2/src/install/linkattacher_msgs/lib/liblinkattacher_msgs__rosidl_typesupport_cpp.so
[4.680s] -- Set runtime path of "/home/ojasvi/colcon_ws2/src/install/linkattacher_msgs/lib/liblinkattacher_msgs__rosidl_typesupport_cpp.so" to ""
[4.680s] -- Installing: /home/ojasvi/colcon_ws2/src/install/linkattacher_msgs/share/linkattacher_msgs/environment/pythonpath.sh
[4.680s] -- Installing: /home/ojasvi/colcon_ws2/src/install/linkattacher_msgs/share/linkattacher_msgs/environment/pythonpath.dsv
[4.680s] -- Installing: /home/ojasvi/colcon_ws2/src/install/linkattacher_msgs/local/lib/python3.10/dist-packages/linkattacher_msgs-0.0.0-py3.10.egg-info
[4.680s] -- Installing: /home/ojasvi/colcon_ws2/src/install/linkattacher_msgs/local/lib/python3.10/dist-packages/linkattacher_msgs-0.0.0-py3.10.egg-info/SOURCES.txt
[4.680s] -- Installing: /home/ojasvi/colcon_ws2/src/install/linkattacher_msgs/local/lib/python3.10/dist-packages/linkattacher_msgs-0.0.0-py3.10.egg-info/dependency_links.txt
[4.680s] -- Installing: /home/ojasvi/colcon_ws2/src/install/linkattacher_msgs/local/lib/python3.10/dist-packages/linkattacher_msgs-0.0.0-py3.10.egg-info/top_level.txt
[4.680s] -- Installing: /home/ojasvi/colcon_ws2/src/install/linkattacher_msgs/local/lib/python3.10/dist-packages/linkattacher_msgs-0.0.0-py3.10.egg-info/PKG-INFO
[4.680s] -- Installing: /home/ojasvi/colcon_ws2/src/install/linkattacher_msgs/local/lib/python3.10/dist-packages/linkattacher_msgs
[4.681s] -- Installing: /home/ojasvi/colcon_ws2/src/install/linkattacher_msgs/local/lib/python3.10/dist-packages/linkattacher_msgs/__init__.py
[4.681s] -- Installing: /home/ojasvi/colcon_ws2/src/install/linkattacher_msgs/local/lib/python3.10/dist-packages/linkattacher_msgs/srv
[4.681s] -- Installing: /home/ojasvi/colcon_ws2/src/install/linkattacher_msgs/local/lib/python3.10/dist-packages/linkattacher_msgs/srv/__init__.py
[4.681s] -- Installing: /home/ojasvi/colcon_ws2/src/install/linkattacher_msgs/local/lib/python3.10/dist-packages/linkattacher_msgs/srv/_detach_link.py
[4.681s] -- Installing: /home/ojasvi/colcon_ws2/src/install/linkattacher_msgs/local/lib/python3.10/dist-packages/linkattacher_msgs/srv/_attach_link_s.c
[4.681s] -- Installing: /home/ojasvi/colcon_ws2/src/install/linkattacher_msgs/local/lib/python3.10/dist-packages/linkattacher_msgs/srv/_attach_link.py
[4.681s] -- Installing: /home/ojasvi/colcon_ws2/src/install/linkattacher_msgs/local/lib/python3.10/dist-packages/linkattacher_msgs/srv/_detach_link_s.c
[4.681s] -- Installing: /home/ojasvi/colcon_ws2/src/install/linkattacher_msgs/local/lib/python3.10/dist-packages/linkattacher_msgs/linkattacher_msgs_s__rosidl_typesupport_c.cpython-310-x86_64-linux-gnu.so
[4.682s] -- Installing: /home/ojasvi/colcon_ws2/src/install/linkattacher_msgs/local/lib/python3.10/dist-packages/linkattacher_msgs/linkattacher_msgs_s__rosidl_typesupport_fastrtps_c.cpython-310-x86_64-linux-gnu.so
[4.682s] -- Installing: /home/ojasvi/colcon_ws2/src/install/linkattacher_msgs/local/lib/python3.10/dist-packages/linkattacher_msgs/_linkattacher_msgs_s.ep.rosidl_typesupport_introspection_c.c
[4.682s] -- Installing: /home/ojasvi/colcon_ws2/src/install/linkattacher_msgs/local/lib/python3.10/dist-packages/linkattacher_msgs/_linkattacher_msgs_s.ep.rosidl_typesupport_c.c
[4.682s] -- Installing: /home/ojasvi/colcon_ws2/src/install/linkattacher_msgs/local/lib/python3.10/dist-packages/linkattacher_msgs/_linkattacher_msgs_s.ep.rosidl_typesupport_fastrtps_c.c
[4.682s] -- Installing: /home/ojasvi/colcon_ws2/src/install/linkattacher_msgs/local/lib/python3.10/dist-packages/linkattacher_msgs/linkattacher_msgs_s__rosidl_typesupport_introspection_c.cpython-310-x86_64-linux-gnu.so
[4.682s] -- Installing: /home/ojasvi/colcon_ws2/src/install/linkattacher_msgs/local/lib/python3.10/dist-packages/linkattacher_msgs/liblinkattacher_msgs__rosidl_generator_py.so
[4.710s] Listing '/home/ojasvi/colcon_ws2/src/install/linkattacher_msgs/local/lib/python3.10/dist-packages/linkattacher_msgs'...
[4.710s] Compiling '/home/ojasvi/colcon_ws2/src/install/linkattacher_msgs/local/lib/python3.10/dist-packages/linkattacher_msgs/__init__.py'...
[4.710s] Listing '/home/ojasvi/colcon_ws2/src/install/linkattacher_msgs/local/lib/python3.10/dist-packages/linkattacher_msgs/srv'...
[4.710s] Compiling '/home/ojasvi/colcon_ws2/src/install/linkattacher_msgs/local/lib/python3.10/dist-packages/linkattacher_msgs/srv/__init__.py'...
[4.710s] Compiling '/home/ojasvi/colcon_ws2/src/install/linkattacher_msgs/local/lib/python3.10/dist-packages/linkattacher_msgs/srv/_attach_link.py'...
[4.710s] Compiling '/home/ojasvi/colcon_ws2/src/install/linkattacher_msgs/local/lib/python3.10/dist-packages/linkattacher_msgs/srv/_detach_link.py'...
[4.713s] -- Installing: /home/ojasvi/colcon_ws2/src/install/linkattacher_msgs/local/lib/python3.10/dist-packages/linkattacher_msgs/linkattacher_msgs_s__rosidl_typesupport_fastrtps_c.cpython-310-x86_64-linux-gnu.so
[4.714s] -- Set runtime path of "/home/ojasvi/colcon_ws2/src/install/linkattacher_msgs/local/lib/python3.10/dist-packages/linkattacher_msgs/linkattacher_msgs_s__rosidl_typesupport_fastrtps_c.cpython-310-x86_64-linux-gnu.so" to ""
[4.714s] -- Installing: /home/ojasvi/colcon_ws2/src/install/linkattacher_msgs/local/lib/python3.10/dist-packages/linkattacher_msgs/linkattacher_msgs_s__rosidl_typesupport_introspection_c.cpython-310-x86_64-linux-gnu.so
[4.714s] -- Set runtime path of "/home/ojasvi/colcon_ws2/src/install/linkattacher_msgs/local/lib/python3.10/dist-packages/linkattacher_msgs/linkattacher_msgs_s__rosidl_typesupport_introspection_c.cpython-310-x86_64-linux-gnu.so" to ""
[4.715s] -- Installing: /home/ojasvi/colcon_ws2/src/install/linkattacher_msgs/local/lib/python3.10/dist-packages/linkattacher_msgs/linkattacher_msgs_s__rosidl_typesupport_c.cpython-310-x86_64-linux-gnu.so
[4.715s] -- Set runtime path of "/home/ojasvi/colcon_ws2/src/install/linkattacher_msgs/local/lib/python3.10/dist-packages/linkattacher_msgs/linkattacher_msgs_s__rosidl_typesupport_c.cpython-310-x86_64-linux-gnu.so" to ""
[4.715s] -- Installing: /home/ojasvi/colcon_ws2/src/install/linkattacher_msgs/lib/liblinkattacher_msgs__rosidl_generator_py.so
[4.715s] -- Set runtime path of "/home/ojasvi/colcon_ws2/src/install/linkattacher_msgs/lib/liblinkattacher_msgs__rosidl_generator_py.so" to ""
[4.715s] -- Installing: /home/ojasvi/colcon_ws2/src/install/linkattacher_msgs/share/linkattacher_msgs/srv/AttachLink.idl
[4.715s] -- Installing: /home/ojasvi/colcon_ws2/src/install/linkattacher_msgs/share/linkattacher_msgs/srv/DetachLink.idl
[4.716s] -- Up-to-date: /home/ojasvi/colcon_ws2/src/install/linkattacher_msgs/share/linkattacher_msgs/srv/AttachLink.srv
[4.716s] -- Installing: /home/ojasvi/colcon_ws2/src/install/linkattacher_msgs/share/linkattacher_msgs/srv/AttachLink_Request.msg
[4.716s] -- Installing: /home/ojasvi/colcon_ws2/src/install/linkattacher_msgs/share/linkattacher_msgs/srv/AttachLink_Response.msg
[4.716s] -- Up-to-date: /home/ojasvi/colcon_ws2/src/install/linkattacher_msgs/share/linkattacher_msgs/srv/DetachLink.srv
[4.716s] -- Installing: /home/ojasvi/colcon_ws2/src/install/linkattacher_msgs/share/linkattacher_msgs/srv/DetachLink_Request.msg
[4.716s] -- Installing: /home/ojasvi/colcon_ws2/src/install/linkattacher_msgs/share/linkattacher_msgs/srv/DetachLink_Response.msg
[4.716s] -- Installing: /home/ojasvi/colcon_ws2/src/install/linkattacher_msgs/share/ament_index/resource_index/package_run_dependencies/linkattacher_msgs
[4.716s] -- Installing: /home/ojasvi/colcon_ws2/src/install/linkattacher_msgs/share/ament_index/resource_index/parent_prefix_path/linkattacher_msgs
[4.717s] -- Installing: /home/ojasvi/colcon_ws2/src/install/linkattacher_msgs/share/linkattacher_msgs/environment/ament_prefix_path.sh
[4.717s] -- Installing: /home/ojasvi/colcon_ws2/src/install/linkattacher_msgs/share/linkattacher_msgs/environment/ament_prefix_path.dsv
[4.717s] -- Installing: /home/ojasvi/colcon_ws2/src/install/linkattacher_msgs/share/linkattacher_msgs/environment/path.sh
[4.717s] -- Installing: /home/ojasvi/colcon_ws2/src/install/linkattacher_msgs/share/linkattacher_msgs/environment/path.dsv
[4.717s] -- Installing: /home/ojasvi/colcon_ws2/src/install/linkattacher_msgs/share/linkattacher_msgs/local_setup.bash
[4.717s] -- Installing: /home/ojasvi/colcon_ws2/src/install/linkattacher_msgs/share/linkattacher_msgs/local_setup.sh
[4.717s] -- Installing: /home/ojasvi/colcon_ws2/src/install/linkattacher_msgs/share/linkattacher_msgs/local_setup.zsh
[4.718s] -- Installing: /home/ojasvi/colcon_ws2/src/install/linkattacher_msgs/share/linkattacher_msgs/local_setup.dsv
[4.718s] -- Installing: /home/ojasvi/colcon_ws2/src/install/linkattacher_msgs/share/linkattacher_msgs/package.dsv
[4.718s] -- Installing: /home/ojasvi/colcon_ws2/src/install/linkattacher_msgs/share/ament_index/resource_index/packages/linkattacher_msgs
[4.718s] -- Installing: /home/ojasvi/colcon_ws2/src/install/linkattacher_msgs/share/linkattacher_msgs/cmake/export_linkattacher_msgs__rosidl_generator_cExport.cmake
[4.718s] -- Installing: /home/ojasvi/colcon_ws2/src/install/linkattacher_msgs/share/linkattacher_msgs/cmake/export_linkattacher_msgs__rosidl_generator_cExport-noconfig.cmake
[4.719s] -- Installing: /home/ojasvi/colcon_ws2/src/install/linkattacher_msgs/share/linkattacher_msgs/cmake/export_linkattacher_msgs__rosidl_typesupport_fastrtps_cExport.cmake
[4.719s] -- Installing: /home/ojasvi/colcon_ws2/src/install/linkattacher_msgs/share/linkattacher_msgs/cmake/export_linkattacher_msgs__rosidl_typesupport_fastrtps_cExport-noconfig.cmake
[4.719s] -- Installing: /home/ojasvi/colcon_ws2/src/install/linkattacher_msgs/share/linkattacher_msgs/cmake/linkattacher_msgs__rosidl_typesupport_introspection_cExport.cmake
[4.719s] -- Installing: /home/ojasvi/colcon_ws2/src/install/linkattacher_msgs/share/linkattacher_msgs/cmake/linkattacher_msgs__rosidl_typesupport_introspection_cExport-noconfig.cmake
[4.719s] -- Installing: /home/ojasvi/colcon_ws2/src/install/linkattacher_msgs/share/linkattacher_msgs/cmake/linkattacher_msgs__rosidl_typesupport_cExport.cmake
[4.719s] -- Installing: /home/ojasvi/colcon_ws2/src/install/linkattacher_msgs/share/linkattacher_msgs/cmake/linkattacher_msgs__rosidl_typesupport_cExport-noconfig.cmake
[4.720s] -- Installing: /home/ojasvi/colcon_ws2/src/install/linkattacher_msgs/share/linkattacher_msgs/cmake/export_linkattacher_msgs__rosidl_generator_cppExport.cmake
[4.720s] -- Installing: /home/ojasvi/colcon_ws2/src/install/linkattacher_msgs/share/linkattacher_msgs/cmake/export_linkattacher_msgs__rosidl_typesupport_fastrtps_cppExport.cmake
[4.720s] -- Installing: /home/ojasvi/colcon_ws2/src/install/linkattacher_msgs/share/linkattacher_msgs/cmake/export_linkattacher_msgs__rosidl_typesupport_fastrtps_cppExport-noconfig.cmake
[4.720s] -- Installing: /home/ojasvi/colcon_ws2/src/install/linkattacher_msgs/share/linkattacher_msgs/cmake/linkattacher_msgs__rosidl_typesupport_introspection_cppExport.cmake
[4.720s] -- Installing: /home/ojasvi/colcon_ws2/src/install/linkattacher_msgs/share/linkattacher_msgs/cmake/linkattacher_msgs__rosidl_typesupport_introspection_cppExport-noconfig.cmake
[4.720s] -- Installing: /home/ojasvi/colcon_ws2/src/install/linkattacher_msgs/share/linkattacher_msgs/cmake/linkattacher_msgs__rosidl_typesupport_cppExport.cmake
[4.721s] -- Installing: /home/ojasvi/colcon_ws2/src/install/linkattacher_msgs/share/linkattacher_msgs/cmake/linkattacher_msgs__rosidl_typesupport_cppExport-noconfig.cmake
[4.721s] -- Installing: /home/ojasvi/colcon_ws2/src/install/linkattacher_msgs/share/linkattacher_msgs/cmake/export_linkattacher_msgs__rosidl_generator_pyExport.cmake
[4.721s] -- Installing: /home/ojasvi/colcon_ws2/src/install/linkattacher_msgs/share/linkattacher_msgs/cmake/export_linkattacher_msgs__rosidl_generator_pyExport-noconfig.cmake
[4.721s] -- Installing: /home/ojasvi/colcon_ws2/src/install/linkattacher_msgs/share/linkattacher_msgs/cmake/rosidl_cmake-extras.cmake
[4.721s] -- Installing: /home/ojasvi/colcon_ws2/src/install/linkattacher_msgs/share/linkattacher_msgs/cmake/ament_cmake_export_include_directories-extras.cmake
[4.721s] -- Installing: /home/ojasvi/colcon_ws2/src/install/linkattacher_msgs/share/linkattacher_msgs/cmake/ament_cmake_export_libraries-extras.cmake
[4.722s] -- Installing: /home/ojasvi/colcon_ws2/src/install/linkattacher_msgs/share/linkattacher_msgs/cmake/ament_cmake_export_targets-extras.cmake
[4.722s] -- Installing: /home/ojasvi/colcon_ws2/src/install/linkattacher_msgs/share/linkattacher_msgs/cmake/rosidl_cmake_export_typesupport_targets-extras.cmake
[4.722s] -- Installing: /home/ojasvi/colcon_ws2/src/install/linkattacher_msgs/share/linkattacher_msgs/cmake/ament_cmake_export_dependencies-extras.cmake
[4.722s] -- Installing: /home/ojasvi/colcon_ws2/src/install/linkattacher_msgs/share/linkattacher_msgs/cmake/rosidl_cmake_export_typesupport_libraries-extras.cmake
[4.722s] -- Installing: /home/ojasvi/colcon_ws2/src/install/linkattacher_msgs/share/linkattacher_msgs/cmake/linkattacher_msgsConfig.cmake
[4.722s] -- Installing: /home/ojasvi/colcon_ws2/src/install/linkattacher_msgs/share/linkattacher_msgs/cmake/linkattacher_msgsConfig-version.cmake
[4.722s] -- Installing: /home/ojasvi/colcon_ws2/src/install/linkattacher_msgs/share/linkattacher_msgs/package.xml
[4.725s] Invoked command in '/home/ojasvi/colcon_ws2/src/build/linkattacher_msgs' returned '0': CMAKE_PREFIX_PATH=/opt/ros/humble /usr/bin/cmake --install /home/ojasvi/colcon_ws2/src/build/linkattacher_msgs
